Scenario - 
Logfile written - 08/29/2019 14:34:15

Subject	Trial	Event Type	Code	Time	TTime	Uncertainty	Duration	Uncertainty	ReqTime	ReqDur	Stim Type	Pair Index

C10	1	Picture	Start	167	0	1	38167	1	0	next	false_alarm	2
C10	1	Response	1	38274	38107	0
C10	2	Picture	F56	43667	0	1	5167	1	0	5000	other	0
C10	3	Picture	I52	70667	0	1	5167	1	0	5000	other	0
C10	4	Picture	E51	98167	0	1	5167	1	0	5000	other	0
C10	5	Picture	E51	123667	0	1	5167	1	0	5000	other	0
C10	6	Picture	M59	150500	0	1	5167	1	0	5000	other	0
C10	7	Picture	M59	177333	0	1	5167	1	0	5000	false_alarm	9
C10	7	Response	1	190686	13352	0
C10	8	Picture	L58	203667	0	1	5167	1	0	5000	other	0
C10	9	Picture	A50	229833	0	1	5167	1	0	5000	other	0
C10	10	Picture	M59	256000	0	1	5167	1	0	5000	miss	0
C10	11	Picture	E51	282667	0	1	5167	1	0	5000	other	0
C10	12	Picture	L58	310167	0	1	5167	1	0	5000	false_alarm	15
C10	12	Response	1	314436	4269	0
C10	13	Picture	M59	335833	0	1	5167	1	0	5000	miss	0
C10	14	Picture	E51	361000	0	1	5167	1	0	5000	hit	18
C10	14	Response	2	364058	3058	0
C10	15	Picture	I52	386167	0	1	5167	1	0	5000	other	0
C10	16	Picture	O53	413333	0	1	5167	1	0	5000	other	0
C10	17	Picture	I52	439167	0	1	5167	1	0	5000	false_alarm	22
C10	17	Response	1	455493	16326	0
C10	18	Picture	I52	466333	0	1	5167	1	0	5000	miss	0
C10	19	Picture	F56	493000	0	1	5167	1	0	5000	other	0
C10	20	Picture	I52	518833	0	1	5167	1	0	5000	hit	26
C10	20	Response	2	525286	6452	0
C10	21	Picture	F56	545667	0	1	5167	1	0	5000	other	0
C10	22	Picture	I52	571333	0	1	5167	1	0	5000	other	0
C10	23	Picture	L58	599167	0	1	5167	1	0	5000	other	0
C10	24	Picture	H57	627000	0	1	5167	1	0	5000	other	0
C10	25	Picture	I52	653667	0	1	5167	1	0	5000	miss	0
C10	26	Picture	M59	679667	0	1	5167	1	0	5000	other	0
C10	27	Picture	F56	706667	0	1	5167	1	0	5000	other	0
C10	28	Picture	B55	733167	0	1	5167	1	0	5000	other	0
C10	29	Picture	A50	758834	0	1	5167	1	0	5000	other	0
C10	30	Picture	F56	785500	0	1	5167	1	0	5000	miss	0
C10	31	Picture	U54	811334	0	1	5167	1	0	5000	other	0
C10	32	Picture	A50	838167	0	1	5167	1	0	5000	hit	39
C10	32	Response	2	845281	7114	0
C10	33	Picture	H57	863667	0	1	5167	1	0	5000	other	0
C10	34	Picture	U54	890167	0	1	5167	1	0	5000	hit	42
C10	34	Response	2	893436	3269	0
C10	35	Picture	O53	917167	0	1	5167	1	0	5000	other	0
C10	36	Picture	H57	944834	0	1	5167	1	0	5000	hit	45
C10	36	Response	2	955771	10937	0
C10	37	Picture	I52	971334	0	1	5167	1	0	5000	other	0
C10	38	Picture	O53	996500	0	1	5167	1	0	5000	miss	0
C10	39	Picture	B55	1023500	0	1	5167	1	0	5000	other	0
C10	40	Picture	I52	1050667	0	1	5167	1	0	5000	hit	50
C10	40	Response	2	1054414	3747	0
C10	41	Picture	B55	1076500	0	1	5167	1	0	5000	other	0
C10	42	Picture	I52	1101834	0	1	5167	1	0	5000	other	0
C10	43	Picture	M59	1128667	0	1	5167	1	0	5000	other	0
C10	44	Picture	B55	1155334	0	1	5167	1	0	5000	hit	55
C10	44	Response	2	1158562	3229	0
C10	45	Picture	B55	1181000	0	1	5167	1	0	5000	other	0
C10	46	Picture	L58	1208167	0	1	5167	1	0	5000	other	0
C10	47	Picture	B55	1235834	0	1	5167	1	0	5000	miss	0
C10	48	Picture	E51	1263500	0	1	5167	1	0	5000	other	0
C10	49	Picture	A50	1290000	0	1	5167	1	0	5000	other	0
C10	50	Picture	B55	1315167	0	1	5167	1	0	5000	hit	62
C10	50	Response	2	1317808	2641	0
C10	51	Picture	F56	1341167	0	1	5167	1	0	5000	other	0
C10	52	Picture	A50	1368500	0	1	5167	1	0	5000	miss	0
C10	53	Picture	F56	1396000	0	1	5167	1	0	5000	other	0
C10	54	Picture	F56	1421667	0	1	5167	1	0	5000	miss	0
C10	55	Picture	U54	1449167	0	1	5167	1	0	5000	other	0
C10	56	Picture	O53	1475334	0	1	5167	1	0	5000	other	0
C10	57	Picture	U54	1502667	0	1	5167	1	0	5000	other	0
C10	58	Picture	L58	1530334	0	1	5167	1	0	5000	other	0
C10	59	Picture	O53	1556501	0	1	5167	1	0	5000	miss	0
C10	60	Picture	U54	1583001	0	1	5167	1	0	5000	miss	0
C10	61	Picture	L58	1609167	0	1	5167	1	0	5000	miss	0
