Scenario - 
Logfile written - 08/29/2019 14:30:46

Subject	Trial	Event Type	Code	Time	TTime	Uncertainty	Duration	Uncertainty	ReqTime	ReqDur	Stim Type	Pair Index

C10	1	Picture	Start	167	0	1	39333	1	0	next	false_alarm	2
C10	1	Response	1	39456	39290	0
C10	3	Sound	L58	44680	14	341			0		other	0
C10	5	Sound	B55	69001	1	2			0		other	0
C10	7	Sound	M59	95167	0	2			0		other	0
C10	9	Sound	U54	120000	0	2			0		other	0
C10	11	Sound	B55	146334	0	2			0		hit	8
C10	11	Response	2	154830	8497	0
C10	13	Sound	E51	172167	0	2			0		other	0
C10	15	Sound	L58	198334	0	2			0		false_alarm	11
C10	15	Response	1	209686	11352	0
C10	17	Sound	F56	223500	0	2			0		other	0
C10	19	Sound	L58	249834	0	2			0		other	0
C10	21	Sound	L58	274334	0	2			0		hit	15
C10	21	Response	2	287278	12945	0
C10	23	Sound	F56	300334	0	2			0		miss	0
C10	25	Sound	E51	326167	0	2			0		other	0
C10	27	Sound	L58	350501	0	2			0		miss	0
C10	29	Sound	A50	375834	0	2			0		other	0
C10	31	Sound	E51	400334	0	2			0		miss	0
C10	33	Sound	E51	425334	0	2			0		other	0
C10	35	Sound	U54	452334	0	2			0		other	0
C10	37	Sound	B55	477501	0	2			0		other	0
C10	39	Sound	O53	502001	0	2			0		other	0
C10	41	Sound	U54	528834	0	2			0		hit	26
C10	41	Response	2	538110	9277	0
C10	43	Sound	L58	554834	0	2			0		other	0
C10	45	Sound	O53	580334	0	2			0		miss	0
C10	47	Sound	A50	605167	0	2			0		false_alarm	30
C10	47	Response	1	616003	10836	0
C10	49	Sound	L58	629501	0	2			0		miss	0
C10	51	Sound	O53	656834	0	2			0		miss	0
C10	53	Sound	A50	681834	0	2			0		miss	0
C10	55	Sound	L58	708334	0	2			0		miss	0
C10	57	Sound	O53	734834	0	2			0		hit	36
C10	57	Response	2	746305	11472	0
C10	59	Sound	L58	761167	0	2			0		other	0
C10	61	Sound	A50	787834	0	2			0		false_alarm	39
C10	61	Response	1	806549	18716	0
C10	63	Sound	O53	814001	0	2			0		miss	0
C10	65	Sound	U54	839834	0	2			0		other	0
C10	67	Sound	E51	864501	0	2			0		other	0
C10	69	Sound	O53	891001	0	2			0		miss	0
C10	71	Sound	F56	916834	0	2			0		other	0
C10	73	Sound	A50	941667	0	2			0		other	0
C10	74	Response	1	962026	193	0
C10	75	Sound	E51	968334	0	2			0		other	0
C10	77	Sound	A50	994501	0	2			0		other	0
C10	79	Sound	M59	1019501	0	2			0		other	0
C10	81	Sound	E51	1044834	0	2			0		miss	0
C10	83	Sound	A50	1069334	0	2			0		miss	0
C10	85	Sound	A50	1094834	0	2			0		other	0
C10	87	Sound	E51	1120667	0	2			0		miss	0
C10	88	Response	1	1142669	1835	0
C10	89	Sound	L58	1146834	0	2			0		other	0
C10	91	Sound	L58	1171834	0	2			0		other	0
C10	93	Sound	M59	1196501	1	2			0		other	0
C10	95	Sound	H57	1221834	0	2			0		other	0
C10	97	Sound	L58	1248834	0	2			0		hit	60
C10	97	Response	2	1260359	11526	0
C10	99	Sound	E51	1273334	0	2			0		other	0
C10	101	Sound	I52	1298668	0	2			0		other	0
C10	103	Sound	M59	1325168	0	2			0		other	0
C10	105	Sound	F56	1352501	0	2			0		other	0
C10	107	Sound	E51	1379334	0	2			0		other	0
C10	109	Sound	M59	1404834	0	2			0		miss	0
C10	111	Sound	F56	1430501	0	2			0		miss	0
C10	113	Sound	U54	1455334	0	2			0		other	0
C10	115	Sound	B55	1481334	0	2			0		other	0
C10	117	Sound	U54	1508168	0	2			0		other	0
C10	119	Sound	I52	1535168	0	2			0		other	0
C10	121	Sound	E51	1562001	0	2			0		other	0
