Scenario - 
Logfile written - 10/31/2019 10:09:05

Subject	Trial	Event Type	Code	Time	TTime	Uncertainty	Duration	Uncertainty	ReqTime	ReqDur	Stim Type	Pair Index

C20	1	Picture	Start	167	0	1	24833	1	0	next	false_alarm	2
C20	1	Response	1	24954	24787	0
C20	2	Picture	I52	30833	0	1	5167	1	0	5000	other	0
C20	3	Picture	I52	58833	0	1	5167	1	0	5000	other	0
C20	4	Picture	F56	85000	0	1	5167	1	0	5000	other	0
C20	5	Picture	I52	113000	0	1	5167	1	0	5000	hit	7
C20	5	Response	2	116554	3554	0
C20	6	Picture	A50	139667	0	1	5167	1	0	5000	other	0
C20	7	Picture	F56	166167	0	1	5167	1	0	5000	hit	10
C20	7	Response	2	175351	9185	0
C20	8	Picture	B55	193667	0	1	5167	1	0	5000	other	0
C20	9	Picture	L58	218833	0	1	5167	1	0	5000	other	0
C20	10	Picture	L58	244333	0	1	5167	1	0	5000	other	0
C20	11	Picture	H57	271000	0	1	5167	1	0	5000	other	0
C20	12	Picture	O53	297500	0	1	5167	1	0	5000	other	0
C20	13	Picture	B55	323167	0	1	5167	1	0	5000	false_alarm	17
C20	13	Response	1	330915	7748	0
C20	14	Picture	F56	348667	0	1	5167	1	0	5000	other	0
C20	15	Picture	O53	375167	0	1	5167	1	0	5000	hit	20
C20	15	Response	2	383187	8020	0
C20	16	Picture	B55	401333	0	1	5167	1	0	5000	miss	0
C20	17	Picture	F56	428000	0	1	5167	1	0	5000	miss	0
C20	18	Picture	A50	453833	0	1	5167	1	0	5000	false_alarm	24
C20	18	Response	1	459561	5728	0
C20	19	Picture	L58	481333	0	1	5167	1	0	5000	other	0
C20	20	Picture	M59	506667	0	1	5167	1	0	5000	other	0
C20	21	Picture	M59	534000	0	1	5167	1	0	5000	other	0
C20	22	Picture	H57	561667	0	1	5167	1	0	5000	other	0
C20	23	Picture	A50	587833	0	1	5167	1	0	5000	other	0
C20	24	Picture	B55	613500	0	1	5167	1	0	5000	other	0
C20	25	Picture	A50	639334	0	1	5167	1	0	5000	other	0
C20	26	Picture	L58	665000	0	1	5167	1	0	5000	other	0
C20	27	Picture	B55	691834	0	1	5167	1	0	5000	hit	34
C20	27	Response	2	698976	7143	0
C20	28	Picture	O53	719334	0	1	5167	1	0	5000	other	0
C20	29	Picture	L58	747167	0	1	5167	1	0	5000	hit	37
C20	29	Response	2	757055	9888	0
C20	30	Picture	L58	773667	0	1	5167	1	0	5000	other	0
C20	31	Picture	H57	799167	0	1	5167	1	0	5000	other	0
C20	32	Picture	M59	826834	0	1	5167	1	0	5000	other	0
C20	33	Picture	E51	853500	0	1	5167	1	0	5000	other	0
C20	34	Picture	B55	879667	0	1	5167	1	0	5000	other	0
C20	35	Picture	A50	906167	0	1	5167	1	0	5000	other	0
C20	36	Picture	F56	932000	0	1	5167	1	0	5000	other	0
C20	37	Picture	B55	959334	0	1	5167	1	0	5000	hit	46
C20	37	Response	2	965718	6385	0
C20	38	Picture	A50	986500	0	1	5167	1	0	5000	miss	0
C20	39	Picture	F56	1013500	0	1	5167	1	0	5000	miss	0
C20	40	Picture	O53	1040500	0	1	5167	1	0	5000	other	0
C20	41	Picture	U54	1067334	0	1	5167	1	0	5000	other	0
C20	42	Picture	F56	1093334	0	1	5167	1	0	5000	hit	52
C20	42	Response	2	1100548	7214	0
C20	43	Picture	E51	1120000	0	1	5167	1	0	5000	other	0
C20	44	Picture	L58	1145667	0	1	5167	1	0	5000	other	0
C20	45	Picture	O53	1173667	0	1	5167	1	0	5000	other	0
C20	46	Picture	I52	1198834	0	1	5167	1	0	5000	other	0
C20	47	Picture	L58	1224334	0	1	5167	1	0	5000	hit	58
C20	47	Response	2	1227634	3300	0
C20	48	Picture	U54	1251834	0	1	5167	1	0	5000	other	0
C20	49	Picture	M59	1277834	0	1	5167	1	0	5000	other	0
C20	50	Picture	L58	1303334	0	1	5167	1	0	5000	hit	62
C20	50	Response	2	1308791	5457	0
C20	51	Picture	I52	1329500	0	1	5167	1	0	5000	other	0
C20	52	Picture	M59	1355667	0	1	5167	1	0	5000	miss	0
C20	53	Picture	L58	1381000	0	1	5167	1	0	5000	hit	66
C20	53	Response	2	1385442	4441	0
C20	54	Picture	H57	1406834	0	1	5167	1	0	5000	other	0
C20	55	Picture	M59	1433500	0	1	5167	1	0	5000	hit	69
C20	55	Response	2	1441686	8186	0
C20	56	Picture	O53	1459334	0	1	5167	1	0	5000	other	0
C20	57	Picture	H57	1486667	0	1	5167	1	0	5000	miss	0
C20	58	Picture	M59	1512334	0	1	5167	1	0	5000	miss	0
C20	59	Picture	F56	1539334	0	1	5167	1	0	5000	other	0
C20	60	Picture	A50	1565501	0	1	5167	1	0	5000	other	0
C20	61	Picture	M59	1592001	0	1	5167	1	0	5000	hit	76
C20	61	Response	2	1599438	7437	0
