Scenario - 
Logfile written - 11/01/2019 09:46:12

Subject	Trial	Event Type	Code	Time	TTime	Uncertainty	Duration	Uncertainty	ReqTime	ReqDur	Stim Type	Pair Index

C21	1	Picture	Start	167	0	1	57000	1	0	next	false_alarm	2
C21	1	Response	1	57018	56851	0
C21	2	Picture	U54	63667	0	1	5167	1	0	5000	other	0
C21	3	Picture	O53	91167	0	1	5167	1	0	5000	other	0
C21	4	Picture	U54	117500	0	1	5167	1	0	5000	other	0
C21	5	Picture	E51	143833	0	1	5167	1	0	5000	other	0
C21	6	Picture	I52	170500	0	1	5167	1	0	5000	other	0
C21	7	Picture	A50	197167	0	1	5167	1	0	5000	other	0
C21	8	Picture	O53	223667	0	1	5167	1	0	5000	other	0
C21	9	Picture	L58	249000	0	1	5167	1	0	5000	other	0
C21	10	Picture	A50	276000	0	1	5167	1	0	5000	miss	0
C21	11	Picture	A50	301333	0	1	5167	1	0	5000	other	0
C21	12	Picture	A50	328167	0	1	5167	1	0	5000	other	0
C21	13	Picture	U54	353833	0	1	5167	1	0	5000	other	0
C21	14	Picture	O53	379167	0	1	5167	1	0	5000	other	0
C21	15	Picture	A50	404500	0	1	5167	1	0	5000	hit	17
C21	15	Response	2	408704	4204	0
C21	16	Picture	U54	430833	0	1	5167	1	0	5000	hit	19
C21	16	Response	2	440551	9718	0
C21	17	Picture	I52	458500	0	1	5167	1	0	5000	other	0
C21	18	Picture	M59	484667	0	1	5167	1	0	5000	other	0
C21	19	Picture	U54	510167	0	1	5167	1	0	5000	hit	23
C21	19	Response	2	519036	8869	0
C21	20	Picture	I52	536667	0	1	5167	1	0	5000	hit	25
C21	20	Response	2	549490	12824	0
C21	21	Picture	M59	564500	0	1	5167	1	0	5000	hit	27
C21	21	Response	2	571383	6883	0
C21	22	Picture	B55	592333	0	1	5167	1	0	5000	other	0
C21	23	Picture	I52	619000	0	1	5167	1	0	5000	hit	30
C21	23	Response	2	626511	7511	0
C21	24	Picture	O53	646667	0	1	5167	1	0	5000	other	0
C21	25	Picture	U54	673167	0	1	5167	1	0	5000	other	0
C21	26	Picture	O53	700667	0	1	5167	1	0	5000	other	0
C21	27	Picture	E51	728000	0	1	5167	1	0	5000	other	0
C21	28	Picture	B55	754167	0	1	5167	1	0	5000	other	0
C21	29	Picture	I52	780834	0	1	5167	1	0	5000	other	0
C21	30	Picture	E51	809000	0	1	5167	1	0	5000	hit	38
C21	30	Response	2	817712	8712	0
C21	31	Picture	F56	835334	0	1	5167	1	0	5000	other	0
C21	32	Picture	O53	860500	0	1	5167	1	0	5000	other	0
C21	33	Picture	A50	888167	0	1	5167	1	0	5000	other	0
C21	34	Picture	F56	915500	0	1	5167	1	0	5000	hit	43
C21	34	Response	2	924409	8909	0
C21	35	Picture	U54	941834	0	1	5167	1	0	5000	other	0
C21	36	Picture	O53	968167	0	1	5167	1	0	5000	other	0
C21	37	Picture	O53	996000	0	1	5167	1	0	5000	other	0
C21	38	Picture	U54	1023834	0	1	5167	1	0	5000	miss	0
C21	39	Picture	O53	1050500	0	1	5167	1	0	5000	miss	0
C21	40	Picture	U54	1078167	0	1	5167	1	0	5000	other	0
C21	41	Picture	B55	1104334	0	1	5167	1	0	5000	other	0
C21	42	Picture	L58	1130500	0	1	5167	1	0	5000	other	0
C21	43	Picture	U54	1156000	0	1	5167	1	0	5000	hit	53
C21	43	Response	2	1164426	8425	0
C21	44	Picture	B55	1184000	0	1	5167	1	0	5000	hit	55
C21	44	Response	2	1190598	6598	0
C21	45	Picture	L58	1210834	0	1	5167	1	0	5000	hit	57
C21	45	Response	2	1218300	7466	0
C21	46	Picture	U54	1238500	0	1	5167	1	0	5000	miss	0
C21	47	Picture	B55	1266500	0	1	5167	1	0	5000	hit	60
C21	47	Response	2	1271116	4615	0
C21	48	Picture	H57	1293334	0	1	5167	1	0	5000	other	0
C21	49	Picture	M59	1318834	0	1	5167	1	0	5000	other	0
C21	50	Picture	O53	1346334	0	1	5167	1	0	5000	other	0
C21	51	Picture	H57	1373834	0	1	5167	1	0	5000	miss	0
C21	52	Picture	M59	1400834	0	1	5167	1	0	5000	hit	66
C21	52	Response	2	1405721	4887	0
C21	53	Picture	F56	1427500	0	1	5167	1	0	5000	other	0
C21	54	Picture	H57	1452667	0	1	5167	1	0	5000	hit	69
C21	54	Response	2	1458036	5369	0
C21	55	Picture	B55	1478667	0	1	5167	1	0	5000	other	0
C21	56	Picture	O53	1506167	0	1	5167	1	0	5000	other	0
C21	57	Picture	O53	1531501	0	1	5167	1	0	5000	other	0
C21	58	Picture	M59	1559167	0	1	5167	1	0	5000	other	0
C21	59	Picture	L58	1587334	0	1	5167	1	0	5000	other	0
C21	60	Picture	O53	1615167	0	1	5167	1	0	5000	miss	0
C21	61	Picture	L58	1642001	0	1	5167	1	0	5000	other	0
