Scenario - 
Logfile written - 11/01/2019 13:51:36

Subject	Trial	Event Type	Code	Time	TTime	Uncertainty	Duration	Uncertainty	ReqTime	ReqDur	Stim Type	Pair Index

C22	1	Picture	Start	167	0	1	28500	1	0	next	false_alarm	2
C22	1	Response	1	28504	28337	0
C22	3	Sound	I52	35513	14	390			0		other	0
C22	5	Sound	O53	61167	0	2			0		other	0
C22	7	Sound	U54	86500	0	2			0		other	0
C22	9	Sound	I52	111500	0	2			0		hit	7
C22	9	Response	2	116733	5233	0
C22	11	Sound	O53	137334	0	2			0		miss	0
C22	13	Sound	U54	162000	0	2			0		miss	0
C22	15	Sound	I52	187667	0	2			0		hit	11
C22	15	Response	2	196488	8821	0
C22	17	Sound	F56	214500	0	2			0		other	0
C22	19	Sound	A50	240834	0	2			0		other	0
C22	21	Sound	F56	266334	0	2			0		other	0
C22	23	Sound	I52	290667	0	2			0		false_alarm	16
C22	23	Response	1	299716	9049	0
C22	25	Sound	E51	316334	0	2			0		other	0
C22	27	Sound	F56	342334	0	2			0		hit	19
C22	27	Response	2	358030	15697	0
C22	29	Sound	I52	367334	0	2			0		hit	21
C22	29	Response	2	381606	14273	0
C22	31	Sound	M59	394168	1	2			0		other	0
C22	33	Sound	U54	418500	0	2			0		other	0
C22	35	Sound	O53	443667	0	2			0		other	0
C22	37	Sound	E51	469167	0	2			0		false_alarm	26
C22	37	Response	1	481066	11900	0
C22	39	Sound	A50	495667	0	2			0		other	0
C22	41	Sound	O53	522834	0	2			0		miss	0
C22	43	Sound	M59	547834	0	2			0		other	0
C22	45	Sound	A50	573501	0	2			0		hit	31
C22	45	Response	2	582160	8660	0
C22	47	Sound	E51	599167	0	2			0		other	0
C22	49	Sound	B55	623501	0	2			0		other	0
C22	51	Sound	L58	650001	0	2			0		other	0
C22	53	Sound	E51	676501	0	2			0		hit	36
C22	53	Response	2	685666	9166	0
C22	55	Sound	L58	701001	0	2			0		other	0
C22	57	Sound	B55	727334	0	2			0		other	0
C22	59	Sound	I52	753167	0	2			0		other	0
C22	61	Sound	H57	779167	0	2			0		other	0
C22	63	Sound	M59	805667	0	2			0		other	0
C22	65	Sound	I52	830334	0	2			0		miss	0
C22	67	Sound	H57	857001	0	2			0		hit	44
C22	67	Response	2	863488	6488	0
C22	69	Sound	M59	881667	0	2			0		miss	0
C22	71	Sound	O53	906501	0	2			0		other	0
C22	73	Sound	H57	933334	0	2			0		hit	48
C22	73	Response	2	942146	8812	0
C22	75	Sound	M59	959167	0	2			0		hit	50
C22	75	Response	2	973723	14556	0
C22	77	Sound	M59	983501	0	2			0		other	0
C22	79	Sound	F56	1008334	0	2			0		other	0
C22	81	Sound	L58	1034834	0	2			0		other	0
C22	83	Sound	U54	1060834	0	2			0		other	0
C22	85	Sound	I52	1087167	0	2			0		other	0
C22	87	Sound	A50	1114167	0	2			0		other	0
C22	89	Sound	U54	1141001	0	2			0		hit	58
C22	89	Response	2	1152898	11897	0
C22	91	Sound	M59	1165501	0	2			0		other	0
C22	93	Sound	M59	1190167	0	2			0		other	0
C22	95	Sound	O53	1216334	0	2			0		other	0
C22	97	Sound	O53	1241668	1	2			0		other	0
C22	99	Sound	O53	1267334	0	2			0		false_alarm	64
C22	99	Response	1	1276794	9461	0
C22	101	Sound	E51	1294168	0	2			0		other	0
C22	103	Sound	O53	1318834	0	2			0		hit	67
C22	103	Response	2	1335059	16225	0
C22	105	Sound	O53	1345501	0	2			0		hit	69
C22	105	Response	2	1358272	12772	0
C22	107	Sound	E51	1372334	0	2			0		hit	71
C22	107	Response	2	1383113	10779	0
C22	109	Sound	A50	1396668	0	2			0		other	0
C22	111	Sound	U54	1423668	0	2			0		false_alarm	74
C22	111	Response	1	1440721	17054	0
C22	113	Sound	E51	1448501	0	2			0		hit	76
C22	113	Response	2	1465542	17042	0
C22	115	Sound	F56	1473501	0	2			0		other	0
C22	117	Sound	I52	1500501	1	2			0		other	0
C22	119	Sound	E51	1525501	0	2			0		hit	80
C22	119	Response	2	1535293	9792	0
C22	121	Sound	U54	1551834	0	2			0		false_alarm	82
C22	121	Response	1	1566820	14986	0
