Scenario - 
Logfile written - 11/01/2019 13:54:59

Subject	Trial	Event Type	Code	Time	TTime	Uncertainty	Duration	Uncertainty	ReqTime	ReqDur	Stim Type	Pair Index

C22	1	Picture	Start	167	0	1	51333	1	0	next	false_alarm	2
C22	1	Response	1	51428	51261	0
C22	2	Picture	B55	56500	0	1	5167	1	0	5000	other	0
C22	3	Picture	E51	84500	0	1	5167	1	0	5000	other	0
C22	4	Picture	A50	110500	0	1	5167	1	0	5000	other	0
C22	5	Picture	H57	138500	0	1	5167	1	0	5000	other	0
C22	6	Picture	E51	164000	0	1	5167	1	0	5000	hit	8
C22	6	Response	2	169146	5146	0
C22	7	Picture	U54	191333	0	1	5167	1	0	5000	other	0
C22	8	Picture	B55	217000	0	1	5167	1	0	5000	other	0
C22	9	Picture	I52	243333	0	1	5167	1	0	5000	other	0
C22	10	Picture	I52	269333	0	1	5167	1	0	5000	other	0
C22	11	Picture	B55	297333	0	1	5167	1	0	5000	hit	14
C22	11	Response	2	301645	4311	0
C22	12	Picture	I52	325167	0	1	5167	1	0	5000	hit	16
C22	12	Response	2	331850	6684	0
C22	13	Picture	U54	350667	0	1	5167	1	0	5000	other	0
C22	14	Picture	F56	377333	0	1	5167	1	0	5000	other	0
C22	15	Picture	M59	404000	0	1	5167	1	0	5000	other	0
C22	16	Picture	E51	431333	0	1	5167	1	0	5000	false_alarm	21
C22	16	Response	1	435094	3761	0
C22	17	Picture	E51	458667	0	1	5167	1	0	5000	other	0
C22	18	Picture	M59	486167	0	1	5167	1	0	5000	hit	24
C22	18	Response	2	493192	7025	0
C22	19	Picture	O53	513000	0	1	5167	1	0	5000	other	0
C22	20	Picture	E51	540167	0	1	5167	1	0	5000	hit	27
C22	20	Response	2	546116	5949	0
C22	21	Picture	M59	565500	0	1	5167	1	0	5000	miss	0
C22	22	Picture	O53	592667	0	1	5167	1	0	5000	hit	30
C22	22	Response	2	599511	6844	0
C22	23	Picture	E51	619167	0	1	5167	1	0	5000	hit	32
C22	23	Response	2	626706	7539	0
C22	24	Picture	H57	645834	0	1	5167	1	0	5000	other	0
C22	25	Picture	F56	671334	0	1	5167	1	0	5000	other	0
C22	26	Picture	E51	699334	0	1	5167	1	0	5000	miss	0
C22	27	Picture	H57	726500	0	1	5167	1	0	5000	hit	37
C22	27	Response	2	731961	5460	0
C22	28	Picture	H57	751667	0	1	5167	1	0	5000	other	0
C22	29	Picture	I52	777167	0	1	5167	1	0	5000	other	0
C22	30	Picture	E51	803667	0	1	5167	1	0	5000	other	0
C22	31	Picture	H57	831667	0	1	5167	1	0	5000	hit	42
C22	31	Response	2	834975	3308	0
C22	32	Picture	H57	857000	0	1	5167	1	0	5000	other	0
C22	33	Picture	E51	882334	0	1	5167	1	0	5000	hit	45
C22	33	Response	2	888479	6146	0
C22	34	Picture	M59	910000	0	1	5167	1	0	5000	other	0
C22	35	Picture	H57	936834	0	1	5167	1	0	5000	miss	0
C22	36	Picture	I52	963334	0	1	5167	1	0	5000	other	0
C22	37	Picture	M59	988500	0	1	5167	1	0	5000	hit	50
C22	37	Response	2	991682	3181	0
C22	38	Picture	U54	1015167	0	1	5167	1	0	5000	other	0
C22	39	Picture	I52	1042000	0	1	5167	1	0	5000	miss	0
C22	40	Picture	A50	1069167	0	1	5167	1	0	5000	other	0
C22	41	Picture	H57	1094500	0	1	5167	1	0	5000	other	0
C22	42	Picture	I52	1120334	0	1	5167	1	0	5000	miss	0
C22	43	Picture	A50	1147500	0	1	5167	1	0	5000	hit	57
C22	43	Response	2	1150322	2821	0
C22	44	Picture	B55	1174500	0	1	5167	1	0	5000	other	0
C22	45	Picture	U54	1199834	0	1	5167	1	0	5000	other	0
C22	46	Picture	B55	1227167	0	1	5167	1	0	5000	other	0
C22	47	Picture	O53	1253000	0	1	5167	1	0	5000	other	0
C22	48	Picture	O53	1280000	0	1	5167	1	0	5000	false_alarm	63
C22	48	Response	1	1284576	4576	0
C22	49	Picture	U54	1308000	0	1	5167	1	0	5000	other	0
C22	50	Picture	M59	1334000	0	1	5167	1	0	5000	other	0
C22	51	Picture	H57	1360000	0	1	5167	1	0	5000	other	0
C22	52	Picture	L58	1385667	0	1	5167	1	0	5000	other	0
C22	53	Picture	M59	1413167	0	1	5167	1	0	5000	miss	0
C22	54	Picture	H57	1438667	0	1	5167	1	0	5000	miss	0
C22	55	Picture	A50	1465000	0	1	5167	1	0	5000	other	0
C22	56	Picture	M59	1492834	0	1	5167	1	0	5000	hit	72
C22	56	Response	2	1500831	7997	0
C22	57	Picture	U54	1520667	0	1	5167	1	0	5000	other	0
C22	58	Picture	L58	1547001	0	1	5167	1	0	5000	other	0
C22	59	Picture	E51	1572501	0	1	5167	1	0	5000	other	0
C22	60	Picture	L58	1600501	0	1	5167	1	0	5000	false_alarm	77
C22	60	Response	1	1607797	7297	0
C22	61	Picture	F56	1628001	0	1	5167	1	0	5000	other	0
