Scenario - 
Logfile written - 11/21/2019 13:58:21

Subject	Trial	Event Type	Code	Time	TTime	Uncertainty	Duration	Uncertainty	ReqTime	ReqDur	Stim Type	Pair Index

C23	1	Picture	Start	167	0	1	94167	1	0	next	false_alarm	2
C23	1	Response	1	94184	94017	0
C23	2	Picture	B55	99667	0	1	5167	1	0	5000	other	0
C23	3	Picture	B55	125500	0	1	5167	1	0	5000	other	0
C23	4	Picture	L58	150833	0	1	5167	1	0	5000	other	0
C23	5	Picture	M59	176167	0	1	5167	1	0	5000	other	0
C23	6	Picture	B55	204000	0	1	5167	1	0	5000	miss	0
C23	7	Picture	L58	230667	0	1	5167	1	0	5000	hit	9
C23	7	Response	2	247097	16431	0
C23	8	Picture	O53	257333	0	1	5167	1	0	5000	other	0
C23	9	Picture	L58	285000	0	1	5167	1	0	5000	other	0
C23	10	Picture	L58	311500	0	1	5167	1	0	5000	hit	13
C23	10	Response	2	322287	10787	0
C23	11	Picture	O53	338500	0	1	5167	1	0	5000	hit	15
C23	11	Response	2	347466	8966	0
C23	12	Picture	H57	364667	0	1	5167	1	0	5000	other	0
C23	13	Picture	O53	389833	0	1	5167	1	0	5000	other	0
C23	14	Picture	E51	416333	0	1	5167	1	0	5000	other	0
C23	15	Picture	A50	443667	0	1	5167	1	0	5000	other	0
C23	16	Picture	O53	471333	0	1	5167	1	0	5000	hit	21
C23	16	Response	2	475319	3986	0
C23	17	Picture	E51	498167	0	1	5167	1	0	5000	hit	23
C23	17	Response	2	502254	4088	0
C23	18	Picture	A50	525333	0	1	5167	1	0	5000	miss	0
C23	19	Picture	U54	552333	0	1	5167	1	0	5000	other	0
C23	20	Picture	H57	579333	0	1	5167	1	0	5000	other	0
C23	21	Picture	M59	605167	0	1	5167	1	0	5000	other	0
C23	22	Picture	I52	631667	0	1	5167	1	0	5000	other	0
C23	23	Picture	E51	658334	0	1	5167	1	0	5000	other	0
C23	24	Picture	F56	686334	0	1	5167	1	0	5000	other	0
C23	25	Picture	I52	711500	0	1	5167	1	0	5000	hit	32
C23	25	Response	2	722671	11170	0
C23	26	Picture	M59	738834	0	1	5167	1	0	5000	other	0
C23	27	Picture	I52	766334	0	1	5167	1	0	5000	other	0
C23	28	Picture	E51	791667	0	1	5167	1	0	5000	other	0
C23	29	Picture	U54	817167	0	1	5167	1	0	5000	other	0
C23	30	Picture	O53	843500	0	1	5167	1	0	5000	other	0
C23	31	Picture	E51	870667	0	1	5167	1	0	5000	hit	39
C23	31	Response	2	874758	4091	0
C23	32	Picture	F56	898000	0	1	5167	1	0	5000	other	0
C23	33	Picture	A50	925167	0	1	5167	1	0	5000	other	0
C23	34	Picture	E51	951667	0	1	5167	1	0	5000	miss	0
C23	35	Picture	B55	979334	0	1	5167	1	0	5000	other	0
C23	36	Picture	E51	1006834	0	1	5167	1	0	5000	other	0
C23	37	Picture	E51	1034000	0	1	5167	1	0	5000	miss	0
C23	38	Picture	L58	1060334	0	1	5167	1	0	5000	other	0
C23	39	Picture	E51	1088000	0	1	5167	1	0	5000	hit	48
C23	39	Response	2	1093124	5123	0
C23	40	Picture	H57	1114167	0	1	5167	1	0	5000	other	0
C23	41	Picture	E51	1139667	0	1	5167	1	0	5000	other	0
C23	42	Picture	L58	1167334	0	1	5167	1	0	5000	false_alarm	52
C23	42	Response	1	1172370	5036	0
C23	43	Picture	U54	1193834	0	1	5167	1	0	5000	other	0
C23	44	Picture	F56	1221834	0	1	5167	1	0	5000	other	0
C23	45	Picture	O53	1247834	0	1	5167	1	0	5000	other	0
C23	46	Picture	U54	1275667	0	1	5167	1	0	5000	miss	0
C23	47	Picture	U54	1301167	0	1	5167	1	0	5000	other	0
C23	48	Picture	O53	1327000	0	1	5167	1	0	5000	hit	59
C23	48	Response	2	1333763	6762	0
C23	49	Picture	M59	1353834	0	1	5167	1	0	5000	other	0
C23	50	Picture	U54	1381167	0	1	5167	1	0	5000	miss	0
C23	51	Picture	H57	1408834	0	1	5167	1	0	5000	other	0
C23	52	Picture	B55	1436667	0	1	5167	1	0	5000	other	0
C23	53	Picture	U54	1463167	0	1	5167	1	0	5000	hit	65
C23	53	Response	2	1472816	9649	0
C23	54	Picture	H57	1490000	0	1	5167	1	0	5000	miss	0
C23	55	Picture	O53	1517334	0	1	5167	1	0	5000	other	0
C23	56	Picture	H57	1544667	0	1	5167	1	0	5000	other	0
C23	57	Picture	H57	1571500	0	1	5167	1	0	5000	miss	0
C23	58	Picture	O53	1598501	0	1	5167	1	0	5000	hit	71
C23	58	Response	2	1607081	8580	0
C23	59	Picture	U54	1623834	0	1	5167	1	0	5000	other	0
C23	60	Picture	M59	1650667	0	1	5167	1	0	5000	other	0
C23	61	Picture	O53	1678001	0	1	5167	1	0	5000	miss	0
