Scenario - 
Logfile written - 11/21/2019 13:54:19

Subject	Trial	Event Type	Code	Time	TTime	Uncertainty	Duration	Uncertainty	ReqTime	ReqDur	Stim Type	Pair Index

C23	1	Picture	Start	167	0	1	59333	1	0	next	false_alarm	2
C23	1	Response	1	59357	59190	0
C23	3	Sound	B55	66514	14	1672			0		other	0
C23	5	Sound	F56	92667	0	2			0		other	0
C23	7	Sound	A50	118334	0	2			0		other	0
C23	9	Sound	O53	145000	0	2			0		other	0
C23	11	Sound	F56	170667	0	2			0		hit	8
C23	11	Response	2	182145	11479	0
C23	13	Sound	A50	195667	0	2			0		miss	0
C23	15	Sound	L58	220834	0	2			0		other	0
C23	17	Sound	A50	247500	0	2			0		false_alarm	12
C23	17	Response	1	257562	10062	0
C23	19	Sound	A50	271834	0	2			0		miss	0
C23	21	Sound	O53	298667	0	2			0		other	0
C23	23	Sound	H57	324834	0	2			0		other	0
C23	25	Sound	F56	351167	0	2			0		other	0
C23	27	Sound	O53	377501	1	2			0		miss	0
C23	29	Sound	H57	403167	0	2			0		miss	0
C23	31	Sound	U54	428501	1	2			0		other	0
C23	33	Sound	U54	455667	0	2			0		other	0
C23	35	Sound	L58	481834	0	2			0		other	0
C23	37	Sound	H57	508167	0	2			0		false_alarm	23
C23	37	Response	1	526218	18051	0
C23	39	Sound	U54	533667	0	2			0		miss	0
C23	41	Sound	L58	558667	0	2			0		hit	26
C23	41	Response	2	564431	5765	0
C23	43	Sound	H57	585334	0	2			0		miss	0
C23	45	Sound	I52	612167	0	2			0		other	0
C23	47	Sound	U54	637668	1	2			0		false_alarm	30
C23	47	Response	1	648139	10473	0
C23	49	Sound	B55	662501	0	2			0		other	0
C23	51	Sound	I52	689168	1	2			0		miss	0
C23	53	Sound	U54	714001	0	2			0		hit	34
C23	53	Response	2	728329	14329	0
C23	55	Sound	A50	738334	0	2			0		other	0
C23	57	Sound	M59	762667	1	2			0		other	0
C23	59	Sound	A50	789001	0	2			0		other	0
C23	61	Sound	A50	813334	0	2			0		hit	39
C23	61	Response	2	822306	8972	0
C23	63	Sound	M59	839334	0	2			0		miss	0
C23	65	Sound	F56	864167	0	2			0		other	0
C23	67	Sound	A50	889501	0	2			0		hit	43
C23	67	Response	2	895891	6391	0
C23	69	Sound	M59	916001	0	2			0		miss	0
C23	71	Sound	B55	940834	0	2			0		other	0
C23	73	Sound	A50	967667	0	2			0		hit	47
C23	73	Response	2	972594	4927	0
C23	75	Sound	I52	992667	0	2			0		other	0
C23	77	Sound	F56	1018334	0	2			0		other	0
C23	79	Sound	H57	1042834	0	2			0		other	0
C23	81	Sound	L58	1069001	0	2			0		other	0
C23	83	Sound	B55	1095167	0	2			0		other	0
C23	85	Sound	H57	1120501	0	2			0		miss	0
C23	87	Sound	B55	1145167	0	2			0		other	0
C23	89	Sound	U54	1169834	0	2			0		other	0
C23	91	Sound	H57	1194501	0	2			0		hit	57
C23	91	Response	2	1200154	5653	0
C23	93	Sound	H57	1221834	0	2			0		other	0
C23	95	Sound	H57	1248001	0	2			0		other	0
C23	97	Sound	M59	1273001	0	2			0		other	0
C23	99	Sound	F56	1298334	0	2			0		other	0
C23	101	Sound	B55	1323168	0	2			0		other	0
C23	103	Sound	M59	1348001	0	2			0		hit	64
C23	103	Response	2	1363610	15609	0
C23	105	Sound	M59	1374834	0	2			0		other	0
C23	107	Sound	U54	1400334	0	2			0		other	0
C23	109	Sound	B55	1427334	0	2			0		other	0
C23	111	Sound	M59	1451668	0	2			0		hit	69
C23	111	Response	2	1459189	7522	0
C23	113	Sound	U54	1476168	1	2			0		miss	0
C23	115	Sound	E51	1503334	0	2			0		other	0
C23	117	Sound	I52	1529668	0	2			0		other	0
C23	119	Sound	E51	1554334	0	2			0		other	0
C23	121	Sound	M59	1580001	0	2			0		other	0
