Scenario - 
Logfile written - 11/22/2019 10:23:14

Subject	Trial	Event Type	Code	Time	TTime	Uncertainty	Duration	Uncertainty	ReqTime	ReqDur	Stim Type	Pair Index

C24	1	Picture	Start	167	0	1	101833	1	0	next	false_alarm	2
C24	1	Response	1	101952	101785	0
C24	2	Picture	L58	107500	0	1	5167	1	0	5000	other	0
C24	3	Picture	E51	133000	0	1	5167	1	0	5000	other	0
C24	4	Picture	A50	159333	0	1	5167	1	0	5000	other	0
C24	5	Picture	U54	186000	0	1	5167	1	0	5000	other	0
C24	6	Picture	E51	212167	0	1	5167	1	0	5000	hit	8
C24	6	Response	2	230934	18768	0
C24	7	Picture	M59	238333	0	1	5167	1	0	5000	other	0
C24	8	Picture	A50	265833	0	1	5167	1	0	5000	other	0
C24	9	Picture	U54	291500	0	1	5167	1	0	5000	false_alarm	12
C24	9	Response	1	309176	17676	0
C24	10	Picture	M59	317333	0	1	5167	1	0	5000	miss	0
C24	11	Picture	E51	344000	0	1	5167	1	0	5000	other	0
C24	12	Picture	O53	370000	0	1	5167	1	0	5000	other	0
C24	13	Picture	E51	397667	0	1	5167	1	0	5000	other	0
C24	14	Picture	E51	424833	0	1	5167	1	0	5000	hit	18
C24	14	Response	2	430312	5478	0
C24	15	Picture	B55	451667	0	1	5167	1	0	5000	other	0
C24	16	Picture	E51	479667	0	1	5167	1	0	5000	miss	0
C24	17	Picture	H57	506500	0	1	5167	1	0	5000	false_alarm	22
C24	17	Response	1	508352	1852	0
C24	18	Picture	B55	533500	0	1	5167	1	0	5000	miss	0
C24	19	Picture	B55	559500	0	1	5167	1	0	5000	other	0
C24	20	Picture	L58	584833	0	1	5167	1	0	5000	other	0
C24	21	Picture	B55	612500	0	1	5167	1	0	5000	hit	27
C24	21	Response	2	617744	5244	0
C24	22	Picture	F56	638334	0	1	5167	1	0	5000	other	0
C24	23	Picture	I52	663500	0	1	5167	1	0	5000	other	0
C24	24	Picture	M59	690834	0	1	5167	1	0	5000	other	0
C24	25	Picture	M59	717667	0	1	5167	1	0	5000	other	0
C24	26	Picture	H57	743667	0	1	5167	1	0	5000	other	0
C24	27	Picture	B55	769000	0	1	5167	1	0	5000	other	0
C24	28	Picture	I52	796667	0	1	5167	1	0	5000	other	0
C24	29	Picture	U54	823000	0	1	5167	1	0	5000	other	0
C24	30	Picture	B55	850667	0	1	5167	1	0	5000	hit	37
C24	30	Response	2	860130	9463	0
C24	31	Picture	I52	875834	0	1	5167	1	0	5000	miss	0
C24	32	Picture	M59	901334	0	1	5167	1	0	5000	false_alarm	40
C24	32	Response	1	918143	16810	0
C24	33	Picture	H57	928000	0	1	5167	1	0	5000	other	0
C24	34	Picture	I52	953334	0	1	5167	1	0	5000	miss	0
C24	35	Picture	H57	979500	0	1	5167	1	0	5000	other	0
C24	36	Picture	A50	1006167	0	1	5167	1	0	5000	other	0
C24	37	Picture	M59	1031500	0	1	5167	1	0	5000	other	0
C24	38	Picture	I52	1056667	0	1	5167	1	0	5000	other	0
C24	39	Picture	H57	1082334	0	1	5167	1	0	5000	false_alarm	48
C24	39	Response	1	1086687	4353	0
C24	40	Picture	M59	1108167	0	1	5167	1	0	5000	miss	0
C24	41	Picture	I52	1135000	0	1	5167	1	0	5000	miss	0
C24	42	Picture	O53	1160500	0	1	5167	1	0	5000	other	0
C24	43	Picture	U54	1187667	0	1	5167	1	0	5000	other	0
C24	44	Picture	A50	1215667	0	1	5167	1	0	5000	other	0
C24	45	Picture	O53	1243667	0	1	5167	1	0	5000	hit	55
C24	45	Response	2	1255462	11795	0
C24	46	Picture	U54	1270334	0	1	5167	1	0	5000	hit	57
C24	46	Response	2	1286866	16533	0
C24	47	Picture	M59	1297667	0	1	5167	1	0	5000	other	0
C24	48	Picture	U54	1323667	0	1	5167	1	0	5000	other	0
C24	49	Picture	I52	1350500	0	1	5167	1	0	5000	other	0
C24	50	Picture	L58	1378167	0	1	5167	1	0	5000	other	0
C24	51	Picture	U54	1403667	0	1	5167	1	0	5000	miss	0
C24	52	Picture	U54	1429500	0	1	5167	1	0	5000	other	0
C24	53	Picture	B55	1456000	0	1	5167	1	0	5000	other	0
C24	54	Picture	A50	1481834	0	1	5167	1	0	5000	other	0
C24	55	Picture	U54	1509167	0	1	5167	1	0	5000	miss	0
C24	56	Picture	E51	1536167	0	1	5167	1	0	5000	other	0
C24	57	Picture	A50	1563334	0	1	5167	1	0	5000	hit	69
C24	57	Response	2	1568407	5073	0
C24	58	Picture	O53	1588667	0	1	5167	1	0	5000	other	0
C24	59	Picture	E51	1615334	0	1	5167	1	0	5000	miss	0
C24	60	Picture	A50	1642501	0	1	5167	1	0	5000	miss	0
C24	61	Picture	O53	1668501	0	1	5167	1	0	5000	hit	74
C24	61	Response	2	1673095	4594	0
