Scenario - 
Logfile written - 11/22/2019 10:19:53

Subject	Trial	Event Type	Code	Time	TTime	Uncertainty	Duration	Uncertainty	ReqTime	ReqDur	Stim Type	Pair Index

C24	1	Picture	Start	167	0	1	53500	1	0	next	false_alarm	2
C24	1	Response	1	53624	53457	0
C24	3	Sound	E51	59848	14	411			0		other	0
C24	5	Sound	F56	84834	1	2			0		other	0
C24	7	Sound	H57	110834	0	2			0		other	0
C24	9	Sound	B55	136667	1	2			0		other	0
C24	11	Sound	O53	163500	0	2			0		other	0
C24	13	Sound	M59	188000	0	2			0		other	0
C24	15	Sound	H57	214834	0	2			0		false_alarm	10
C24	15	Response	1	233122	18288	0
C24	17	Sound	U54	242000	0	2			0		other	0
C24	19	Sound	A50	269167	0	2			0		other	0
C24	21	Sound	F56	293667	0	2			0		other	0
C24	23	Sound	F56	319667	0	2			0		other	0
C24	25	Sound	A50	346501	0	2			0		miss	0
C24	27	Sound	A50	373000	0	2			0		other	0
C24	29	Sound	O53	397500	0	2			0		other	0
C24	31	Sound	A50	423834	0	2			0		hit	19
C24	31	Response	2	437117	13284	0
C24	33	Sound	O53	449834	1	2			0		other	0
C24	34	Response	1	471206	1206	0
C24	35	Sound	E51	474834	1	2			0		other	0
C24	37	Sound	U54	500834	0	2			0		other	0
C24	39	Sound	O53	527667	0	2			0		miss	0
C24	41	Sound	H57	552001	0	2			0		other	0
C24	43	Sound	F56	577334	0	2			0		other	0
C24	45	Sound	O53	601667	0	2			0		hit	28
C24	45	Response	2	611967	10300	0
C24	47	Sound	H57	628001	1	2			0		miss	0
C24	49	Sound	F56	652834	0	2			0		hit	31
C24	49	Response	2	664987	12153	0
C24	51	Sound	O53	679834	0	2			0		hit	33
C24	51	Response	2	698257	18423	0
C24	53	Sound	E51	706334	1	2			0		other	0
C24	55	Sound	O53	730834	0	2			0		other	0
C24	57	Sound	O53	757667	0	2			0		hit	37
C24	57	Response	2	774785	17118	0
C24	59	Sound	E51	782667	0	2			0		miss	0
C24	61	Sound	U54	808001	0	2			0		other	0
C24	63	Sound	O53	833334	0	2			0		hit	41
C24	63	Response	2	840975	7642	0
C24	65	Sound	E51	858167	0	2			0		miss	0
C24	67	Sound	O53	883167	0	2			0		other	0
C24	69	Sound	O53	909501	0	2			0		hit	45
C24	69	Response	2	917452	7952	0
C24	71	Sound	E51	935001	0	2			0		hit	47
C24	71	Response	2	942422	7422	0
C24	73	Sound	U54	960001	0	2			0		other	0
C24	75	Sound	L58	987001	0	2			0		other	0
C24	77	Sound	B55	1012001	1	2			0		other	0
C24	79	Sound	B55	1038667	0	2			0		other	0
C24	81	Sound	B55	1065334	0	2			0		other	0
C24	83	Sound	H57	1091501	0	2			0		other	0
C24	85	Sound	B55	1116167	0	2			0		hit	55
C24	85	Response	2	1128289	12122	0
C24	87	Sound	O53	1141667	0	2			0		other	0
C24	89	Sound	O53	1166334	0	2			0		other	0
C24	91	Sound	E51	1191167	0	2			0		other	0
C24	93	Sound	O53	1216667	0	2			0		hit	60
C24	93	Response	2	1235196	18529	0
C24	95	Sound	M59	1243501	0	2			0		other	0
C24	97	Sound	E51	1268167	0	2			0		miss	0
C24	99	Sound	O53	1293334	0	2			0		hit	64
C24	99	Response	2	1310633	17300	0
C24	101	Sound	U54	1320168	0	2			0		other	0
C24	103	Sound	I52	1346001	0	2			0		other	0
C24	105	Sound	O53	1370334	0	2			0		hit	68
C24	105	Response	2	1383228	12895	0
C24	107	Sound	U54	1397001	0	2			0		miss	0
C24	109	Sound	H57	1421501	0	2			0		other	0
C24	111	Sound	E51	1448001	0	2			0		other	0
C24	113	Sound	L58	1474001	0	2			0		other	0
C24	115	Sound	H57	1498668	0	2			0		hit	74
C24	115	Response	2	1511433	12765	0
C24	117	Sound	B55	1523334	0	2			0		other	0
C24	119	Sound	O53	1549501	0	2			0		other	0
C24	121	Sound	O53	1574334	0	2			0		other	0
