Scenario - 
Logfile written - 11/22/2019 13:54:49

Subject	Trial	Event Type	Code	Time	TTime	Uncertainty	Duration	Uncertainty	ReqTime	ReqDur	Stim Type	Pair Index

C25	1	Picture	Start	167	0	1	142833	1	0	next	false_alarm	2
C25	1	Response	1	142920	142754	0
C25	3	Sound	U54	148848	15	351			0		other	0
C25	5	Sound	U54	175834	0	2			0		other	0
C25	7	Sound	I52	202667	0	2			0		other	0
C25	9	Sound	E51	227834	0	2			0		other	0
C25	11	Sound	A50	254834	0	2			0		false_alarm	8
C25	11	Response	1	268775	13941	0
C25	13	Sound	H57	280167	0	2			0		other	0
C25	15	Sound	E51	304667	0	2			0		miss	0
C25	17	Sound	O53	331500	0	2			0		other	0
C25	19	Sound	H57	357000	0	2			0		miss	0
C25	21	Sound	A50	383500	0	2			0		other	0
C25	23	Sound	O53	410168	1	2			0		hit	15
C25	23	Response	2	421926	11760	0
C25	25	Sound	H57	435667	0	2			0		miss	0
C25	27	Sound	A50	460167	0	2			0		hit	18
C25	27	Response	2	470358	10191	0
C25	29	Sound	M59	484667	0	2			0		other	0
C25	31	Sound	H57	509501	0	2			0		miss	0
C25	33	Sound	H57	535501	1	2			0		false_alarm	22
C25	33	Response	1	547955	12455	0
C25	35	Sound	M59	561001	0	2			0		miss	0
C25	37	Sound	M59	585334	0	2			0		false_alarm	25
C25	37	Response	1	592602	7268	0
C25	39	Sound	M59	611501	0	2			0		false_alarm	27
C25	39	Response	1	624309	12809	0
C25	41	Sound	B55	636334	0	2			0		other	0
C25	43	Sound	E51	662668	1	2			0		other	0
C25	45	Sound	B55	689167	0	2			0		other	0
C25	47	Sound	O53	715001	0	2			0		other	0
C25	49	Sound	E51	740334	0	2			0		miss	0
C25	51	Sound	H57	766834	0	2			0		other	0
C25	53	Sound	U54	792834	0	2			0		other	0
C25	55	Sound	L58	820001	0	2			0		other	0
C25	57	Sound	E51	847001	0	2			0		other	0
C25	59	Sound	U54	872167	0	2			0		hit	38
C25	59	Response	2	885959	13792	0
C25	61	Sound	M59	897334	0	2			0		other	0
C25	63	Sound	L58	921667	0	2			0		false_alarm	41
C25	63	Response	1	937228	15561	0
C25	65	Sound	A50	947167	0	2			0		other	0
C25	67	Sound	U54	972501	0	2			0		false_alarm	44
C25	67	Response	1	992157	19656	0
C25	69	Sound	L58	999167	0	2			0		miss	0
C25	71	Sound	A50	1025001	0	2			0		hit	47
C25	71	Response	2	1034731	9730	0
C25	73	Sound	U54	1049501	0	2			0		miss	0
C25	75	Sound	L58	1074668	1	2			0		miss	0
C25	77	Sound	F56	1099667	0	2			0		other	0
C25	79	Sound	U54	1126001	0	2			0		miss	0
C25	81	Sound	L58	1152168	1	2			0		hit	53
C25	81	Response	2	1165880	13713	0
C25	83	Sound	U54	1177667	0	2			0		false_alarm	55
C25	83	Response	1	1197171	19504	0
C25	85	Sound	U54	1202501	0	2			0		miss	0
C25	87	Sound	O53	1228667	0	2			0		other	0
C25	89	Sound	I52	1255168	1	2			0		other	0
C25	91	Sound	U54	1281834	0	2			0		miss	0
C25	92	Response	1	1303480	1479	0
C25	93	Sound	O53	1307334	0	2			0		hit	62
C25	93	Response	2	1322188	14854	0
C25	95	Sound	O53	1333834	1	2			0		other	0
C25	97	Sound	E51	1358501	0	2			0		other	0
C25	99	Sound	B55	1385501	0	2			0		other	0
C25	101	Sound	F56	1410834	0	2			0		other	0
C25	103	Sound	L58	1435834	0	2			0		other	0
C25	105	Sound	A50	1462001	0	2			0		other	0
C25	107	Sound	B55	1488834	0	2			0		other	0
C25	109	Sound	L58	1515501	0	2			0		miss	0
C25	111	Sound	B55	1541168	0	2			0		false_alarm	72
C25	111	Response	1	1549968	8801	0
C25	113	Sound	O53	1566334	0	2			0		other	0
C25	115	Sound	U54	1593168	0	2			0		other	0
C25	117	Sound	M59	1618668	0	2			0		other	0
C25	119	Sound	U54	1646001	0	2			0		other	0
C25	121	Sound	O53	1672501	0	2			0		other	0
