Scenario - 
Logfile written - 11/22/2019 13:51:05

Subject	Trial	Event Type	Code	Time	TTime	Uncertainty	Duration	Uncertainty	ReqTime	ReqDur	Stim Type	Pair Index

C25	1	Picture	Start	167	0	1	107333	1	0	next	false_alarm	2
C25	1	Response	1	107401	107235	0
C25	2	Picture	F56	113000	0	1	5167	1	0	5000	other	0
C25	3	Picture	U54	140167	0	1	5167	1	0	5000	other	0
C25	4	Picture	H57	167000	0	1	5167	1	0	5000	other	0
C25	5	Picture	I52	192333	0	1	5167	1	0	5000	other	0
C25	6	Picture	L58	218000	0	1	5167	1	0	5000	other	0
C25	7	Picture	B55	245167	0	1	5167	1	0	5000	other	0
C25	8	Picture	I52	270833	0	1	5167	1	0	5000	hit	10
C25	8	Response	2	281921	11087	0
C25	9	Picture	M59	297000	0	1	5167	1	0	5000	other	0
C25	10	Picture	O53	324333	0	1	5167	1	0	5000	other	0
C25	11	Picture	O53	349667	0	1	5167	1	0	5000	other	0
C25	12	Picture	O53	376167	0	1	5167	1	0	5000	other	0
C25	13	Picture	O53	402167	0	1	5167	1	0	5000	hit	16
C25	13	Response	2	421526	19359	0
C25	14	Picture	U54	428667	0	1	5167	1	0	5000	other	0
C25	15	Picture	F56	454500	0	1	5167	1	0	5000	other	0
C25	16	Picture	O53	482333	0	1	5167	1	0	5000	hit	20
C25	16	Response	2	490734	8400	0
C25	17	Picture	F56	508333	0	1	5167	1	0	5000	other	0
C25	18	Picture	H57	534667	0	1	5167	1	0	5000	other	0
C25	19	Picture	O53	562000	0	1	5167	1	0	5000	miss	0
C25	20	Picture	M59	587333	0	1	5167	1	0	5000	other	0
C25	21	Picture	F56	613833	0	1	5167	1	0	5000	other	0
C25	22	Picture	O53	640000	0	1	5167	1	0	5000	miss	0
C25	23	Picture	B55	665667	0	1	5167	1	0	5000	other	0
C25	24	Picture	U54	690834	0	1	5167	1	0	5000	other	0
C25	25	Picture	F56	716500	0	1	5167	1	0	5000	false_alarm	30
C25	25	Response	1	720531	4031	0
C25	26	Picture	H57	743834	0	1	5167	1	0	5000	other	0
C25	27	Picture	U54	769500	0	1	5167	1	0	5000	miss	0
C25	28	Picture	B55	795834	0	1	5167	1	0	5000	other	0
C25	29	Picture	E51	821500	0	1	5167	1	0	5000	other	0
C25	30	Picture	U54	848000	0	1	5167	1	0	5000	miss	0
C25	31	Picture	B55	875334	0	1	5167	1	0	5000	hit	37
C25	31	Response	2	884478	9145	0
C25	32	Picture	U54	902500	0	1	5167	1	0	5000	other	0
C25	33	Picture	O53	927834	0	1	5167	1	0	5000	other	0
C25	34	Picture	B55	953667	0	1	5167	1	0	5000	miss	0
C25	35	Picture	U54	979834	0	1	5167	1	0	5000	miss	0
C25	36	Picture	O53	1006167	0	1	5167	1	0	5000	miss	0
C25	37	Picture	L58	1032667	0	1	5167	1	0	5000	other	0
C25	38	Picture	U54	1058500	0	1	5167	1	0	5000	miss	0
C25	39	Picture	E51	1086334	0	1	5167	1	0	5000	other	0
C25	40	Picture	I52	1112000	0	1	5167	1	0	5000	other	0
C25	41	Picture	F56	1137834	0	1	5167	1	0	5000	other	0
C25	42	Picture	O53	1163500	0	1	5167	1	0	5000	other	0
C25	43	Picture	I52	1191334	0	1	5167	1	0	5000	miss	0
C25	44	Picture	O53	1219000	0	1	5167	1	0	5000	other	0
C25	45	Picture	I52	1245000	0	1	5167	1	0	5000	other	0
C25	46	Picture	E51	1271334	0	1	5167	1	0	5000	other	0
C25	47	Picture	O53	1298667	0	1	5167	1	0	5000	miss	0
C25	48	Picture	L58	1325167	0	1	5167	1	0	5000	other	0
C25	49	Picture	B55	1350334	0	1	5167	1	0	5000	other	0
C25	50	Picture	L58	1376667	0	1	5167	1	0	5000	other	0
C25	51	Picture	L58	1402167	0	1	5167	1	0	5000	hit	58
C25	51	Response	2	1409565	7398	0
C25	52	Picture	B55	1430167	0	1	5167	1	0	5000	miss	0
C25	53	Picture	B55	1457000	0	1	5167	1	0	5000	false_alarm	61
C25	53	Response	1	1474884	17883	0
C25	54	Picture	L58	1482834	0	1	5167	1	0	5000	miss	0
C25	55	Picture	H57	1509500	0	1	5167	1	0	5000	other	0
C25	56	Picture	B55	1536000	0	1	5167	1	0	5000	miss	0
C25	57	Picture	A50	1563834	0	1	5167	1	0	5000	other	0
C25	58	Picture	H57	1589667	0	1	5167	1	0	5000	miss	0
C25	59	Picture	L58	1615834	0	1	5167	1	0	5000	other	0
C25	60	Picture	I52	1641834	0	1	5167	1	0	5000	other	0
C25	61	Picture	H57	1668001	0	1	5167	1	0	5000	miss	0
