Scenario - 
Logfile written - 11/26/2019 09:53:52

Subject	Trial	Event Type	Code	Time	TTime	Uncertainty	Duration	Uncertainty	ReqTime	ReqDur	Stim Type	Pair Index

C26	1	Picture	Start	167	0	1	32167	1	0	next	false_alarm	2
C26	1	Response	1	32182	32015	0
C26	2	Picture	A50	39000	0	1	5167	1	0	5000	other	0
C26	3	Picture	L58	66167	0	1	5167	1	0	5000	other	0
C26	4	Picture	F56	91500	0	1	5167	1	0	5000	other	0
C26	5	Picture	A50	117333	0	1	5167	1	0	5000	hit	7
C26	5	Response	2	122743	5410	0
C26	6	Picture	B55	144667	0	1	5167	1	0	5000	other	0
C26	7	Picture	F56	170333	0	1	5167	1	0	5000	hit	10
C26	7	Response	2	175325	4992	0
C26	8	Picture	E51	198167	0	1	5167	1	0	5000	other	0
C26	9	Picture	U54	224500	0	1	5167	1	0	5000	other	0
C26	10	Picture	U54	251333	0	1	5167	1	0	5000	other	0
C26	11	Picture	L58	276667	0	1	5167	1	0	5000	other	0
C26	12	Picture	U54	303000	0	1	5167	1	0	5000	hit	16
C26	12	Response	2	313178	10178	0
C26	13	Picture	I52	328667	0	1	5167	1	0	5000	other	0
C26	14	Picture	F56	355667	0	1	5167	1	0	5000	other	0
C26	15	Picture	U54	381333	0	1	5167	1	0	5000	hit	20
C26	15	Response	2	388998	7664	0
C26	16	Picture	I52	406667	0	1	5167	1	0	5000	hit	22
C26	16	Response	2	415550	8884	0
C26	17	Picture	F56	434000	0	1	5167	1	0	5000	hit	24
C26	17	Response	2	443307	9307	0
C26	18	Picture	H57	460833	0	1	5167	1	0	5000	other	0
C26	19	Picture	I52	486000	0	1	5167	1	0	5000	hit	27
C26	19	Response	2	498626	12626	0
C26	20	Picture	B55	512000	0	1	5167	1	0	5000	other	0
C26	21	Picture	L58	538167	0	1	5167	1	0	5000	other	0
C26	22	Picture	I52	564333	0	1	5167	1	0	5000	miss	0
C26	23	Picture	H57	590000	0	1	5167	1	0	5000	other	0
C26	24	Picture	M59	617667	0	1	5167	1	0	5000	other	0
C26	25	Picture	I52	644334	0	1	5167	1	0	5000	hit	34
C26	25	Response	2	651870	7536	0
C26	26	Picture	M59	671834	0	1	5167	1	0	5000	false_alarm	36
C26	26	Response	1	687887	16054	0
C26	27	Picture	A50	698167	0	1	5167	1	0	5000	other	0
C26	28	Picture	I52	725500	0	1	5167	1	0	5000	miss	0
C26	29	Picture	A50	751167	0	1	5167	1	0	5000	false_alarm	40
C26	29	Response	1	766008	14841	0
C26	30	Picture	L58	777500	0	1	5167	1	0	5000	other	0
C26	31	Picture	E51	804167	0	1	5167	1	0	5000	other	0
C26	32	Picture	M59	831334	0	1	5167	1	0	5000	false_alarm	44
C26	32	Response	1	839413	8080	0
C26	33	Picture	L58	858834	0	1	5167	1	0	5000	miss	0
C26	34	Picture	I52	886167	0	1	5167	1	0	5000	other	0
C26	35	Picture	H57	913334	0	1	5167	1	0	5000	other	0
C26	36	Picture	E51	939667	0	1	5167	1	0	5000	other	0
C26	37	Picture	I52	967167	0	1	5167	1	0	5000	hit	50
C26	37	Response	2	970677	3510	0
C26	38	Picture	M59	994500	0	1	5167	1	0	5000	other	0
C26	39	Picture	H57	1019834	0	1	5167	1	0	5000	false_alarm	53
C26	39	Response	1	1028752	8918	0
C26	40	Picture	O53	1047167	0	1	5167	1	0	5000	other	0
C26	41	Picture	B55	1075167	0	1	5167	1	0	5000	other	0
C26	42	Picture	B55	1102334	0	1	5167	1	0	5000	other	0
C26	43	Picture	F56	1129334	0	1	5167	1	0	5000	other	0
C26	44	Picture	B55	1157334	0	1	5167	1	0	5000	hit	59
C26	44	Response	2	1161164	3830	0
C26	45	Picture	M59	1183000	0	1	5167	1	0	5000	other	0
C26	46	Picture	F56	1210500	0	1	5167	1	0	5000	hit	62
C26	46	Response	2	1214768	4267	0
C26	47	Picture	A50	1237667	0	1	5167	1	0	5000	other	0
C26	48	Picture	M59	1263834	0	1	5167	1	0	5000	hit	65
C26	48	Response	2	1268207	4374	0
C26	49	Picture	O53	1291334	0	1	5167	1	0	5000	other	0
C26	50	Picture	L58	1318167	0	1	5167	1	0	5000	other	0
C26	51	Picture	I52	1345667	0	1	5167	1	0	5000	other	0
C26	52	Picture	A50	1372834	0	1	5167	1	0	5000	other	0
C26	53	Picture	A50	1400667	0	1	5167	1	0	5000	other	0
C26	54	Picture	I52	1428000	0	1	5167	1	0	5000	hit	72
C26	54	Response	2	1433252	5252	0
C26	55	Picture	L58	1456000	0	1	5167	1	0	5000	other	0
C26	56	Picture	E51	1483334	0	1	5167	1	0	5000	other	0
C26	57	Picture	I52	1510001	0	1	5167	1	0	5000	hit	76
C26	57	Response	2	1513462	3462	0
C26	58	Picture	H57	1535334	0	1	5167	1	0	5000	other	0
C26	59	Picture	E51	1562001	0	1	5167	1	0	5000	hit	79
C26	59	Response	2	1565171	3171	0
C26	60	Picture	I52	1589834	0	1	5167	1	0	5000	hit	81
C26	60	Response	2	1599590	9756	0
C26	61	Picture	I52	1618001	0	1	5167	1	0	5000	other	0
