Scenario - 
Logfile written - 11/26/2019 09:50:37

Subject	Trial	Event Type	Code	Time	TTime	Uncertainty	Duration	Uncertainty	ReqTime	ReqDur	Stim Type	Pair Index

C26	1	Picture	Start	167	0	1	22500	1	0	next	false_alarm	2
C26	1	Response	1	22557	22390	0
C26	3	Sound	I52	27181	14	354			0		other	0
C26	5	Sound	F56	51667	0	2			0		other	0
C26	7	Sound	U54	77334	0	2			0		other	0
C26	9	Sound	B55	102500	0	2			0		other	0
C26	11	Sound	B55	129167	0	2			0		other	0
C26	13	Sound	U54	154334	1	2			0		hit	9
C26	13	Response	2	168697	14364	0
C26	15	Sound	H57	180834	0	2			0		other	0
C26	17	Sound	E51	205500	0	2			0		other	0
C26	19	Sound	I52	229834	0	2			0		false_alarm	13
C26	19	Response	1	239617	9784	0
C26	21	Sound	H57	254834	0	2			0		miss	0
C26	23	Sound	O53	279834	0	2			0		other	0
C26	25	Sound	I52	304667	0	2			0		hit	17
C26	25	Response	2	319626	14960	0
C26	27	Sound	H57	331167	0	2			0		hit	19
C26	27	Response	2	348010	16843	0
C26	29	Sound	O53	356000	0	2			0		hit	21
C26	29	Response	2	365610	9610	0
C26	31	Sound	H57	382667	0	2			0		other	0
C26	33	Sound	B55	409334	0	2			0		other	0
C26	35	Sound	O53	436167	0	2			0		miss	0
C26	37	Sound	M59	461667	0	2			0		other	0
C26	39	Sound	I52	488167	0	2			0		other	0
C26	41	Sound	O53	514001	0	2			0		hit	28
C26	41	Response	2	524641	10641	0
C26	43	Sound	I52	540834	1	2			0		other	0
C26	45	Sound	I52	566167	0	2			0		hit	31
C26	45	Response	2	574996	8829	0
C26	47	Sound	L58	591001	0	2			0		other	0
C26	49	Sound	I52	617167	0	2			0		hit	34
C26	49	Response	2	635511	18344	0
C26	51	Sound	E51	642834	0	2			0		other	0
C26	53	Sound	H57	669834	0	2			0		other	0
C26	55	Sound	B55	695667	0	2			0		other	0
C26	57	Sound	M59	720667	0	2			0		other	0
C26	59	Sound	L58	747501	0	2			0		other	0
C26	61	Sound	B55	773334	0	2			0		miss	0
C26	63	Sound	A50	798334	1	2			0		other	0
C26	65	Sound	E51	823001	0	2			0		other	0
C26	67	Sound	B55	850167	0	2			0		miss	0
C26	69	Sound	E51	875834	0	2			0		other	0
C26	71	Sound	F56	902001	0	2			0		other	0
C26	73	Sound	F56	927501	0	2			0		other	0
C26	75	Sound	I52	953167	0	2			0		other	0
C26	77	Sound	B55	978667	0	2			0		other	0
C26	79	Sound	F56	1003167	0	2			0		hit	50
C26	79	Response	2	1012487	9320	0
C26	81	Sound	F56	1027501	0	2			0		false_alarm	52
C26	81	Response	1	1043630	16130	0
C26	83	Sound	E51	1053667	0	2			0		other	0
C26	85	Sound	H57	1080667	0	2			0		other	0
C26	87	Sound	O53	1107167	0	2			0		other	0
C26	89	Sound	E51	1132667	0	2			0		miss	0
C26	91	Sound	I52	1157667	0	2			0		other	0
C26	93	Sound	M59	1183334	0	2			0		other	0
C26	95	Sound	E51	1209667	0	2			0		hit	60
C26	95	Response	2	1222176	12509	0
C26	97	Sound	F56	1234834	0	2			0		other	0
C26	99	Sound	M59	1260834	0	2			0		hit	63
C26	99	Response	2	1269051	8217	0
C26	101	Sound	F56	1285834	0	2			0		other	0
C26	102	Response	1	1308226	2226	0
C26	103	Sound	F56	1312667	0	2			0		miss	0
C26	105	Sound	M59	1338668	0	2			0		hit	68
C26	105	Response	2	1355681	17014	0
C26	107	Sound	O53	1363168	0	2			0		other	0
C26	109	Sound	F56	1388001	0	2			0		miss	0
C26	111	Sound	F56	1414001	1	2			0		false_alarm	72
C26	111	Response	1	1424070	10069	0
C26	113	Sound	H57	1440668	0	2			0		other	0
C26	115	Sound	E51	1465668	0	2			0		other	0
C26	117	Sound	E51	1492168	0	2			0		other	0
C26	119	Sound	I52	1519001	0	2			0		other	0
C26	121	Sound	E51	1545668	0	2			0		hit	78
C26	121	Response	2	1558132	12465	0
