Scenario - 
Logfile written - 02/18/2020 16:54:57

Subject	Trial	Event Type	Code	Time	TTime	Uncertainty	Duration	Uncertainty	ReqTime	ReqDur	Stim Type	Pair Index

C50	1	Picture	Start	167	0	1	50500	1	0	next	false_alarm	2
C50	1	Response	1	50496	50329	0
C50	3	Sound	O53	57014	14	349			0		other	0
C50	5	Sound	M59	84167	0	2			0		other	0
C50	7	Sound	A50	110500	0	2			0		other	0
C50	9	Sound	E51	135667	0	2			0		false_alarm	7
C50	9	Response	1	145016	9350	0
C50	11	Sound	I52	160167	0	2			0		other	0
C50	13	Sound	F56	187334	0	2			0		other	0
C50	15	Sound	E51	213000	0	2			0		hit	11
C50	15	Response	2	224429	11429	0
C50	17	Sound	O53	238667	0	2			0		other	0
C50	19	Sound	F56	264500	0	2			0		miss	0
C50	20	Response	1	286776	2109	0
C50	21	Sound	B55	291000	0	2			0		other	0
C50	23	Sound	E51	315667	0	2			0		other	0
C50	25	Sound	H57	340334	0	2			0		other	0
C50	27	Sound	E51	365334	0	2			0		false_alarm	19
C50	27	Response	1	374749	9416	0
C50	29	Sound	E51	392500	0	2			0		hit	21
C50	29	Response	2	410692	18192	0
C50	31	Sound	L58	418667	0	2			0		other	0
C50	33	Sound	I52	444667	0	2			0		other	0
C50	35	Sound	I52	470834	0	2			0		other	0
C50	37	Sound	L58	496001	0	2			0		hit	26
C50	37	Response	2	507362	11362	0
C50	39	Sound	I52	522667	0	2			0		hit	28
C50	39	Response	2	532732	10066	0
C50	41	Sound	I52	548001	0	2			0		hit	30
C50	41	Response	2	553829	5829	0
C50	43	Sound	L58	573167	0	2			0		hit	32
C50	43	Response	2	582154	8987	0
C50	45	Sound	F56	599834	0	2			0		other	0
C50	47	Sound	U54	626667	0	2			0		other	0
C50	49	Sound	I52	653667	0	2			0		other	0
C50	51	Sound	F56	679501	0	2			0		hit	37
C50	51	Response	2	690213	10713	0
C50	53	Sound	O53	704667	0	2			0		other	0
C50	55	Sound	B55	729001	0	2			0		other	0
C50	57	Sound	M59	755001	1	2			0		other	0
C50	59	Sound	A50	780001	0	2			0		other	0
C50	61	Sound	M59	804667	0	2			0		other	0
C50	63	Sound	U54	829834	0	2			0		other	0
C50	65	Sound	A50	854334	0	2			0		hit	45
C50	65	Response	2	864686	10353	0
C50	67	Sound	A50	880834	0	2			0		other	0
C50	69	Sound	H57	905501	0	2			0		other	0
C50	71	Sound	M59	932001	0	2			0		other	0
C50	73	Sound	L58	958667	0	2			0		other	0
C50	75	Sound	O53	984334	0	2			0		other	0
C50	77	Sound	M59	1010667	0	2			0		hit	52
C50	77	Response	2	1020043	9376	0
C50	79	Sound	M59	1037167	0	2			0		other	0
C50	81	Sound	B55	1063167	0	2			0		other	0
C50	83	Sound	B55	1088501	0	2			0		other	0
C50	85	Sound	M59	1114667	0	2			0		hit	57
C50	85	Response	2	1122286	7619	0
C50	87	Sound	F56	1139501	0	2			0		other	0
C50	89	Sound	I52	1164667	0	2			0		other	0
C50	91	Sound	B55	1189501	0	2			0		other	0
C50	93	Sound	F56	1215667	0	2			0		hit	62
C50	93	Response	2	1234692	19025	0
C50	95	Sound	L58	1242001	0	2			0		other	0
C50	97	Sound	L58	1268834	0	2			0		other	0
C50	99	Sound	L58	1293667	0	2			0		other	0
C50	101	Sound	L58	1319001	0	2			0		hit	67
C50	101	Response	2	1324722	5722	0
C50	103	Sound	U54	1345834	0	2			0		other	0
C50	105	Sound	U54	1371667	0	2			0		other	0
C50	107	Sound	A50	1396334	0	2			0		other	0
C50	109	Sound	U54	1421834	0	2			0		hit	72
C50	109	Response	2	1427726	5892	0
C50	111	Sound	U54	1448168	0	2			0		hit	74
C50	111	Response	2	1454220	6053	0
C50	113	Sound	A50	1472501	0	2			0		hit	76
C50	113	Response	2	1477146	4645	0
C50	115	Sound	L58	1498668	0	2			0		other	0
C50	117	Sound	U54	1525834	0	2			0		hit	79
C50	117	Response	2	1542220	16386	0
C50	119	Sound	A50	1551001	0	2			0		hit	81
C50	119	Response	2	1558639	7638	0
C50	121	Sound	L58	1577668	0	2			0		hit	83
C50	121	Response	2	1587228	9561	0
