Scenario - 
Logfile written - 02/18/2020 16:58:08

Subject	Trial	Event Type	Code	Time	TTime	Uncertainty	Duration	Uncertainty	ReqTime	ReqDur	Stim Type	Pair Index

C50	1	Picture	Start	167	0	1	28333	1	0	next	false_alarm	2
C50	1	Response	1	28345	28179	0
C50	2	Picture	E51	35667	0	1	5167	1	0	5000	other	0
C50	3	Picture	U54	60833	0	1	5167	1	0	5000	other	0
C50	4	Picture	H57	88000	0	1	5167	1	0	5000	other	0
C50	5	Picture	O53	114667	0	1	5167	1	0	5000	other	0
C50	6	Picture	I52	141833	0	1	5167	1	0	5000	other	0
C50	7	Picture	M59	168667	0	1	5167	1	0	5000	other	0
C50	8	Picture	I52	195833	0	1	5167	1	0	5000	false_alarm	10
C50	8	Response	1	202312	6478	0
C50	9	Picture	E51	221167	0	1	5167	1	0	5000	other	0
C50	10	Picture	M59	248500	0	1	5167	1	0	5000	hit	13
C50	10	Response	2	253603	5103	0
C50	11	Picture	E51	274000	0	1	5167	1	0	5000	other	0
C50	12	Picture	E51	299833	0	1	5167	1	0	5000	miss	0
C50	13	Picture	H57	326833	0	1	5167	1	0	5000	other	0
C50	14	Picture	B55	352000	0	1	5167	1	0	5000	other	0
C50	15	Picture	M59	379500	0	1	5167	1	0	5000	other	0
C50	16	Picture	M59	406000	0	1	5167	1	0	5000	other	0
C50	17	Picture	B55	433667	0	1	5167	1	0	5000	miss	0
C50	18	Picture	H57	461667	0	1	5167	1	0	5000	other	0
C50	19	Picture	M59	487667	0	1	5167	1	0	5000	hit	23
C50	19	Response	2	492287	4620	0
C50	20	Picture	E51	513833	0	1	5167	1	0	5000	other	0
C50	21	Picture	H57	541000	0	1	5167	1	0	5000	hit	26
C50	21	Response	2	546076	5076	0
C50	22	Picture	A50	567333	0	1	5167	1	0	5000	other	0
C50	23	Picture	E51	595333	0	1	5167	1	0	5000	hit	29
C50	23	Response	2	602780	7447	0
C50	24	Picture	L58	622333	0	1	5167	1	0	5000	other	0
C50	25	Picture	B55	650334	0	1	5167	1	0	5000	other	0
C50	26	Picture	O53	676000	0	1	5167	1	0	5000	other	0
C50	27	Picture	L58	703834	0	1	5167	1	0	5000	hit	34
C50	27	Response	2	710309	6475	0
C50	28	Picture	B55	730500	0	1	5167	1	0	5000	hit	36
C50	28	Response	2	737492	6992	0
C50	29	Picture	A50	756334	0	1	5167	1	0	5000	other	0
C50	30	Picture	L58	784334	0	1	5167	1	0	5000	hit	39
C50	30	Response	2	788403	4069	0
C50	31	Picture	H57	810667	0	1	5167	1	0	5000	other	0
C50	32	Picture	A50	837334	0	1	5167	1	0	5000	hit	42
C50	32	Response	2	846501	9167	0
C50	33	Picture	I52	863334	0	1	5167	1	0	5000	other	0
C50	34	Picture	A50	888500	0	1	5167	1	0	5000	other	0
C50	35	Picture	A50	916334	0	1	5167	1	0	5000	hit	46
C50	35	Response	2	921878	5544	0
C50	36	Picture	I52	941834	0	1	5167	1	0	5000	hit	48
C50	36	Response	2	945335	3501	0
C50	37	Picture	L58	968667	0	1	5167	1	0	5000	other	0
C50	38	Picture	A50	994334	0	1	5167	1	0	5000	hit	51
C50	38	Response	2	1000807	6473	0
C50	39	Picture	A50	1022000	0	1	5167	1	0	5000	other	0
C50	40	Picture	F56	1049334	0	1	5167	1	0	5000	other	0
C50	41	Picture	F56	1076500	0	1	5167	1	0	5000	other	0
C50	42	Picture	U54	1103334	0	1	5167	1	0	5000	other	0
C50	43	Picture	F56	1129167	0	1	5167	1	0	5000	hit	57
C50	43	Response	2	1144501	15334	0
C50	44	Picture	L58	1156167	0	1	5167	1	0	5000	other	0
C50	45	Picture	U54	1182500	0	1	5167	1	0	5000	miss	0
C50	46	Picture	F56	1207667	0	1	5167	1	0	5000	hit	61
C50	46	Response	2	1215213	7546	0
C50	47	Picture	L58	1234000	0	1	5167	1	0	5000	miss	0
C50	48	Picture	U54	1260000	0	1	5167	1	0	5000	miss	0
C50	49	Picture	U54	1286334	0	1	5167	1	0	5000	other	0
C50	50	Picture	U54	1314334	0	1	5167	1	0	5000	other	0
C50	51	Picture	O53	1340500	0	1	5167	1	0	5000	other	0
C50	52	Picture	F56	1366500	0	1	5167	1	0	5000	other	0
C50	53	Picture	I52	1394334	0	1	5167	1	0	5000	other	0
C50	54	Picture	H57	1422000	0	1	5167	1	0	5000	other	0
C50	55	Picture	M59	1448500	0	1	5167	1	0	5000	other	0
C50	56	Picture	I52	1475167	0	1	5167	1	0	5000	hit	72
C50	56	Response	2	1480847	5680	0
C50	57	Picture	B55	1501001	0	1	5167	1	0	5000	other	0
C50	58	Picture	E51	1527501	0	1	5167	1	0	5000	other	0
C50	59	Picture	E51	1553501	0	1	5167	1	0	5000	other	0
C50	60	Picture	B55	1578667	0	1	5167	1	0	5000	hit	77
C50	60	Response	2	1584029	5362	0
C50	61	Picture	O53	1605167	0	1	5167	1	0	5000	other	0
