Scenario - 
Logfile written - 02/19/2020 17:26:34

Subject	Trial	Event Type	Code	Time	TTime	Uncertainty	Duration	Uncertainty	ReqTime	ReqDur	Stim Type	Pair Index

C51	1	Picture	Start	167	0	1	48000	1	0	next	false_alarm	2
C51	1	Response	1	48097	47930	0
C51	2	Picture	O53	56000	0	1	5167	1	0	5000	other	0
C51	3	Picture	E51	82833	0	1	5167	1	0	5000	other	0
C51	4	Picture	U54	108000	0	1	5167	1	0	5000	other	0
C51	5	Picture	M59	134667	0	1	5167	1	0	5000	other	0
C51	6	Picture	B55	160833	0	1	5167	1	0	5000	other	0
C51	7	Picture	U54	186167	0	1	5167	1	0	5000	miss	0
C51	8	Picture	M59	212000	0	1	5167	1	0	5000	hit	10
C51	8	Response	2	219056	7056	0
C51	9	Picture	L58	239667	0	1	5167	1	0	5000	other	0
C51	10	Picture	F56	265833	0	1	5167	1	0	5000	other	0
C51	11	Picture	H57	293000	0	1	5167	1	0	5000	other	0
C51	12	Picture	L58	319667	0	1	5167	1	0	5000	hit	15
C51	12	Response	2	323776	4109	0
C51	13	Picture	A50	347667	0	1	5167	1	0	5000	other	0
C51	14	Picture	I52	373333	0	1	5167	1	0	5000	other	0
C51	15	Picture	H57	399667	0	1	5167	1	0	5000	other	0
C51	16	Picture	E51	425167	0	1	5167	1	0	5000	other	0
C51	17	Picture	I52	452167	0	1	5167	1	0	5000	hit	21
C51	17	Response	2	455251	3084	0
C51	18	Picture	M59	479833	0	1	5167	1	0	5000	other	0
C51	19	Picture	U54	506500	0	1	5167	1	0	5000	other	0
C51	20	Picture	U54	532833	0	1	5167	1	0	5000	other	0
C51	21	Picture	I52	559167	0	1	5167	1	0	5000	other	0
C51	22	Picture	A50	585833	0	1	5167	1	0	5000	other	0
C51	23	Picture	L58	613333	0	1	5167	1	0	5000	other	0
C51	24	Picture	L58	638500	0	1	5167	1	0	5000	other	0
C51	25	Picture	A50	664000	0	1	5167	1	0	5000	hit	30
C51	25	Response	2	667482	3482	0
C51	26	Picture	A50	689834	0	1	5167	1	0	5000	other	0
C51	27	Picture	I52	716000	0	1	5167	1	0	5000	other	0
C51	28	Picture	A50	741334	0	1	5167	1	0	5000	miss	0
C51	29	Picture	I52	767667	0	1	5167	1	0	5000	other	0
C51	30	Picture	I52	793834	0	1	5167	1	0	5000	hit	36
C51	30	Response	2	801967	8134	0
C51	31	Picture	L58	821667	0	1	5167	1	0	5000	other	0
C51	32	Picture	B55	849667	0	1	5167	1	0	5000	other	0
C51	33	Picture	I52	877500	0	1	5167	1	0	5000	miss	0
C51	34	Picture	A50	904667	0	1	5167	1	0	5000	other	0
C51	35	Picture	A50	930500	0	1	5167	1	0	5000	other	0
C51	36	Picture	E51	956334	0	1	5167	1	0	5000	false_alarm	43
C51	36	Response	1	975265	18932	0
C51	37	Picture	A50	983000	0	1	5167	1	0	5000	miss	0
C51	38	Picture	M59	1008500	0	1	5167	1	0	5000	other	0
C51	39	Picture	M59	1035167	0	1	5167	1	0	5000	other	0
C51	40	Picture	H57	1061334	0	1	5167	1	0	5000	other	0
C51	41	Picture	M59	1087834	0	1	5167	1	0	5000	hit	49
C51	41	Response	2	1103900	16066	0
C51	42	Picture	M59	1115500	0	1	5167	1	0	5000	miss	0
C51	43	Picture	H57	1142667	0	1	5167	1	0	5000	miss	0
C51	44	Picture	I52	1170500	0	1	5167	1	0	5000	other	0
C51	45	Picture	M59	1196000	0	1	5167	1	0	5000	hit	54
C51	45	Response	2	1205793	9793	0
C51	46	Picture	M59	1222167	0	1	5167	1	0	5000	other	0
C51	47	Picture	A50	1249334	0	1	5167	1	0	5000	other	0
C51	48	Picture	H57	1277000	0	1	5167	1	0	5000	other	0
C51	49	Picture	M59	1303334	0	1	5167	1	0	5000	hit	59
C51	49	Response	2	1307772	4438	0
C51	50	Picture	O53	1330000	0	1	5167	1	0	5000	other	0
C51	51	Picture	O53	1358000	0	1	5167	1	0	5000	other	0
C51	52	Picture	M59	1385167	0	1	5167	1	0	5000	miss	0
C51	53	Picture	O53	1413000	0	1	5167	1	0	5000	hit	64
C51	53	Response	2	1421781	8781	0
C51	54	Picture	O53	1439667	0	1	5167	1	0	5000	miss	0
C51	55	Picture	U54	1466667	0	1	5167	1	0	5000	other	0
C51	56	Picture	H57	1492000	0	1	5167	1	0	5000	other	0
C51	57	Picture	O53	1518834	0	1	5167	1	0	5000	hit	69
C51	57	Response	2	1524829	5995	0
C51	58	Picture	I52	1546667	0	1	5167	1	0	5000	other	0
C51	59	Picture	H57	1572167	0	1	5167	1	0	5000	miss	0
C51	60	Picture	O53	1597834	0	1	5167	1	0	5000	miss	0
C51	61	Picture	H57	1624167	0	1	5167	1	0	5000	other	0
