Scenario - 
Logfile written - 02/19/2020 17:30:04

Subject	Trial	Event Type	Code	Time	TTime	Uncertainty	Duration	Uncertainty	ReqTime	ReqDur	Stim Type	Pair Index

C51	1	Picture	Start	167	0	1	25833	1	0	next	false_alarm	2
C51	1	Response	1	25878	25711	0
C51	3	Sound	M59	30847	14	357			0		other	0
C51	5	Sound	A50	58000	0	2			0		other	0
C51	7	Sound	L58	82334	0	2			0		other	0
C51	9	Sound	F56	109501	1	2			0		other	0
C51	11	Sound	H57	134500	1	2			0		other	0
C51	13	Sound	M59	160834	0	2			0		other	0
C51	15	Sound	U54	185834	0	2			0		other	0
C51	17	Sound	B55	211000	0	2			0		other	0
C51	19	Sound	O53	237000	0	2			0		other	0
C51	21	Sound	U54	262000	0	2			0		hit	13
C51	21	Response	2	270595	8595	0
C51	23	Sound	B55	288167	0	2			0		miss	0
C51	25	Sound	O53	314834	0	2			0		miss	0
C51	27	Sound	U54	342001	1	2			0		hit	17
C51	27	Response	2	352784	10784	0
C51	29	Sound	I52	368167	0	2			0		other	0
C51	31	Sound	E51	393167	0	2			0		other	0
C51	33	Sound	M59	418167	0	2			0		other	0
C51	35	Sound	L58	444000	0	2			0		other	0
C51	37	Sound	E51	469667	0	2			0		miss	0
C51	39	Sound	M59	496334	0	2			0		miss	0
C51	41	Sound	I52	523501	1	2			0		other	0
C51	43	Sound	E51	548501	0	2			0		miss	0
C51	45	Sound	M59	575334	0	2			0		hit	27
C51	45	Response	2	582449	7116	0
C51	47	Sound	F56	601001	0	2			0		other	0
C51	49	Sound	M59	628167	0	2			0		other	0
C51	51	Sound	B55	655334	0	2			0		other	0
C51	53	Sound	I52	681167	0	2			0		other	0
C51	55	Sound	M59	706834	0	2			0		hit	33
C51	55	Response	2	716702	9869	0
C51	57	Sound	A50	734001	0	2			0		other	0
C51	59	Sound	I52	758667	0	2			0		hit	36
C51	59	Response	2	773951	15284	0
C51	61	Sound	M59	785667	0	2			0		hit	38
C51	61	Response	2	794513	8846	0
C51	63	Sound	H57	812167	0	2			0		other	0
C51	65	Sound	M59	838334	0	2			0		false_alarm	41
C51	65	Response	1	855091	16758	0
C51	67	Sound	B55	863834	1	2			0		other	0
C51	69	Sound	H57	890334	0	2			0		miss	0
C51	71	Sound	F56	917501	0	2			0		other	0
C51	73	Sound	L58	944334	0	2			0		other	0
C51	75	Sound	E51	968667	0	2			0		other	0
C51	77	Sound	F56	993168	1	2			0		miss	0
C51	79	Sound	L58	1018667	0	2			0		miss	0
C51	81	Sound	H57	1044167	0	2			0		other	0
C51	83	Sound	O53	1069667	0	2			0		other	0
C51	85	Sound	F56	1096001	0	2			0		false_alarm	52
C51	85	Response	1	1110499	14498	0
C51	87	Sound	U54	1122167	0	2			0		other	0
C51	89	Sound	E51	1148667	0	2			0		other	0
C51	91	Sound	A50	1175001	0	2			0		other	0
C51	93	Sound	M59	1201834	0	2			0		other	0
C51	95	Sound	E51	1228501	0	2			0		hit	58
C51	95	Response	2	1245507	17007	0
C51	97	Sound	M59	1255667	0	2			0		other	0
C51	99	Sound	E51	1281834	0	2			0		other	0
C51	101	Sound	E51	1306334	0	2			0		hit	62
C51	101	Response	2	1314501	8167	0
C51	103	Sound	M59	1330834	0	2			0		hit	64
C51	103	Response	2	1342179	11345	0
C51	105	Sound	E51	1357334	0	2			0		miss	0
C51	107	Sound	E51	1381668	0	2			0		hit	67
C51	107	Response	2	1386569	4902	0
C51	109	Sound	I52	1407501	0	2			0		other	0
C51	111	Sound	A50	1434001	0	2			0		other	0
C51	113	Sound	A50	1459668	0	2			0		other	0
C51	115	Sound	H57	1484501	0	2			0		other	0
C51	117	Sound	A50	1509668	0	2			0		miss	0
C51	118	Response	1	1531322	1488	0
C51	119	Sound	U54	1535334	0	2			0		other	0
C51	121	Sound	M59	1560501	1	2			0		other	0
