Scenario - 
Logfile written - 02/20/2020 13:48:12

Subject	Trial	Event Type	Code	Time	TTime	Uncertainty	Duration	Uncertainty	ReqTime	ReqDur	Stim Type	Pair Index

C52	1	Picture	Start	167	0	1	25167	1	0	next	false_alarm	2
C52	1	Response	1	25162	24995	0
C52	2	Picture	M59	31667	0	1	5167	1	0	5000	other	0
C52	3	Picture	L58	58833	0	1	5167	1	0	5000	other	0
C52	4	Picture	H57	84667	0	1	5167	1	0	5000	other	0
C52	5	Picture	M59	110833	0	1	5167	1	0	5000	hit	7
C52	5	Response	2	119465	8631	0
C52	6	Picture	M59	136667	0	1	5167	1	0	5000	other	0
C52	7	Picture	H57	164333	0	1	5167	1	0	5000	hit	10
C52	7	Response	2	178634	14300	0
C52	8	Picture	E51	190667	0	1	5167	1	0	5000	other	0
C52	9	Picture	B55	217000	0	1	5167	1	0	5000	other	0
C52	10	Picture	H57	243833	0	1	5167	1	0	5000	hit	14
C52	10	Response	2	258358	14525	0
C52	11	Picture	F56	271500	0	1	5167	1	0	5000	other	0
C52	12	Picture	E51	297500	0	1	5167	1	0	5000	false_alarm	17
C52	12	Response	1	311513	14013	0
C52	13	Picture	O53	323333	0	1	5167	1	0	5000	other	0
C52	14	Picture	O53	350333	0	1	5167	1	0	5000	other	0
C52	15	Picture	U54	378333	0	1	5167	1	0	5000	other	0
C52	16	Picture	F56	404500	0	1	5167	1	0	5000	false_alarm	22
C52	16	Response	1	421797	17297	0
C52	17	Picture	O53	430667	0	1	5167	1	0	5000	hit	24
C52	17	Response	2	442801	12134	0
C52	18	Picture	U54	457333	0	1	5167	1	0	5000	miss	0
C52	19	Picture	M59	482833	0	1	5167	1	0	5000	other	0
C52	20	Picture	M59	509667	0	1	5167	1	0	5000	other	0
C52	21	Picture	O53	535167	0	1	5167	1	0	5000	false_alarm	29
C52	21	Response	1	547944	12777	0
C52	22	Picture	M59	561167	0	1	5167	1	0	5000	hit	31
C52	22	Response	2	579074	17907	0
C52	23	Picture	M59	588167	0	1	5167	1	0	5000	hit	33
C52	23	Response	2	597158	8991	0
C52	24	Picture	O53	616167	0	1	5167	1	0	5000	miss	0
C52	25	Picture	M59	643000	0	1	5167	1	0	5000	miss	0
C52	26	Picture	A50	669667	0	1	5167	1	0	5000	other	0
C52	27	Picture	M59	697334	0	1	5167	1	0	5000	other	0
C52	28	Picture	M59	725334	0	1	5167	1	0	5000	hit	39
C52	28	Response	2	737567	12234	0
C52	29	Picture	I52	751000	0	1	5167	1	0	5000	other	0
C52	30	Picture	O53	778834	0	1	5167	1	0	5000	other	0
C52	31	Picture	U54	804834	0	1	5167	1	0	5000	other	0
C52	32	Picture	U54	831500	0	1	5167	1	0	5000	other	0
C52	33	Picture	A50	857667	0	1	5167	1	0	5000	false_alarm	45
C52	33	Response	1	875834	18167	0
C52	34	Picture	U54	885667	0	1	5167	1	0	5000	hit	47
C52	34	Response	2	897083	11416	0
C52	35	Picture	U54	913334	0	1	5167	1	0	5000	miss	0
C52	36	Picture	U54	940500	0	1	5167	1	0	5000	false_alarm	50
C52	36	Response	1	951521	11021	0
C52	37	Picture	U54	968334	0	1	5167	1	0	5000	hit	52
C52	37	Response	2	981746	13413	0
C52	38	Picture	U54	995000	0	1	5167	1	0	5000	miss	0
C52	39	Picture	U54	1020834	0	1	5167	1	0	5000	hit	55
C52	39	Response	2	1032981	12147	0
C52	40	Picture	M59	1048334	0	1	5167	1	0	5000	other	0
C52	41	Picture	U54	1075500	0	1	5167	1	0	5000	hit	58
C52	41	Response	2	1087995	12495	0
C52	42	Picture	B55	1103000	0	1	5167	1	0	5000	other	0
C52	43	Picture	O53	1128334	0	1	5167	1	0	5000	other	0
C52	44	Picture	B55	1155834	0	1	5167	1	0	5000	other	0
C52	45	Picture	B55	1181167	0	1	5167	1	0	5000	hit	63
C52	45	Response	2	1191030	9863	0
C52	46	Picture	M59	1208167	0	1	5167	1	0	5000	other	0
C52	47	Picture	E51	1233667	0	1	5167	1	0	5000	other	0
C52	48	Picture	M59	1259667	0	1	5167	1	0	5000	false_alarm	67
C52	48	Response	1	1271337	11670	0
C52	49	Picture	M59	1287167	0	1	5167	1	0	5000	miss	0
C52	50	Picture	H57	1313167	0	1	5167	1	0	5000	other	0
C52	51	Picture	I52	1340334	0	1	5167	1	0	5000	other	0
C52	52	Picture	M59	1365834	0	1	5167	1	0	5000	hit	72
C52	52	Response	2	1380863	15030	0
C52	53	Picture	M59	1391167	0	1	5167	1	0	5000	other	0
C52	54	Picture	H57	1419334	0	1	5167	1	0	5000	false_alarm	75
C52	54	Response	1	1439253	19919	0
C52	55	Picture	M59	1445667	0	1	5167	1	0	5000	miss	0
C52	56	Picture	A50	1473667	0	1	5167	1	0	5000	other	0
C52	57	Picture	U54	1500334	0	1	5167	1	0	5000	other	0
C52	58	Picture	O53	1527001	0	1	5167	1	0	5000	other	0
C52	59	Picture	F56	1552167	0	1	5167	1	0	5000	other	0
C52	60	Picture	B55	1579001	0	1	5167	1	0	5000	other	0
C52	61	Picture	U54	1604834	0	1	5167	1	0	5000	false_alarm	83
C52	61	Response	1	1616331	11497	0
