Scenario - 
Logfile written - 03/05/2021 10:00:00

Subject	Trial	Event Type	Code	Time	TTime	Uncertainty	Duration	Uncertainty	ReqTime	ReqDur	Stim Type	Pair Index

CA0	1	Picture	Start	167	0	1	142000	1	0	next	false_alarm	2
CA0	1	Response	1	142058	141891	0
CA0	2	Picture	E51	147833	0	1	5167	1	0	5000	other	0
CA0	3	Picture	E51	174167	0	1	5167	1	0	5000	other	0
CA0	4	Picture	O53	202000	0	1	5167	1	0	5000	other	0
CA0	5	Picture	M59	227500	0	1	5167	1	0	5000	other	0
CA0	6	Picture	B55	252667	0	1	5167	1	0	5000	other	0
CA0	7	Picture	F56	278167	0	1	5167	1	0	5000	other	0
CA0	8	Picture	A50	304834	0	1	5167	1	0	5000	other	0
CA0	9	Picture	A50	331500	0	1	5167	1	0	5000	other	0
CA0	10	Picture	L58	356834	0	1	5167	1	0	5000	other	0
CA0	11	Picture	A50	383500	0	1	5167	1	0	5000	hit	13
CA0	11	Response	2	391627	8127	0
CA0	12	Picture	U54	410167	0	1	5167	1	0	5000	other	0
CA0	13	Picture	L58	437167	0	1	5167	1	0	5000	hit	16
CA0	13	Response	2	448603	11436	0
CA0	14	Picture	A50	463000	0	1	5167	1	0	5000	hit	18
CA0	14	Response	2	475914	12914	0
CA0	15	Picture	I52	490834	0	1	5167	1	0	5000	other	0
CA0	16	Picture	I52	517334	0	1	5167	1	0	5000	other	0
CA0	17	Picture	A50	544167	0	1	5167	1	0	5000	miss	0
CA0	18	Picture	L58	572000	0	1	5167	1	0	5000	other	0
CA0	19	Picture	I52	597834	0	1	5167	1	0	5000	hit	24
CA0	19	Response	2	603990	6156	0
CA0	20	Picture	H57	623000	0	1	5167	1	0	5000	other	0
CA0	21	Picture	A50	649667	0	1	5167	1	0	5000	false_alarm	27
CA0	21	Response	1	657876	8209	0
CA0	22	Picture	F56	676501	0	1	5167	1	0	5000	other	0
CA0	23	Picture	H57	704334	0	1	5167	1	0	5000	hit	30
CA0	23	Response	2	711868	7534	0
CA0	24	Picture	A50	732001	0	1	5167	1	0	5000	miss	0
CA0	25	Picture	E51	758501	0	1	5167	1	0	5000	other	0
CA0	26	Picture	H57	785167	0	1	5167	1	0	5000	hit	34
CA0	26	Response	2	793008	7841	0
CA0	27	Picture	A50	813001	0	1	5167	1	0	5000	hit	36
CA0	27	Response	2	831952	18951	0
CA0	28	Picture	L58	838167	0	1	5167	1	0	5000	other	0
CA0	29	Picture	L58	865667	0	1	5167	1	0	5000	other	0
CA0	30	Picture	A50	890834	0	1	5167	1	0	5000	miss	0
CA0	31	Picture	I52	918667	0	1	5167	1	0	5000	other	0
CA0	32	Picture	O53	945834	0	1	5167	1	0	5000	other	0
CA0	33	Picture	H57	971167	0	1	5167	1	0	5000	false_alarm	43
CA0	33	Response	1	979443	8276	0
CA0	34	Picture	U54	998001	0	1	5167	1	0	5000	other	0
CA0	35	Picture	U54	1023167	0	1	5167	1	0	5000	other	0
CA0	36	Picture	F56	1051167	0	1	5167	1	0	5000	other	0
CA0	37	Picture	B55	1077334	0	1	5167	1	0	5000	other	0
CA0	38	Picture	I52	1103334	0	1	5167	1	0	5000	false_alarm	49
CA0	38	Response	1	1116401	13067	0
CA0	39	Picture	F56	1130834	0	1	5167	1	0	5000	hit	51
CA0	39	Response	2	1137107	6273	0
CA0	40	Picture	B55	1158668	0	1	5167	1	0	5000	miss	0
CA0	41	Picture	I52	1184668	0	1	5167	1	0	5000	hit	54
CA0	41	Response	2	1191515	6848	0
CA0	42	Picture	A50	1211168	0	1	5167	1	0	5000	other	0
CA0	43	Picture	A50	1238334	0	1	5167	1	0	5000	other	0
CA0	44	Picture	I52	1264001	0	1	5167	1	0	5000	hit	58
CA0	44	Response	2	1276626	12625	0
CA0	45	Picture	F56	1291001	0	1	5167	1	0	5000	other	0
CA0	46	Picture	O53	1316668	0	1	5167	1	0	5000	other	0
CA0	47	Picture	F56	1342668	0	1	5167	1	0	5000	other	0
CA0	48	Picture	U54	1370334	0	1	5167	1	0	5000	other	0
CA0	49	Picture	O53	1395668	0	1	5167	1	0	5000	hit	64
CA0	49	Response	2	1399973	4305	0
CA0	50	Picture	F56	1423668	0	1	5167	1	0	5000	hit	66
CA0	50	Response	2	1432111	8444	0
CA0	51	Picture	B55	1450501	0	1	5167	1	0	5000	other	0
CA0	52	Picture	O53	1478335	0	1	5167	1	0	5000	hit	69
CA0	52	Response	2	1484542	6207	0
CA0	53	Picture	H57	1504668	0	1	5167	1	0	5000	other	0
CA0	54	Picture	B55	1532168	0	1	5167	1	0	5000	miss	0
CA0	55	Picture	H57	1558168	0	1	5167	1	0	5000	false_alarm	73
CA0	55	Response	1	1566889	8721	0
CA0	56	Picture	U54	1584668	0	1	5167	1	0	5000	other	0
CA0	57	Picture	H57	1611001	0	1	5167	1	0	5000	false_alarm	76
CA0	57	Response	1	1626503	15502	0
CA0	58	Picture	H57	1637835	0	1	5167	1	0	5000	miss	0
CA0	59	Picture	M59	1665168	0	1	5167	1	0	5000	other	0
CA0	60	Picture	H57	1691668	0	1	5167	1	0	5000	hit	80
CA0	60	Response	2	1702288	10620	0
CA0	61	Picture	U54	1716835	0	1	5167	1	0	5000	other	0
