Scenario - 
Logfile written - 03/05/2021 14:11:41

Subject	Trial	Event Type	Code	Time	TTime	Uncertainty	Duration	Uncertainty	ReqTime	ReqDur	Stim Type	Pair Index

CA1_	1	Picture	Start	167	0	1	80333	1	0	next	false_alarm	2
CA1_	1	Response	1	80426	80259	0
CA1_	2	Picture	M59	88000	0	1	5167	1	0	5000	other	0
CA1_	3	Picture	M59	114667	0	1	5167	1	0	5000	other	0
CA1_	4	Picture	B55	142000	0	1	5167	1	0	5000	other	0
CA1_	5	Picture	M59	169833	0	1	5167	1	0	5000	miss	0
CA1_	6	Picture	M59	195000	0	1	5167	1	0	5000	hit	8
CA1_	6	Response	2	200615	5615	0
CA1_	7	Picture	E51	220167	0	1	5167	1	0	5000	other	0
CA1_	8	Picture	O53	248000	0	1	5167	1	0	5000	other	0
CA1_	9	Picture	M59	274667	0	1	5167	1	0	5000	miss	0
CA1_	10	Picture	E51	301834	0	1	5167	1	0	5000	hit	13
CA1_	10	Response	2	313596	11763	0
CA1_	11	Picture	B55	328834	0	1	5167	1	0	5000	other	0
CA1_	12	Picture	F56	354667	0	1	5167	1	0	5000	other	0
CA1_	13	Picture	B55	381167	0	1	5167	1	0	5000	false_alarm	17
CA1_	13	Response	1	388305	7138	0
CA1_	14	Picture	U54	409167	0	1	5167	1	0	5000	other	0
CA1_	15	Picture	U54	436167	0	1	5167	1	0	5000	false_alarm	20
CA1_	15	Response	1	444248	8081	0
CA1_	16	Picture	E51	462667	0	1	5167	1	0	5000	other	0
CA1_	17	Picture	H57	489500	0	1	5167	1	0	5000	other	0
CA1_	18	Picture	E51	515000	0	1	5167	1	0	5000	false_alarm	24
CA1_	18	Response	1	522414	7414	0
CA1_	19	Picture	E51	542500	0	1	5167	1	0	5000	hit	26
CA1_	19	Response	2	550263	7763	0
CA1_	20	Picture	U54	569334	0	1	5167	1	0	5000	other	0
CA1_	21	Picture	E51	594834	0	1	5167	1	0	5000	hit	29
CA1_	21	Response	2	602857	8024	0
CA1_	22	Picture	M59	621167	0	1	5167	1	0	5000	other	0
CA1_	23	Picture	I52	648834	0	1	5167	1	0	5000	other	0
CA1_	24	Picture	M59	674501	0	1	5167	1	0	5000	false_alarm	33
CA1_	24	Response	1	682397	7896	0
CA1_	25	Picture	E51	700334	0	1	5167	1	0	5000	other	0
CA1_	26	Picture	O53	728167	0	1	5167	1	0	5000	other	0
CA1_	27	Picture	F56	755334	0	1	5167	1	0	5000	other	0
CA1_	28	Picture	L58	782167	0	1	5167	1	0	5000	other	0
CA1_	29	Picture	I52	809667	0	1	5167	1	0	5000	other	0
CA1_	30	Picture	U54	836834	0	1	5167	1	0	5000	other	0
CA1_	31	Picture	A50	864167	0	1	5167	1	0	5000	other	0
CA1_	32	Picture	I52	890001	0	1	5167	1	0	5000	hit	42
CA1_	32	Response	2	898553	8552	0
CA1_	33	Picture	M59	916501	0	1	5167	1	0	5000	other	0
CA1_	34	Picture	A50	943667	0	1	5167	1	0	5000	hit	45
CA1_	34	Response	2	953222	9554	0
CA1_	35	Picture	E51	970167	0	1	5167	1	0	5000	other	0
CA1_	36	Picture	M59	995834	0	1	5167	1	0	5000	miss	0
CA1_	37	Picture	A50	1022001	0	1	5167	1	0	5000	hit	49
CA1_	37	Response	2	1027489	5488	0
CA1_	38	Picture	O53	1049167	0	1	5167	1	0	5000	other	0
CA1_	39	Picture	H57	1075168	0	1	5167	1	0	5000	other	0
CA1_	40	Picture	E51	1101001	0	1	5167	1	0	5000	false_alarm	53
CA1_	40	Response	1	1106541	5540	0
CA1_	41	Picture	H57	1127334	0	1	5167	1	0	5000	false_alarm	55
CA1_	41	Response	1	1138900	11565	0
CA1_	42	Picture	U54	1155168	0	1	5167	1	0	5000	other	0
CA1_	43	Picture	E51	1180334	0	1	5167	1	0	5000	miss	0
CA1_	44	Picture	F56	1208001	0	1	5167	1	0	5000	other	0
CA1_	45	Picture	U54	1233501	0	1	5167	1	0	5000	hit	60
CA1_	45	Response	2	1246357	12856	0
CA1_	46	Picture	E51	1260001	0	1	5167	1	0	5000	miss	0
CA1_	47	Picture	F56	1286834	0	1	5167	1	0	5000	miss	0
CA1_	48	Picture	B55	1313168	0	1	5167	1	0	5000	other	0
CA1_	49	Picture	E51	1338501	0	1	5167	1	0	5000	hit	65
CA1_	49	Response	2	1344041	5540	0
CA1_	50	Picture	U54	1366001	0	1	5167	1	0	5000	other	0
CA1_	51	Picture	U54	1393834	0	1	5167	1	0	5000	false_alarm	68
CA1_	51	Response	1	1401720	7886	0
CA1_	52	Picture	O53	1421501	0	1	5167	1	0	5000	other	0
CA1_	53	Picture	U54	1448834	0	1	5167	1	0	5000	miss	0
CA1_	54	Picture	L58	1475001	0	1	5167	1	0	5000	other	0
CA1_	55	Picture	F56	1502501	0	1	5167	1	0	5000	false_alarm	73
CA1_	55	Response	1	1508561	6060	0
CA1_	56	Picture	U54	1529501	0	1	5167	1	0	5000	hit	75
CA1_	56	Response	2	1538410	8909	0
CA1_	57	Picture	I52	1555001	0	1	5167	1	0	5000	other	0
CA1_	58	Picture	F56	1580501	0	1	5167	1	0	5000	miss	0
CA1_	59	Picture	U54	1606335	0	1	5167	1	0	5000	hit	79
CA1_	59	Response	2	1612221	5887	0
CA1_	60	Picture	I52	1634001	0	1	5167	1	0	5000	miss	0
CA1_	61	Picture	H57	1661001	0	1	5167	1	0	5000	other	0
