Scenario - 
Logfile written - 03/17/2021 14:24:36

Subject	Trial	Event Type	Code	Time	TTime	Uncertainty	Duration	Uncertainty	ReqTime	ReqDur	Stim Type	Pair Index

CA2	1	Picture	Start	167	0	1	90167	1	0	next	false_alarm	2
CA2	1	Response	1	90306	90139	0
CA2	2	Picture	H57	96667	0	1	5167	1	0	5000	other	0
CA2	3	Picture	B55	123667	0	1	5167	1	0	5000	other	0
CA2	4	Picture	B55	149333	0	1	5167	1	0	5000	other	0
CA2	5	Picture	H57	175833	0	1	5167	1	0	5000	hit	7
CA2	5	Response	2	184861	9028	0
CA2	6	Picture	U54	203500	0	1	5167	1	0	5000	other	0
CA2	7	Picture	I52	231333	0	1	5167	1	0	5000	other	0
CA2	8	Picture	F56	257833	0	1	5167	1	0	5000	other	0
CA2	9	Picture	U54	284167	0	1	5167	1	0	5000	hit	12
CA2	9	Response	2	291322	7155	0
CA2	10	Picture	B55	312000	0	1	5167	1	0	5000	other	0
CA2	11	Picture	F56	340167	0	1	5167	1	0	5000	miss	0
CA2	12	Picture	A50	367834	0	1	5167	1	0	5000	other	0
CA2	13	Picture	H57	395834	0	1	5167	1	0	5000	other	0
CA2	14	Picture	A50	423500	0	1	5167	1	0	5000	other	0
CA2	15	Picture	O53	449667	0	1	5167	1	0	5000	other	0
CA2	16	Picture	M59	477334	0	1	5167	1	0	5000	other	0
CA2	17	Picture	H57	503667	0	1	5167	1	0	5000	other	0
CA2	18	Picture	M59	529834	0	1	5167	1	0	5000	false_alarm	22
CA2	18	Response	1	536694	6861	0
CA2	19	Picture	I52	557167	0	1	5167	1	0	5000	other	0
CA2	20	Picture	B55	585000	0	1	5167	1	0	5000	other	0
CA2	21	Picture	M59	610167	0	1	5167	1	0	5000	hit	26
CA2	21	Response	2	620697	10530	0
CA2	22	Picture	O53	637000	0	1	5167	1	0	5000	other	0
CA2	23	Picture	B55	662500	0	1	5167	1	0	5000	miss	0
CA2	24	Picture	M59	690001	0	1	5167	1	0	5000	miss	0
CA2	25	Picture	O53	716334	0	1	5167	1	0	5000	miss	0
CA2	26	Picture	L58	743334	0	1	5167	1	0	5000	other	0
CA2	27	Picture	M59	769834	0	1	5167	1	0	5000	hit	33
CA2	27	Response	2	776479	6645	0
CA2	28	Picture	I52	795501	0	1	5167	1	0	5000	other	0
CA2	29	Picture	I52	822167	0	1	5167	1	0	5000	other	0
CA2	30	Picture	O53	848501	0	1	5167	1	0	5000	false_alarm	37
CA2	30	Response	1	852310	3809	0
CA2	31	Picture	E51	876334	0	1	5167	1	0	5000	other	0
CA2	32	Picture	I52	902167	0	1	5167	1	0	5000	hit	40
CA2	32	Response	2	908967	6800	0
CA2	33	Picture	L58	928167	0	1	5167	1	0	5000	other	0
CA2	34	Picture	E51	953834	0	1	5167	1	0	5000	miss	0
CA2	35	Picture	H57	981501	0	1	5167	1	0	5000	other	0
CA2	36	Picture	U54	1008334	0	1	5167	1	0	5000	other	0
CA2	37	Picture	A50	1036501	0	1	5167	1	0	5000	other	0
CA2	38	Picture	H57	1062334	0	1	5167	1	0	5000	hit	47
CA2	38	Response	2	1069152	6818	0
CA2	39	Picture	M59	1089168	0	1	5167	1	0	5000	other	0
CA2	40	Picture	B55	1114668	0	1	5167	1	0	5000	other	0
CA2	41	Picture	I52	1142668	0	1	5167	1	0	5000	other	0
CA2	42	Picture	L58	1168334	0	1	5167	1	0	5000	other	0
CA2	43	Picture	E51	1195168	0	1	5167	1	0	5000	other	0
CA2	44	Picture	I52	1221834	0	1	5167	1	0	5000	hit	54
CA2	44	Response	2	1229778	7943	0
CA2	45	Picture	L58	1248668	0	1	5167	1	0	5000	miss	0
CA2	46	Picture	L58	1276668	0	1	5167	1	0	5000	other	0
CA2	47	Picture	H57	1303334	0	1	5167	1	0	5000	other	0
CA2	48	Picture	M59	1331334	0	1	5167	1	0	5000	other	0
CA2	49	Picture	L58	1359001	0	1	5167	1	0	5000	miss	0
CA2	50	Picture	M59	1386168	0	1	5167	1	0	5000	other	0
CA2	51	Picture	M59	1412668	0	1	5167	1	0	5000	hit	62
CA2	51	Response	2	1422696	10028	0
CA2	52	Picture	O53	1440168	0	1	5167	1	0	5000	other	0
CA2	53	Picture	M59	1466335	0	1	5167	1	0	5000	miss	0
CA2	54	Picture	M59	1494001	0	1	5167	1	0	5000	miss	0
CA2	55	Picture	E51	1521835	0	1	5167	1	0	5000	other	0
CA2	56	Picture	F56	1549501	0	1	5167	1	0	5000	other	0
CA2	57	Picture	M59	1576001	0	1	5167	1	0	5000	hit	69
CA2	57	Response	2	1581312	5311	0
CA2	58	Picture	H57	1602335	0	1	5167	1	0	5000	other	0
CA2	59	Picture	F56	1629835	0	1	5167	1	0	5000	miss	0
CA2	60	Picture	M59	1655001	0	1	5167	1	0	5000	miss	0
CA2	61	Picture	F56	1682501	0	1	5167	1	0	5000	other	0
