Scenario - 
Logfile written - 11/16/2021 14:14:22

Subject	Trial	Event Type	Code	Time	TTime	Uncertainty	Duration	Uncertainty	ReqTime	ReqDur	Stim Type	Pair Index

CA3	1	Picture	Start	167	0	1	26833	1	0	next	false_alarm	2
CA3	1	Response	1	26832	26665	0
CA3	2	Picture	E51	34000	0	1	5167	1	0	5000	other	0
CA3	3	Picture	M59	59833	0	1	5167	1	0	5000	other	0
CA3	4	Picture	O53	85833	0	1	5167	1	0	5000	other	0
CA3	5	Picture	O53	113833	0	1	5167	1	0	5000	other	0
CA3	6	Picture	O53	139167	0	1	5167	1	0	5000	false_alarm	8
CA3	6	Response	1	146354	7187	0
CA3	7	Picture	O53	166167	0	1	5167	1	0	5000	miss	0
CA3	8	Picture	F56	193000	0	1	5167	1	0	5000	other	0
CA3	9	Picture	O53	218167	0	1	5167	1	0	5000	hit	12
CA3	9	Response	2	223432	5265	0
CA3	10	Picture	M59	243500	0	1	5167	1	0	5000	other	0
CA3	11	Picture	F56	270167	0	1	5167	1	0	5000	hit	15
CA3	11	Response	2	279326	9159	0
CA3	12	Picture	O53	296000	0	1	5167	1	0	5000	miss	0
CA3	13	Picture	M59	321834	0	1	5167	1	0	5000	hit	18
CA3	13	Response	2	329726	7892	0
CA3	14	Picture	F56	348834	0	1	5167	1	0	5000	hit	20
CA3	14	Response	2	364398	15564	0
CA3	15	Picture	B55	375834	0	1	5167	1	0	5000	other	0
CA3	16	Picture	M59	401500	0	1	5167	1	0	5000	miss	0
CA3	17	Picture	L58	426834	0	1	5167	1	0	5000	other	0
CA3	18	Picture	E51	452334	0	1	5167	1	0	5000	other	0
CA3	19	Picture	A50	478000	0	1	5167	1	0	5000	other	0
CA3	20	Picture	L58	504500	0	1	5167	1	0	5000	hit	27
CA3	20	Response	2	507907	3407	0
CA3	21	Picture	U54	530667	0	1	5167	1	0	5000	other	0
CA3	22	Picture	A50	557667	0	1	5167	1	0	5000	hit	30
CA3	22	Response	2	565424	7757	0
CA3	23	Picture	L58	585000	0	1	5167	1	0	5000	hit	32
CA3	23	Response	2	597443	12443	0
CA3	24	Picture	A50	611500	0	1	5167	1	0	5000	other	0
CA3	25	Picture	L58	637834	0	1	5167	1	0	5000	false_alarm	35
CA3	25	Response	1	646485	8651	0
CA3	26	Picture	L58	664834	0	1	5167	1	0	5000	miss	0
CA3	27	Picture	L58	692001	0	1	5167	1	0	5000	false_alarm	38
CA3	27	Response	1	700247	8247	0
CA3	28	Picture	E51	720001	0	1	5167	1	0	5000	other	0
CA3	29	Picture	I52	745501	0	1	5167	1	0	5000	other	0
CA3	30	Picture	U54	771501	0	1	5167	1	0	5000	other	0
CA3	31	Picture	I52	797834	0	1	5167	1	0	5000	false_alarm	43
CA3	31	Response	1	805338	7504	0
CA3	32	Picture	B55	824334	0	1	5167	1	0	5000	other	0
CA3	33	Picture	O53	851501	0	1	5167	1	0	5000	other	0
CA3	34	Picture	I52	878334	0	1	5167	1	0	5000	hit	47
CA3	34	Response	2	887129	8795	0
CA3	35	Picture	B55	906001	0	1	5167	1	0	5000	hit	49
CA3	35	Response	2	915991	9990	0
CA3	36	Picture	O53	931667	0	1	5167	1	0	5000	miss	0
CA3	37	Picture	B55	959501	0	1	5167	1	0	5000	false_alarm	52
CA3	37	Response	1	970769	11268	0
CA3	38	Picture	B55	987501	0	1	5167	1	0	5000	miss	0
CA3	39	Picture	M59	1015001	0	1	5167	1	0	5000	other	0
CA3	40	Picture	U54	1042501	0	1	5167	1	0	5000	other	0
CA3	41	Picture	F56	1069001	0	1	5167	1	0	5000	other	0
CA3	42	Picture	M59	1096834	0	1	5167	1	0	5000	miss	0
CA3	43	Picture	A50	1123501	0	1	5167	1	0	5000	other	0
CA3	44	Picture	F56	1149334	0	1	5167	1	0	5000	hit	60
CA3	44	Response	2	1153380	4046	0
CA3	45	Picture	I52	1175668	0	1	5167	1	0	5000	other	0
CA3	46	Picture	F56	1201501	0	1	5167	1	0	5000	false_alarm	63
CA3	46	Response	1	1214790	13289	0
CA3	47	Picture	M59	1229501	0	1	5167	1	0	5000	other	0
CA3	48	Picture	O53	1256668	0	1	5167	1	0	5000	other	0
CA3	49	Picture	H57	1282501	0	1	5167	1	0	5000	other	0
CA3	50	Picture	F56	1308668	0	1	5167	1	0	5000	other	0
CA3	51	Picture	A50	1334834	0	1	5167	1	0	5000	other	0
CA3	52	Picture	H57	1360001	0	1	5167	1	0	5000	hit	70
CA3	52	Response	2	1370147	10146	0
CA3	53	Picture	L58	1387334	0	1	5167	1	0	5000	other	0
CA3	54	Picture	E51	1414834	0	1	5167	1	0	5000	other	0
CA3	55	Picture	B55	1440501	0	1	5167	1	0	5000	other	0
CA3	56	Picture	U54	1466334	0	1	5167	1	0	5000	other	0
CA3	57	Picture	F56	1494335	0	1	5167	1	0	5000	other	0
CA3	58	Picture	H57	1521001	0	1	5167	1	0	5000	other	0
CA3	59	Picture	U54	1547168	0	1	5167	1	0	5000	miss	0
CA3	60	Picture	F56	1574001	0	1	5167	1	0	5000	hit	79
CA3	60	Response	2	1582407	8406	0
CA3	61	Picture	A50	1600835	0	1	5167	1	0	5000	other	0
