Scenario - 
Logfile written - 11/25/2021 09:45:32

Subject	Trial	Event Type	Code	Time	TTime	Uncertainty	Duration	Uncertainty	ReqTime	ReqDur	Stim Type	Pair Index

CA4	1	Picture	Start	167	0	1	44667	1	0	next	false_alarm	2
CA4	1	Response	1	44669	44503	0
CA4	2	Picture	E51	52500	0	1	5167	1	0	5000	other	0
CA4	3	Picture	F56	80000	0	1	5167	1	0	5000	other	0
CA4	4	Picture	H57	107333	0	1	5167	1	0	5000	other	0
CA4	5	Picture	L58	133833	0	1	5167	1	0	5000	other	0
CA4	6	Picture	O53	161833	0	1	5167	1	0	5000	other	0
CA4	7	Picture	H57	188000	0	1	5167	1	0	5000	miss	0
CA4	8	Picture	L58	214833	0	1	5167	1	0	5000	miss	0
CA4	9	Picture	B55	242833	0	1	5167	1	0	5000	other	0
CA4	10	Picture	L58	270000	0	1	5167	1	0	5000	false_alarm	12
CA4	10	Response	1	280970	10970	0
CA4	11	Picture	A50	295500	0	1	5167	1	0	5000	other	0
CA4	12	Picture	O53	321167	0	1	5167	1	0	5000	false_alarm	15
CA4	12	Response	1	325418	4251	0
CA4	13	Picture	L58	346667	0	1	5167	1	0	5000	miss	0
CA4	14	Picture	H57	372834	0	1	5167	1	0	5000	other	0
CA4	15	Picture	O53	398167	0	1	5167	1	0	5000	miss	0
CA4	16	Picture	L58	426167	0	1	5167	1	0	5000	hit	20
CA4	16	Response	2	438827	12660	0
CA4	17	Picture	O53	451667	0	1	5167	1	0	5000	other	0
CA4	18	Picture	A50	478000	0	1	5167	1	0	5000	other	0
CA4	19	Picture	H57	504334	0	1	5167	1	0	5000	other	0
CA4	20	Picture	L58	532000	0	1	5167	1	0	5000	other	0
CA4	21	Picture	H57	558167	0	1	5167	1	0	5000	other	0
CA4	22	Picture	L58	585000	0	1	5167	1	0	5000	other	0
CA4	23	Picture	L58	611834	0	1	5167	1	0	5000	miss	0
CA4	24	Picture	U54	638000	0	1	5167	1	0	5000	other	0
CA4	25	Picture	L58	663334	0	1	5167	1	0	5000	hit	30
CA4	25	Response	2	671054	7720	0
CA4	26	Picture	A50	689501	0	1	5167	1	0	5000	other	0
CA4	27	Picture	M59	716501	0	1	5167	1	0	5000	other	0
CA4	28	Picture	M59	743667	0	1	5167	1	0	5000	other	0
CA4	29	Picture	A50	769501	0	1	5167	1	0	5000	miss	0
CA4	30	Picture	M59	795667	0	1	5167	1	0	5000	hit	36
CA4	30	Response	2	803258	7591	0
CA4	31	Picture	L58	821834	0	1	5167	1	0	5000	other	0
CA4	32	Picture	I52	849334	0	1	5167	1	0	5000	other	0
CA4	33	Picture	M59	875167	0	1	5167	1	0	5000	hit	40
CA4	33	Response	2	890533	15365	0
CA4	34	Picture	L58	900834	0	1	5167	1	0	5000	hit	42
CA4	34	Response	2	910213	9379	0
CA4	35	Picture	A50	927667	0	1	5167	1	0	5000	false_alarm	44
CA4	35	Response	1	939224	11557	0
CA4	36	Picture	O53	954834	0	1	5167	1	0	5000	other	0
CA4	37	Picture	U54	982501	0	1	5167	1	0	5000	other	0
CA4	38	Picture	H57	1009667	0	1	5167	1	0	5000	other	0
CA4	39	Picture	O53	1036001	0	1	5167	1	0	5000	hit	49
CA4	39	Response	2	1045990	9989	0
CA4	40	Picture	O53	1064001	0	1	5167	1	0	5000	other	0
CA4	41	Picture	B55	1090501	0	1	5167	1	0	5000	other	0
CA4	42	Picture	O53	1116834	0	1	5167	1	0	5000	miss	0
CA4	43	Picture	O53	1142001	0	1	5167	1	0	5000	hit	54
CA4	43	Response	2	1147671	5670	0
CA4	44	Picture	B55	1169168	0	1	5167	1	0	5000	miss	0
CA4	45	Picture	O53	1196501	0	1	5167	1	0	5000	hit	57
CA4	45	Response	2	1202437	5936	0
CA4	46	Picture	O53	1221668	0	1	5167	1	0	5000	hit	59
CA4	46	Response	2	1232578	10911	0
CA4	47	Picture	U54	1247668	0	1	5167	1	0	5000	other	0
CA4	48	Picture	A50	1275501	0	1	5167	1	0	5000	other	0
CA4	49	Picture	H57	1303001	0	1	5167	1	0	5000	other	0
CA4	50	Picture	I52	1330168	0	1	5167	1	0	5000	other	0
CA4	51	Picture	E51	1358334	0	1	5167	1	0	5000	other	0
CA4	52	Picture	F56	1386334	0	1	5167	1	0	5000	other	0
CA4	53	Picture	M59	1411668	0	1	5167	1	0	5000	other	0
CA4	54	Picture	I52	1439834	0	1	5167	1	0	5000	other	0
CA4	55	Picture	U54	1466335	0	1	5167	1	0	5000	other	0
CA4	56	Picture	M59	1493835	0	1	5167	1	0	5000	hit	70
CA4	56	Response	2	1500307	6472	0
CA4	57	Picture	L58	1521001	0	1	5167	1	0	5000	other	0
CA4	58	Picture	M59	1547335	0	1	5167	1	0	5000	other	0
CA4	59	Picture	A50	1574668	0	1	5167	1	0	5000	other	0
CA4	60	Picture	L58	1601168	0	1	5167	1	0	5000	miss	0
CA4	61	Picture	M59	1628668	0	1	5167	1	0	5000	hit	76
CA4	61	Response	2	1641801	13133	0
