Scenario - 
Logfile written - 12/01/2021 14:16:55

Subject	Trial	Event Type	Code	Time	TTime	Uncertainty	Duration	Uncertainty	ReqTime	ReqDur	Stim Type	Pair Index

CA5	1	Picture	Start	167	0	1	41500	1	0	next	false_alarm	2
CA5	1	Response	1	41489	41323	0
CA5	2	Picture	U54	47500	0	1	5167	1	0	5000	other	0
CA5	3	Picture	M59	75333	0	1	5167	1	0	5000	other	0
CA5	4	Picture	A50	102500	0	1	5167	1	0	5000	other	0
CA5	5	Picture	E51	128667	0	1	5167	1	0	5000	other	0
CA5	6	Picture	B55	156167	0	1	5167	1	0	5000	other	0
CA5	7	Picture	M59	181333	0	1	5167	1	0	5000	false_alarm	9
CA5	7	Response	1	190210	8876	0
CA5	8	Picture	M59	207333	0	1	5167	1	0	5000	other	0
CA5	9	Picture	E51	234667	0	1	5167	1	0	5000	other	0
CA5	10	Picture	L58	260833	0	1	5167	1	0	5000	other	0
CA5	11	Picture	M59	286167	0	1	5167	1	0	5000	hit	14
CA5	11	Response	2	293008	6842	0
CA5	12	Picture	I52	313667	0	1	5167	1	0	5000	other	0
CA5	13	Picture	A50	339834	0	1	5167	1	0	5000	false_alarm	17
CA5	13	Response	1	346474	6641	0
CA5	14	Picture	U54	366000	0	1	5167	1	0	5000	other	0
CA5	15	Picture	I52	393000	0	1	5167	1	0	5000	hit	20
CA5	15	Response	2	401423	8423	0
CA5	16	Picture	U54	419834	0	1	5167	1	0	5000	other	0
CA5	17	Picture	U54	447667	0	1	5167	1	0	5000	miss	0
CA5	18	Picture	H57	475334	0	1	5167	1	0	5000	other	0
CA5	19	Picture	U54	502334	0	1	5167	1	0	5000	hit	25
CA5	19	Response	2	511470	9136	0
CA5	20	Picture	A50	528334	0	1	5167	1	0	5000	other	0
CA5	21	Picture	H57	554167	0	1	5167	1	0	5000	hit	28
CA5	21	Response	2	562419	8252	0
CA5	22	Picture	B55	582000	0	1	5167	1	0	5000	other	0
CA5	23	Picture	A50	608334	0	1	5167	1	0	5000	hit	31
CA5	23	Response	2	617486	9152	0
CA5	24	Picture	U54	633667	0	1	5167	1	0	5000	other	0
CA5	25	Picture	A50	661167	0	1	5167	1	0	5000	false_alarm	34
CA5	25	Response	1	669350	8183	0
CA5	26	Picture	H57	687667	0	1	5167	1	0	5000	other	0
CA5	27	Picture	U54	715001	0	1	5167	1	0	5000	miss	0
CA5	28	Picture	A50	742001	0	1	5167	1	0	5000	hit	38
CA5	28	Response	2	749300	7300	0
CA5	29	Picture	M59	767834	0	1	5167	1	0	5000	other	0
CA5	30	Picture	B55	793667	0	1	5167	1	0	5000	other	0
CA5	31	Picture	A50	820834	0	1	5167	1	0	5000	hit	42
CA5	31	Response	2	836260	15426	0
CA5	32	Picture	M59	846001	0	1	5167	1	0	5000	miss	0
CA5	33	Picture	A50	872501	0	1	5167	1	0	5000	other	0
CA5	34	Picture	M59	900501	0	1	5167	1	0	5000	false_alarm	46
CA5	34	Response	1	909549	9048	0
CA5	35	Picture	B55	926001	0	1	5167	1	0	5000	false_alarm	48
CA5	35	Response	1	935543	9542	0
CA5	36	Picture	A50	953501	0	1	5167	1	0	5000	miss	0
CA5	37	Picture	M59	979001	0	1	5167	1	0	5000	miss	0
CA5	38	Picture	O53	1006167	0	1	5167	1	0	5000	other	0
CA5	39	Picture	A50	1032167	0	1	5167	1	0	5000	hit	53
CA5	39	Response	2	1039735	7567	0
CA5	40	Picture	M59	1058334	0	1	5167	1	0	5000	miss	0
CA5	41	Picture	F56	1086001	0	1	5167	1	0	5000	other	0
CA5	42	Picture	E51	1112334	0	1	5167	1	0	5000	other	0
CA5	43	Picture	I52	1140168	0	1	5167	1	0	5000	other	0
CA5	44	Picture	O53	1165668	0	1	5167	1	0	5000	other	0
CA5	45	Picture	A50	1191168	0	1	5167	1	0	5000	other	0
CA5	46	Picture	L58	1218834	0	1	5167	1	0	5000	other	0
CA5	47	Picture	O53	1246668	0	1	5167	1	0	5000	miss	0
CA5	48	Picture	A50	1273668	0	1	5167	1	0	5000	hit	63
CA5	48	Response	2	1282975	9307	0
CA5	49	Picture	F56	1301334	0	1	5167	1	0	5000	other	0
CA5	50	Picture	O53	1329001	0	1	5167	1	0	5000	hit	66
CA5	50	Response	2	1341573	12572	0
CA5	51	Picture	H57	1354501	0	1	5167	1	0	5000	other	0
CA5	52	Picture	B55	1382168	0	1	5167	1	0	5000	other	0
CA5	53	Picture	H57	1409501	0	1	5167	1	0	5000	other	0
CA5	54	Picture	F56	1435501	0	1	5167	1	0	5000	other	0
CA5	55	Picture	U54	1462834	0	1	5167	1	0	5000	other	0
CA5	56	Picture	H57	1488501	0	1	5167	1	0	5000	hit	73
CA5	56	Response	2	1497267	8766	0
CA5	57	Picture	F56	1516501	0	1	5167	1	0	5000	miss	0
CA5	58	Picture	O53	1544501	0	1	5167	1	0	5000	other	0
CA5	59	Picture	H57	1570001	0	1	5167	1	0	5000	miss	0
CA5	60	Picture	H57	1598001	0	1	5167	1	0	5000	false_alarm	78
CA5	60	Response	1	1606495	8494	0
CA5	61	Picture	M59	1625168	0	1	5167	1	0	5000	other	0
