Scenario - 
Logfile written - 12/06/2021 09:55:52

Subject	Trial	Event Type	Code	Time	TTime	Uncertainty	Duration	Uncertainty	ReqTime	ReqDur	Stim Type	Pair Index

CA6	1	Picture	Start	167	0	1	28833	1	0	next	false_alarm	2
CA6	1	Response	1	28859	28692	0
CA6	2	Picture	U54	36667	0	1	5167	1	0	5000	other	0
CA6	3	Picture	U54	62333	0	1	5167	1	0	5000	other	0
CA6	4	Picture	F56	88833	0	1	5167	1	0	5000	other	0
CA6	5	Picture	L58	115833	0	1	5167	1	0	5000	other	0
CA6	6	Picture	I52	143333	0	1	5167	1	0	5000	other	0
CA6	7	Picture	O53	170500	0	1	5167	1	0	5000	other	0
CA6	8	Picture	M59	197167	0	1	5167	1	0	5000	other	0
CA6	9	Picture	I52	223000	0	1	5167	1	0	5000	hit	11
CA6	9	Response	2	236733	13733	0
CA6	10	Picture	A50	250500	0	1	5167	1	0	5000	other	0
CA6	11	Picture	O53	278333	0	1	5167	1	0	5000	false_alarm	14
CA6	11	Response	1	292927	14594	0
CA6	12	Picture	H57	305834	0	1	5167	1	0	5000	other	0
CA6	13	Picture	L58	333500	0	1	5167	1	0	5000	false_alarm	17
CA6	13	Response	1	346992	13492	0
CA6	14	Picture	O53	359334	0	1	5167	1	0	5000	miss	0
CA6	15	Picture	O53	384834	0	1	5167	1	0	5000	other	0
CA6	16	Picture	U54	411667	0	1	5167	1	0	5000	other	0
CA6	17	Picture	O53	437667	0	1	5167	1	0	5000	miss	0
CA6	18	Picture	F56	464167	0	1	5167	1	0	5000	other	0
CA6	19	Picture	U54	491000	0	1	5167	1	0	5000	miss	0
CA6	20	Picture	O53	517334	0	1	5167	1	0	5000	hit	25
CA6	20	Response	2	530981	13648	0
CA6	21	Picture	F56	543167	0	1	5167	1	0	5000	miss	0
CA6	22	Picture	E51	570500	0	1	5167	1	0	5000	other	0
CA6	23	Picture	O53	597500	0	1	5167	1	0	5000	hit	29
CA6	23	Response	2	612687	15187	0
CA6	24	Picture	H57	624834	0	1	5167	1	0	5000	false_alarm	31
CA6	24	Response	1	644799	19965	0
CA6	25	Picture	E51	651334	0	1	5167	1	0	5000	miss	0
CA6	26	Picture	H57	676500	0	1	5167	1	0	5000	other	0
CA6	27	Picture	H57	702334	0	1	5167	1	0	5000	miss	0
CA6	28	Picture	A50	730001	0	1	5167	1	0	5000	other	0
CA6	29	Picture	O53	755334	0	1	5167	1	0	5000	other	0
CA6	30	Picture	B55	780834	0	1	5167	1	0	5000	other	0
CA6	31	Picture	O53	808667	0	1	5167	1	0	5000	other	0
CA6	32	Picture	F56	836501	0	1	5167	1	0	5000	false_alarm	40
CA6	32	Response	1	850554	14053	0
CA6	33	Picture	B55	862834	0	1	5167	1	0	5000	miss	0
CA6	34	Picture	L58	888667	0	1	5167	1	0	5000	other	0
CA6	35	Picture	H57	915167	0	1	5167	1	0	5000	other	0
CA6	36	Picture	E51	940834	0	1	5167	1	0	5000	false_alarm	45
CA6	36	Response	1	954755	13921	0
CA6	37	Picture	H57	968834	0	1	5167	1	0	5000	false_alarm	47
CA6	37	Response	1	986449	17615	0
CA6	38	Picture	I52	995667	0	1	5167	1	0	5000	other	0
CA6	39	Picture	O53	1021167	0	1	5167	1	0	5000	false_alarm	50
CA6	39	Response	1	1037190	16023	0
CA6	40	Picture	M59	1047667	0	1	5167	1	0	5000	other	0
CA6	41	Picture	E51	1075168	0	1	5167	1	0	5000	other	0
CA6	42	Picture	M59	1101668	0	1	5167	1	0	5000	other	0
CA6	43	Picture	B55	1127668	0	1	5167	1	0	5000	other	0
CA6	44	Picture	E51	1153001	0	1	5167	1	0	5000	hit	56
CA6	44	Response	2	1158760	5759	0
CA6	45	Picture	M59	1178168	0	1	5167	1	0	5000	hit	58
CA6	45	Response	2	1186086	7918	0
CA6	46	Picture	A50	1205501	0	1	5167	1	0	5000	other	0
CA6	47	Picture	E51	1232168	0	1	5167	1	0	5000	hit	61
CA6	47	Response	2	1250928	18760	0
CA6	48	Picture	M59	1259168	0	1	5167	1	0	5000	miss	0
CA6	49	Picture	F56	1285001	0	1	5167	1	0	5000	other	0
CA6	50	Picture	O53	1310668	0	1	5167	1	0	5000	other	0
CA6	51	Picture	M59	1337001	0	1	5167	1	0	5000	hit	66
CA6	51	Response	2	1347605	10604	0
CA6	52	Picture	F56	1364668	0	1	5167	1	0	5000	miss	0
CA6	53	Picture	O53	1391168	0	1	5167	1	0	5000	miss	0
CA6	54	Picture	O53	1419001	0	1	5167	1	0	5000	false_alarm	70
CA6	54	Response	1	1429775	10774	0
CA6	55	Picture	F56	1444668	0	1	5167	1	0	5000	miss	0
CA6	56	Picture	E51	1472501	0	1	5167	1	0	5000	other	0
CA6	57	Picture	O53	1500335	0	1	5167	1	0	5000	hit	74
CA6	57	Response	2	1519443	19109	0
CA6	58	Picture	B55	1527501	0	1	5167	1	0	5000	other	0
CA6	59	Picture	E51	1553668	0	1	5167	1	0	5000	miss	0
CA6	60	Picture	I52	1579001	0	1	5167	1	0	5000	other	0
CA6	61	Picture	O53	1607001	0	1	5167	1	0	5000	other	0
