Scenario - 
Logfile written - 12/06/2021 14:28:35

Subject	Trial	Event Type	Code	Time	TTime	Uncertainty	Duration	Uncertainty	ReqTime	ReqDur	Stim Type	Pair Index

CA7	1	Picture	Start	167	0	1	334167	1	0	next	false_alarm	2
CA7	1	Response	1	334174	334008	0
CA7	2	Picture	B55	339834	0	1	5167	1	0	5000	other	0
CA7	3	Picture	O53	367667	0	1	5167	1	0	5000	other	0
CA7	4	Picture	L58	395334	0	1	5167	1	0	5000	other	0
CA7	5	Picture	H57	421000	0	1	5167	1	0	5000	other	0
CA7	6	Picture	I52	448667	0	1	5167	1	0	5000	other	0
CA7	7	Picture	L58	474834	0	1	5167	1	0	5000	miss	0
CA7	8	Picture	L58	502334	0	1	5167	1	0	5000	other	0
CA7	9	Picture	I52	530334	0	1	5167	1	0	5000	miss	0
CA7	10	Picture	B55	557167	0	1	5167	1	0	5000	other	0
CA7	11	Picture	L58	584167	0	1	5167	1	0	5000	miss	0
CA7	12	Picture	B55	610667	0	1	5167	1	0	5000	other	0
CA7	13	Picture	E51	638667	0	1	5167	1	0	5000	other	0
CA7	14	Picture	L58	664334	0	1	5167	1	0	5000	hit	16
CA7	14	Response	2	671689	7355	0
CA7	15	Picture	M59	692000	0	1	5167	1	0	5000	other	0
CA7	16	Picture	E51	717501	0	1	5167	1	0	5000	hit	19
CA7	16	Response	2	727016	9516	0
CA7	17	Picture	L58	745167	0	1	5167	1	0	5000	miss	0
CA7	18	Picture	A50	772501	0	1	5167	1	0	5000	other	0
CA7	19	Picture	E51	799667	0	1	5167	1	0	5000	miss	0
CA7	20	Picture	O53	826334	0	1	5167	1	0	5000	other	0
CA7	21	Picture	H57	852167	0	1	5167	1	0	5000	other	0
CA7	22	Picture	B55	878501	0	1	5167	1	0	5000	other	0
CA7	23	Picture	I52	905334	0	1	5167	1	0	5000	other	0
CA7	24	Picture	H57	931334	0	1	5167	1	0	5000	hit	28
CA7	24	Response	2	938905	7571	0
CA7	25	Picture	F56	959334	0	1	5167	1	0	5000	other	0
CA7	26	Picture	I52	984834	0	1	5167	1	0	5000	hit	31
CA7	26	Response	2	998536	13702	0
CA7	27	Picture	H57	1010501	0	1	5167	1	0	5000	miss	0
CA7	28	Picture	L58	1035834	0	1	5167	1	0	5000	other	0
CA7	29	Picture	I52	1063501	0	1	5167	1	0	5000	miss	0
CA7	30	Picture	H57	1089001	0	1	5167	1	0	5000	miss	0
CA7	31	Picture	B55	1116334	0	1	5167	1	0	5000	other	0
CA7	32	Picture	M59	1143168	0	1	5167	1	0	5000	other	0
CA7	33	Picture	L58	1171001	0	1	5167	1	0	5000	false_alarm	39
CA7	33	Response	1	1183797	12796	0
CA7	34	Picture	M59	1197168	0	1	5167	1	0	5000	other	0
CA7	35	Picture	M59	1223001	0	1	5167	1	0	5000	miss	0
CA7	36	Picture	B55	1249334	0	1	5167	1	0	5000	other	0
CA7	37	Picture	M59	1275668	0	1	5167	1	0	5000	hit	44
CA7	37	Response	2	1288216	12548	0
CA7	38	Picture	A50	1301334	0	1	5167	1	0	5000	other	0
CA7	39	Picture	B55	1328001	0	1	5167	1	0	5000	hit	47
CA7	39	Response	2	1347700	19699	0
CA7	40	Picture	M59	1353834	0	1	5167	1	0	5000	miss	0
CA7	41	Picture	F56	1379501	0	1	5167	1	0	5000	other	0
CA7	42	Picture	O53	1405834	0	1	5167	1	0	5000	other	0
CA7	43	Picture	E51	1433501	0	1	5167	1	0	5000	other	0
CA7	44	Picture	O53	1460668	0	1	5167	1	0	5000	other	0
CA7	45	Picture	M59	1487168	0	1	5167	1	0	5000	false_alarm	54
CA7	45	Response	1	1501728	14561	0
CA7	46	Picture	H57	1515001	0	1	5167	1	0	5000	other	0
CA7	47	Picture	F56	1542001	0	1	5167	1	0	5000	other	0
CA7	48	Picture	M59	1567668	0	1	5167	1	0	5000	miss	0
CA7	49	Picture	L58	1594335	0	1	5167	1	0	5000	other	0
CA7	50	Picture	U54	1619668	0	1	5167	1	0	5000	other	0
CA7	51	Picture	E51	1647501	0	1	5167	1	0	5000	false_alarm	61
CA7	51	Response	1	1655093	7592	0
CA7	52	Picture	H57	1674835	0	1	5167	1	0	5000	other	0
CA7	53	Picture	M59	1700335	0	1	5167	1	0	5000	other	0
CA7	54	Picture	L58	1728168	0	1	5167	1	0	5000	other	0
CA7	55	Picture	H57	1755668	0	1	5167	1	0	5000	hit	66
CA7	55	Response	2	1769369	13701	0
CA7	56	Picture	F56	1781168	0	1	5167	1	0	5000	other	0
CA7	57	Picture	U54	1807001	0	1	5167	1	0	5000	other	0
CA7	58	Picture	H57	1834668	0	1	5167	1	0	5000	miss	0
CA7	59	Picture	F56	1861835	0	1	5167	1	0	5000	miss	0
CA7	60	Picture	F56	1888835	0	1	5167	1	0	5000	other	0
CA7	61	Picture	U54	1915335	0	1	5167	1	0	5000	other	0
