Scenario - 
Logfile written - 12/07/2021 14:22:06

Subject	Trial	Event Type	Code	Time	TTime	Uncertainty	Duration	Uncertainty	ReqTime	ReqDur	Stim Type	Pair Index

CA8	1	Picture	Start	167	0	1	17667	1	0	next	false_alarm	2
CA8	1	Response	1	17811	17644	0
CA8	2	Picture	H57	25333	0	1	5167	1	0	5000	other	0
CA8	3	Picture	E51	52000	0	1	5167	1	0	5000	other	0
CA8	4	Picture	O53	78167	0	1	5167	1	0	5000	other	0
CA8	5	Picture	U54	104833	0	1	5167	1	0	5000	other	0
CA8	6	Picture	U54	132833	0	1	5167	1	0	5000	other	0
CA8	7	Picture	O53	160833	0	1	5167	1	0	5000	hit	9
CA8	7	Response	2	167054	6221	0
CA8	8	Picture	U54	187333	0	1	5167	1	0	5000	hit	11
CA8	8	Response	2	194298	6964	0
CA8	9	Picture	F56	213333	0	1	5167	1	0	5000	other	0
CA8	10	Picture	O53	238500	0	1	5167	1	0	5000	hit	14
CA8	10	Response	2	246611	8111	0
CA8	11	Picture	O53	265667	0	1	5167	1	0	5000	other	0
CA8	12	Picture	F56	291167	0	1	5167	1	0	5000	miss	0
CA8	13	Picture	A50	318834	0	1	5167	1	0	5000	other	0
CA8	14	Picture	O53	344167	0	1	5167	1	0	5000	miss	0
CA8	15	Picture	H57	369500	0	1	5167	1	0	5000	other	0
CA8	16	Picture	A50	397500	0	1	5167	1	0	5000	miss	0
CA8	17	Picture	F56	424334	0	1	5167	1	0	5000	false_alarm	22
CA8	17	Response	1	431638	7305	0
CA8	18	Picture	A50	452167	0	1	5167	1	0	5000	other	0
CA8	19	Picture	I52	478500	0	1	5167	1	0	5000	other	0
CA8	20	Picture	E51	504667	0	1	5167	1	0	5000	other	0
CA8	21	Picture	A50	531000	0	1	5167	1	0	5000	hit	27
CA8	21	Response	2	535609	4609	0
CA8	22	Picture	L58	558167	0	1	5167	1	0	5000	other	0
CA8	23	Picture	H57	585500	0	1	5167	1	0	5000	other	0
CA8	24	Picture	H57	613334	0	1	5167	1	0	5000	other	0
CA8	25	Picture	O53	639667	0	1	5167	1	0	5000	other	0
CA8	26	Picture	H57	665167	0	1	5167	1	0	5000	hit	33
CA8	26	Response	2	676526	11359	0
CA8	27	Picture	F56	691334	0	1	5167	1	0	5000	other	0
CA8	28	Picture	I52	717667	0	1	5167	1	0	5000	other	0
CA8	29	Picture	A50	743834	0	1	5167	1	0	5000	other	0
CA8	30	Picture	A50	770001	0	1	5167	1	0	5000	other	0
CA8	31	Picture	O53	796001	0	1	5167	1	0	5000	other	0
CA8	32	Picture	O53	823501	0	1	5167	1	0	5000	other	0
CA8	33	Picture	U54	851501	0	1	5167	1	0	5000	other	0
CA8	34	Picture	O53	879501	0	1	5167	1	0	5000	hit	42
CA8	34	Response	2	883929	4428	0
CA8	35	Picture	H57	905501	0	1	5167	1	0	5000	other	0
CA8	36	Picture	A50	931334	0	1	5167	1	0	5000	other	0
CA8	37	Picture	O53	956834	0	1	5167	1	0	5000	miss	0
CA8	38	Picture	H57	984834	0	1	5167	1	0	5000	hit	47
CA8	38	Response	2	993256	8422	0
CA8	39	Picture	H57	1011334	0	1	5167	1	0	5000	other	0
CA8	40	Picture	O53	1037501	0	1	5167	1	0	5000	hit	50
CA8	40	Response	2	1048234	10733	0
CA8	41	Picture	I52	1065501	0	1	5167	1	0	5000	other	0
CA8	42	Picture	L58	1092501	0	1	5167	1	0	5000	other	0
CA8	43	Picture	O53	1118001	0	1	5167	1	0	5000	miss	0
CA8	44	Picture	I52	1143668	0	1	5167	1	0	5000	miss	0
CA8	45	Picture	E51	1169501	0	1	5167	1	0	5000	other	0
CA8	46	Picture	E51	1194668	0	1	5167	1	0	5000	other	0
CA8	47	Picture	I52	1222001	0	1	5167	1	0	5000	hit	58
CA8	47	Response	2	1228648	6647	0
CA8	48	Picture	B55	1248834	0	1	5167	1	0	5000	other	0
CA8	49	Picture	H57	1274668	0	1	5167	1	0	5000	other	0
CA8	50	Picture	I52	1301334	0	1	5167	1	0	5000	miss	0
CA8	51	Picture	I52	1329168	0	1	5167	1	0	5000	other	0
CA8	52	Picture	H57	1355834	0	1	5167	1	0	5000	miss	0
CA8	53	Picture	I52	1383668	0	1	5167	1	0	5000	miss	0
CA8	54	Picture	L58	1410501	0	1	5167	1	0	5000	other	0
CA8	55	Picture	U54	1437501	0	1	5167	1	0	5000	other	0
CA8	56	Picture	I52	1465335	0	1	5167	1	0	5000	miss	0
CA8	57	Picture	L58	1493001	0	1	5167	1	0	5000	hit	69
CA8	57	Response	2	1500952	7951	0
CA8	58	Picture	O53	1518501	0	1	5167	1	0	5000	other	0
CA8	59	Picture	M59	1546001	0	1	5167	1	0	5000	other	0
CA8	60	Picture	I52	1571335	0	1	5167	1	0	5000	other	0
CA8	61	Picture	H57	1599335	0	1	5167	1	0	5000	other	0
