Scenario - 
Logfile written - 11/04/2019 13:57:08

Subject	Trial	Event Type	Code	Time	TTime	Uncertainty	Duration	Uncertainty	ReqTime	ReqDur	Stim Type	Pair Index

CE1	1	Picture	Start	167	0	1	26833	1	0	next	false_alarm	2
CE1	1	Response	1	26960	26793	0
CE1	2	Picture	U54	32333	0	1	5167	1	0	5000	other	0
CE1	3	Picture	F56	58000	0	1	5167	1	0	5000	other	0
CE1	4	Picture	F56	85167	0	1	5167	1	0	5000	other	0
CE1	5	Picture	U54	111667	0	1	5167	1	0	5000	hit	7
CE1	5	Response	2	120100	8434	0
CE1	6	Picture	I52	139333	0	1	5167	1	0	5000	other	0
CE1	7	Picture	U54	167000	0	1	5167	1	0	5000	other	0
CE1	8	Picture	U54	193333	0	1	5167	1	0	5000	hit	11
CE1	8	Response	2	200179	6846	0
CE1	9	Picture	I52	218500	0	1	5167	1	0	5000	hit	13
CE1	9	Response	2	228666	10166	0
CE1	10	Picture	O53	244167	0	1	5167	1	0	5000	other	0
CE1	11	Picture	A50	270000	0	1	5167	1	0	5000	other	0
CE1	12	Picture	I52	297000	0	1	5167	1	0	5000	miss	0
CE1	13	Picture	U54	323500	0	1	5167	1	0	5000	other	0
CE1	14	Picture	A50	349333	0	1	5167	1	0	5000	miss	0
CE1	15	Picture	A50	375167	0	1	5167	1	0	5000	other	0
CE1	16	Picture	U54	403167	0	1	5167	1	0	5000	hit	21
CE1	16	Response	2	414059	10893	0
CE1	17	Picture	F56	430000	0	1	5167	1	0	5000	other	0
CE1	18	Picture	A50	457667	0	1	5167	1	0	5000	miss	0
CE1	19	Picture	A50	483167	0	1	5167	1	0	5000	other	0
CE1	20	Picture	F56	509000	0	1	5167	1	0	5000	hit	26
CE1	20	Response	2	517694	8694	0
CE1	21	Picture	H57	535833	0	1	5167	1	0	5000	other	0
CE1	22	Picture	O53	563167	0	1	5167	1	0	5000	other	0
CE1	23	Picture	E51	589833	0	1	5167	1	0	5000	other	0
CE1	24	Picture	H57	615500	0	1	5167	1	0	5000	miss	0
CE1	25	Picture	E51	641000	0	1	5167	1	0	5000	other	0
CE1	26	Picture	E51	667667	0	1	5167	1	0	5000	hit	33
CE1	26	Response	2	671110	3443	0
CE1	27	Picture	M59	694667	0	1	5167	1	0	5000	other	0
CE1	28	Picture	I52	721167	0	1	5167	1	0	5000	other	0
CE1	29	Picture	H57	747334	0	1	5167	1	0	5000	other	0
CE1	30	Picture	M59	774167	0	1	5167	1	0	5000	hit	38
CE1	30	Response	2	783619	9452	0
CE1	31	Picture	M59	802000	0	1	5167	1	0	5000	other	0
CE1	32	Picture	M59	828000	0	1	5167	1	0	5000	false_alarm	41
CE1	32	Response	1	844932	16932	0
CE1	33	Picture	M59	853500	0	1	5167	1	0	5000	miss	0
CE1	34	Picture	L58	879834	0	1	5167	1	0	5000	other	0
CE1	35	Picture	M59	906834	0	1	5167	1	0	5000	hit	45
CE1	35	Response	2	915881	9048	0
CE1	36	Picture	L58	933834	0	1	5167	1	0	5000	other	0
CE1	37	Picture	U54	961334	0	1	5167	1	0	5000	other	0
CE1	38	Picture	F56	986667	0	1	5167	1	0	5000	other	0
CE1	39	Picture	A50	1014000	0	1	5167	1	0	5000	other	0
CE1	40	Picture	U54	1041000	0	1	5167	1	0	5000	miss	0
CE1	41	Picture	F56	1068667	0	1	5167	1	0	5000	hit	52
CE1	41	Response	2	1079939	11272	0
CE1	42	Picture	F56	1096667	0	1	5167	1	0	5000	other	0
CE1	43	Picture	A50	1122500	0	1	5167	1	0	5000	other	0
CE1	44	Picture	O53	1148500	0	1	5167	1	0	5000	other	0
CE1	45	Picture	I52	1175834	0	1	5167	1	0	5000	other	0
CE1	46	Picture	E51	1201334	0	1	5167	1	0	5000	other	0
CE1	47	Picture	B55	1227000	0	1	5167	1	0	5000	other	0
CE1	48	Picture	B55	1253834	0	1	5167	1	0	5000	other	0
CE1	49	Picture	E51	1280334	0	1	5167	1	0	5000	miss	0
CE1	50	Picture	U54	1308334	0	1	5167	1	0	5000	other	0
CE1	51	Picture	U54	1335000	0	1	5167	1	0	5000	other	0
CE1	52	Picture	O53	1360167	0	1	5167	1	0	5000	other	0
CE1	53	Picture	I52	1388000	0	1	5167	1	0	5000	other	0
CE1	54	Picture	O53	1413167	0	1	5167	1	0	5000	other	0
CE1	55	Picture	B55	1441167	0	1	5167	1	0	5000	other	0
CE1	56	Picture	H57	1466500	0	1	5167	1	0	5000	other	0
CE1	57	Picture	F56	1493001	0	1	5167	1	0	5000	other	0
CE1	58	Picture	B55	1520834	0	1	5167	1	0	5000	hit	70
CE1	58	Response	2	1529087	8253	0
CE1	59	Picture	F56	1546501	0	1	5167	1	0	5000	other	0
CE1	60	Picture	F56	1571667	0	1	5167	1	0	5000	miss	0
CE1	61	Picture	B55	1597167	0	1	5167	1	0	5000	hit	74
CE1	61	Response	2	1609505	12338	0
