Scenario - 
Logfile written - 12/12/2019 14:18:27

Subject	Trial	Event Type	Code	Time	TTime	Uncertainty	Duration	Uncertainty	ReqTime	ReqDur	Stim Type	Pair Index

CE2	1	Picture	Start	167	0	1	17500	1	0	next	false_alarm	2
CE2	1	Response	1	17632	17466	0
CE2	2	Picture	U54	24167	0	1	5167	1	0	5000	other	0
CE2	3	Picture	I52	51500	0	1	5167	1	0	5000	other	0
CE2	4	Picture	E51	76833	0	1	5167	1	0	5000	other	0
CE2	5	Picture	U54	104833	0	1	5167	1	0	5000	hit	7
CE2	5	Response	2	108914	4081	0
CE2	6	Picture	E51	131000	0	1	5167	1	0	5000	other	0
CE2	7	Picture	E51	158500	0	1	5167	1	0	5000	hit	10
CE2	7	Response	2	169581	11081	0
CE2	8	Picture	U54	186500	0	1	5167	1	0	5000	hit	12
CE2	8	Response	2	200550	14050	0
CE2	9	Picture	E51	211833	0	1	5167	1	0	5000	miss	0
CE2	10	Picture	E51	237167	0	1	5167	1	0	5000	hit	15
CE2	10	Response	2	244827	7660	0
CE2	11	Picture	H57	263500	0	1	5167	1	0	5000	other	0
CE2	12	Picture	E51	289167	0	1	5167	1	0	5000	miss	0
CE2	13	Picture	F56	316167	0	1	5167	1	0	5000	other	0
CE2	14	Picture	A50	341833	0	1	5167	1	0	5000	other	0
CE2	15	Picture	O53	367000	0	1	5167	1	0	5000	other	0
CE2	16	Picture	F56	392667	0	1	5167	1	0	5000	hit	22
CE2	16	Response	2	405388	12721	0
CE2	17	Picture	U54	420167	0	1	5167	1	0	5000	other	0
CE2	18	Picture	O53	447000	0	1	5167	1	0	5000	miss	0
CE2	19	Picture	H57	474167	0	1	5167	1	0	5000	other	0
CE2	20	Picture	F56	500833	0	1	5167	1	0	5000	other	0
CE2	21	Picture	E51	528667	0	1	5167	1	0	5000	other	0
CE2	22	Picture	L58	555333	0	1	5167	1	0	5000	other	0
CE2	23	Picture	F56	582833	0	1	5167	1	0	5000	miss	0
CE2	24	Picture	H57	609833	0	1	5167	1	0	5000	other	0
CE2	25	Picture	L58	635334	0	1	5167	1	0	5000	hit	32
CE2	25	Response	2	643344	8011	0
CE2	26	Picture	F56	663167	0	1	5167	1	0	5000	hit	34
CE2	26	Response	2	677851	14685	0
CE2	27	Picture	M59	688834	0	1	5167	1	0	5000	other	0
CE2	28	Picture	L58	716167	0	1	5167	1	0	5000	miss	0
CE2	29	Picture	F56	741834	0	1	5167	1	0	5000	miss	0
CE2	30	Picture	A50	768167	0	1	5167	1	0	5000	other	0
CE2	31	Picture	B55	794334	0	1	5167	1	0	5000	other	0
CE2	32	Picture	F56	820500	0	1	5167	1	0	5000	hit	41
CE2	32	Response	2	839136	18636	0
CE2	33	Picture	U54	847834	0	1	5167	1	0	5000	other	0
CE2	34	Picture	F56	875500	0	1	5167	1	0	5000	other	0
CE2	35	Picture	L58	900667	0	1	5167	1	0	5000	other	0
CE2	36	Picture	U54	927334	0	1	5167	1	0	5000	miss	0
CE2	37	Picture	L58	953000	0	1	5167	1	0	5000	other	0
CE2	38	Picture	M59	980834	0	1	5167	1	0	5000	other	0
CE2	39	Picture	O53	1007334	0	1	5167	1	0	5000	other	0
CE2	40	Picture	F56	1033500	0	1	5167	1	0	5000	other	0
CE2	41	Picture	L58	1060000	0	1	5167	1	0	5000	other	0
CE2	42	Picture	I52	1085167	0	1	5167	1	0	5000	other	0
CE2	43	Picture	O53	1113000	0	1	5167	1	0	5000	false_alarm	53
CE2	43	Response	1	1121771	8771	0
CE2	44	Picture	L58	1140167	0	1	5167	1	0	5000	hit	55
CE2	44	Response	2	1155472	15305	0
CE2	45	Picture	O53	1167500	0	1	5167	1	0	5000	other	0
CE2	46	Picture	E51	1193167	0	1	5167	1	0	5000	other	0
CE2	47	Picture	U54	1219334	0	1	5167	1	0	5000	other	0
CE2	48	Picture	U54	1247000	0	1	5167	1	0	5000	other	0
CE2	49	Picture	H57	1275000	0	1	5167	1	0	5000	other	0
CE2	50	Picture	U54	1301334	0	1	5167	1	0	5000	hit	62
CE2	50	Response	2	1309034	7700	0
CE2	51	Picture	E51	1326667	0	1	5167	1	0	5000	other	0
CE2	52	Picture	E51	1352667	0	1	5167	1	0	5000	false_alarm	65
CE2	52	Response	1	1364793	12126	0
CE2	53	Picture	U54	1377834	0	1	5167	1	0	5000	miss	0
CE2	54	Picture	B55	1403000	0	1	5167	1	0	5000	other	0
CE2	55	Picture	E51	1428667	0	1	5167	1	0	5000	hit	69
CE2	55	Response	2	1444488	15821	0
CE2	56	Picture	U54	1456500	0	1	5167	1	0	5000	miss	0
CE2	57	Picture	I52	1483167	0	1	5167	1	0	5000	other	0
CE2	58	Picture	F56	1510334	0	1	5167	1	0	5000	other	0
CE2	59	Picture	H57	1538001	0	1	5167	1	0	5000	other	0
CE2	60	Picture	E51	1564667	0	1	5167	1	0	5000	other	0
CE2	61	Picture	B55	1590501	0	1	5167	1	0	5000	other	0
