Scenario - 
Logfile written - 01/16/2020 14:14:11

Subject	Trial	Event Type	Code	Time	TTime	Uncertainty	Duration	Uncertainty	ReqTime	ReqDur	Stim Type	Pair Index

CE4	1	Picture	Start	167	0	1	31167	1	0	next	false_alarm	2
CE4	1	Response	1	31187	31020	0
CE4	2	Picture	O53	38333	0	1	5167	1	0	5000	other	0
CE4	3	Picture	A50	65333	0	1	5167	1	0	5000	other	0
CE4	4	Picture	B55	91500	0	1	5167	1	0	5000	other	0
CE4	5	Picture	O53	119000	0	1	5167	1	0	5000	hit	7
CE4	5	Response	2	122369	3369	0
CE4	6	Picture	E51	146333	0	1	5167	1	0	5000	other	0
CE4	7	Picture	B55	172167	0	1	5167	1	0	5000	hit	10
CE4	7	Response	2	176688	4521	0
CE4	8	Picture	B55	198500	0	1	5167	1	0	5000	other	0
CE4	9	Picture	F56	226000	0	1	5167	1	0	5000	other	0
CE4	10	Picture	B55	252167	0	1	5167	1	0	5000	miss	0
CE4	11	Picture	O53	278500	0	1	5167	1	0	5000	other	0
CE4	12	Picture	E51	304167	0	1	5167	1	0	5000	other	0
CE4	13	Picture	B55	331333	0	1	5167	1	0	5000	miss	0
CE4	14	Picture	M59	359167	0	1	5167	1	0	5000	other	0
CE4	15	Picture	E51	384667	0	1	5167	1	0	5000	miss	0
CE4	16	Picture	U54	410500	0	1	5167	1	0	5000	other	0
CE4	17	Picture	O53	436833	0	1	5167	1	0	5000	other	0
CE4	18	Picture	M59	463333	0	1	5167	1	0	5000	false_alarm	22
CE4	18	Response	1	475232	11898	0
CE4	19	Picture	A50	491333	0	1	5167	1	0	5000	other	0
CE4	20	Picture	B55	516833	0	1	5167	1	0	5000	other	0
CE4	21	Picture	O53	543667	0	1	5167	1	0	5000	other	0
CE4	22	Picture	A50	571333	0	1	5167	1	0	5000	miss	0
CE4	23	Picture	U54	597167	0	1	5167	1	0	5000	other	0
CE4	24	Picture	M59	622833	0	1	5167	1	0	5000	other	0
CE4	25	Picture	A50	650834	0	1	5167	1	0	5000	miss	0
CE4	26	Picture	L58	677667	0	1	5167	1	0	5000	other	0
CE4	27	Picture	M59	704167	0	1	5167	1	0	5000	hit	32
CE4	27	Response	2	717931	13764	0
CE4	28	Picture	E51	732167	0	1	5167	1	0	5000	other	0
CE4	29	Picture	A50	758834	0	1	5167	1	0	5000	other	0
CE4	30	Picture	B55	785167	0	1	5167	1	0	5000	other	0
CE4	31	Picture	A50	811667	0	1	5167	1	0	5000	other	0
CE4	32	Picture	A50	839667	0	1	5167	1	0	5000	miss	0
CE4	33	Picture	B55	866667	0	1	5167	1	0	5000	miss	0
CE4	34	Picture	U54	892667	0	1	5167	1	0	5000	other	0
CE4	35	Picture	M59	919500	0	1	5167	1	0	5000	other	0
CE4	36	Picture	B55	944834	0	1	5167	1	0	5000	hit	42
CE4	36	Response	2	964237	19404	0
CE4	37	Picture	E51	972000	0	1	5167	1	0	5000	other	0
CE4	38	Picture	I52	997167	0	1	5167	1	0	5000	other	0
CE4	39	Picture	F56	1023500	0	1	5167	1	0	5000	other	0
CE4	40	Picture	E51	1049667	0	1	5167	1	0	5000	miss	0
CE4	41	Picture	I52	1076167	0	1	5167	1	0	5000	miss	0
CE4	42	Picture	F56	1104167	0	1	5167	1	0	5000	miss	0
CE4	43	Picture	O53	1131334	0	1	5167	1	0	5000	other	0
CE4	44	Picture	L58	1157834	0	1	5167	1	0	5000	other	0
CE4	45	Picture	F56	1185167	0	1	5167	1	0	5000	hit	52
CE4	45	Response	2	1194487	9320	0
CE4	46	Picture	B55	1210500	0	1	5167	1	0	5000	other	0
CE4	47	Picture	E51	1237334	0	1	5167	1	0	5000	other	0
CE4	48	Picture	A50	1264167	0	1	5167	1	0	5000	other	0
CE4	49	Picture	B55	1291167	0	1	5167	1	0	5000	miss	0
CE4	50	Picture	E51	1316667	0	1	5167	1	0	5000	miss	0
CE4	51	Picture	A50	1344500	0	1	5167	1	0	5000	hit	59
CE4	51	Response	2	1355897	11397	0
CE4	52	Picture	E51	1370167	0	1	5167	1	0	5000	other	0
CE4	53	Picture	B55	1395834	0	1	5167	1	0	5000	other	0
CE4	54	Picture	I52	1422834	0	1	5167	1	0	5000	other	0
CE4	55	Picture	E51	1448000	0	1	5167	1	0	5000	hit	64
CE4	55	Response	2	1463196	15195	0
CE4	56	Picture	E51	1474834	0	1	5167	1	0	5000	other	0
CE4	57	Picture	B55	1501667	0	1	5167	1	0	5000	false_alarm	67
CE4	57	Response	1	1519535	17868	0
CE4	58	Picture	E51	1526834	0	1	5167	1	0	5000	miss	0
CE4	59	Picture	F56	1553501	0	1	5167	1	0	5000	other	0
CE4	60	Picture	U54	1579167	0	1	5167	1	0	5000	other	0
CE4	61	Picture	M59	1605334	0	1	5167	1	0	5000	other	0
