Scenario - 
Logfile written - 01/29/2020 09:46:00

Subject	Trial	Event Type	Code	Time	TTime	Uncertainty	Duration	Uncertainty	ReqTime	ReqDur	Stim Type	Pair Index

CE5	1	Picture	Start	167	0	1	47167	1	0	next	false_alarm	2
CE5	1	Response	1	47248	47082	0
CE5	2	Picture	U54	52333	0	1	5167	1	0	5000	other	0
CE5	3	Picture	B55	78500	0	1	5167	1	0	5000	other	0
CE5	4	Picture	B55	104667	0	1	5167	1	0	5000	other	0
CE5	5	Picture	U54	131667	0	1	5167	1	0	5000	hit	7
CE5	5	Response	2	136815	5148	0
CE5	6	Picture	L58	158000	0	1	5167	1	0	5000	other	0
CE5	7	Picture	A50	185833	0	1	5167	1	0	5000	other	0
CE5	8	Picture	U54	211667	0	1	5167	1	0	5000	hit	11
CE5	8	Response	2	224268	12601	0
CE5	9	Picture	O53	237000	0	1	5167	1	0	5000	other	0
CE5	10	Picture	A50	262833	0	1	5167	1	0	5000	hit	14
CE5	10	Response	2	273388	10555	0
CE5	11	Picture	O53	288167	0	1	5167	1	0	5000	other	0
CE5	12	Picture	A50	314000	0	1	5167	1	0	5000	false_alarm	17
CE5	12	Response	1	319212	5212	0
CE5	13	Picture	A50	341000	0	1	5167	1	0	5000	miss	0
CE5	14	Picture	O53	366333	0	1	5167	1	0	5000	hit	20
CE5	14	Response	2	374207	7874	0
CE5	15	Picture	A50	392000	0	1	5167	1	0	5000	miss	0
CE5	16	Picture	L58	417500	0	1	5167	1	0	5000	other	0
CE5	17	Picture	M59	444500	0	1	5167	1	0	5000	other	0
CE5	18	Picture	A50	470000	0	1	5167	1	0	5000	hit	25
CE5	18	Response	2	474882	4882	0
CE5	19	Picture	B55	495833	0	1	5167	1	0	5000	other	0
CE5	20	Picture	O53	523500	0	1	5167	1	0	5000	other	0
CE5	21	Picture	A50	550833	0	1	5167	1	0	5000	hit	29
CE5	21	Response	2	558314	7481	0
CE5	22	Picture	B55	578500	0	1	5167	1	0	5000	hit	31
CE5	22	Response	2	589423	10922	0
CE5	23	Picture	O53	603667	0	1	5167	1	0	5000	hit	33
CE5	23	Response	2	613278	9611	0
CE5	24	Picture	L58	630667	0	1	5167	1	0	5000	other	0
CE5	25	Picture	O53	656834	0	1	5167	1	0	5000	false_alarm	36
CE5	25	Response	1	664127	7294	0
CE5	26	Picture	U54	684000	0	1	5167	1	0	5000	other	0
CE5	27	Picture	H57	712000	0	1	5167	1	0	5000	other	0
CE5	28	Picture	I52	739000	0	1	5167	1	0	5000	other	0
CE5	29	Picture	H57	764834	0	1	5167	1	0	5000	false_alarm	41
CE5	29	Response	1	771151	6318	0
CE5	30	Picture	H57	791167	0	1	5167	1	0	5000	miss	0
CE5	31	Picture	B55	818500	0	1	5167	1	0	5000	other	0
CE5	32	Picture	E51	845334	0	1	5167	1	0	5000	other	0
CE5	33	Picture	A50	872834	0	1	5167	1	0	5000	other	0
CE5	34	Picture	L58	898334	0	1	5167	1	0	5000	other	0
CE5	35	Picture	E51	925667	0	1	5167	1	0	5000	hit	48
CE5	35	Response	2	932892	7225	0
CE5	36	Picture	A50	953000	0	1	5167	1	0	5000	hit	50
CE5	36	Response	2	961165	8165	0
CE5	37	Picture	U54	980334	0	1	5167	1	0	5000	other	0
CE5	38	Picture	O53	1007500	0	1	5167	1	0	5000	other	0
CE5	39	Picture	A50	1032834	0	1	5167	1	0	5000	miss	0
CE5	40	Picture	B55	1060667	0	1	5167	1	0	5000	other	0
CE5	41	Picture	O53	1087667	0	1	5167	1	0	5000	hit	56
CE5	41	Response	2	1092541	4874	0
CE5	42	Picture	H57	1115167	0	1	5167	1	0	5000	other	0
CE5	43	Picture	B55	1140667	0	1	5167	1	0	5000	miss	0
CE5	44	Picture	U54	1168667	0	1	5167	1	0	5000	other	0
CE5	45	Picture	H57	1195334	0	1	5167	1	0	5000	hit	61
CE5	45	Response	2	1200877	5543	0
CE5	46	Picture	O53	1222667	0	1	5167	1	0	5000	other	0
CE5	47	Picture	U54	1248167	0	1	5167	1	0	5000	hit	64
CE5	47	Response	2	1253342	5175	0
CE5	48	Picture	M59	1276167	0	1	5167	1	0	5000	other	0
CE5	49	Picture	I52	1302167	0	1	5167	1	0	5000	other	0
CE5	50	Picture	M59	1329500	0	1	5167	1	0	5000	false_alarm	68
CE5	50	Response	1	1340068	10568	0
CE5	51	Picture	O53	1357000	0	1	5167	1	0	5000	other	0
CE5	52	Picture	I52	1382834	0	1	5167	1	0	5000	miss	0
CE5	53	Picture	I52	1408167	0	1	5167	1	0	5000	other	0
CE5	54	Picture	A50	1435500	0	1	5167	1	0	5000	other	0
CE5	55	Picture	M59	1460834	0	1	5167	1	0	5000	other	0
CE5	56	Picture	U54	1487667	0	1	5167	1	0	5000	other	0
CE5	57	Picture	H57	1515167	0	1	5167	1	0	5000	other	0
CE5	58	Picture	A50	1540667	0	1	5167	1	0	5000	false_alarm	77
CE5	58	Response	1	1554246	13578	0
CE5	59	Picture	I52	1568501	0	1	5167	1	0	5000	other	0
CE5	60	Picture	H57	1595334	0	1	5167	1	0	5000	miss	0
CE5	61	Picture	M59	1620667	0	1	5167	1	0	5000	other	0
