Scenario - 
Logfile written - 03/04/2020 14:23:07

Subject	Trial	Event Type	Code	Time	TTime	Uncertainty	Duration	Uncertainty	ReqTime	ReqDur	Stim Type	Pair Index

CE6	1	Picture	Start	167	0	1	81333	1	0	next	false_alarm	2
CE6	1	Response	1	81460	81294	0
CE6	2	Picture	O53	88167	0	1	5167	1	0	5000	other	0
CE6	3	Picture	O53	115833	0	1	5167	1	0	5000	other	0
CE6	4	Picture	O53	142833	0	1	5167	1	0	5000	other	0
CE6	5	Picture	M59	168667	0	1	5167	1	0	5000	other	0
CE6	6	Picture	A50	195833	0	1	5167	1	0	5000	other	0
CE6	7	Picture	B55	223833	0	1	5167	1	0	5000	other	0
CE6	8	Picture	B55	249500	0	1	5167	1	0	5000	other	0
CE6	9	Picture	H57	275833	0	1	5167	1	0	5000	other	0
CE6	10	Picture	B55	303833	0	1	5167	1	0	5000	miss	0
CE6	11	Picture	F56	331667	0	1	5167	1	0	5000	other	0
CE6	12	Picture	O53	357833	0	1	5167	1	0	5000	other	0
CE6	13	Picture	B55	384000	0	1	5167	1	0	5000	hit	15
CE6	13	Response	2	392141	8141	0
CE6	14	Picture	H57	409833	0	1	5167	1	0	5000	other	0
CE6	15	Picture	O53	436333	0	1	5167	1	0	5000	miss	0
CE6	16	Picture	B55	462000	0	1	5167	1	0	5000	miss	0
CE6	17	Picture	H57	487667	0	1	5167	1	0	5000	miss	0
CE6	18	Picture	F56	514167	0	1	5167	1	0	5000	other	0
CE6	19	Picture	B55	542000	0	1	5167	1	0	5000	miss	0
CE6	20	Picture	H57	567833	0	1	5167	1	0	5000	miss	0
CE6	21	Picture	I52	593333	0	1	5167	1	0	5000	other	0
CE6	22	Picture	F56	619167	0	1	5167	1	0	5000	other	0
CE6	23	Picture	H57	646000	0	1	5167	1	0	5000	miss	0
CE6	24	Picture	O53	673334	0	1	5167	1	0	5000	other	0
CE6	25	Picture	A50	700000	0	1	5167	1	0	5000	other	0
CE6	26	Picture	F56	726834	0	1	5167	1	0	5000	other	0
CE6	27	Picture	I52	753334	0	1	5167	1	0	5000	false_alarm	30
CE6	27	Response	1	764665	11331	0
CE6	28	Picture	H57	778667	0	1	5167	1	0	5000	other	0
CE6	29	Picture	M59	804167	0	1	5167	1	0	5000	other	0
CE6	30	Picture	H57	830834	0	1	5167	1	0	5000	other	0
CE6	31	Picture	B55	856167	0	1	5167	1	0	5000	other	0
CE6	32	Picture	I52	881667	0	1	5167	1	0	5000	other	0
CE6	33	Picture	I52	907834	0	1	5167	1	0	5000	other	0
CE6	34	Picture	L58	933500	0	1	5167	1	0	5000	other	0
CE6	35	Picture	I52	959000	0	1	5167	1	0	5000	miss	0
CE6	36	Picture	U54	984834	0	1	5167	1	0	5000	other	0
CE6	37	Picture	M59	1013000	0	1	5167	1	0	5000	other	0
CE6	38	Picture	F56	1038334	0	1	5167	1	0	5000	other	0
CE6	39	Picture	L58	1063667	0	1	5167	1	0	5000	false_alarm	43
CE6	39	Response	1	1076987	13320	0
CE6	40	Picture	M59	1091667	0	1	5167	1	0	5000	miss	0
CE6	41	Picture	F56	1119334	0	1	5167	1	0	5000	hit	46
CE6	41	Response	2	1128397	9063	0
CE6	42	Picture	I52	1145167	0	1	5167	1	0	5000	other	0
CE6	43	Picture	A50	1170834	0	1	5167	1	0	5000	other	0
CE6	44	Picture	F56	1197167	0	1	5167	1	0	5000	miss	0
CE6	45	Picture	I52	1222500	0	1	5167	1	0	5000	hit	51
CE6	45	Response	2	1233210	10710	0
CE6	46	Picture	O53	1249167	0	1	5167	1	0	5000	other	0
CE6	47	Picture	F56	1276500	0	1	5167	1	0	5000	hit	54
CE6	47	Response	2	1292241	15741	0
CE6	48	Picture	H57	1302667	0	1	5167	1	0	5000	other	0
CE6	49	Picture	O53	1329500	0	1	5167	1	0	5000	miss	0
CE6	50	Picture	E51	1357500	0	1	5167	1	0	5000	other	0
CE6	51	Picture	A50	1385334	0	1	5167	1	0	5000	other	0
CE6	52	Picture	O53	1412834	0	1	5167	1	0	5000	hit	60
CE6	52	Response	2	1418229	5395	0
CE6	53	Picture	E51	1439000	0	1	5167	1	0	5000	hit	62
CE6	53	Response	2	1446313	7313	0
CE6	54	Picture	O53	1466500	0	1	5167	1	0	5000	other	0
CE6	55	Picture	O53	1491667	0	1	5167	1	0	5000	hit	65
CE6	55	Response	2	1500552	8885	0
CE6	56	Picture	F56	1519167	0	1	5167	1	0	5000	other	0
CE6	57	Picture	O53	1545834	0	1	5167	1	0	5000	miss	0
CE6	58	Picture	I52	1571667	0	1	5167	1	0	5000	other	0
CE6	59	Picture	U54	1597334	0	1	5167	1	0	5000	other	0
CE6	60	Picture	H57	1624501	0	1	5167	1	0	5000	other	0
CE6	61	Picture	I52	1652001	0	1	5167	1	0	5000	miss	0
