Scenario - 
Logfile written - 03/12/2020 14:41:03

Subject	Trial	Event Type	Code	Time	TTime	Uncertainty	Duration	Uncertainty	ReqTime	ReqDur	Stim Type	Pair Index

CE8	1	Picture	Start	167	0	1	27167	1	0	next	false_alarm	2
CE8	1	Response	1	27287	27120	0
CE8	2	Picture	L58	34167	0	1	5167	1	0	5000	other	0
CE8	3	Picture	U54	59333	0	1	5167	1	0	5000	other	0
CE8	4	Picture	A50	87167	0	1	5167	1	0	5000	other	0
CE8	5	Picture	H57	112500	0	1	5167	1	0	5000	other	0
CE8	6	Picture	A50	138333	0	1	5167	1	0	5000	other	0
CE8	7	Picture	H57	164667	0	1	5167	1	0	5000	other	0
CE8	8	Picture	U54	190167	0	1	5167	1	0	5000	false_alarm	10
CE8	8	Response	1	197230	7064	0
CE8	9	Picture	L58	215667	0	1	5167	1	0	5000	other	0
CE8	10	Picture	H57	242667	0	1	5167	1	0	5000	hit	13
CE8	10	Response	2	246513	3846	0
CE8	11	Picture	U54	268167	0	1	5167	1	0	5000	hit	15
CE8	11	Response	2	272036	3869	0
CE8	12	Picture	F56	296000	0	1	5167	1	0	5000	other	0
CE8	13	Picture	H57	322667	0	1	5167	1	0	5000	miss	0
CE8	14	Picture	U54	350000	0	1	5167	1	0	5000	miss	0
CE8	15	Picture	E51	376000	0	1	5167	1	0	5000	other	0
CE8	16	Picture	E51	402000	0	1	5167	1	0	5000	other	0
CE8	17	Picture	U54	429833	0	1	5167	1	0	5000	hit	22
CE8	17	Response	2	436297	6463	0
CE8	18	Picture	E51	455500	0	1	5167	1	0	5000	hit	24
CE8	18	Response	2	464330	8830	0
CE8	19	Picture	F56	482167	0	1	5167	1	0	5000	other	0
CE8	20	Picture	A50	509333	0	1	5167	1	0	5000	other	0
CE8	21	Picture	I52	536833	0	1	5167	1	0	5000	other	0
CE8	22	Picture	F56	563500	0	1	5167	1	0	5000	hit	29
CE8	22	Response	2	569441	5941	0
CE8	23	Picture	A50	589167	0	1	5167	1	0	5000	hit	31
CE8	23	Response	2	593549	4382	0
CE8	24	Picture	I52	614833	0	1	5167	1	0	5000	hit	33
CE8	24	Response	2	618819	3986	0
CE8	25	Picture	L58	640500	0	1	5167	1	0	5000	other	0
CE8	26	Picture	B55	665667	0	1	5167	1	0	5000	other	0
CE8	27	Picture	F56	691667	0	1	5167	1	0	5000	other	0
CE8	28	Picture	M59	718000	0	1	5167	1	0	5000	other	0
CE8	29	Picture	I52	743167	0	1	5167	1	0	5000	false_alarm	39
CE8	29	Response	1	748589	5422	0
CE8	30	Picture	L58	770334	0	1	5167	1	0	5000	other	0
CE8	31	Picture	O53	797000	0	1	5167	1	0	5000	other	0
CE8	32	Picture	U54	823334	0	1	5167	1	0	5000	other	0
CE8	33	Picture	I52	848834	0	1	5167	1	0	5000	other	0
CE8	34	Picture	F56	876167	0	1	5167	1	0	5000	other	0
CE8	35	Picture	A50	901334	0	1	5167	1	0	5000	other	0
CE8	36	Picture	H57	928667	0	1	5167	1	0	5000	other	0
CE8	37	Picture	L58	956334	0	1	5167	1	0	5000	other	0
CE8	38	Picture	A50	982667	0	1	5167	1	0	5000	hit	49
CE8	38	Response	2	997851	15184	0
CE8	39	Picture	H57	1008834	0	1	5167	1	0	5000	miss	0
CE8	40	Picture	L58	1036000	0	1	5167	1	0	5000	miss	0
CE8	41	Picture	H57	1062667	0	1	5167	1	0	5000	false_alarm	53
CE8	41	Response	1	1069192	6525	0
CE8	42	Picture	F56	1088167	0	1	5167	1	0	5000	other	0
CE8	43	Picture	L58	1113834	0	1	5167	1	0	5000	miss	0
CE8	44	Picture	H57	1140000	0	1	5167	1	0	5000	hit	57
CE8	44	Response	2	1143529	3528	0
CE8	45	Picture	O53	1167500	0	1	5167	1	0	5000	other	0
CE8	46	Picture	B55	1194500	0	1	5167	1	0	5000	other	0
CE8	47	Picture	F56	1221667	0	1	5167	1	0	5000	false_alarm	61
CE8	47	Response	1	1226845	5178	0
CE8	48	Picture	U54	1248000	0	1	5167	1	0	5000	other	0
CE8	49	Picture	B55	1274667	0	1	5167	1	0	5000	miss	0
CE8	50	Picture	U54	1302667	0	1	5167	1	0	5000	false_alarm	65
CE8	50	Response	1	1310992	8325	0
CE8	51	Picture	B55	1328500	0	1	5167	1	0	5000	false_alarm	67
CE8	51	Response	1	1348192	19692	0
CE8	52	Picture	A50	1356500	0	1	5167	1	0	5000	other	0
CE8	53	Picture	H57	1382334	0	1	5167	1	0	5000	other	0
CE8	54	Picture	B55	1410167	0	1	5167	1	0	5000	miss	0
CE8	55	Picture	L58	1436000	0	1	5167	1	0	5000	other	0
CE8	56	Picture	F56	1461334	0	1	5167	1	0	5000	other	0
CE8	57	Picture	B55	1488834	0	1	5167	1	0	5000	hit	74
CE8	57	Response	2	1495889	7055	0
CE8	58	Picture	L58	1515167	0	1	5167	1	0	5000	hit	76
CE8	58	Response	2	1525270	10103	0
CE8	59	Picture	F56	1541001	0	1	5167	1	0	5000	miss	0
CE8	60	Picture	B55	1567667	0	1	5167	1	0	5000	miss	0
CE8	61	Picture	A50	1594834	0	1	5167	1	0	5000	false_alarm	80
CE8	61	Response	1	1609082	14249	0
