Scenario - 
Logfile written - 10/22/2020 14:15:08

Subject	Trial	Event Type	Code	Time	TTime	Uncertainty	Duration	Uncertainty	ReqTime	ReqDur	Stim Type	Pair Index

CE9	1	Picture	Start	167	0	1	118833	1	0	next	false_alarm	2
CE9	1	Response	1	118108	117941	0
CE9	2	Picture	F56	123833	0	1	5167	1	0	5000	other	0
CE9	3	Picture	B55	150667	0	1	5167	1	0	5000	other	0
CE9	4	Picture	B55	178500	0	1	5167	1	0	5000	other	0
CE9	5	Picture	O53	203667	0	1	5167	1	0	5000	other	0
CE9	6	Picture	B55	231500	0	1	5167	1	0	5000	hit	8
CE9	6	Response	2	238920	7419	0
CE9	7	Picture	H57	257333	0	1	5167	1	0	5000	other	0
CE9	8	Picture	B55	282834	0	1	5167	1	0	5000	false_alarm	11
CE9	8	Response	1	296657	13824	0
CE9	9	Picture	U54	310500	0	1	5167	1	0	5000	other	0
CE9	10	Picture	E51	335667	0	1	5167	1	0	5000	other	0
CE9	11	Picture	B55	363500	0	1	5167	1	0	5000	miss	0
CE9	12	Picture	A50	388834	0	1	5167	1	0	5000	other	0
CE9	13	Picture	E51	415000	0	1	5167	1	0	5000	hit	17
CE9	13	Response	2	428753	13753	0
CE9	14	Picture	B55	441834	0	1	5167	1	0	5000	miss	0
CE9	15	Picture	B55	467834	0	1	5167	1	0	5000	other	0
CE9	16	Picture	F56	495500	0	1	5167	1	0	5000	other	0
CE9	17	Picture	B55	522334	0	1	5167	1	0	5000	hit	22
CE9	17	Response	2	532221	9887	0
CE9	18	Picture	B55	550334	0	1	5167	1	0	5000	miss	0
CE9	19	Picture	F56	578167	0	1	5167	1	0	5000	miss	0
CE9	20	Picture	B55	605667	0	1	5167	1	0	5000	miss	0
CE9	21	Picture	M59	632334	0	1	5167	1	0	5000	other	0
CE9	22	Picture	F56	657834	0	1	5167	1	0	5000	hit	28
CE9	22	Response	2	666545	8711	0
CE9	23	Picture	B55	685667	0	1	5167	1	0	5000	miss	0
CE9	24	Picture	M59	711667	0	1	5167	1	0	5000	hit	31
CE9	24	Response	2	725608	13941	0
CE9	25	Picture	F56	738001	0	1	5167	1	0	5000	miss	0
CE9	26	Picture	M59	765501	0	1	5167	1	0	5000	other	0
CE9	27	Picture	B55	791167	0	1	5167	1	0	5000	false_alarm	35
CE9	27	Response	1	795533	4366	0
CE9	28	Picture	O53	816334	0	1	5167	1	0	5000	other	0
CE9	29	Picture	U54	843501	0	1	5167	1	0	5000	other	0
CE9	30	Picture	E51	869334	0	1	5167	1	0	5000	other	0
CE9	31	Picture	M59	896834	0	1	5167	1	0	5000	other	0
CE9	32	Picture	H57	922834	0	1	5167	1	0	5000	other	0
CE9	33	Picture	L58	950334	0	1	5167	1	0	5000	other	0
CE9	34	Picture	E51	977834	0	1	5167	1	0	5000	other	0
CE9	35	Picture	H57	1003501	0	1	5167	1	0	5000	miss	0
CE9	36	Picture	M59	1030001	0	1	5167	1	0	5000	other	0
CE9	37	Picture	L58	1055668	0	1	5167	1	0	5000	false_alarm	46
CE9	37	Response	1	1074011	18343	0
CE9	38	Picture	O53	1083168	0	1	5167	1	0	5000	other	0
CE9	39	Picture	L58	1109001	0	1	5167	1	0	5000	other	0
CE9	40	Picture	L58	1134501	0	1	5167	1	0	5000	miss	0
CE9	41	Picture	F56	1162168	0	1	5167	1	0	5000	other	0
CE9	42	Picture	H57	1189334	0	1	5167	1	0	5000	other	0
CE9	43	Picture	L58	1215501	0	1	5167	1	0	5000	hit	53
CE9	43	Response	2	1227910	12409	0
CE9	44	Picture	L58	1243001	0	1	5167	1	0	5000	other	0
CE9	45	Picture	L58	1270501	0	1	5167	1	0	5000	other	0
CE9	46	Picture	H57	1295834	0	1	5167	1	0	5000	other	0
CE9	47	Picture	L58	1322501	0	1	5167	1	0	5000	miss	0
CE9	48	Picture	H57	1349834	0	1	5167	1	0	5000	other	0
CE9	49	Picture	U54	1377668	0	1	5167	1	0	5000	other	0
CE9	50	Picture	L58	1404668	0	1	5167	1	0	5000	hit	61
CE9	50	Response	2	1412300	7632	0
CE9	51	Picture	I52	1432668	0	1	5167	1	0	5000	other	0
CE9	52	Picture	H57	1460501	0	1	5167	1	0	5000	other	0
CE9	53	Picture	A50	1486168	0	1	5167	1	0	5000	other	0
CE9	54	Picture	F56	1514001	0	1	5167	1	0	5000	other	0
CE9	55	Picture	F56	1541835	0	1	5167	1	0	5000	other	0
CE9	56	Picture	A50	1567335	0	1	5167	1	0	5000	miss	0
CE9	57	Picture	E51	1592501	0	1	5167	1	0	5000	other	0
CE9	58	Picture	F56	1617835	0	1	5167	1	0	5000	miss	0
CE9	59	Picture	A50	1645335	0	1	5167	1	0	5000	miss	0
CE9	60	Picture	L58	1672168	0	1	5167	1	0	5000	other	0
CE9	61	Picture	M59	1698001	0	1	5167	1	0	5000	other	0
