Scenario - 
Logfile written - 10/22/2020 14:18:31

Subject	Trial	Event Type	Code	Time	TTime	Uncertainty	Duration	Uncertainty	ReqTime	ReqDur	Stim Type	Pair Index

CE9	1	Picture	Start	167	0	1	170167	1	0	next	false_alarm	2
CE9	1	Response	1	170231	170064	0
CE9	3	Sound	H57	175182	15	411			0		other	0
CE9	5	Sound	I52	201167	0	2			0		other	0
CE9	7	Sound	O53	226667	0	2			0		other	0
CE9	9	Sound	H57	251167	0	2			0		miss	0
CE9	11	Sound	H57	276167	0	2			0		other	0
CE9	13	Sound	U54	301501	0	2			0		other	0
CE9	15	Sound	L58	326001	0	2			0		other	0
CE9	17	Sound	H57	351667	0	2			0		miss	0
CE9	19	Sound	F56	376334	0	2			0		other	0
CE9	21	Sound	A50	402667	0	2			0		other	0
CE9	23	Sound	H57	428167	0	2			0		miss	0
CE9	25	Sound	F56	455501	0	2			0		miss	0
CE9	27	Sound	A50	481667	0	2			0		miss	0
CE9	29	Sound	B55	507501	0	2			0		other	0
CE9	31	Sound	F56	532334	0	2			0		hit	18
CE9	31	Response	2	545265	12931	0
CE9	33	Sound	A50	559501	0	2			0		miss	0
CE9	35	Sound	B55	586167	0	2			0		hit	21
CE9	35	Response	2	595193	9026	0
CE9	37	Sound	A50	612501	0	2			0		other	0
CE9	39	Sound	F56	637668	0	2			0		other	0
CE9	41	Sound	L58	663668	0	2			0		other	0
CE9	43	Sound	A50	690334	0	2			0		hit	26
CE9	43	Response	2	703459	13125	0
CE9	45	Sound	B55	717001	0	2			0		other	0
CE9	47	Sound	L58	742834	0	2			0		hit	29
CE9	47	Response	2	753102	10269	0
CE9	49	Sound	B55	767168	0	2			0		other	0
CE9	51	Sound	H57	792668	0	2			0		other	0
CE9	53	Sound	B55	818001	0	2			0		false_alarm	33
CE9	53	Response	1	834710	16710	0
CE9	55	Sound	B55	844501	0	2			0		miss	0
CE9	57	Sound	L58	871334	0	2			0		other	0
CE9	59	Sound	B55	896834	0	2			0		hit	37
CE9	59	Response	2	907176	10342	0
CE9	61	Sound	F56	922834	0	2			0		other	0
CE9	63	Sound	B55	949334	0	2			0		false_alarm	40
CE9	63	Response	1	960513	11179	0
CE9	65	Sound	H57	975668	0	2			0		other	0
CE9	67	Sound	A50	1002001	0	2			0		other	0
CE9	69	Sound	M59	1028501	0	2			0		other	0
CE9	71	Sound	F56	1054501	0	2			0		other	0
CE9	73	Sound	A50	1080668	0	2			0		hit	46
CE9	73	Response	2	1098066	17398	0
CE9	75	Sound	B55	1105835	0	2			0		other	0
CE9	77	Sound	E51	1132168	0	2			0		other	0
CE9	79	Sound	A50	1158835	0	2			0		hit	50
CE9	79	Response	2	1178590	19756	0
CE9	81	Sound	E51	1184168	0	2			0		other	0
CE9	83	Sound	E51	1210168	0	2			0		miss	0
CE9	85	Sound	H57	1235335	0	2			0		other	0
CE9	87	Sound	E51	1260001	0	2			0		hit	55
CE9	87	Response	2	1273167	13166	0
CE9	89	Sound	E51	1287001	0	2			0		miss	0
CE9	91	Sound	A50	1313501	0	2			0		false_alarm	58
CE9	91	Response	1	1331477	17976	0
CE9	93	Sound	M59	1340668	0	2			0		other	0
CE9	95	Sound	L58	1365335	0	2			0		other	0
CE9	97	Sound	O53	1392335	0	2			0		other	0
CE9	99	Sound	M59	1417168	0	2			0		miss	0
CE9	101	Sound	U54	1443335	0	2			0		other	0
CE9	103	Sound	A50	1468335	0	2			0		other	0
CE9	105	Sound	I52	1494835	0	2			0		other	0
CE9	107	Sound	E51	1521502	0	2			0		other	0
CE9	109	Sound	A50	1546835	0	2			0		hit	68
CE9	109	Response	2	1562417	15583	0
CE9	111	Sound	U54	1572335	0	2			0		other	0
CE9	113	Sound	B55	1599168	0	2			0		other	0
CE9	115	Sound	L58	1623502	1	2			0		other	0
CE9	117	Sound	U54	1649335	0	2			0		hit	73
CE9	117	Response	2	1655264	5929	0
CE9	119	Sound	U54	1676335	0	2			0		other	0
CE9	121	Sound	F56	1702168	0	2			0		other	0
