Scenario - 
Logfile written - 11/02/2020 09:51:31

Subject	Trial	Event Type	Code	Time	TTime	Uncertainty	Duration	Uncertainty	ReqTime	ReqDur	Stim Type	Pair Index

CF0	1	Picture	Start	167	0	1	108833	1	0	next	false_alarm	2
CF0	1	Response	1	108979	108812	0
CF0	2	Picture	A50	115833	0	1	5167	1	0	5000	other	0
CF0	3	Picture	E51	141667	0	1	5167	1	0	5000	other	0
CF0	4	Picture	M59	167000	0	1	5167	1	0	5000	other	0
CF0	5	Picture	H57	194333	0	1	5166	1	0	5000	other	0
CF0	6	Picture	I52	222167	0	1	5167	1	0	5000	other	0
CF0	7	Picture	M59	249667	0	1	5167	1	0	5000	miss	0
CF0	8	Picture	B55	276000	0	1	5167	1	0	5000	other	0
CF0	9	Picture	I52	303834	0	1	5167	1	0	5000	miss	0
CF0	10	Picture	F56	329667	0	1	5167	1	0	5000	other	0
CF0	11	Picture	M59	356667	0	1	5167	1	0	5000	false_alarm	13
CF0	11	Response	1	365343	8676	0
CF0	12	Picture	I52	384500	0	1	5167	1	0	5000	hit	15
CF0	12	Response	2	399606	15106	0
CF0	13	Picture	F56	411667	0	1	5167	1	0	5000	hit	17
CF0	13	Response	2	423454	11787	0
CF0	14	Picture	E51	437667	0	1	5167	1	0	5000	other	0
CF0	15	Picture	U54	462834	0	1	5167	1	0	5000	other	0
CF0	16	Picture	A50	490167	0	1	5167	1	0	5000	other	0
CF0	17	Picture	A50	516167	0	1	5167	1	0	5000	other	0
CF0	18	Picture	U54	542000	0	1	5167	1	0	5000	hit	23
CF0	18	Response	2	554128	12128	0
CF0	19	Picture	F56	568167	0	1	5167	1	0	5000	other	0
CF0	20	Picture	A50	595334	0	1	5167	1	0	5000	hit	26
CF0	20	Response	2	611856	16523	0
CF0	21	Picture	U54	621334	0	1	5167	1	0	5000	hit	28
CF0	21	Response	2	632619	11285	0
CF0	22	Picture	E51	647167	0	1	5167	1	0	5000	other	0
CF0	23	Picture	F56	674334	0	1	5167	1	0	5000	other	0
CF0	24	Picture	H57	702167	0	1	5167	1	0	5000	other	0
CF0	25	Picture	E51	728167	0	1	5167	1	0	5000	hit	33
CF0	25	Response	2	742092	13925	0
CF0	26	Picture	F56	755667	0	1	5167	1	0	5000	miss	0
CF0	27	Picture	H57	782667	0	1	5167	1	0	5000	miss	0
CF0	28	Picture	O53	809334	0	1	5167	1	0	5000	other	0
CF0	29	Picture	F56	835501	0	1	5167	1	0	5000	hit	38
CF0	29	Response	2	853481	17980	0
CF0	30	Picture	I52	862167	0	1	5167	1	0	5000	other	0
CF0	31	Picture	O53	888834	0	1	5167	1	0	5000	hit	41
CF0	31	Response	2	899064	10230	0
CF0	32	Picture	H57	916667	0	1	5167	1	0	5000	other	0
CF0	33	Picture	I52	943501	0	1	5167	1	0	5000	miss	0
CF0	34	Picture	F56	969001	0	1	5167	1	0	5000	false_alarm	45
CF0	34	Response	1	986723	17722	0
CF0	35	Picture	O53	994501	0	1	5167	1	0	5000	other	0
CF0	36	Picture	B55	1021167	0	1	5167	1	0	5000	other	0
CF0	37	Picture	F56	1049167	0	1	5167	1	0	5000	hit	49
CF0	37	Response	2	1058118	8951	0
CF0	38	Picture	I52	1074668	0	1	5167	1	0	5000	other	0
CF0	39	Picture	B55	1100834	0	1	5167	1	0	5000	hit	52
CF0	39	Response	2	1111278	10444	0
CF0	40	Picture	E51	1128668	0	1	5167	1	0	5000	other	0
CF0	41	Picture	H57	1155334	0	1	5167	1	0	5000	other	0
CF0	42	Picture	B55	1181001	0	1	5167	1	0	5000	hit	56
CF0	42	Response	2	1189812	8811	0
CF0	43	Picture	O53	1209001	0	1	5167	1	0	5000	other	0
CF0	44	Picture	F56	1234168	0	1	5167	1	0	5000	other	0
CF0	45	Picture	U54	1262168	0	1	5167	1	0	5000	other	0
CF0	46	Picture	L58	1290001	0	1	5167	1	0	5000	other	0
CF0	47	Picture	H57	1318001	0	1	5167	1	0	5000	other	0
CF0	48	Picture	U54	1345501	0	1	5167	1	0	5000	hit	63
CF0	48	Response	2	1354086	8584	0
CF0	49	Picture	L58	1372834	0	1	5167	1	0	5000	hit	65
CF0	49	Response	2	1383906	11072	0
CF0	50	Picture	L58	1398334	0	1	5167	1	0	5000	other	0
CF0	51	Picture	L58	1425668	0	1	5167	1	0	5000	other	0
CF0	52	Picture	L58	1452501	0	1	5167	1	0	5000	hit	69
CF0	52	Response	2	1456861	4360	0
CF0	53	Picture	O53	1478001	0	1	5167	1	0	5000	other	0
CF0	54	Picture	B55	1506001	0	1	5167	1	0	5000	other	0
CF0	55	Picture	I52	1531668	0	1	5167	1	0	5000	other	0
CF0	56	Picture	B55	1557335	0	1	5167	1	0	5000	other	0
CF0	57	Picture	U54	1583168	0	1	5167	1	0	5000	other	0
CF0	58	Picture	O53	1611168	0	1	5167	1	0	5000	other	0
CF0	59	Picture	B55	1637001	0	1	5167	1	0	5000	hit	77
CF0	59	Response	2	1645597	8596	0
CF0	60	Picture	O53	1664001	0	1	5167	1	0	5000	other	0
CF0	61	Picture	M59	1692001	0	1	5167	1	0	5000	other	0
