Scenario - 
Logfile written - 11/10/2020 14:21:39

Subject	Trial	Event Type	Code	Time	TTime	Uncertainty	Duration	Uncertainty	ReqTime	ReqDur	Stim Type	Pair Index

CF1	1	Picture	Start	167	0	1	1092501	1	0	next	false_alarm	2
CF1	1	Response	1	1092617	1092450	0
CF1	2	Picture	F56	1100668	0	1	5167	1	0	5000	other	0
CF1	3	Picture	L58	1128168	0	1	5167	1	0	5000	other	0
CF1	4	Picture	U54	1155834	0	1	5167	1	0	5000	other	0
CF1	5	Picture	U54	1182334	0	1	5167	1	0	5000	other	0
CF1	6	Picture	I52	1208501	0	1	5167	1	0	5000	other	0
CF1	7	Picture	H57	1235001	0	1	5167	1	0	5000	false_alarm	9
CF1	7	Response	1	1254225	19224	0
CF1	8	Picture	U54	1261001	0	1	5167	1	0	5000	hit	11
CF1	8	Response	2	1275262	14261	0
CF1	9	Picture	E51	1287501	0	1	5167	1	0	5000	other	0
CF1	10	Picture	H57	1313834	0	1	5167	1	0	5000	hit	14
CF1	10	Response	2	1325045	11211	0
CF1	11	Picture	A50	1339668	0	1	5167	1	0	5000	other	0
CF1	12	Picture	E51	1366834	0	1	5167	1	0	5000	hit	17
CF1	12	Response	2	1376141	9307	0
CF1	13	Picture	L58	1392501	0	1	5167	1	0	5000	false_alarm	19
CF1	13	Response	1	1408339	15838	0
CF1	14	Picture	O53	1420501	0	1	5167	1	0	5000	other	0
CF1	15	Picture	F56	1447334	0	1	5167	1	0	5000	other	0
CF1	16	Picture	L58	1473168	0	1	5167	1	0	5000	hit	23
CF1	16	Response	2	1491618	18450	0
CF1	17	Picture	O53	1500835	0	1	5167	1	0	5000	hit	25
CF1	17	Response	2	1509352	8518	0
CF1	18	Picture	F56	1528168	0	1	5167	1	0	5000	miss	0
CF1	19	Picture	E51	1554335	0	1	5167	1	0	5000	other	0
CF1	20	Picture	O53	1580835	0	1	5167	1	0	5000	hit	29
CF1	20	Response	2	1593060	12225	0
CF1	21	Picture	F56	1608835	0	1	5167	1	0	5000	hit	31
CF1	21	Response	2	1622345	13510	0
CF1	22	Picture	A50	1635001	0	1	5167	1	0	5000	other	0
CF1	23	Picture	M59	1661168	0	1	5167	1	0	5000	other	0
CF1	24	Picture	A50	1687335	0	1	5167	1	0	5000	other	0
CF1	25	Picture	A50	1715001	0	1	5167	1	0	5000	hit	36
CF1	25	Response	2	1727264	12263	0
CF1	26	Picture	B55	1742335	0	1	5167	1	0	5000	other	0
CF1	27	Picture	A50	1769001	0	1	5167	1	0	5000	hit	39
CF1	27	Response	2	1780007	11005	0
CF1	28	Picture	I52	1795501	0	1	5167	1	0	5000	other	0
CF1	29	Picture	B55	1823168	0	1	5167	1	0	5000	miss	0
CF1	30	Picture	I52	1849501	0	1	5167	1	0	5000	other	0
CF1	31	Picture	H57	1877168	0	1	5167	1	0	5000	other	0
CF1	32	Picture	B55	1902335	0	1	5167	1	0	5000	hit	45
CF1	32	Response	2	1919079	16744	0
CF1	33	Picture	I52	1928502	0	1	5167	1	0	5000	miss	0
CF1	34	Picture	A50	1956002	0	1	5167	1	0	5000	other	0
CF1	35	Picture	B55	1982002	0	1	5167	1	0	5000	miss	0
CF1	36	Picture	L58	2007335	0	1	5167	1	0	5000	false_alarm	50
CF1	36	Response	1	2009731	2396	0
CF1	37	Picture	H57	2033168	0	1	5167	1	0	5000	other	0
CF1	38	Picture	O53	2061002	0	1	5167	1	0	5000	other	0
CF1	39	Picture	U54	2088168	0	1	5167	1	0	5000	other	0
CF1	40	Picture	H57	2115835	0	1	5167	1	0	5000	hit	55
CF1	40	Response	2	2121747	5912	0
CF1	41	Picture	O53	2143502	0	1	5167	1	0	5000	hit	57
CF1	41	Response	2	2153146	9645	0
CF1	42	Picture	A50	2169668	0	1	5167	1	0	5000	other	0
CF1	43	Picture	A50	2196335	0	1	5167	1	0	5000	other	0
CF1	44	Picture	F56	2222335	0	1	5167	1	0	5000	other	0
CF1	45	Picture	F56	2247502	0	1	5167	1	0	5000	other	0
CF1	46	Picture	F56	2275335	0	1	5167	1	0	5000	false_alarm	63
CF1	46	Response	1	2282440	7105	0
CF1	47	Picture	M59	2303169	0	1	5167	1	0	5000	other	0
CF1	48	Picture	U54	2330669	0	1	5167	1	0	5000	other	0
CF1	49	Picture	F56	2357169	0	1	5167	1	0	5000	hit	67
CF1	49	Response	2	2363504	6335	0
CF1	50	Picture	M59	2382669	0	1	5167	1	0	5000	hit	69
CF1	50	Response	2	2396636	13968	0
CF1	51	Picture	L58	2409502	0	1	5167	1	0	5000	other	0
CF1	52	Picture	E51	2435502	0	1	5167	1	0	5000	other	0
CF1	53	Picture	U54	2461335	0	1	5167	1	0	5000	other	0
CF1	54	Picture	I52	2486835	0	1	5167	1	0	5000	other	0
CF1	55	Picture	E51	2514335	0	1	5167	1	0	5000	miss	0
CF1	56	Picture	I52	2540669	0	1	5167	1	0	5000	false_alarm	76
CF1	56	Response	1	2555233	14564	0
CF1	57	Picture	I52	2568335	0	1	5167	1	0	5000	miss	0
CF1	58	Picture	A50	2596169	0	1	5167	1	0	5000	other	0
CF1	59	Picture	E51	2623669	0	1	5167	1	0	5000	other	0
CF1	60	Picture	U54	2651002	0	1	5167	1	0	5000	other	0
CF1	61	Picture	O53	2677169	0	1	5167	1	0	5000	other	0
