Scenario - 
Logfile written - 11/20/2020 14:22:59

Subject	Trial	Event Type	Code	Time	TTime	Uncertainty	Duration	Uncertainty	ReqTime	ReqDur	Stim Type	Pair Index

CF2	1	Picture	Start	167	0	1	50500	1	0	next	false_alarm	2
CF2	1	Response	1	50494	50327	0
CF2	2	Picture	I52	56000	0	1	5167	1	0	5000	other	0
CF2	3	Picture	B55	82667	0	1	5167	1	0	5000	other	0
CF2	4	Picture	B55	108000	0	1	5167	1	0	5000	other	0
CF2	5	Picture	E51	134167	0	1	5167	1	0	5000	other	0
CF2	6	Picture	O53	161000	0	1	5167	1	0	5000	other	0
CF2	7	Picture	B55	187833	0	1	5167	1	0	5000	hit	9
CF2	7	Response	2	191199	3366	0
CF2	8	Picture	E51	214833	0	1	5167	1	0	5000	hit	11
CF2	8	Response	2	220467	5633	0
CF2	9	Picture	B55	240000	0	1	5167	1	0	5000	other	0
CF2	10	Picture	F56	267000	0	1	5167	1	0	5000	other	0
CF2	11	Picture	A50	292667	0	1	5167	1	0	5000	other	0
CF2	12	Picture	L58	320667	0	1	5167	1	0	5000	other	0
CF2	13	Picture	F56	346000	0	1	5167	1	0	5000	miss	0
CF2	14	Picture	A50	373667	0	1	5167	1	0	5000	miss	0
CF2	15	Picture	L58	399334	0	1	5167	1	0	5000	hit	19
CF2	15	Response	2	405592	6259	0
CF2	16	Picture	A50	425167	0	1	5167	1	0	5000	false_alarm	21
CF2	16	Response	1	439277	14110	0
CF2	17	Picture	B55	452000	0	1	5167	1	0	5000	other	0
CF2	18	Picture	L58	479667	0	1	5167	1	0	5000	hit	24
CF2	18	Response	2	486871	7204	0
CF2	19	Picture	A50	505500	0	1	5167	1	0	5000	miss	0
CF2	20	Picture	M59	533334	0	1	5167	1	0	5000	other	0
CF2	21	Picture	H57	561167	0	1	5167	1	0	5000	other	0
CF2	22	Picture	A50	587667	0	1	5167	1	0	5000	hit	29
CF2	22	Response	2	599831	12164	0
CF2	23	Picture	F56	613834	0	1	5167	1	0	5000	other	0
CF2	24	Picture	U54	641834	0	1	5167	1	0	5000	other	0
CF2	25	Picture	F56	668000	0	1	5167	1	0	5000	false_alarm	33
CF2	25	Response	1	673994	5993	0
CF2	26	Picture	F56	693334	0	1	5167	1	0	5000	miss	0
CF2	27	Picture	H57	719834	0	1	5167	1	0	5000	false_alarm	36
CF2	27	Response	1	723941	4107	0
CF2	28	Picture	F56	745001	0	1	5167	1	0	5000	miss	0
CF2	29	Picture	H57	772334	0	1	5167	1	0	5000	other	0
CF2	30	Picture	O53	798501	0	1	5167	1	0	5000	other	0
CF2	31	Picture	F56	825667	0	1	5167	1	0	5000	hit	41
CF2	31	Response	2	831677	6010	0
CF2	32	Picture	A50	851334	0	1	5167	1	0	5000	other	0
CF2	33	Picture	H57	876834	0	1	5167	1	0	5000	other	0
CF2	34	Picture	F56	904001	0	1	5167	1	0	5000	hit	45
CF2	34	Response	2	919431	15430	0
CF2	35	Picture	M59	929834	0	1	5167	1	0	5000	other	0
CF2	36	Picture	F56	957501	0	1	5167	1	0	5000	other	0
CF2	37	Picture	F56	984334	0	1	5167	1	0	5000	miss	0
CF2	38	Picture	M59	1009501	0	1	5167	1	0	5000	hit	50
CF2	38	Response	2	1017831	8330	0
CF2	39	Picture	B55	1037334	0	1	5167	1	0	5000	other	0
CF2	40	Picture	M59	1063501	0	1	5167	1	0	5000	other	0
CF2	41	Picture	L58	1089834	0	1	5167	1	0	5000	other	0
CF2	42	Picture	B55	1117834	0	1	5167	1	0	5000	hit	55
CF2	42	Response	2	1122725	4890	0
CF2	43	Picture	H57	1143501	0	1	5167	1	0	5000	other	0
CF2	44	Picture	E51	1171001	0	1	5167	1	0	5000	other	0
CF2	45	Picture	M59	1198668	0	1	5167	1	0	5000	other	0
CF2	46	Picture	U54	1224168	0	1	5167	1	0	5000	other	0
CF2	47	Picture	A50	1251834	0	1	5167	1	0	5000	other	0
CF2	48	Picture	U54	1279668	0	1	5167	1	0	5000	other	0
CF2	49	Picture	F56	1306501	0	1	5167	1	0	5000	other	0
CF2	50	Picture	A50	1332168	0	1	5167	1	0	5000	hit	64
CF2	50	Response	2	1342467	10299	0
CF2	51	Picture	H57	1359834	0	1	5167	1	0	5000	other	0
CF2	52	Picture	E51	1386168	0	1	5167	1	0	5000	other	0
CF2	53	Picture	B55	1412168	0	1	5167	1	0	5000	other	0
CF2	54	Picture	H57	1437834	0	1	5167	1	0	5000	hit	69
CF2	54	Response	2	1447017	9183	0
CF2	55	Picture	E51	1465168	0	1	5167	1	0	5000	miss	0
CF2	56	Picture	O53	1491335	0	1	5167	1	0	5000	other	0
CF2	57	Picture	O53	1518835	0	1	5167	1	0	5000	other	0
CF2	58	Picture	U54	1545168	0	1	5167	1	0	5000	other	0
CF2	59	Picture	O53	1572668	0	1	5167	1	0	5000	hit	75
CF2	59	Response	2	1581072	8404	0
CF2	60	Picture	B55	1600501	0	1	5167	1	0	5000	other	0
CF2	61	Picture	L58	1627668	0	1	5167	1	0	5000	other	0
