Scenario - 
Logfile written - 10/06/2021 09:40:54

Subject	Trial	Event Type	Code	Time	TTime	Uncertainty	Duration	Uncertainty	ReqTime	ReqDur	Stim Type	Pair Index

CF3	1	Picture	Start	167	0	1	94333	1	0	next	false_alarm	2
CF3	1	Response	1	94430	94264	0
CF3	2	Picture	E51	100500	0	1	5167	1	0	5000	other	0
CF3	3	Picture	M59	127667	0	1	5167	1	0	5000	other	0
CF3	4	Picture	I52	153500	0	1	5167	1	0	5000	other	0
CF3	5	Picture	O53	180667	0	1	5167	1	0	5000	other	0
CF3	6	Picture	M59	208333	0	1	5167	1	0	5000	miss	0
CF3	7	Picture	I52	233500	0	1	5167	1	0	5000	miss	0
CF3	8	Picture	I52	259667	0	1	5167	1	0	5000	other	0
CF3	9	Picture	O53	287500	0	1	5167	1	0	5000	other	0
CF3	10	Picture	H57	314167	0	1	5166	1	0	5000	other	0
CF3	11	Picture	H57	340500	0	1	5167	1	0	5000	other	0
CF3	12	Picture	O53	366834	0	1	5167	1	0	5000	miss	0
CF3	13	Picture	F56	393000	0	1	5167	1	0	5000	other	0
CF3	14	Picture	F56	419667	0	1	5167	1	0	5000	other	0
CF3	15	Picture	E51	447000	0	1	5167	1	0	5000	other	0
CF3	16	Picture	I52	474334	0	1	5167	1	0	5000	other	0
CF3	17	Picture	I52	499500	0	1	5167	1	0	5000	other	0
CF3	18	Picture	M59	526000	0	1	5167	1	0	5000	other	0
CF3	19	Picture	U54	553667	0	1	5167	1	0	5000	other	0
CF3	20	Picture	O53	579000	0	1	5167	1	0	5000	other	0
CF3	21	Picture	I52	606000	0	1	5167	1	0	5000	other	0
CF3	22	Picture	U54	632167	0	1	5167	1	0	5000	miss	0
CF3	23	Picture	H57	659334	0	1	5167	1	0	5000	other	0
CF3	24	Picture	U54	686000	0	1	5167	1	0	5000	other	0
CF3	25	Picture	U54	711334	0	1	5167	1	0	5000	miss	0
CF3	26	Picture	B55	738834	0	1	5167	1	0	5000	other	0
CF3	27	Picture	U54	764501	0	1	5167	1	0	5000	hit	29
CF3	27	Response	2	770709	6208	0
CF3	28	Picture	E51	789834	0	1	5167	1	0	5000	other	0
CF3	29	Picture	E51	816001	0	1	5167	1	0	5000	other	0
CF3	30	Picture	B55	841501	0	1	5167	1	0	5000	false_alarm	33
CF3	30	Response	1	850093	8592	0
CF3	31	Picture	H57	869334	0	1	5167	1	0	5000	other	0
CF3	32	Picture	E51	894834	0	1	5167	1	0	5000	hit	36
CF3	32	Response	2	904468	9634	0
CF3	33	Picture	B55	922667	0	1	5167	1	0	5000	miss	0
CF3	34	Picture	H57	948167	0	1	5167	1	0	5000	miss	0
CF3	35	Picture	E51	973501	0	1	5167	1	0	5000	hit	40
CF3	35	Response	2	979736	6235	0
CF3	36	Picture	B55	1001167	0	1	5167	1	0	5000	miss	0
CF3	37	Picture	I52	1026501	0	1	5167	1	0	5000	other	0
CF3	38	Picture	A50	1053001	0	1	5167	1	0	5000	other	0
CF3	39	Picture	B55	1079667	0	1	5167	1	0	5000	miss	0
CF3	40	Picture	I52	1105001	0	1	5167	1	0	5000	hit	46
CF3	40	Response	2	1112312	7311	0
CF3	41	Picture	O53	1133001	0	1	5167	1	0	5000	other	0
CF3	42	Picture	F56	1159168	0	1	5167	1	0	5000	other	0
CF3	43	Picture	I52	1185834	0	1	5167	1	0	5000	miss	0
CF3	44	Picture	E51	1212834	0	1	5167	1	0	5000	other	0
CF3	45	Picture	H57	1238168	0	1	5167	1	0	5000	other	0
CF3	46	Picture	E51	1263334	0	1	5166	1	0	5000	false_alarm	53
CF3	46	Response	1	1279917	16583	0
CF3	47	Picture	E51	1290501	0	1	5167	1	0	5000	miss	0
CF3	48	Picture	B55	1317834	0	1	5167	1	0	5000	other	0
CF3	49	Picture	H57	1343834	0	1	5167	1	0	5000	other	0
CF3	50	Picture	B55	1369501	0	1	5167	1	0	5000	other	0
CF3	51	Picture	B55	1395668	0	1	5167	1	0	5000	hit	59
CF3	51	Response	2	1401743	6075	0
CF3	52	Picture	L58	1423501	0	1	5167	1	0	5000	other	0
CF3	53	Picture	B55	1450001	0	1	5167	1	0	5000	hit	62
CF3	53	Response	2	1455164	5163	0
CF3	54	Picture	A50	1476334	0	1	5167	1	0	5000	other	0
CF3	55	Picture	M59	1503168	0	1	5167	1	0	5000	other	0
CF3	56	Picture	B55	1530835	0	1	5167	1	0	5000	miss	0
CF3	57	Picture	O53	1558335	0	1	5167	1	0	5000	other	0
CF3	58	Picture	B55	1583835	0	1	5167	1	0	5000	other	0
CF3	59	Picture	U54	1611835	0	1	5167	1	0	5000	other	0
CF3	60	Picture	O53	1637001	0	1	5167	1	0	5000	miss	0
CF3	61	Picture	A50	1663501	0	1	5167	1	0	5000	other	0
