Scenario - 
Logfile written - 11/15/2021 14:31:21

Subject	Trial	Event Type	Code	Time	TTime	Uncertainty	Duration	Uncertainty	ReqTime	ReqDur	Stim Type	Pair Index

CF4	1	Picture	Start	167	0	1	63667	1	0	next	false_alarm	2
CF4	1	Response	1	63799	63633	0
CF4	2	Picture	M59	71333	0	1	5167	1	0	5000	other	0
CF4	3	Picture	M59	98167	0	1	5167	1	0	5000	other	0
CF4	4	Picture	A50	125167	0	1	5167	1	0	5000	other	0
CF4	5	Picture	I52	150333	0	1	5167	1	0	5000	other	0
CF4	6	Picture	M59	177000	0	1	5167	1	0	5000	hit	8
CF4	6	Response	2	181065	4065	0
CF4	7	Picture	I52	203000	0	1	5167	1	0	5000	other	0
CF4	8	Picture	O53	229167	0	1	5167	1	0	5000	other	0
CF4	9	Picture	U54	256333	0	1	5167	1	0	5000	other	0
CF4	10	Picture	M59	283667	0	1	5167	1	0	5000	false_alarm	13
CF4	10	Response	1	288206	4540	0
CF4	11	Picture	I52	310834	0	1	5167	1	0	5000	other	0
CF4	12	Picture	U54	338334	0	1	5167	1	0	5000	hit	16
CF4	12	Response	2	348931	10597	0
CF4	13	Picture	M59	366167	0	1	5167	1	0	5000	miss	0
CF4	14	Picture	I52	392167	0	1	5167	1	0	5000	miss	0
CF4	15	Picture	U54	419500	0	1	5167	1	0	5000	miss	0
CF4	16	Picture	I52	446834	0	1	5167	1	0	5000	other	0
CF4	17	Picture	I52	474334	0	1	5167	1	0	5000	miss	0
CF4	18	Picture	L58	499834	0	1	5167	1	0	5000	other	0
CF4	19	Picture	I52	527167	0	1	5167	1	0	5000	hit	24
CF4	19	Response	2	543476	16309	0
CF4	20	Picture	E51	552667	0	1	5167	1	0	5000	other	0
CF4	21	Picture	L58	580667	0	1	5167	1	0	5000	miss	0
CF4	22	Picture	I52	606167	0	1	5167	1	0	5000	miss	0
CF4	23	Picture	E51	633334	0	1	5167	1	0	5000	miss	0
CF4	24	Picture	F56	659667	0	1	5167	1	0	5000	other	0
CF4	25	Picture	H57	684834	0	1	5167	1	0	5000	other	0
CF4	26	Picture	H57	711167	0	1	5167	1	0	5000	other	0
CF4	27	Picture	M59	736834	0	1	5167	1	0	5000	other	0
CF4	28	Picture	M59	763501	0	1	5167	1	0	5000	other	0
CF4	29	Picture	H57	790667	0	1	5167	1	0	5000	hit	35
CF4	29	Response	2	796738	6071	0
CF4	30	Picture	M59	817001	0	1	5167	1	0	5000	hit	37
CF4	30	Response	2	827418	10417	0
CF4	31	Picture	B55	842167	0	1	5167	1	0	5000	other	0
CF4	32	Picture	E51	868167	0	1	5167	1	0	5000	other	0
CF4	33	Picture	M59	896001	0	1	5167	1	0	5000	hit	41
CF4	33	Response	2	899302	3301	0
CF4	34	Picture	M59	923667	0	1	5167	1	0	5000	other	0
CF4	35	Picture	U54	948834	0	1	5167	1	0	5000	other	0
CF4	36	Picture	M59	974834	0	1	5167	1	0	5000	hit	45
CF4	36	Response	2	984486	9652	0
CF4	37	Picture	M59	1002667	0	1	5167	1	0	5000	miss	0
CF4	38	Picture	E51	1029334	0	1	5167	1	0	5000	other	0
CF4	39	Picture	M59	1054834	0	1	5167	1	0	5000	miss	0
CF4	40	Picture	A50	1081334	0	1	5167	1	0	5000	other	0
CF4	41	Picture	U54	1106501	0	1	5167	1	0	5000	other	0
CF4	42	Picture	M59	1132168	0	1	5167	1	0	5000	hit	52
CF4	42	Response	2	1139780	7612	0
CF4	43	Picture	O53	1158834	0	1	5167	1	0	5000	other	0
CF4	44	Picture	M59	1185334	0	1	5167	1	0	5000	other	0
CF4	45	Picture	E51	1212168	0	1	5167	1	0	5000	other	0
CF4	46	Picture	L58	1239834	0	1	5167	1	0	5000	other	0
CF4	47	Picture	I52	1265501	0	1	5167	1	0	5000	other	0
CF4	48	Picture	A50	1291834	0	1	5167	1	0	5000	other	0
CF4	49	Picture	M59	1318001	0	1	5167	1	0	5000	other	0
CF4	50	Picture	H57	1345834	0	1	5167	1	0	5000	other	0
CF4	51	Picture	E51	1371501	0	1	5167	1	0	5000	other	0
CF4	52	Picture	H57	1397501	0	1	5167	1	0	5000	other	0
CF4	53	Picture	L58	1423001	0	1	5167	1	0	5000	other	0
CF4	54	Picture	B55	1448168	0	1	5167	1	0	5000	other	0
CF4	55	Picture	L58	1474168	0	1	5167	1	0	5000	other	0
CF4	56	Picture	L58	1499835	0	1	5167	1	0	5000	hit	67
CF4	56	Response	2	1511115	11281	0
CF4	57	Picture	O53	1527335	0	1	5167	1	0	5000	other	0
CF4	58	Picture	I52	1554501	0	1	5167	1	0	5000	other	0
CF4	59	Picture	O53	1581668	0	1	5167	1	0	5000	other	0
CF4	60	Picture	O53	1608835	0	1	5167	1	0	5000	hit	72
CF4	60	Response	2	1613960	5126	0
CF4	61	Picture	I52	1635501	0	1	5167	1	0	5000	hit	74
CF4	61	Response	2	1639030	3528	0
