Scenario - 
Logfile written - 11/17/2021 14:10:04

Subject	Trial	Event Type	Code	Time	TTime	Uncertainty	Duration	Uncertainty	ReqTime	ReqDur	Stim Type	Pair Index

CF5	1	Picture	Start	167	0	1	45667	1	0	next	false_alarm	2
CF5	1	Response	1	45736	45570	0
CF5	2	Picture	M59	51667	0	1	5167	1	0	5000	other	0
CF5	3	Picture	O53	77500	0	1	5167	1	0	5000	other	0
CF5	4	Picture	I52	105500	0	1	5167	1	0	5000	other	0
CF5	5	Picture	M59	132333	0	1	5167	1	0	5000	hit	7
CF5	5	Response	2	139783	7450	0
CF5	6	Picture	I52	158667	0	1	5167	1	0	5000	other	0
CF5	7	Picture	L58	186500	0	1	5167	1	0	5000	other	0
CF5	8	Picture	O53	212667	0	1	5167	1	0	5000	other	0
CF5	9	Picture	I52	238667	0	1	5167	1	0	5000	hit	12
CF5	9	Response	2	247227	8560	0
CF5	10	Picture	O53	264167	0	1	5167	1	0	5000	other	0
CF5	11	Picture	H57	289500	0	1	5167	1	0	5000	other	0
CF5	12	Picture	L58	315500	0	1	5167	1	0	5000	false_alarm	16
CF5	12	Response	1	323776	8275	0
CF5	13	Picture	H57	343500	0	1	5167	1	0	5000	other	0
CF5	14	Picture	E51	371667	0	1	5167	1	0	5000	other	0
CF5	15	Picture	L58	399667	0	1	5167	1	0	5000	miss	0
CF5	16	Picture	U54	427667	0	1	5167	1	0	5000	other	0
CF5	17	Picture	E51	455000	0	1	5167	1	0	5000	miss	0
CF5	18	Picture	O53	482834	0	1	5167	1	0	5000	other	0
CF5	19	Picture	O53	508334	0	1	5167	1	0	5000	other	0
CF5	20	Picture	O53	534167	0	1	5167	1	0	5000	other	0
CF5	21	Picture	O53	561667	0	1	5167	1	0	5000	hit	26
CF5	21	Response	2	570176	8509	0
CF5	22	Picture	U54	589000	0	1	5167	1	0	5000	other	0
CF5	23	Picture	B55	615167	0	1	5167	1	0	5000	other	0
CF5	24	Picture	O53	640334	0	1	5167	1	0	5000	hit	30
CF5	24	Response	2	656218	15884	0
CF5	25	Picture	B55	667334	0	1	5167	1	0	5000	other	0
CF5	26	Picture	U54	693167	0	1	5167	1	0	5000	false_alarm	33
CF5	26	Response	1	711101	17934	0
CF5	27	Picture	L58	719834	0	1	5167	1	0	5000	other	0
CF5	28	Picture	L58	745001	0	1	5167	1	0	5000	other	0
CF5	29	Picture	U54	770667	0	1	5167	1	0	5000	miss	0
CF5	30	Picture	U54	797001	0	1	5167	1	0	5000	false_alarm	38
CF5	30	Response	1	801981	4980	0
CF5	31	Picture	L58	822334	0	1	5167	1	0	5000	miss	0
CF5	32	Picture	F56	847834	0	1	5167	1	0	5000	other	0
CF5	33	Picture	A50	875167	0	1	5167	1	0	5000	other	0
CF5	34	Picture	L58	902667	0	1	5167	1	0	5000	hit	43
CF5	34	Response	2	913930	11263	0
CF5	35	Picture	H57	928501	0	1	5167	1	0	5000	other	0
CF5	36	Picture	I52	955834	0	1	5167	1	0	5000	other	0
CF5	37	Picture	L58	982667	0	1	5167	1	0	5000	miss	0
CF5	38	Picture	H57	1009834	0	1	5167	1	0	5000	miss	0
CF5	39	Picture	B55	1036001	0	1	5167	1	0	5000	other	0
CF5	40	Picture	L58	1061834	0	1	5167	1	0	5000	hit	50
CF5	40	Response	2	1070826	8992	0
CF5	41	Picture	H57	1089001	0	1	5167	1	0	5000	miss	0
CF5	42	Picture	F56	1116834	0	1	5167	1	0	5000	other	0
CF5	43	Picture	A50	1143168	0	1	5167	1	0	5000	other	0
CF5	44	Picture	A50	1169001	0	1	5167	1	0	5000	false_alarm	55
CF5	44	Response	1	1177090	8090	0
CF5	45	Picture	F56	1194501	0	1	5167	1	0	5000	miss	0
CF5	46	Picture	F56	1221168	0	1	5167	1	0	5000	other	0
CF5	47	Picture	F56	1246334	0	1	5167	1	0	5000	other	0
CF5	48	Picture	F56	1271668	0	1	5167	1	0	5000	hit	60
CF5	48	Response	2	1278277	6609	0
CF5	49	Picture	F56	1299334	0	1	5167	1	0	5000	miss	0
CF5	50	Picture	L58	1325501	0	1	5167	1	0	5000	other	0
CF5	51	Picture	F56	1353334	0	1	5167	1	0	5000	miss	0
CF5	52	Picture	U54	1379668	0	1	5167	1	0	5000	other	0
CF5	53	Picture	B55	1405001	0	1	5167	1	0	5000	other	0
CF5	54	Picture	M59	1432834	0	1	5167	1	0	5000	other	0
CF5	55	Picture	H57	1458834	0	1	5167	1	0	5000	other	0
CF5	56	Picture	O53	1484668	0	1	5167	1	0	5000	other	0
CF5	57	Picture	L58	1510668	0	1	5167	1	0	5000	other	0
CF5	58	Picture	H57	1537001	0	1	5167	1	0	5000	miss	0
CF5	59	Picture	M59	1564668	0	1	5167	1	0	5000	false_alarm	72
CF5	59	Response	1	1573806	9139	0
CF5	60	Picture	L58	1590168	0	1	5167	1	0	5000	miss	0
CF5	61	Picture	E51	1616501	0	1	5167	1	0	5000	other	0
