Scenario - 
Logfile written - 11/24/2021 09:50:11

Subject	Trial	Event Type	Code	Time	TTime	Uncertainty	Duration	Uncertainty	ReqTime	ReqDur	Stim Type	Pair Index

CF6	1	Picture	Start	167	0	1	41833	1	0	next	false_alarm	2
CF6	1	Response	1	41845	41679	0
CF6	2	Picture	F56	48667	0	1	5167	1	0	5000	other	0
CF6	3	Picture	I52	74333	0	1	5167	1	0	5000	other	0
CF6	4	Picture	O53	100833	0	1	5167	1	0	5000	other	0
CF6	5	Picture	U54	128167	0	1	5167	1	0	5000	other	0
CF6	6	Picture	A50	155667	0	1	5167	1	0	5000	other	0
CF6	7	Picture	A50	183333	0	1	5167	1	0	5000	other	0
CF6	8	Picture	U54	208833	0	1	5167	1	0	5000	hit	10
CF6	8	Response	2	215600	6767	0
CF6	9	Picture	A50	236333	0	1	5167	1	0	5000	hit	12
CF6	9	Response	2	243843	7509	0
CF6	10	Picture	U54	263000	0	1	5167	1	0	5000	other	0
CF6	11	Picture	E51	288500	0	1	5167	1	0	5000	other	0
CF6	12	Picture	A50	315334	0	1	5167	1	0	5000	hit	16
CF6	12	Response	2	318604	3270	0
CF6	13	Picture	M59	342834	0	1	5167	1	0	5000	other	0
CF6	14	Picture	O53	370667	0	1	5167	1	0	5000	other	0
CF6	15	Picture	L58	396500	0	1	5167	1	0	5000	other	0
CF6	16	Picture	E51	423334	0	1	5167	1	0	5000	other	0
CF6	17	Picture	U54	448500	0	1	5167	1	0	5000	other	0
CF6	18	Picture	L58	474500	0	1	5167	1	0	5000	hit	23
CF6	18	Response	2	487084	12584	0
CF6	19	Picture	F56	500500	0	1	5167	1	0	5000	other	0
CF6	20	Picture	U54	527000	0	1	5167	1	0	5000	hit	26
CF6	20	Response	2	536366	9366	0
CF6	21	Picture	A50	554000	0	1	5167	1	0	5000	other	0
CF6	22	Picture	B55	580667	0	1	5167	1	0	5000	other	0
CF6	23	Picture	L58	605834	0	1	5167	1	0	5000	other	0
CF6	24	Picture	E51	632667	0	1	5167	1	0	5000	other	0
CF6	25	Picture	L58	659834	0	1	5167	1	0	5000	false_alarm	32
CF6	25	Response	1	664135	4301	0
CF6	26	Picture	L58	686334	0	1	5167	1	0	5000	miss	0
CF6	27	Picture	O53	712001	0	1	5167	1	0	5000	other	0
CF6	28	Picture	L58	740001	0	1	5167	1	0	5000	hit	36
CF6	28	Response	2	746362	6362	0
CF6	29	Picture	M59	766334	0	1	5167	1	0	5000	other	0
CF6	30	Picture	F56	792167	0	1	5167	1	0	5000	other	0
CF6	31	Picture	L58	819334	0	1	5167	1	0	5000	hit	40
CF6	31	Response	2	822853	3519	0
CF6	32	Picture	U54	845501	0	1	5167	1	0	5000	other	0
CF6	33	Picture	H57	872501	0	1	5167	1	0	5000	other	0
CF6	34	Picture	U54	898334	0	1	5167	1	0	5000	false_alarm	44
CF6	34	Response	1	904243	5909	0
CF6	35	Picture	U54	925834	0	1	5167	1	0	5000	miss	0
CF6	36	Picture	H57	952167	0	1	5167	1	0	5000	miss	0
CF6	37	Picture	U54	978167	0	1	5167	1	0	5000	hit	48
CF6	37	Response	2	984954	6786	0
CF6	38	Picture	A50	1004500	0	1	5167	1	0	5000	other	0
CF6	39	Picture	H57	1030667	0	1	5167	1	0	5000	hit	51
CF6	39	Response	2	1034442	3774	0
CF6	40	Picture	H57	1056667	0	1	5167	1	0	5000	other	0
CF6	41	Picture	I52	1082334	0	1	5167	1	0	5000	other	0
CF6	42	Picture	H57	1109668	0	1	5167	1	0	5000	hit	55
CF6	42	Response	2	1116497	6830	0
CF6	43	Picture	E51	1136334	0	1	5167	1	0	5000	other	0
CF6	44	Picture	I52	1162334	0	1	5167	1	0	5000	hit	58
CF6	44	Response	2	1166379	4045	0
CF6	45	Picture	U54	1189668	0	1	5167	1	0	5000	other	0
CF6	46	Picture	O53	1216501	0	1	5167	1	0	5000	other	0
CF6	47	Picture	I52	1244168	0	1	5167	1	0	5000	hit	62
CF6	47	Response	2	1249203	5036	0
CF6	48	Picture	I52	1270334	0	1	5167	1	0	5000	other	0
CF6	49	Picture	O53	1296668	0	1	5167	1	0	5000	hit	65
CF6	49	Response	2	1302161	5494	0
CF6	50	Picture	M59	1322001	0	1	5167	1	0	5000	other	0
CF6	51	Picture	I52	1349668	0	1	5167	1	0	5000	hit	68
CF6	51	Response	2	1359713	10046	0
CF6	52	Picture	H57	1375501	0	1	5167	1	0	5000	other	0
CF6	53	Picture	M59	1401834	0	1	5167	1	0	5000	hit	71
CF6	53	Response	2	1405587	3752	0
CF6	54	Picture	F56	1427168	0	1	5167	1	0	5000	other	0
CF6	55	Picture	H57	1453834	0	1	5167	1	0	5000	miss	0
CF6	56	Picture	M59	1479501	0	1	5167	1	0	5000	hit	75
CF6	56	Response	2	1482721	3220	0
CF6	57	Picture	M59	1505501	0	1	5167	1	0	5000	other	0
CF6	58	Picture	E51	1532835	0	1	5167	1	0	5000	other	0
CF6	59	Picture	A50	1560335	0	1	5167	1	0	5000	other	0
CF6	60	Picture	H57	1586168	0	1	5167	1	0	5000	other	0
CF6	61	Picture	U54	1614168	0	1	5167	1	0	5000	other	0
