Scenario - 
Logfile written - 12/16/2019 09:46:33

Subject	Trial	Event Type	Code	Time	TTime	Uncertainty	Duration	Uncertainty	ReqTime	ReqDur	Stim Type	Pair Index

CI0	1	Picture	Start	167	0	1	21167	1	0	next	false_alarm	2
CI0	1	Response	1	21243	21076	0
CI0	2	Picture	I52	27333	0	1	5167	1	0	5000	other	0
CI0	3	Picture	U54	53167	0	1	5167	1	0	5000	other	0
CI0	4	Picture	A50	78333	0	1	5167	1	0	5000	other	0
CI0	5	Picture	F56	104667	0	1	5167	1	0	5000	other	0
CI0	6	Picture	U54	130667	0	1	5167	1	0	5000	hit	8
CI0	6	Response	2	139281	8614	0
CI0	7	Picture	A50	156000	0	1	5167	1	0	5000	hit	10
CI0	7	Response	2	166555	10555	0
CI0	8	Picture	H57	183333	0	1	5167	1	0	5000	other	0
CI0	9	Picture	U54	211333	0	1	5167	1	0	5000	hit	13
CI0	9	Response	2	226567	15234	0
CI0	10	Picture	E51	238000	0	1	5167	1	0	5000	other	0
CI0	11	Picture	H57	264667	0	1	5167	1	0	5000	miss	0
CI0	12	Picture	L58	290500	0	1	5167	1	0	5000	other	0
CI0	13	Picture	I52	316500	0	1	5167	1	0	5000	other	0
CI0	14	Picture	F56	343000	0	1	5167	1	0	5000	other	0
CI0	15	Picture	B55	369000	0	1	5167	1	0	5000	other	0
CI0	16	Picture	F56	396833	0	1	5167	1	0	5000	other	0
CI0	17	Picture	B55	423167	0	1	5167	1	0	5000	other	0
CI0	18	Picture	O53	449000	0	1	5167	1	0	5000	other	0
CI0	19	Picture	F56	475333	0	1	5167	1	0	5000	hit	24
CI0	19	Response	2	481436	6102	0
CI0	20	Picture	A50	501167	0	1	5167	1	0	5000	other	0
CI0	21	Picture	A50	526500	0	1	5167	1	0	5000	other	0
CI0	22	Picture	E51	551667	0	1	5167	1	0	5000	other	0
CI0	23	Picture	A50	578000	0	1	5167	1	0	5000	hit	29
CI0	23	Response	2	581679	3679	0
CI0	24	Picture	A50	603833	0	1	5167	1	0	5000	hit	31
CI0	24	Response	2	609701	5868	0
CI0	25	Picture	B55	631167	0	1	5167	1	0	5000	other	0
CI0	26	Picture	M59	658000	0	1	5167	1	0	5000	other	0
CI0	27	Picture	A50	684334	0	1	5167	1	0	5000	hit	35
CI0	27	Response	2	691278	6945	0
CI0	28	Picture	B55	712000	0	1	5167	1	0	5000	hit	37
CI0	28	Response	2	721970	9970	0
CI0	29	Picture	U54	737167	0	1	5167	1	0	5000	other	0
CI0	30	Picture	O53	762834	0	1	5167	1	0	5000	other	0
CI0	31	Picture	B55	788667	0	1	5167	1	0	5000	miss	0
CI0	32	Picture	L58	814667	0	1	5167	1	0	5000	other	0
CI0	33	Picture	O53	841500	0	1	5167	1	0	5000	hit	43
CI0	33	Response	2	849973	8473	0
CI0	34	Picture	F56	867334	0	1	5167	1	0	5000	other	0
CI0	35	Picture	L58	894334	0	1	5167	1	0	5000	hit	46
CI0	35	Response	2	907989	13655	0
CI0	36	Picture	B55	921500	0	1	5167	1	0	5000	other	0
CI0	37	Picture	H57	947500	0	1	5167	1	0	5000	other	0
CI0	38	Picture	B55	975500	0	1	5167	1	0	5000	other	0
CI0	39	Picture	O53	1003334	0	1	5167	1	0	5000	other	0
CI0	40	Picture	B55	1030834	0	1	5167	1	0	5000	other	0
CI0	41	Picture	L58	1058167	0	1	5167	1	0	5000	other	0
CI0	42	Picture	O53	1085500	0	1	5167	1	0	5000	miss	0
CI0	43	Picture	F56	1113500	0	1	5167	1	0	5000	other	0
CI0	44	Picture	B55	1141667	0	1	5167	1	0	5000	false_alarm	56
CI0	44	Response	1	1149594	7927	0
CI0	45	Picture	O53	1167167	0	1	5167	1	0	5000	hit	58
CI0	45	Response	2	1172920	5753	0
CI0	46	Picture	F56	1194667	0	1	5167	1	0	5000	hit	60
CI0	46	Response	2	1203782	9115	0
CI0	47	Picture	B55	1221834	0	1	5167	1	0	5000	hit	62
CI0	47	Response	2	1234888	13055	0
CI0	48	Picture	O53	1249834	0	1	5167	1	0	5000	miss	0
CI0	49	Picture	F56	1277667	0	1	5167	1	0	5000	miss	0
CI0	50	Picture	L58	1303167	0	1	5167	1	0	5000	other	0
CI0	51	Picture	F56	1330500	0	1	5167	1	0	5000	false_alarm	67
CI0	51	Response	1	1348191	17690	0
CI0	52	Picture	F56	1357000	0	1	5167	1	0	5000	miss	0
CI0	53	Picture	M59	1383834	0	1	5167	1	0	5000	other	0
CI0	54	Picture	E51	1411500	0	1	5167	1	0	5000	other	0
CI0	55	Picture	F56	1437500	0	1	5167	1	0	5000	hit	72
CI0	55	Response	2	1443287	5786	0
CI0	56	Picture	H57	1464000	0	1	5167	1	0	5000	other	0
CI0	57	Picture	U54	1489667	0	1	5167	1	0	5000	other	0
CI0	58	Picture	E51	1515167	0	1	5167	1	0	5000	other	0
CI0	59	Picture	E51	1541834	0	1	5167	1	0	5000	other	0
CI0	60	Picture	F56	1569001	0	1	5167	1	0	5000	other	0
CI0	61	Picture	H57	1596667	0	1	5167	1	0	5000	other	0
