Scenario - 
Logfile written - 02/07/2020 09:57:06

Subject	Trial	Event Type	Code	Time	TTime	Uncertainty	Duration	Uncertainty	ReqTime	ReqDur	Stim Type	Pair Index

CI1	1	Picture	Start	167	0	1	95000	1	0	next	false_alarm	2
CI1	1	Response	1	95078	94912	0
CI1	2	Picture	L58	100667	0	1	5167	1	0	5000	other	0
CI1	3	Picture	U54	126167	0	1	5167	1	0	5000	other	0
CI1	4	Picture	L58	154000	0	1	5167	1	0	5000	other	0
CI1	5	Picture	L58	180167	0	1	5167	1	0	5000	miss	0
CI1	6	Picture	B55	206000	0	1	5167	1	0	5000	other	0
CI1	7	Picture	E51	232167	0	1	5167	1	0	5000	other	0
CI1	8	Picture	L58	259833	0	1	5167	1	0	5000	hit	10
CI1	8	Response	2	263464	3631	0
CI1	9	Picture	A50	287000	0	1	5167	1	0	5000	other	0
CI1	10	Picture	H57	313500	0	1	5167	1	0	5000	other	0
CI1	11	Picture	L58	340000	0	1	5167	1	0	5000	hit	14
CI1	11	Response	2	344514	4514	0
CI1	12	Picture	M59	368000	0	1	5167	1	0	5000	other	0
CI1	13	Picture	H57	393667	0	1	5167	1	0	5000	miss	0
CI1	14	Picture	A50	420167	0	1	5167	1	0	5000	false_alarm	18
CI1	14	Response	1	427892	7726	0
CI1	15	Picture	L58	448000	0	1	5167	1	0	5000	other	0
CI1	16	Picture	H57	475500	0	1	5167	1	0	5000	miss	0
CI1	17	Picture	A50	501500	0	1	5167	1	0	5000	miss	0
CI1	18	Picture	L58	527833	0	1	5167	1	0	5000	hit	23
CI1	18	Response	2	537014	9181	0
CI1	19	Picture	H57	555500	0	1	5167	1	0	5000	miss	0
CI1	20	Picture	I52	581333	0	1	5167	1	0	5000	other	0
CI1	21	Picture	A50	607167	0	1	5167	1	0	5000	other	0
CI1	22	Picture	U54	635167	0	1	5167	1	0	5000	false_alarm	28
CI1	22	Response	1	641083	5916	0
CI1	23	Picture	I52	661167	0	1	5167	1	0	5000	miss	0
CI1	24	Picture	A50	687667	0	1	5167	1	0	5000	hit	31
CI1	24	Response	2	700155	12488	0
CI1	25	Picture	U54	713834	0	1	5167	1	0	5000	miss	0
CI1	26	Picture	B55	739334	0	1	5167	1	0	5000	other	0
CI1	27	Picture	L58	765167	0	1	5167	1	0	5000	false_alarm	35
CI1	27	Response	1	771982	6815	0
CI1	28	Picture	O53	792000	0	1	5167	1	0	5000	other	0
CI1	29	Picture	L58	817834	0	1	5167	1	0	5000	other	0
CI1	30	Picture	H57	844167	0	1	5167	1	0	5000	other	0
CI1	31	Picture	E51	872334	0	1	5167	1	0	5000	other	0
CI1	32	Picture	F56	899667	0	1	5167	1	0	5000	other	0
CI1	33	Picture	H57	924834	0	1	5167	1	0	5000	miss	0
CI1	34	Picture	E51	952167	0	1	5167	1	0	5000	miss	0
CI1	35	Picture	F56	977834	0	1	5167	1	0	5000	hit	44
CI1	35	Response	2	982259	4425	0
CI1	36	Picture	E51	1005834	0	1	5167	1	0	5000	false_alarm	46
CI1	36	Response	1	1019422	13589	0
CI1	37	Picture	M59	1031500	0	1	5167	1	0	5000	other	0
CI1	38	Picture	F56	1059667	0	1	5167	1	0	5000	miss	0
CI1	39	Picture	B55	1087500	0	1	5167	1	0	5000	other	0
CI1	40	Picture	L58	1114334	0	1	5167	1	0	5000	other	0
CI1	41	Picture	U54	1141167	0	1	5167	1	0	5000	other	0
CI1	42	Picture	B55	1169167	0	1	5167	1	0	5000	hit	53
CI1	42	Response	2	1174896	5729	0
CI1	43	Picture	L58	1197000	0	1	5167	1	0	5000	miss	0
CI1	44	Picture	E51	1223834	0	1	5167	1	0	5000	other	0
CI1	45	Picture	H57	1250334	0	1	5167	1	0	5000	other	0
CI1	46	Picture	E51	1278167	0	1	5167	1	0	5000	false_alarm	58
CI1	46	Response	1	1289874	11707	0
CI1	47	Picture	I52	1303834	0	1	5167	1	0	5000	other	0
CI1	48	Picture	F56	1331167	0	1	5167	1	0	5000	other	0
CI1	49	Picture	I52	1359000	0	1	5167	1	0	5000	other	0
CI1	50	Picture	B55	1384667	0	1	5167	1	0	5000	other	0
CI1	51	Picture	I52	1411000	0	1	5167	1	0	5000	other	0
CI1	52	Picture	M59	1438834	0	1	5167	1	0	5000	other	0
CI1	53	Picture	L58	1465334	0	1	5167	1	0	5000	other	0
CI1	54	Picture	I52	1491334	0	1	5167	1	0	5000	miss	0
CI1	55	Picture	M59	1516834	0	1	5167	1	0	5000	hit	68
CI1	55	Response	2	1526681	9847	0
CI1	56	Picture	L58	1543000	0	1	5167	1	0	5000	miss	0
CI1	57	Picture	L58	1569667	0	1	5167	1	0	5000	other	0
CI1	58	Picture	O53	1597334	0	1	5167	1	0	5000	other	0
CI1	59	Picture	M59	1623501	0	1	5167	1	0	5000	false_alarm	73
CI1	59	Response	1	1637862	14361	0
CI1	60	Picture	U54	1648667	0	1	5167	1	0	5000	other	0
CI1	61	Picture	E51	1675834	0	1	5167	1	0	5000	other	0
