Scenario - 
Logfile written - 02/07/2020 14:36:36

Subject	Trial	Event Type	Code	Time	TTime	Uncertainty	Duration	Uncertainty	ReqTime	ReqDur	Stim Type	Pair Index

CI2	1	Picture	Start	167	0	1	117833	1	0	next	false_alarm	2
CI2	1	Response	1	117933	117766	0
CI2	2	Picture	I52	124333	0	1	5167	1	0	5000	other	0
CI2	3	Picture	B55	150667	0	1	5167	1	0	5000	other	0
CI2	4	Picture	F56	178333	0	1	5167	1	0	5000	other	0
CI2	5	Picture	I52	204000	0	1	5167	1	0	5000	hit	7
CI2	5	Response	2	211657	7657	0
CI2	6	Picture	B55	229667	0	1	5167	1	0	5000	hit	9
CI2	6	Response	2	237863	8197	0
CI2	7	Picture	F56	257000	0	1	5167	1	0	5000	hit	11
CI2	7	Response	2	262374	5374	0
CI2	8	Picture	O53	282667	0	1	5167	1	0	5000	other	0
CI2	9	Picture	B55	308333	0	1	5167	1	0	5000	hit	14
CI2	9	Response	2	321992	13658	0
CI2	10	Picture	I52	333667	0	1	5167	1	0	5000	other	0
CI2	11	Picture	L58	361667	0	1	5167	1	0	5000	other	0
CI2	12	Picture	I52	386833	0	1	5167	1	0	5000	other	0
CI2	13	Picture	E51	415000	0	1	5167	1	0	5000	other	0
CI2	14	Picture	L58	442000	0	1	5167	1	0	5000	miss	0
CI2	15	Picture	L58	469333	0	1	5167	1	0	5000	false_alarm	21
CI2	15	Response	1	481647	12313	0
CI2	16	Picture	H57	495833	0	1	5167	1	0	5000	other	0
CI2	17	Picture	M59	521333	0	1	5167	1	0	5000	other	0
CI2	18	Picture	H57	547667	0	1	5167	1	0	5000	other	0
CI2	19	Picture	M59	574333	0	1	5167	1	0	5000	other	0
CI2	20	Picture	A50	600000	0	1	5167	1	0	5000	other	0
CI2	21	Picture	U54	625500	0	1	5167	1	0	5000	other	0
CI2	22	Picture	A50	652167	0	1	5167	1	0	5000	other	0
CI2	23	Picture	A50	679000	0	1	5167	1	0	5000	hit	30
CI2	23	Response	2	686149	7149	0
CI2	24	Picture	F56	704334	0	1	5166	1	0	5000	other	0
CI2	25	Picture	B55	730000	0	1	5167	1	0	5000	other	0
CI2	26	Picture	U54	755500	0	1	5167	1	0	5000	other	0
CI2	27	Picture	A50	780667	0	1	5167	1	0	5000	other	0
CI2	28	Picture	B55	807334	0	1	5167	1	0	5000	hit	36
CI2	28	Response	2	817054	9721	0
CI2	29	Picture	H57	832500	0	1	5167	1	0	5000	other	0
CI2	30	Picture	E51	857834	0	1	5167	1	0	5000	other	0
CI2	31	Picture	E51	883334	0	1	5167	1	0	5000	other	0
CI2	32	Picture	U54	910834	0	1	5167	1	0	5000	other	0
CI2	33	Picture	B55	938167	0	1	5167	1	0	5000	other	0
CI2	34	Picture	I52	965834	0	1	5167	1	0	5000	other	0
CI2	35	Picture	U54	993167	0	1	5167	1	0	5000	hit	44
CI2	35	Response	2	1005663	12496	0
CI2	36	Picture	B55	1021000	0	1	5167	1	0	5000	hit	46
CI2	36	Response	2	1029914	8913	0
CI2	37	Picture	U54	1046834	0	1	5167	1	0	5000	other	0
CI2	38	Picture	I52	1074500	0	1	5167	1	0	5000	other	0
CI2	39	Picture	B55	1101334	0	1	5167	1	0	5000	miss	0
CI2	40	Picture	L58	1127167	0	1	5167	1	0	5000	other	0
CI2	41	Picture	O53	1152500	0	1	5167	1	0	5000	other	0
CI2	42	Picture	U54	1179667	0	1	5167	1	0	5000	other	0
CI2	43	Picture	H57	1204834	0	1	5167	1	0	5000	other	0
CI2	44	Picture	O53	1230500	0	1	5167	1	0	5000	hit	55
CI2	44	Response	2	1245973	15473	0
CI2	45	Picture	U54	1257167	0	1	5167	1	0	5000	miss	0
CI2	46	Picture	M59	1284167	0	1	5167	1	0	5000	other	0
CI2	47	Picture	I52	1310667	0	1	5167	1	0	5000	other	0
CI2	48	Picture	U54	1336667	0	1	5167	1	0	5000	hit	60
CI2	48	Response	2	1345141	8474	0
CI2	49	Picture	I52	1362500	0	1	5167	1	0	5000	other	0
CI2	50	Picture	H57	1390000	0	1	5167	1	0	5000	other	0
CI2	51	Picture	U54	1418000	0	1	5167	1	0	5000	miss	0
CI2	52	Picture	I52	1444667	0	1	5167	1	0	5000	hit	65
CI2	52	Response	2	1454282	9614	0
CI2	53	Picture	U54	1471667	0	1	5167	1	0	5000	other	0
CI2	54	Picture	A50	1498167	0	1	5167	1	0	5000	other	0
CI2	55	Picture	I52	1524667	0	1	5167	1	0	5000	miss	0
CI2	56	Picture	U54	1552501	0	1	5167	1	0	5000	hit	70
CI2	56	Response	2	1560465	7964	0
CI2	57	Picture	A50	1580167	0	1	5167	1	0	5000	hit	72
CI2	57	Response	2	1586882	6715	0
CI2	58	Picture	O53	1606334	0	1	5167	1	0	5000	other	0
CI2	59	Picture	U54	1633667	0	1	5167	1	0	5000	miss	0
CI2	60	Picture	E51	1659001	0	1	5167	1	0	5000	other	0
CI2	61	Picture	O53	1684667	0	1	5167	1	0	5000	miss	0
