Scenario - 
Logfile written - 02/10/2020 14:18:45

Subject	Trial	Event Type	Code	Time	TTime	Uncertainty	Duration	Uncertainty	ReqTime	ReqDur	Stim Type	Pair Index

CI3	1	Picture	Start	167	0	1	30167	1	0	next	false_alarm	2
CI3	1	Response	1	30180	30013	0
CI3	2	Picture	M59	36833	0	1	5167	1	0	5000	other	0
CI3	3	Picture	H57	62333	0	1	5167	1	0	5000	other	0
CI3	4	Picture	I52	87500	0	1	5167	1	0	5000	other	0
CI3	5	Picture	F56	114500	0	1	5167	1	0	5000	other	0
CI3	6	Picture	E51	141667	0	1	5167	1	0	5000	other	0
CI3	7	Picture	B55	168167	0	1	5167	1	0	5000	other	0
CI3	8	Picture	A50	196000	0	1	5167	1	0	5000	other	0
CI3	9	Picture	O53	221500	0	1	5167	1	0	5000	other	0
CI3	10	Picture	B55	248167	0	1	5167	1	0	5000	miss	0
CI3	11	Picture	A50	273500	0	1	5167	1	0	5000	miss	0
CI3	12	Picture	E51	301333	0	1	5167	1	0	5000	other	0
CI3	13	Picture	I52	327167	0	1	5167	1	0	5000	other	0
CI3	14	Picture	L58	354167	0	1	5167	1	0	5000	other	0
CI3	15	Picture	F56	382167	0	1	5167	1	0	5000	other	0
CI3	16	Picture	I52	408333	0	1	5167	1	0	5000	hit	18
CI3	16	Response	2	415908	7574	0
CI3	17	Picture	H57	435000	0	1	5167	1	0	5000	other	0
CI3	18	Picture	E51	462167	0	1	5167	1	0	5000	other	0
CI3	19	Picture	F56	489833	0	1	5167	1	0	5000	false_alarm	22
CI3	19	Response	1	497053	7219	0
CI3	20	Picture	O53	516167	0	1	5167	1	0	5000	other	0
CI3	21	Picture	B55	543667	0	1	5167	1	0	5000	other	0
CI3	22	Picture	B55	569333	0	1	5167	1	0	5000	other	0
CI3	23	Picture	O53	594500	0	1	5167	1	0	5000	hit	27
CI3	23	Response	2	598238	3738	0
CI3	24	Picture	F56	621833	0	1	5167	1	0	5000	false_alarm	29
CI3	24	Response	1	631157	9323	0
CI3	25	Picture	B55	648334	0	1	5167	1	0	5000	hit	31
CI3	25	Response	2	657539	9205	0
CI3	26	Picture	O53	676167	0	1	5167	1	0	5000	miss	0
CI3	27	Picture	M59	702833	0	1	5167	1	0	5000	other	0
CI3	28	Picture	B55	728834	0	1	5167	1	0	5000	hit	35
CI3	28	Response	2	743534	14700	0
CI3	29	Picture	I52	754000	0	1	5167	1	0	5000	other	0
CI3	30	Picture	I52	780167	0	1	5167	1	0	5000	other	0
CI3	31	Picture	M59	807834	0	1	5167	1	0	5000	other	0
CI3	32	Picture	I52	834334	0	1	5167	1	0	5000	hit	40
CI3	32	Response	2	837806	3473	0
CI3	33	Picture	I52	860334	0	1	5167	1	0	5000	hit	42
CI3	33	Response	2	868993	8660	0
CI3	34	Picture	O53	888334	0	1	5167	1	0	5000	other	0
CI3	35	Picture	A50	913667	0	1	5167	1	0	5000	other	0
CI3	36	Picture	M59	941500	0	1	5167	1	0	5000	other	0
CI3	37	Picture	O53	968834	0	1	5167	1	0	5000	hit	47
CI3	37	Response	2	980093	11259	0
CI3	38	Picture	F56	995167	0	1	5167	1	0	5000	other	0
CI3	39	Picture	I52	1022334	0	1	5167	1	0	5000	other	0
CI3	40	Picture	I52	1050334	0	1	5167	1	0	5000	other	0
CI3	41	Picture	F56	1077834	0	1	5167	1	0	5000	hit	52
CI3	41	Response	2	1081032	3198	0
CI3	42	Picture	E51	1105667	0	1	5167	1	0	5000	other	0
CI3	43	Picture	I52	1132500	0	1	5167	1	0	5000	hit	55
CI3	43	Response	2	1145280	12780	0
CI3	44	Picture	L58	1159500	0	1	5167	1	0	5000	other	0
CI3	45	Picture	E51	1187167	0	1	5167	1	0	5000	miss	0
CI3	46	Picture	I52	1214667	0	1	5167	1	0	5000	hit	59
CI3	46	Response	2	1226839	12172	0
CI3	47	Picture	U54	1241000	0	1	5167	1	0	5000	other	0
CI3	48	Picture	O53	1268334	0	1	5167	1	0	5000	other	0
CI3	49	Picture	I52	1295500	0	1	5167	1	0	5000	hit	63
CI3	49	Response	2	1308335	12834	0
CI3	50	Picture	O53	1322500	0	1	5167	1	0	5000	false_alarm	65
CI3	50	Response	1	1332796	10296	0
CI3	51	Picture	O53	1350334	0	1	5167	1	0	5000	hit	67
CI3	51	Response	2	1362364	12030	0
CI3	52	Picture	I52	1378167	0	1	5167	1	0	5000	hit	69
CI3	52	Response	2	1387192	9025	0
CI3	53	Picture	U54	1405500	0	1	5167	1	0	5000	false_alarm	71
CI3	53	Response	1	1416580	11079	0
CI3	54	Picture	F56	1431667	0	1	5167	1	0	5000	other	0
CI3	55	Picture	M59	1458167	0	1	5167	1	0	5000	other	0
CI3	56	Picture	O53	1484334	0	1	5167	1	0	5000	false_alarm	75
CI3	56	Response	1	1501588	17255	0
CI3	57	Picture	L58	1512334	0	1	5167	1	0	5000	other	0
CI3	58	Picture	M59	1538167	0	1	5167	1	0	5000	miss	0
CI3	59	Picture	H57	1566000	0	1	5167	1	0	5000	other	0
CI3	60	Picture	L58	1592834	0	1	5167	1	0	5000	hit	80
CI3	60	Response	2	1596306	3473	0
CI3	61	Picture	M59	1619001	0	1	5167	1	0	5000	hit	82
CI3	61	Response	2	1626485	7484	0
