Scenario - 
Logfile written - 09/11/2020 09:55:57

Subject	Trial	Event Type	Code	Time	TTime	Uncertainty	Duration	Uncertainty	ReqTime	ReqDur	Stim Type	Pair Index

CI5	1	Picture	Start	167	0	1	22667	1	0	next	false_alarm	2
CI5	1	Response	1	22709	22543	0
CI5	2	Picture	I52	30833	0	1	5167	1	0	5000	other	0
CI5	3	Picture	E51	56333	0	1	5167	1	0	5000	other	0
CI5	4	Picture	I52	84333	0	1	5167	1	0	5000	other	0
CI5	5	Picture	M59	112333	0	1	5167	1	0	5000	other	0
CI5	6	Picture	A50	137667	0	1	5167	1	0	5000	other	0
CI5	7	Picture	I52	163500	0	1	5167	1	0	5000	hit	9
CI5	7	Response	2	175372	11872	0
CI5	8	Picture	M59	190500	0	1	5167	1	0	5000	miss	0
CI5	9	Picture	H57	217833	0	1	5167	1	0	5000	other	0
CI5	10	Picture	I52	243500	0	1	5167	1	0	5000	miss	0
CI5	11	Picture	L58	271000	0	1	5167	1	0	5000	other	0
CI5	12	Picture	H57	297500	0	1	5167	1	0	5000	hit	15
CI5	12	Response	2	308649	11149	0
CI5	13	Picture	U54	325500	0	1	5167	1	0	5000	other	0
CI5	14	Picture	A50	351000	0	1	5167	1	0	5000	other	0
CI5	15	Picture	B55	376667	0	1	5167	1	0	5000	other	0
CI5	16	Picture	A50	401834	0	1	5167	1	0	5000	other	0
CI5	17	Picture	B55	429500	0	1	5167	1	0	5000	other	0
CI5	18	Picture	B55	457167	0	1	5167	1	0	5000	miss	0
CI5	19	Picture	H57	482834	0	1	5167	1	0	5000	other	0
CI5	20	Picture	B55	509667	0	1	5167	1	0	5000	miss	0
CI5	21	Picture	M59	537667	0	1	5167	1	0	5000	other	0
CI5	22	Picture	L58	564334	0	1	5167	1	0	5000	other	0
CI5	23	Picture	B55	590000	0	1	5167	1	0	5000	miss	0
CI5	24	Picture	A50	616000	0	1	5167	1	0	5000	other	0
CI5	25	Picture	L58	643000	0	1	5167	1	0	5000	miss	0
CI5	26	Picture	H57	670334	0	1	5167	1	0	5000	other	0
CI5	27	Picture	E51	695667	0	1	5167	1	0	5000	other	0
CI5	28	Picture	O53	720834	0	1	5167	1	0	5000	other	0
CI5	29	Picture	O53	748167	0	1	5167	1	0	5000	other	0
CI5	30	Picture	H57	776334	0	1	5167	1	0	5000	false_alarm	34
CI5	30	Response	1	787159	10825	0
CI5	31	Picture	O53	803001	0	1	5167	1	0	5000	miss	0
CI5	32	Picture	O53	830334	0	1	5167	1	0	5000	miss	0
CI5	33	Picture	I52	857001	0	1	5167	1	0	5000	other	0
CI5	34	Picture	O53	884334	0	1	5167	1	0	5000	hit	39
CI5	34	Response	2	894885	10552	0
CI5	35	Picture	L58	909667	0	1	5167	1	0	5000	other	0
CI5	36	Picture	E51	937667	0	1	5167	1	0	5000	other	0
CI5	37	Picture	O53	965334	0	1	5167	1	0	5000	miss	0
CI5	38	Picture	E51	991334	0	1	5167	1	0	5000	false_alarm	44
CI5	38	Response	1	1001270	9936	0
CI5	39	Picture	E51	1018334	0	1	5167	1	0	5000	miss	0
CI5	40	Picture	L58	1044167	0	1	5167	1	0	5000	other	0
CI5	41	Picture	E51	1071334	0	1	5167	1	0	5000	hit	48
CI5	41	Response	2	1088323	16989	0
CI5	42	Picture	E51	1098668	0	1	5167	1	0	5000	miss	0
CI5	43	Picture	U54	1125334	0	1	5167	1	0	5000	other	0
CI5	44	Picture	O53	1151668	0	1	5167	1	0	5000	other	0
CI5	45	Picture	H57	1179501	0	1	5167	1	0	5000	other	0
CI5	46	Picture	O53	1206501	0	1	5167	1	0	5000	other	0
CI5	47	Picture	M59	1234001	0	1	5167	1	0	5000	other	0
CI5	48	Picture	H57	1259168	0	1	5167	1	0	5000	hit	56
CI5	48	Response	2	1267497	8330	0
CI5	49	Picture	I52	1284834	0	1	5167	1	0	5000	other	0
CI5	50	Picture	O53	1310001	0	1	5167	1	0	5000	other	0
CI5	51	Picture	H57	1335668	0	1	5167	1	0	5000	miss	0
CI5	52	Picture	I52	1361834	0	1	5167	1	0	5000	miss	0
CI5	53	Picture	E51	1388501	0	1	5167	1	0	5000	other	0
CI5	54	Picture	H57	1415334	0	1	5167	1	0	5000	miss	0
CI5	55	Picture	F56	1443168	0	1	5167	1	0	5000	other	0
CI5	56	Picture	H57	1470835	0	1	5167	1	0	5000	false_alarm	65
CI5	56	Response	1	1489330	18495	0
CI5	57	Picture	M59	1498168	0	1	5167	1	0	5000	other	0
CI5	58	Picture	B55	1524501	0	1	5167	1	0	5000	other	0
CI5	59	Picture	E51	1552168	0	1	5167	1	0	5000	other	0
CI5	60	Picture	O53	1580001	0	1	5167	1	0	5000	other	0
CI5	61	Picture	B55	1607668	0	1	5167	1	0	5000	hit	71
CI5	61	Response	2	1622301	14633	0
