Scenario - 
Logfile written - 09/29/2020 19:17:20

Subject	Trial	Event Type	Code	Time	TTime	Uncertainty	Duration	Uncertainty	ReqTime	ReqDur	Stim Type	Pair Index

CI7	1	Picture	Start	167	0	1	1294834	1	0	next	false_alarm	2
CI7	1	Response	1	1294979	1294813	0
CI7	2	Picture	I52	1302834	0	1	5167	1	0	5000	other	0
CI7	3	Picture	I52	1330668	0	1	5167	1	0	5000	other	0
CI7	4	Picture	B55	1356668	0	1	5167	1	0	5000	other	0
CI7	5	Picture	H57	1384001	0	1	5167	1	0	5000	other	0
CI7	6	Picture	I52	1412001	0	1	5167	1	0	5000	hit	8
CI7	6	Response	2	1425910	13909	0
CI7	7	Picture	B55	1438668	0	1	5167	1	0	5000	miss	0
CI7	8	Picture	B55	1465334	0	1	5167	1	0	5000	other	0
CI7	9	Picture	I52	1493168	0	1	5167	1	0	5000	miss	0
CI7	10	Picture	B55	1520001	0	1	5167	1	0	5000	miss	0
CI7	11	Picture	A50	1547668	0	1	5167	1	0	5000	other	0
CI7	12	Picture	B55	1574501	0	1	5167	1	0	5000	other	0
CI7	13	Picture	O53	1600335	0	1	5167	1	0	5000	other	0
CI7	14	Picture	H57	1628168	0	1	5167	1	0	5000	other	0
CI7	15	Picture	I52	1653335	0	1	5167	1	0	5000	other	0
CI7	16	Picture	I52	1680835	0	1	5167	1	0	5000	other	0
CI7	17	Picture	U54	1708835	0	1	5167	1	0	5000	other	0
CI7	18	Picture	I52	1734668	0	1	5167	1	0	5000	miss	0
CI7	19	Picture	E51	1762168	0	1	5167	1	0	5000	other	0
CI7	20	Picture	A50	1790168	0	1	5167	1	0	5000	other	0
CI7	21	Picture	H57	1818001	0	1	5167	1	0	5000	other	0
CI7	22	Picture	B55	1843335	0	1	5167	1	0	5000	other	0
CI7	23	Picture	A50	1870668	0	1	5167	1	0	5000	miss	0
CI7	24	Picture	H57	1896335	0	1	5167	1	0	5000	miss	0
CI7	25	Picture	O53	1921835	0	1	5167	1	0	5000	other	0
CI7	26	Picture	A50	1947502	0	1	5167	1	0	5000	hit	29
CI7	26	Response	2	1951422	3921	0
CI7	27	Picture	H57	1973335	0	1	5167	1	0	5000	miss	0
CI7	28	Picture	I52	1998502	0	1	5167	1	0	5000	other	0
CI7	29	Picture	O53	2024835	0	1	5167	1	0	5000	other	0
CI7	30	Picture	H57	2051335	0	1	5167	1	0	5000	hit	34
CI7	30	Response	2	2064250	12915	0
CI7	31	Picture	H57	2077668	0	1	5167	1	0	5000	other	0
CI7	32	Picture	O53	2103668	0	1	5167	1	0	5000	miss	0
CI7	33	Picture	H57	2130335	0	1	5167	1	0	5000	miss	0
CI7	34	Picture	E51	2156168	0	1	5167	1	0	5000	other	0
CI7	35	Picture	E51	2183835	0	1	5167	1	0	5000	other	0
CI7	36	Picture	H57	2209502	0	1	5167	1	0	5000	hit	41
CI7	36	Response	2	2225353	15852	0
CI7	37	Picture	L58	2237168	0	1	5167	1	0	5000	other	0
CI7	38	Picture	I52	2265002	0	1	5167	1	0	5000	other	0
CI7	39	Picture	B55	2293169	0	1	5167	1	0	5000	other	0
CI7	40	Picture	E51	2320502	0	1	5167	1	0	5000	other	0
CI7	41	Picture	I52	2346169	0	1	5167	1	0	5000	miss	0
CI7	42	Picture	B55	2373169	0	1	5167	1	0	5000	hit	48
CI7	42	Response	2	2392417	19248	0
CI7	43	Picture	F56	2399169	0	1	5167	1	0	5000	other	0
CI7	44	Picture	O53	2424335	0	1	5167	1	0	5000	other	0
CI7	45	Picture	U54	2451002	0	1	5167	1	0	5000	other	0
CI7	46	Picture	I52	2477502	0	1	5167	1	0	5000	other	0
CI7	47	Picture	B55	2504335	0	1	5167	1	0	5000	other	0
CI7	48	Picture	I52	2531335	0	1	5167	1	0	5000	other	0
CI7	49	Picture	A50	2558502	0	1	5167	1	0	5000	other	0
CI7	50	Picture	I52	2586169	0	1	5167	1	0	5000	other	0
CI7	51	Picture	U54	2613002	0	1	5167	1	0	5000	other	0
CI7	52	Picture	A50	2638835	0	1	5167	1	0	5000	hit	59
CI7	52	Response	2	2646539	7704	0
CI7	53	Picture	L58	2666502	0	1	5167	1	0	5000	other	0
CI7	54	Picture	M59	2693502	0	1	5167	1	0	5000	other	0
CI7	55	Picture	B55	2720336	0	1	5167	1	0	5000	other	0
CI7	56	Picture	F56	2747002	0	1	5167	1	0	5000	other	0
CI7	57	Picture	M59	2773169	0	1	5167	1	0	5000	miss	0
CI7	58	Picture	O53	2798669	0	1	5167	1	0	5000	other	0
CI7	59	Picture	F56	2824169	0	1	5167	1	0	5000	hit	67
CI7	59	Response	2	2839887	15718	0
CI7	60	Picture	M59	2849669	0	1	5167	1	0	5000	miss	0
CI7	61	Picture	O53	2876836	0	1	5167	1	0	5000	miss	0
