Scenario - 
Logfile written - 09/30/2020 09:50:06

Subject	Trial	Event Type	Code	Time	TTime	Uncertainty	Duration	Uncertainty	ReqTime	ReqDur	Stim Type	Pair Index

CI8	1	Picture	Start	167	0	1	77333	1	0	next	false_alarm	2
CI8	1	Response	1	77347	77180	0
CI8	2	Picture	I52	84000	0	1	5167	1	0	5000	other	0
CI8	3	Picture	U54	111833	0	1	5167	1	0	5000	other	0
CI8	4	Picture	H57	137833	0	1	5167	1	0	5000	other	0
CI8	5	Picture	I52	164333	0	1	5167	1	0	5000	hit	7
CI8	5	Response	2	169642	5308	0
CI8	6	Picture	I52	192333	0	1	5167	1	0	5000	other	0
CI8	7	Picture	O53	217500	0	1	5167	1	0	5000	other	0
CI8	8	Picture	O53	244833	0	1	5167	1	0	5000	other	0
CI8	9	Picture	E51	271000	0	1	5167	1	0	5000	other	0
CI8	10	Picture	O53	297334	0	1	5167	1	0	5000	hit	13
CI8	10	Response	2	301749	4416	0
CI8	11	Picture	O53	323000	0	1	5167	1	0	5000	hit	15
CI8	11	Response	2	335640	12640	0
CI8	12	Picture	H57	350834	0	1	5167	1	0	5000	other	0
CI8	13	Picture	E51	377834	0	1	5167	1	0	5000	false_alarm	18
CI8	13	Response	1	383278	5444	0
CI8	14	Picture	O53	405000	0	1	5167	1	0	5000	miss	0
CI8	15	Picture	O53	433000	0	1	5167	1	0	5000	other	0
CI8	16	Picture	E51	460500	0	1	5167	1	0	5000	miss	0
CI8	17	Picture	L58	487167	0	1	5167	1	0	5000	other	0
CI8	18	Picture	L58	512334	0	1	5167	1	0	5000	other	0
CI8	19	Picture	E51	539500	0	1	5167	1	0	5000	hit	25
CI8	19	Response	2	543684	4184	0
CI8	20	Picture	O53	567000	0	1	5167	1	0	5000	other	0
CI8	21	Picture	H57	594000	0	1	5167	1	0	5000	other	0
CI8	22	Picture	B55	622000	0	1	5167	1	0	5000	other	0
CI8	23	Picture	H57	647834	0	1	5167	1	0	5000	other	0
CI8	24	Picture	H57	674834	0	1	5167	1	0	5000	hit	31
CI8	24	Response	2	679468	4634	0
CI8	25	Picture	I52	701834	0	1	5167	1	0	5000	other	0
CI8	26	Picture	A50	729334	0	1	5167	1	0	5000	other	0
CI8	27	Picture	H57	756667	0	1	5167	1	0	5000	hit	35
CI8	27	Response	2	767154	10487	0
CI8	28	Picture	A50	784001	0	1	5167	1	0	5000	false_alarm	37
CI8	28	Response	1	795204	11204	0
CI8	29	Picture	M59	809501	0	1	5167	1	0	5000	other	0
CI8	30	Picture	A50	836667	0	1	5167	1	0	5000	other	0
CI8	31	Picture	U54	862334	0	1	5167	1	0	5000	other	0
CI8	32	Picture	M59	888501	0	1	5167	1	0	5000	hit	42
CI8	32	Response	2	892961	4461	0
CI8	33	Picture	M59	915501	0	1	5167	1	0	5000	other	0
CI8	34	Picture	U54	941001	0	1	5167	1	0	5000	hit	45
CI8	34	Response	2	946597	5596	0
CI8	35	Picture	O53	968834	0	1	5167	1	0	5000	other	0
CI8	36	Picture	O53	996501	0	1	5167	1	0	5000	other	0
CI8	37	Picture	U54	1024334	0	1	5167	1	0	5000	miss	0
CI8	38	Picture	M59	1050001	0	1	5167	1	0	5000	other	0
CI8	39	Picture	I52	1077334	0	1	5167	1	0	5000	other	0
CI8	40	Picture	B55	1103501	0	1	5167	1	0	5000	other	0
CI8	41	Picture	O53	1129334	0	1	5167	1	0	5000	other	0
CI8	42	Picture	U54	1155668	0	1	5167	1	0	5000	other	0
CI8	43	Picture	O53	1181001	0	1	5167	1	0	5000	other	0
CI8	44	Picture	O53	1207668	0	1	5167	1	0	5000	miss	0
CI8	45	Picture	A50	1235168	0	1	5167	1	0	5000	other	0
CI8	46	Picture	L58	1262668	0	1	5167	1	0	5000	other	0
CI8	47	Picture	L58	1290334	0	1	5167	1	0	5000	other	0
CI8	48	Picture	A50	1316334	0	1	5167	1	0	5000	hit	60
CI8	48	Response	2	1321317	4983	0
CI8	49	Picture	L58	1343334	0	1	5167	1	0	5000	hit	62
CI8	49	Response	2	1362389	19054	0
CI8	50	Picture	E51	1368501	0	1	5167	1	0	5000	other	0
CI8	51	Picture	A50	1396501	0	1	5167	1	0	5000	hit	65
CI8	51	Response	2	1399991	3490	0
CI8	52	Picture	M59	1424168	0	1	5167	1	0	5000	other	0
CI8	53	Picture	I52	1450834	0	1	5167	1	0	5000	other	0
CI8	54	Picture	A50	1478501	0	1	5167	1	0	5000	hit	69
CI8	54	Response	2	1483478	4977	0
CI8	55	Picture	M59	1505668	0	1	5167	1	0	5000	hit	71
CI8	55	Response	2	1523889	18221	0
CI8	56	Picture	M59	1530835	0	1	5167	1	0	5000	other	0
CI8	57	Picture	A50	1556001	0	1	5167	1	0	5000	hit	74
CI8	57	Response	2	1566773	10772	0
CI8	58	Picture	A50	1583668	0	1	5167	1	0	5000	other	0
CI8	59	Picture	M59	1609835	0	1	5167	1	0	5000	hit	77
CI8	59	Response	2	1619456	9621	0
CI8	60	Picture	L58	1636835	0	1	5167	1	0	5000	other	0
CI8	61	Picture	B55	1663335	0	1	5167	1	0	5000	other	0
