Scenario - 
Logfile written - 06/28/2021 09:58:19

Subject	Trial	Event Type	Code	Time	TTime	Uncertainty	Duration	Uncertainty	ReqTime	ReqDur	Stim Type	Pair Index

CJ0	1	Picture	Start	167	0	1	64167	1	0	next	false_alarm	2
CJ0	1	Response	1	64189	64022	0
CJ0	2	Picture	F56	71167	0	1	5167	1	0	5000	other	0
CJ0	3	Picture	I52	96500	0	1	5167	1	0	5000	other	0
CJ0	4	Picture	L58	122833	0	1	5167	1	0	5000	other	0
CJ0	5	Picture	F56	150000	0	1	5167	1	0	5000	hit	7
CJ0	5	Response	2	156515	6515	0
CJ0	6	Picture	E51	178000	0	1	5167	1	0	5000	other	0
CJ0	7	Picture	O53	205500	0	1	5167	1	0	5000	other	0
CJ0	8	Picture	I52	231333	0	1	5167	1	0	5000	other	0
CJ0	9	Picture	E51	259000	0	1	5167	1	0	5000	hit	12
CJ0	9	Response	2	265401	6401	0
CJ0	10	Picture	O53	285500	0	1	5167	1	0	5000	hit	14
CJ0	10	Response	2	289437	3937	0
CJ0	11	Picture	H57	312834	0	1	5167	1	0	5000	other	0
CJ0	12	Picture	E51	339834	0	1	5167	1	0	5000	hit	17
CJ0	12	Response	2	348569	8736	0
CJ0	13	Picture	U54	367500	0	1	5167	1	0	5000	other	0
CJ0	14	Picture	U54	392667	0	1	5167	1	0	5000	other	0
CJ0	15	Picture	H57	418000	0	1	5167	1	0	5000	other	0
CJ0	16	Picture	U54	443334	0	1	5167	1	0	5000	miss	0
CJ0	17	Picture	E51	470500	0	1	5167	1	0	5000	other	0
CJ0	18	Picture	A50	496667	0	1	5167	1	0	5000	other	0
CJ0	19	Picture	U54	523834	0	1	5167	1	0	5000	hit	25
CJ0	19	Response	2	529160	5327	0
CJ0	20	Picture	F56	550000	0	1	5167	1	0	5000	other	0
CJ0	21	Picture	A50	575500	0	1	5167	1	0	5000	hit	28
CJ0	21	Response	2	584410	8910	0
CJ0	22	Picture	I52	601167	0	1	5167	1	0	5000	other	0
CJ0	23	Picture	O53	628500	0	1	5167	1	0	5000	other	0
CJ0	24	Picture	A50	656167	0	1	5167	1	0	5000	miss	0
CJ0	25	Picture	I52	681667	0	1	5167	1	0	5000	hit	33
CJ0	25	Response	2	689825	8158	0
CJ0	26	Picture	F56	709001	0	1	5167	1	0	5000	other	0
CJ0	27	Picture	F56	734501	0	1	5167	1	0	5000	other	0
CJ0	28	Picture	I52	762001	0	1	5167	1	0	5000	hit	37
CJ0	28	Response	2	770197	8197	0
CJ0	29	Picture	F56	789667	0	1	5167	1	0	5000	hit	39
CJ0	29	Response	2	796091	6424	0
CJ0	30	Picture	U54	815334	0	1	5167	1	0	5000	other	0
CJ0	31	Picture	U54	841667	0	1	5167	1	0	5000	other	0
CJ0	32	Picture	F56	868334	0	1	5167	1	0	5000	hit	43
CJ0	32	Response	2	873398	5064	0
CJ0	33	Picture	B55	894834	0	1	5167	1	0	5000	other	0
CJ0	34	Picture	F56	922667	0	1	5167	1	0	5000	other	0
CJ0	35	Picture	F56	949667	0	1	5167	1	0	5000	hit	47
CJ0	35	Response	2	955987	6320	0
CJ0	36	Picture	E51	975167	0	1	5167	1	0	5000	other	0
CJ0	37	Picture	F56	1002334	0	1	5167	1	0	5000	hit	50
CJ0	37	Response	2	1007139	4805	0
CJ0	38	Picture	H57	1028501	0	1	5167	1	0	5000	other	0
CJ0	39	Picture	L58	1056168	0	1	5167	1	0	5000	other	0
CJ0	40	Picture	E51	1081834	0	1	5167	1	0	5000	other	0
CJ0	41	Picture	L58	1108668	0	1	5167	1	0	5000	other	0
CJ0	42	Picture	E51	1135668	0	1	5167	1	0	5000	other	0
CJ0	43	Picture	M59	1160834	0	1	5167	1	0	5000	other	0
CJ0	44	Picture	L58	1188668	0	1	5167	1	0	5000	miss	0
CJ0	45	Picture	L58	1214334	0	1	5167	1	0	5000	other	0
CJ0	46	Picture	M59	1241168	0	1	5167	1	0	5000	hit	60
CJ0	46	Response	2	1244958	3791	0
CJ0	47	Picture	E51	1267168	0	1	5167	1	0	5000	other	0
CJ0	48	Picture	L58	1292501	0	1	5167	1	0	5000	hit	63
CJ0	48	Response	2	1300505	8004	0
CJ0	49	Picture	L58	1319501	0	1	5167	1	0	5000	other	0
CJ0	50	Picture	U54	1346834	0	1	5167	1	0	5000	other	0
CJ0	51	Picture	H57	1373668	0	1	5167	1	0	5000	other	0
CJ0	52	Picture	H57	1401334	0	1	5167	1	0	5000	other	0
CJ0	53	Picture	B55	1426668	0	1	5167	1	0	5000	other	0
CJ0	54	Picture	L58	1454001	0	1	5167	1	0	5000	other	0
CJ0	55	Picture	B55	1479835	0	1	5167	1	0	5000	other	0
CJ0	56	Picture	L58	1507001	0	1	5167	1	0	5000	other	0
CJ0	57	Picture	L58	1533168	0	1	5167	1	0	5000	hit	73
CJ0	57	Response	2	1536692	3524	0
CJ0	58	Picture	B55	1559668	0	1	5167	1	0	5000	hit	75
CJ0	58	Response	2	1563946	4278	0
CJ0	59	Picture	E51	1587501	0	1	5167	1	0	5000	other	0
CJ0	60	Picture	L58	1614501	0	1	5167	1	0	5000	hit	78
CJ0	60	Response	2	1624291	9790	0
CJ0	61	Picture	E51	1639835	0	1	5167	1	0	5000	other	0
