Scenario - 
Logfile written - 08/17/2021 09:51:54

Subject	Trial	Event Type	Code	Time	TTime	Uncertainty	Duration	Uncertainty	ReqTime	ReqDur	Stim Type	Pair Index

CJ1	1	Picture	Start	167	0	1	54500	1	0	next	false_alarm	2
CJ1	1	Response	1	54623	54457	0
CJ1	2	Picture	L58	62000	0	1	5167	1	0	5000	other	0
CJ1	3	Picture	A50	88667	0	1	5167	1	0	5000	other	0
CJ1	4	Picture	E51	115500	0	1	5167	1	0	5000	other	0
CJ1	5	Picture	L58	140833	0	1	5167	1	0	5000	hit	7
CJ1	5	Response	2	149066	8233	0
CJ1	6	Picture	L58	167667	0	1	5167	1	0	5000	other	0
CJ1	7	Picture	E51	192833	0	1	5167	1	0	5000	miss	0
CJ1	8	Picture	A50	220667	0	1	5167	1	0	5000	other	0
CJ1	9	Picture	L58	248167	0	1	5167	1	0	5000	hit	12
CJ1	9	Response	2	252269	4102	0
CJ1	10	Picture	B55	273667	0	1	5167	1	0	5000	other	0
CJ1	11	Picture	A50	300334	0	1	5167	1	0	5000	hit	15
CJ1	11	Response	2	311074	10741	0
CJ1	12	Picture	L58	326167	0	1	5167	1	0	5000	miss	0
CJ1	13	Picture	B55	354000	0	1	5167	1	0	5000	hit	18
CJ1	13	Response	2	362504	8504	0
CJ1	14	Picture	O53	379834	0	1	5167	1	0	5000	other	0
CJ1	15	Picture	F56	407167	0	1	5167	1	0	5000	other	0
CJ1	16	Picture	F56	435000	0	1	5167	1	0	5000	other	0
CJ1	17	Picture	U54	460834	0	1	5167	1	0	5000	other	0
CJ1	18	Picture	M59	486167	0	1	5167	1	0	5000	other	0
CJ1	19	Picture	L58	513667	0	1	5167	1	0	5000	false_alarm	25
CJ1	19	Response	1	517415	3748	0
CJ1	20	Picture	U54	540000	0	1	5167	1	0	5000	hit	27
CJ1	20	Response	2	548744	8744	0
CJ1	21	Picture	B55	568000	0	1	5167	1	0	5000	other	0
CJ1	22	Picture	L58	594667	0	1	5167	1	0	5000	hit	30
CJ1	22	Response	2	600927	6260	0
CJ1	23	Picture	U54	622500	0	1	5167	1	0	5000	hit	32
CJ1	23	Response	2	631061	8560	0
CJ1	24	Picture	B55	649334	0	1	5167	1	0	5000	miss	0
CJ1	25	Picture	I52	676167	0	1	5167	1	0	5000	other	0
CJ1	26	Picture	U54	702834	0	1	5167	1	0	5000	hit	36
CJ1	26	Response	2	716107	13273	0
CJ1	27	Picture	L58	728834	0	1	5167	1	0	5000	false_alarm	38
CJ1	27	Response	1	743030	14196	0
CJ1	28	Picture	M59	754501	0	1	5167	1	0	5000	other	0
CJ1	29	Picture	E51	782001	0	1	5167	1	0	5000	other	0
CJ1	30	Picture	A50	809501	0	1	5167	1	0	5000	other	0
CJ1	31	Picture	I52	834667	0	1	5167	1	0	5000	other	0
CJ1	32	Picture	E51	861834	0	1	5167	1	0	5000	hit	44
CJ1	32	Response	2	867877	6043	0
CJ1	33	Picture	H57	887501	0	1	5167	1	0	5000	other	0
CJ1	34	Picture	L58	914167	0	1	5167	1	0	5000	false_alarm	47
CJ1	34	Response	1	921038	6871	0
CJ1	35	Picture	M59	940667	0	1	5167	1	0	5000	other	0
CJ1	36	Picture	O53	966834	0	1	5167	1	0	5000	other	0
CJ1	37	Picture	B55	992834	0	1	5167	1	0	5000	false_alarm	51
CJ1	37	Response	1	999809	6975	0
CJ1	38	Picture	A50	1020167	0	1	5167	1	0	5000	other	0
CJ1	39	Picture	M59	1047334	0	1	5167	1	0	5000	other	0
CJ1	40	Picture	B55	1075167	0	1	5167	1	0	5000	hit	55
CJ1	40	Response	2	1078491	3324	0
CJ1	41	Picture	A50	1100834	0	1	5167	1	0	5000	miss	0
CJ1	42	Picture	E51	1126834	0	1	5167	1	0	5000	false_alarm	58
CJ1	42	Response	1	1132614	5780	0
CJ1	43	Picture	F56	1154001	0	1	5167	1	0	5000	other	0
CJ1	44	Picture	A50	1181668	0	1	5167	1	0	5000	hit	61
CJ1	44	Response	2	1190619	8951	0
CJ1	45	Picture	M59	1208334	0	1	5167	1	0	5000	other	0
CJ1	46	Picture	M59	1236334	0	1	5167	1	0	5000	other	0
CJ1	47	Picture	O53	1262168	0	1	5167	1	0	5000	false_alarm	65
CJ1	47	Response	1	1268632	6464	0
CJ1	48	Picture	O53	1288501	0	1	5167	1	0	5000	other	0
CJ1	49	Picture	M59	1315168	0	1	5167	1	0	5000	hit	68
CJ1	49	Response	2	1320751	5583	0
CJ1	50	Picture	O53	1342334	0	1	5167	1	0	5000	miss	0
CJ1	51	Picture	L58	1368501	0	1	5167	1	0	5000	other	0
CJ1	52	Picture	B55	1394668	0	1	5167	1	0	5000	false_alarm	72
CJ1	52	Response	1	1407262	12595	0
CJ1	53	Picture	M59	1420168	0	1	5167	1	0	5000	other	0
CJ1	54	Picture	L58	1447668	0	1	5167	1	0	5000	miss	0
CJ1	55	Picture	F56	1475501	0	1	5167	1	0	5000	false_alarm	76
CJ1	55	Response	1	1480487	4985	0
CJ1	56	Picture	M59	1502668	0	1	5167	1	0	5000	hit	78
CJ1	56	Response	2	1517080	14412	0
CJ1	57	Picture	A50	1528001	0	1	5167	1	0	5000	other	0
CJ1	58	Picture	M59	1553335	0	1	5167	1	0	5000	false_alarm	81
CJ1	58	Response	1	1560826	7492	0
CJ1	59	Picture	H57	1580168	0	1	5167	1	0	5000	other	0
CJ1	60	Picture	B55	1607001	0	1	5167	1	0	5000	other	0
CJ1	61	Picture	H57	1633835	0	1	5167	1	0	5000	other	0
