Scenario - 
Logfile written - 08/25/2021 14:17:18

Subject	Trial	Event Type	Code	Time	TTime	Uncertainty	Duration	Uncertainty	ReqTime	ReqDur	Stim Type	Pair Index

CJ2	1	Picture	Start	167	0	1	52000	1	0	next	false_alarm	2
CJ2	1	Response	1	52096	51930	0
CJ2	2	Picture	O53	60167	0	1	5167	1	0	5000	other	0
CJ2	3	Picture	F56	86833	0	1	5167	1	0	5000	other	0
CJ2	4	Picture	O53	113167	0	1	5167	1	0	5000	other	0
CJ2	5	Picture	O53	141167	0	1	5167	1	0	5000	miss	0
CJ2	6	Picture	E51	169000	0	1	5167	1	0	5000	other	0
CJ2	7	Picture	O53	194167	0	1	5167	1	0	5000	miss	0
CJ2	8	Picture	U54	220333	0	1	5167	1	0	5000	other	0
CJ2	9	Picture	E51	247333	0	1	5167	1	0	5000	hit	11
CJ2	9	Response	2	262863	15530	0
CJ2	10	Picture	I52	273167	0	1	5167	1	0	5000	other	0
CJ2	11	Picture	U54	300667	0	1	5167	1	0	5000	hit	14
CJ2	11	Response	2	314135	13468	0
CJ2	12	Picture	E51	326167	0	1	5167	1	0	5000	miss	0
CJ2	13	Picture	I52	352000	0	1	5167	1	0	5000	hit	17
CJ2	13	Response	2	364351	12351	0
CJ2	14	Picture	H57	378667	0	1	5167	1	0	5000	other	0
CJ2	15	Picture	B55	404000	0	1	5167	1	0	5000	other	0
CJ2	16	Picture	O53	432000	0	1	5167	1	0	5000	other	0
CJ2	17	Picture	H57	459667	0	1	5167	1	0	5000	hit	22
CJ2	17	Response	2	467896	8229	0
CJ2	18	Picture	U54	485167	0	1	5167	1	0	5000	other	0
CJ2	19	Picture	L58	511334	0	1	5167	1	0	5000	other	0
CJ2	20	Picture	H57	537834	0	1	5167	1	0	5000	hit	26
CJ2	20	Response	2	548042	10208	0
CJ2	21	Picture	H57	564667	0	1	5167	1	0	5000	other	0
CJ2	22	Picture	U54	591000	0	1	5167	1	0	5000	false_alarm	29
CJ2	22	Response	1	600304	9303	0
CJ2	23	Picture	E51	617500	0	1	5167	1	0	5000	other	0
CJ2	24	Picture	O53	644834	0	1	5167	1	0	5000	other	0
CJ2	25	Picture	O53	670001	0	1	5167	1	0	5000	other	0
CJ2	26	Picture	E51	698001	0	1	5167	1	0	5000	hit	34
CJ2	26	Response	2	707466	9465	0
CJ2	27	Picture	B55	725167	0	1	5167	1	0	5000	other	0
CJ2	28	Picture	A50	750667	0	1	5167	1	0	5000	other	0
CJ2	29	Picture	E51	778334	0	1	5167	1	0	5000	hit	38
CJ2	29	Response	2	788148	9814	0
CJ2	30	Picture	A50	805667	0	1	5167	1	0	5000	false_alarm	40
CJ2	30	Response	1	816964	11296	0
CJ2	31	Picture	O53	831501	0	1	5167	1	0	5000	other	0
CJ2	32	Picture	L58	858834	0	1	5167	1	0	5000	other	0
CJ2	33	Picture	F56	886667	0	1	5167	1	0	5000	other	0
CJ2	34	Picture	M59	913834	0	1	5167	1	0	5000	other	0
CJ2	35	Picture	L58	940501	0	1	5167	1	0	5000	hit	46
CJ2	35	Response	2	945853	5352	0
CJ2	36	Picture	L58	966334	0	1	5167	1	0	5000	other	0
CJ2	37	Picture	E51	993501	0	1	5167	1	0	5000	other	0
CJ2	38	Picture	M59	1019501	0	1	5167	1	0	5000	false_alarm	50
CJ2	38	Response	1	1027399	7898	0
CJ2	39	Picture	B55	1044834	0	1	5167	1	0	5000	other	0
CJ2	40	Picture	L58	1070668	0	1	5167	1	0	5000	other	0
CJ2	41	Picture	H57	1096834	0	1	5167	1	0	5000	other	0
CJ2	42	Picture	A50	1124834	0	1	5167	1	0	5000	other	0
CJ2	43	Picture	L58	1151834	0	1	5167	1	0	5000	hit	56
CJ2	43	Response	2	1156179	4344	0
CJ2	44	Picture	M59	1179001	0	1	5167	1	0	5000	other	0
CJ2	45	Picture	A50	1205334	0	1	5167	1	0	5000	miss	0
CJ2	46	Picture	F56	1230834	0	1	5167	1	0	5000	other	0
CJ2	47	Picture	L58	1257501	0	1	5167	1	0	5000	false_alarm	61
CJ2	47	Response	1	1267139	9638	0
CJ2	48	Picture	M59	1284168	0	1	5167	1	0	5000	other	0
CJ2	49	Picture	U54	1311501	0	1	5167	1	0	5000	other	0
CJ2	50	Picture	L58	1338834	0	1	5167	1	0	5000	hit	65
CJ2	50	Response	2	1348887	10052	0
CJ2	51	Picture	M59	1366501	0	1	5167	1	0	5000	hit	67
CJ2	51	Response	2	1373266	6765	0
CJ2	52	Picture	U54	1393168	0	1	5167	1	0	5000	hit	69
CJ2	52	Response	2	1404192	11024	0
CJ2	53	Picture	U54	1418834	0	1	5167	1	0	5000	other	0
CJ2	54	Picture	A50	1446168	0	1	5167	1	0	5000	other	0
CJ2	55	Picture	O53	1472501	0	1	5167	1	0	5000	other	0
CJ2	56	Picture	L58	1499335	0	1	5167	1	0	5000	other	0
CJ2	57	Picture	A50	1526001	0	1	5167	1	0	5000	hit	75
CJ2	57	Response	2	1532025	6024	0
CJ2	58	Picture	M59	1553335	0	1	5167	1	0	5000	other	0
CJ2	59	Picture	L58	1579335	0	1	5167	1	0	5000	hit	78
CJ2	59	Response	2	1594124	14789	0
CJ2	60	Picture	A50	1605168	0	1	5167	1	0	5000	miss	0
CJ2	61	Picture	O53	1631001	0	1	5167	1	0	5000	other	0
