Scenario - 
Logfile written - 08/25/2021 14:13:24

Subject	Trial	Event Type	Code	Time	TTime	Uncertainty	Duration	Uncertainty	ReqTime	ReqDur	Stim Type	Pair Index

CJ2	1	Picture	Start	167	0	1	55500	1	0	next	false_alarm	2
CJ2	1	Response	1	55542	55376	0
CJ2	3	Sound	H57	61347	14	345			0		other	0
CJ2	5	Sound	U54	87000	0	2			0		other	0
CJ2	7	Sound	H57	112000	0	2			0		other	0
CJ2	9	Sound	F56	136834	0	2			0		other	0
CJ2	11	Sound	U54	161834	0	2			0		hit	8
CJ2	11	Response	2	175623	13789	0
CJ2	13	Sound	A50	188834	0	2			0		other	0
CJ2	15	Sound	L58	213667	0	2			0		other	0
CJ2	17	Sound	U54	239001	0	2			0		miss	0
CJ2	18	Response	1	261978	2811	0
CJ2	19	Sound	H57	265834	0	2			0		false_alarm	14
CJ2	19	Response	1	282524	16691	0
CJ2	21	Sound	F56	293001	0	2			0		false_alarm	16
CJ2	21	Response	1	310195	17195	0
CJ2	23	Sound	U54	317667	0	2			0		miss	0
CJ2	25	Sound	E51	343667	0	2			0		other	0
CJ2	27	Sound	F56	370001	0	2			0		hit	20
CJ2	27	Response	2	386923	16923	0
CJ2	29	Sound	U54	397001	0	2			0		miss	0
CJ2	31	Sound	A50	421834	0	2			0		other	0
CJ2	33	Sound	O53	446667	0	2			0		other	0
CJ2	35	Sound	A50	472167	0	2			0		other	0
CJ2	37	Sound	U54	498167	0	2			0		false_alarm	26
CJ2	37	Response	1	509872	11705	0
CJ2	39	Sound	O53	525334	0	2			0		miss	0
CJ2	41	Sound	A50	551001	0	2			0		hit	29
CJ2	41	Response	2	565736	14735	0
CJ2	43	Sound	U54	577834	0	2			0		miss	0
CJ2	45	Sound	E51	603334	0	2			0		other	0
CJ2	47	Sound	A50	629667	0	2			0		miss	0
CJ2	48	Response	1	653385	3551	0
CJ2	49	Sound	U54	656334	0	2			0		miss	0
CJ2	51	Sound	A50	681334	0	2			0		false_alarm	36
CJ2	51	Response	1	682396	1063	0
CJ2	53	Sound	U54	706001	0	2			0		other	0
CJ2	55	Sound	A50	731168	0	2			0		false_alarm	39
CJ2	55	Response	1	739469	8302	0
CJ2	57	Sound	E51	756668	0	2			0		other	0
CJ2	59	Sound	U54	782334	0	2			0		miss	0
CJ2	61	Sound	A50	809168	0	2			0		hit	43
CJ2	61	Response	2	814880	5712	0
CJ2	63	Sound	U54	834001	0	2			0		other	0
CJ2	65	Sound	U54	860834	0	2			0		miss	0
CJ2	67	Sound	A50	885834	0	2			0		miss	0
CJ2	69	Sound	H57	911334	0	2			0		other	0
CJ2	71	Sound	U54	937501	0	2			0		miss	0
CJ2	73	Sound	E51	962834	0	2			0		other	0
CJ2	75	Sound	E51	987168	0	2			0		other	0
CJ2	77	Sound	U54	1014168	0	2			0		miss	0
CJ2	79	Sound	A50	1039168	0	2			0		other	0
CJ2	81	Sound	U54	1066335	0	2			0		other	0
CJ2	83	Sound	E51	1092335	0	2			0		other	0
CJ2	85	Sound	M59	1118002	1	2			0		other	0
CJ2	87	Sound	E51	1142335	0	2			0		other	0
CJ2	89	Sound	I52	1168668	1	2			0		other	0
CJ2	91	Sound	F56	1193168	1	2			0		other	0
CJ2	93	Sound	O53	1218168	0	2			0		other	0
CJ2	95	Sound	H57	1243668	0	2			0		other	0
CJ2	97	Sound	B55	1268835	0	2			0		other	0
CJ2	99	Sound	M59	1294501	0	2			0		other	0
CJ2	101	Sound	I52	1320001	0	2			0		other	0
CJ2	103	Sound	B55	1344835	0	2			0		miss	0
CJ2	105	Sound	I52	1370335	0	2			0		other	0
CJ2	107	Sound	U54	1395502	0	2			0		other	0
CJ2	109	Sound	O53	1420501	0	2			0		other	0
CJ2	111	Sound	I52	1445668	0	2			0		miss	0
CJ2	113	Sound	H57	1471835	0	2			0		other	0
CJ2	115	Sound	U54	1498835	0	2			0		other	0
CJ2	117	Sound	O53	1525835	0	2			0		other	0
CJ2	119	Sound	A50	1550335	0	2			0		other	0
CJ2	121	Sound	U54	1577502	0	2			0		miss	0
