Scenario - 
Logfile written - 09/09/2021 09:53:02

Subject	Trial	Event Type	Code	Time	TTime	Uncertainty	Duration	Uncertainty	ReqTime	ReqDur	Stim Type	Pair Index

CJ3	1	Picture	Start	167	0	1	1070834	1	0	next	false_alarm	2
CJ3	1	Response	1	1070872	1070705	0
CJ3	2	Picture	B55	1077668	0	1	5167	1	0	5000	other	0
CJ3	3	Picture	M59	1105668	0	1	5167	1	0	5000	other	0
CJ3	4	Picture	M59	1131668	0	1	5167	1	0	5000	other	0
CJ3	5	Picture	O53	1158334	0	1	5167	1	0	5000	other	0
CJ3	6	Picture	M59	1186001	0	1	5167	1	0	5000	miss	0
CJ3	7	Picture	O53	1212501	0	1	5167	1	0	5000	other	0
CJ3	8	Picture	E51	1240168	0	1	5167	1	0	5000	other	0
CJ3	9	Picture	O53	1265668	0	1	5167	1	0	5000	false_alarm	11
CJ3	9	Response	1	1279575	13907	0
CJ3	10	Picture	O53	1292668	0	1	5167	1	0	5000	miss	0
CJ3	11	Picture	H57	1320334	0	1	5167	1	0	5000	other	0
CJ3	12	Picture	L58	1346001	0	1	5167	1	0	5000	other	0
CJ3	13	Picture	O53	1373668	0	1	5167	1	0	5000	hit	16
CJ3	13	Response	2	1381425	7757	0
CJ3	14	Picture	H57	1401168	0	1	5167	1	0	5000	hit	18
CJ3	14	Response	2	1416933	15765	0
CJ3	15	Picture	I52	1428001	0	1	5167	1	0	5000	other	0
CJ3	16	Picture	U54	1453501	0	1	5167	1	0	5000	other	0
CJ3	17	Picture	A50	1478668	0	1	5167	1	0	5000	other	0
CJ3	18	Picture	I52	1506001	0	1	5167	1	0	5000	hit	23
CJ3	18	Response	2	1509209	3208	0
CJ3	19	Picture	A50	1533668	0	1	5167	1	0	5000	other	0
CJ3	20	Picture	I52	1561501	0	1	5167	1	0	5000	other	0
CJ3	21	Picture	H57	1588335	0	1	5167	1	0	5000	other	0
CJ3	22	Picture	O53	1613668	0	1	5167	1	0	5000	other	0
CJ3	23	Picture	A50	1641168	0	1	5167	1	0	5000	other	0
CJ3	24	Picture	H57	1668835	0	1	5167	1	0	5000	hit	30
CJ3	24	Response	2	1677450	8615	0
CJ3	25	Picture	B55	1695001	0	1	5167	1	0	5000	other	0
CJ3	26	Picture	M59	1721501	0	1	5167	1	0	5000	other	0
CJ3	27	Picture	H57	1748335	0	1	5167	1	0	5000	hit	34
CJ3	27	Response	2	1763268	14933	0
CJ3	28	Picture	B55	1773501	0	1	5167	1	0	5000	miss	0
CJ3	29	Picture	E51	1801168	0	1	5167	1	0	5000	other	0
CJ3	30	Picture	H57	1826835	0	1	5167	1	0	5000	hit	38
CJ3	30	Response	2	1841908	15073	0
CJ3	31	Picture	B55	1854335	0	1	5167	1	0	5000	hit	40
CJ3	31	Response	2	1874317	19982	0
CJ3	32	Picture	E51	1880835	0	1	5167	1	0	5000	hit	42
CJ3	32	Response	2	1890837	10002	0
CJ3	33	Picture	A50	1907835	0	1	5167	1	0	5000	other	0
CJ3	34	Picture	O53	1935002	0	1	5167	1	0	5000	other	0
CJ3	35	Picture	H57	1961668	0	1	5167	1	0	5000	other	0
CJ3	36	Picture	A50	1987002	0	1	5167	1	0	5000	hit	47
CJ3	36	Response	2	1993322	6321	0
CJ3	37	Picture	B55	2013502	0	1	5167	1	0	5000	other	0
CJ3	38	Picture	L58	2041502	0	1	5167	1	0	5000	other	0
CJ3	39	Picture	M59	2067668	0	1	5167	1	0	5000	other	0
CJ3	40	Picture	B55	2095335	0	1	5167	1	0	5000	hit	52
CJ3	40	Response	2	2104727	9392	0
CJ3	41	Picture	L58	2121502	0	1	5167	1	0	5000	hit	54
CJ3	41	Response	2	2132753	11251	0
CJ3	42	Picture	O53	2146835	0	1	5167	1	0	5000	other	0
CJ3	43	Picture	O53	2173168	0	1	5167	1	0	5000	other	0
CJ3	44	Picture	L58	2198668	0	1	5167	1	0	5000	hit	58
CJ3	44	Response	2	2208380	9712	0
CJ3	45	Picture	A50	2225335	0	1	5167	1	0	5000	other	0
CJ3	46	Picture	I52	2253002	0	1	5167	1	0	5000	other	0
CJ3	47	Picture	L58	2279335	0	1	5167	1	0	5000	hit	62
CJ3	47	Response	2	2287295	7960	0
CJ3	48	Picture	U54	2304835	0	1	5167	1	0	5000	other	0
CJ3	49	Picture	F56	2332835	0	1	5167	1	0	5000	other	0
CJ3	50	Picture	F56	2358669	0	1	5167	1	0	5000	other	0
CJ3	51	Picture	F56	2385669	0	1	5167	1	0	5000	false_alarm	67
CJ3	51	Response	1	2399102	13433	0
CJ3	52	Picture	H57	2412335	0	1	5167	1	0	5000	other	0
CJ3	53	Picture	A50	2439169	0	1	5167	1	0	5000	other	0
CJ3	54	Picture	F56	2465669	0	1	5167	1	0	5000	miss	0
CJ3	55	Picture	E51	2493502	0	1	5167	1	0	5000	other	0
CJ3	56	Picture	H57	2518835	0	1	5167	1	0	5000	false_alarm	73
CJ3	56	Response	1	2530073	11238	0
CJ3	57	Picture	F56	2544502	0	1	5167	1	0	5000	hit	75
CJ3	57	Response	2	2562745	18243	0
CJ3	58	Picture	E51	2571169	0	1	5167	1	0	5000	hit	77
CJ3	58	Response	2	2580186	9017	0
CJ3	59	Picture	H57	2598835	0	1	5167	1	0	5000	hit	79
CJ3	59	Response	2	2608248	9412	0
CJ3	60	Picture	I52	2624835	0	1	5167	1	0	5000	other	0
CJ3	61	Picture	M59	2651836	0	1	5167	1	0	5000	other	0
