Scenario - 
Logfile written - 09/24/2021 09:51:02

Subject	Trial	Event Type	Code	Time	TTime	Uncertainty	Duration	Uncertainty	ReqTime	ReqDur	Stim Type	Pair Index

CJ4	1	Picture	Start	167	0	1	117667	1	0	next	false_alarm	2
CJ4	1	Response	1	117807	117641	0
CJ4	2	Picture	B55	123667	0	1	5167	1	0	5000	other	0
CJ4	3	Picture	O53	150833	0	1	5167	1	0	5000	other	0
CJ4	4	Picture	U54	178333	0	1	5167	1	0	5000	other	0
CJ4	5	Picture	U54	206333	0	1	5167	1	0	5000	other	0
CJ4	6	Picture	O53	234000	0	1	5167	1	0	5000	hit	8
CJ4	6	Response	2	246197	12197	0
CJ4	7	Picture	H57	261667	0	1	5167	1	0	5000	other	0
CJ4	8	Picture	L58	289500	0	1	5167	1	0	5000	other	0
CJ4	9	Picture	I52	317500	0	1	5167	1	0	5000	other	0
CJ4	10	Picture	O53	345500	0	1	5167	1	0	5000	other	0
CJ4	11	Picture	L58	371334	0	1	5167	1	0	5000	hit	14
CJ4	11	Response	2	383979	12645	0
CJ4	12	Picture	L58	397667	0	1	5167	1	0	5000	other	0
CJ4	13	Picture	L58	423667	0	1	5167	1	0	5000	other	0
CJ4	14	Picture	L58	451334	0	1	5167	1	0	5000	hit	18
CJ4	14	Response	2	456216	4882	0
CJ4	15	Picture	L58	479334	0	1	5167	1	0	5000	miss	0
CJ4	16	Picture	B55	505667	0	1	5167	1	0	5000	other	0
CJ4	17	Picture	L58	531834	0	1	5167	1	0	5000	hit	22
CJ4	17	Response	2	548092	16259	0
CJ4	18	Picture	U54	559834	0	1	5167	1	0	5000	other	0
CJ4	19	Picture	H57	586500	0	1	5167	1	0	5000	other	0
CJ4	20	Picture	L58	613834	0	1	5167	1	0	5000	miss	0
CJ4	21	Picture	U54	639000	0	1	5167	1	0	5000	miss	0
CJ4	22	Picture	U54	664334	0	1	5167	1	0	5000	other	0
CJ4	23	Picture	L58	691334	0	1	5167	1	0	5000	miss	0
CJ4	24	Picture	L58	718167	0	1	5167	1	0	5000	other	0
CJ4	25	Picture	I52	744334	0	1	5167	1	0	5000	other	0
CJ4	26	Picture	U54	770167	0	1	5167	1	0	5000	other	0
CJ4	27	Picture	L58	795667	0	1	5167	1	0	5000	miss	0
CJ4	28	Picture	H57	822167	0	1	5167	1	0	5000	other	0
CJ4	29	Picture	U54	847501	0	1	5167	1	0	5000	miss	0
CJ4	30	Picture	B55	872834	0	1	5167	1	0	5000	other	0
CJ4	31	Picture	H57	900334	0	1	5167	1	0	5000	miss	0
CJ4	32	Picture	U54	927167	0	1	5167	1	0	5000	miss	0
CJ4	33	Picture	I52	955167	0	1	5167	1	0	5000	other	0
CJ4	34	Picture	F56	983334	0	1	5167	1	0	5000	other	0
CJ4	35	Picture	H57	1008834	0	1	5167	1	0	5000	false_alarm	41
CJ4	35	Response	1	1019558	10724	0
CJ4	36	Picture	A50	1034167	0	1	5167	1	0	5000	other	0
CJ4	37	Picture	B55	1060168	0	1	5167	1	0	5000	other	0
CJ4	38	Picture	H57	1086334	0	1	5167	1	0	5000	miss	0
CJ4	39	Picture	A50	1113168	0	1	5167	1	0	5000	hit	46
CJ4	39	Response	2	1122476	9308	0
CJ4	40	Picture	A50	1140501	0	1	5167	1	0	5000	other	0
CJ4	41	Picture	U54	1167501	0	1	5167	1	0	5000	other	0
CJ4	42	Picture	O53	1194668	0	1	5167	1	0	5000	other	0
CJ4	43	Picture	B55	1220668	0	1	5167	1	0	5000	other	0
CJ4	44	Picture	A50	1247168	0	1	5167	1	0	5000	other	0
CJ4	45	Picture	A50	1274168	0	1	5167	1	0	5000	other	0
CJ4	46	Picture	I52	1301834	0	1	5167	1	0	5000	other	0
CJ4	47	Picture	A50	1328334	0	1	5167	1	0	5000	hit	55
CJ4	47	Response	2	1338637	10302	0
CJ4	48	Picture	A50	1355668	0	1	5167	1	0	5000	miss	0
CJ4	49	Picture	I52	1382168	0	1	5167	1	0	5000	miss	0
CJ4	50	Picture	E51	1407334	0	1	5167	1	0	5000	other	0
CJ4	51	Picture	A50	1432501	0	1	5167	1	0	5000	hit	60
CJ4	51	Response	2	1441936	9435	0
CJ4	52	Picture	H57	1460168	0	1	5167	1	0	5000	other	0
CJ4	53	Picture	E51	1486168	0	1	5167	1	0	5000	miss	0
CJ4	54	Picture	H57	1513001	0	1	5167	1	0	5000	other	0
CJ4	55	Picture	H57	1539001	0	1	5167	1	0	5000	hit	65
CJ4	55	Response	2	1550401	11400	0
CJ4	56	Picture	I52	1567001	0	1	5167	1	0	5000	other	0
CJ4	57	Picture	M59	1594168	0	1	5167	1	0	5000	other	0
CJ4	58	Picture	L58	1620335	0	1	5167	1	0	5000	other	0
CJ4	59	Picture	E51	1648335	0	1	5167	1	0	5000	other	0
CJ4	60	Picture	A50	1676001	0	1	5167	1	0	5000	other	0
CJ4	61	Picture	O53	1703835	0	1	5167	1	0	5000	other	0
