Scenario - 
Logfile written - 09/24/2021 14:07:11

Subject	Trial	Event Type	Code	Time	TTime	Uncertainty	Duration	Uncertainty	ReqTime	ReqDur	Stim Type	Pair Index

CJ5	1	Picture	Start	167	0	1	40167	1	0	next	false_alarm	2
CJ5	1	Response	1	40248	40082	0
CJ5	2	Picture	F56	47833	0	1	5167	1	0	5000	other	0
CJ5	3	Picture	B55	75667	0	1	5167	1	0	5000	other	0
CJ5	4	Picture	A50	101667	0	1	5167	1	0	5000	other	0
CJ5	5	Picture	F56	127833	0	1	5167	1	0	5000	hit	7
CJ5	5	Response	2	131794	3961	0
CJ5	6	Picture	F56	155167	0	1	5167	1	0	5000	other	0
CJ5	7	Picture	F56	181000	0	1	5167	1	0	5000	other	0
CJ5	8	Picture	A50	207167	0	1	5167	1	0	5000	other	0
CJ5	9	Picture	I52	233500	0	1	5167	1	0	5000	other	0
CJ5	10	Picture	F56	259000	0	1	5167	1	0	5000	miss	0
CJ5	11	Picture	A50	285833	0	1	5167	1	0	5000	miss	0
CJ5	12	Picture	B55	312333	0	1	5167	1	0	5000	other	0
CJ5	13	Picture	H57	337834	0	1	5167	1	0	5000	other	0
CJ5	14	Picture	A50	364334	0	1	5167	1	0	5000	hit	17
CJ5	14	Response	2	369205	4872	0
CJ5	15	Picture	A50	391000	0	1	5167	1	0	5000	other	0
CJ5	16	Picture	A50	418334	0	1	5167	1	0	5000	false_alarm	20
CJ5	16	Response	1	428075	9742	0
CJ5	17	Picture	H57	445000	0	1	5167	1	0	5000	other	0
CJ5	18	Picture	A50	471000	0	1	5167	1	0	5000	miss	0
CJ5	19	Picture	E51	498667	0	1	5167	1	0	5000	other	0
CJ5	20	Picture	B55	524167	0	1	5167	1	0	5000	other	0
CJ5	21	Picture	I52	551667	0	1	5167	1	0	5000	other	0
CJ5	22	Picture	F56	576834	0	1	5167	1	0	5000	other	0
CJ5	23	Picture	B55	602834	0	1	5167	1	0	5000	hit	28
CJ5	23	Response	2	607659	4825	0
CJ5	24	Picture	B55	628000	0	1	5167	1	0	5000	other	0
CJ5	25	Picture	A50	655167	0	1	5167	1	0	5000	false_alarm	31
CJ5	25	Response	1	672148	16981	0
CJ5	26	Picture	B55	680334	0	1	5167	1	0	5000	miss	0
CJ5	27	Picture	L58	707834	0	1	5167	1	0	5000	other	0
CJ5	28	Picture	M59	733501	0	1	5167	1	0	5000	other	0
CJ5	29	Picture	A50	760334	0	1	5167	1	0	5000	false_alarm	36
CJ5	29	Response	1	767601	7267	0
CJ5	30	Picture	L58	786167	0	1	5167	1	0	5000	miss	0
CJ5	31	Picture	M59	812334	0	1	5167	1	0	5000	miss	0
CJ5	32	Picture	M59	838167	0	1	5167	1	0	5000	other	0
CJ5	33	Picture	I52	863667	0	1	5167	1	0	5000	other	0
CJ5	34	Picture	U54	889834	0	1	5167	1	0	5000	other	0
CJ5	35	Picture	H57	917834	0	1	5167	1	0	5000	other	0
CJ5	36	Picture	I52	944334	0	1	5167	1	0	5000	hit	44
CJ5	36	Response	2	948959	4625	0
CJ5	37	Picture	L58	970334	0	1	5167	1	0	5000	other	0
CJ5	38	Picture	E51	995501	0	1	5167	1	0	5000	other	0
CJ5	39	Picture	M59	1021834	0	1	5167	1	0	5000	other	0
CJ5	40	Picture	H57	1047834	0	1	5167	1	0	5000	other	0
CJ5	41	Picture	E51	1074001	0	1	5167	1	0	5000	miss	0
CJ5	42	Picture	M59	1101334	0	1	5167	1	0	5000	hit	51
CJ5	42	Response	2	1108665	7331	0
CJ5	43	Picture	H57	1127168	0	1	5167	1	0	5000	miss	0
CJ5	44	Picture	M59	1155168	0	1	5167	1	0	5000	false_alarm	54
CJ5	44	Response	1	1162331	7163	0
CJ5	45	Picture	A50	1180334	0	1	5167	1	0	5000	other	0
CJ5	46	Picture	L58	1206501	0	1	5167	1	0	5000	other	0
CJ5	47	Picture	B55	1232001	0	1	5167	1	0	5000	other	0
CJ5	48	Picture	A50	1257834	0	1	5167	1	0	5000	hit	59
CJ5	48	Response	2	1263398	5564	0
CJ5	49	Picture	O53	1284834	0	1	5167	1	0	5000	other	0
CJ5	50	Picture	U54	1312168	0	1	5167	1	0	5000	other	0
CJ5	51	Picture	A50	1338501	0	1	5167	1	0	5000	miss	0
CJ5	52	Picture	E51	1366668	0	1	5167	1	0	5000	other	0
CJ5	53	Picture	E51	1392834	0	1	5167	1	0	5000	other	0
CJ5	54	Picture	M59	1418001	0	1	5167	1	0	5000	other	0
CJ5	55	Picture	E51	1445501	0	1	5167	1	0	5000	hit	67
CJ5	55	Response	2	1450633	5132	0
CJ5	56	Picture	E51	1473001	0	1	5167	1	0	5000	miss	0
CJ5	57	Picture	O53	1498835	0	1	5167	1	0	5000	false_alarm	70
CJ5	57	Response	1	1504650	5815	0
CJ5	58	Picture	M59	1525835	0	1	5167	1	0	5000	other	0
CJ5	59	Picture	I52	1552668	0	1	5167	1	0	5000	other	0
CJ5	60	Picture	O53	1580335	0	1	5167	1	0	5000	miss	0
CJ5	61	Picture	M59	1607501	0	1	5167	1	0	5000	miss	0
