Scenario - 
Logfile written - 10/15/2021 09:48:46

Subject	Trial	Event Type	Code	Time	TTime	Uncertainty	Duration	Uncertainty	ReqTime	ReqDur	Stim Type	Pair Index

CJ6	1	Picture	Start	167	0	1	45000	1	0	next	false_alarm	2
CJ6	1	Response	1	45070	44903	0
CJ6	2	Picture	F56	51167	0	1	5167	1	0	5000	other	0
CJ6	3	Picture	O53	76833	0	1	5167	1	0	5000	other	0
CJ6	4	Picture	B55	104833	0	1	5167	1	0	5000	other	0
CJ6	5	Picture	F56	131167	0	1	5167	1	0	5000	hit	7
CJ6	5	Response	2	135468	4301	0
CJ6	6	Picture	O53	156833	0	1	5167	1	0	5000	hit	9
CJ6	6	Response	2	165311	8477	0
CJ6	7	Picture	B55	182667	0	1	5167	1	0	5000	hit	11
CJ6	7	Response	2	190397	7730	0
CJ6	8	Picture	U54	210500	0	1	5167	1	0	5000	other	0
CJ6	9	Picture	F56	237833	0	1	5167	1	0	5000	other	0
CJ6	10	Picture	O53	263167	0	1	5167	1	0	5000	other	0
CJ6	11	Picture	U54	290334	0	1	5167	1	0	5000	hit	16
CJ6	11	Response	2	295046	4712	0
CJ6	12	Picture	F56	316000	0	1	5167	1	0	5000	hit	18
CJ6	12	Response	2	324604	8603	0
CJ6	13	Picture	O53	341334	0	1	5167	1	0	5000	miss	0
CJ6	14	Picture	U54	367167	0	1	5167	1	0	5000	hit	21
CJ6	14	Response	2	374034	6867	0
CJ6	15	Picture	H57	393834	0	1	5167	1	0	5000	other	0
CJ6	16	Picture	O53	419167	0	1	5167	1	0	5000	miss	0
CJ6	17	Picture	B55	445000	0	1	5167	1	0	5000	other	0
CJ6	18	Picture	U54	470167	0	1	5167	1	0	5000	other	0
CJ6	19	Picture	A50	497500	0	1	5167	1	0	5000	other	0
CJ6	20	Picture	F56	523667	0	1	5167	1	0	5000	false_alarm	28
CJ6	20	Response	1	528151	4484	0
CJ6	21	Picture	I52	549667	0	1	5167	1	0	5000	other	0
CJ6	22	Picture	L58	577334	0	1	5167	1	0	5000	other	0
CJ6	23	Picture	H57	605000	0	1	5167	1	0	5000	other	0
CJ6	24	Picture	H57	630834	0	1	5167	1	0	5000	other	0
CJ6	25	Picture	F56	656334	0	1	5167	1	0	5000	other	0
CJ6	26	Picture	H57	681667	0	1	5167	1	0	5000	hit	35
CJ6	26	Response	2	684768	3101	0
CJ6	27	Picture	U54	708834	0	1	5167	1	0	5000	other	0
CJ6	28	Picture	U54	734834	0	1	5167	1	0	5000	false_alarm	38
CJ6	28	Response	1	739150	4316	0
CJ6	29	Picture	U54	762667	0	1	5167	1	0	5000	other	0
CJ6	30	Picture	I52	788167	0	1	5167	1	0	5000	other	0
CJ6	31	Picture	U54	814001	0	1	5167	1	0	5000	miss	0
CJ6	32	Picture	L58	840167	0	1	5167	1	0	5000	false_alarm	43
CJ6	32	Response	1	842726	2558	0
CJ6	33	Picture	M59	866501	0	1	5167	1	0	5000	other	0
CJ6	34	Picture	U54	893001	0	1	5167	1	0	5000	miss	0
CJ6	35	Picture	L58	918334	0	1	5167	1	0	5000	miss	0
CJ6	36	Picture	I52	944501	0	1	5167	1	0	5000	false_alarm	48
CJ6	36	Response	1	946992	2491	0
CJ6	37	Picture	O53	970001	0	1	5167	1	0	5000	other	0
CJ6	38	Picture	L58	997667	0	1	5167	1	0	5000	miss	0
CJ6	39	Picture	H57	1024334	0	1	5167	1	0	5000	other	0
CJ6	40	Picture	I52	1049667	0	1	5167	1	0	5000	other	0
CJ6	41	Picture	F56	1077334	0	1	5167	1	0	5000	other	0
CJ6	42	Picture	E51	1104001	0	1	5167	1	0	5000	other	0
CJ6	43	Picture	U54	1131668	0	1	5167	1	0	5000	false_alarm	56
CJ6	43	Response	1	1136347	4679	0
CJ6	44	Picture	E51	1158334	0	1	5167	1	0	5000	other	0
CJ6	45	Picture	A50	1183668	0	1	5167	1	0	5000	other	0
CJ6	46	Picture	E51	1211168	0	1	5167	1	0	5000	other	0
CJ6	47	Picture	I52	1237501	0	1	5167	1	0	5000	other	0
CJ6	48	Picture	F56	1263501	0	1	5167	1	0	5000	false_alarm	62
CJ6	48	Response	1	1272875	9374	0
CJ6	49	Picture	E51	1290668	0	1	5167	1	0	5000	miss	0
CJ6	50	Picture	B55	1317668	0	1	5167	1	0	5000	other	0
CJ6	51	Picture	F56	1345168	0	1	5167	1	0	5000	hit	66
CJ6	51	Response	2	1348972	3804	0
CJ6	52	Picture	E51	1371001	0	1	5167	1	0	5000	hit	68
CJ6	52	Response	2	1377263	6261	0
CJ6	53	Picture	F56	1397168	0	1	5167	1	0	5000	other	0
CJ6	54	Picture	F56	1423501	0	1	5167	1	0	5000	hit	71
CJ6	54	Response	2	1429247	5746	0
CJ6	55	Picture	L58	1448668	0	1	5167	1	0	5000	other	0
CJ6	56	Picture	F56	1475835	0	1	5167	1	0	5000	miss	0
CJ6	57	Picture	O53	1503835	0	1	5167	1	0	5000	false_alarm	75
CJ6	57	Response	1	1506838	3003	0
CJ6	58	Picture	M59	1531001	0	1	5167	1	0	5000	other	0
CJ6	59	Picture	A50	1556501	0	1	5167	1	0	5000	other	0
CJ6	60	Picture	U54	1583168	0	1	5167	1	0	5000	other	0
CJ6	61	Picture	M59	1610668	0	1	5167	1	0	5000	hit	80
CJ6	61	Response	2	1614474	3806	0
