Scenario - 
Logfile written - 10/18/2021 09:41:44

Subject	Trial	Event Type	Code	Time	TTime	Uncertainty	Duration	Uncertainty	ReqTime	ReqDur	Stim Type	Pair Index

CJ7	1	Picture	Start	167	0	1	50333	1	0	next	false_alarm	2
CJ7	1	Response	1	50341	50174	0
CJ7	2	Picture	I52	58333	0	1	5167	1	0	5000	other	0
CJ7	3	Picture	B55	84167	0	1	5167	1	0	5000	other	0
CJ7	4	Picture	F56	110000	0	1	5167	1	0	5000	other	0
CJ7	5	Picture	L58	138000	0	1	5167	1	0	5000	other	0
CJ7	6	Picture	F56	164667	0	1	5167	1	0	5000	other	0
CJ7	7	Picture	F56	191500	0	1	5167	1	0	5000	hit	9
CJ7	7	Response	2	205481	13981	0
CJ7	8	Picture	L58	218167	0	1	5167	1	0	5000	hit	11
CJ7	8	Response	2	234865	16698	0
CJ7	9	Picture	E51	246000	0	1	5167	1	0	5000	other	0
CJ7	10	Picture	M59	271667	0	1	5167	1	0	5000	other	0
CJ7	11	Picture	F56	298167	0	1	5167	1	0	5000	other	0
CJ7	12	Picture	U54	325500	0	1	5167	1	0	5000	other	0
CJ7	13	Picture	A50	351167	0	1	5167	1	0	5000	other	0
CJ7	14	Picture	H57	378500	0	1	5167	1	0	5000	other	0
CJ7	15	Picture	M59	404667	0	1	5167	1	0	5000	false_alarm	19
CJ7	15	Response	1	416355	11688	0
CJ7	16	Picture	U54	431834	0	1	5167	1	0	5000	other	0
CJ7	17	Picture	A50	459334	0	1	5167	1	0	5000	false_alarm	22
CJ7	17	Response	1	476277	16944	0
CJ7	18	Picture	F56	486167	0	1	5167	1	0	5000	other	0
CJ7	19	Picture	U54	513000	0	1	5167	1	0	5000	miss	0
CJ7	20	Picture	L58	539834	0	1	5167	1	0	5000	other	0
CJ7	21	Picture	F56	566834	0	1	5167	1	0	5000	hit	27
CJ7	21	Response	2	580250	13416	0
CJ7	22	Picture	I52	592500	0	1	5167	1	0	5000	other	0
CJ7	23	Picture	A50	620500	0	1	5167	1	0	5000	other	0
CJ7	24	Picture	U54	646500	0	1	5167	1	0	5000	false_alarm	31
CJ7	24	Response	1	665751	19251	0
CJ7	25	Picture	E51	671667	0	1	5167	1	0	5000	other	0
CJ7	26	Picture	F56	698334	0	1	5167	1	0	5000	other	0
CJ7	27	Picture	F56	723834	0	1	5167	1	0	5000	other	0
CJ7	28	Picture	A50	749001	0	1	5167	1	0	5000	other	0
CJ7	29	Picture	H57	774167	0	1	5167	1	0	5000	other	0
CJ7	30	Picture	B55	800334	0	1	5167	1	0	5000	other	0
CJ7	31	Picture	A50	827167	0	1	5167	1	0	5000	miss	0
CJ7	32	Picture	B55	854834	0	1	5167	1	0	5000	other	0
CJ7	33	Picture	B55	882334	0	1	5167	1	0	5000	miss	0
CJ7	34	Picture	B55	909667	0	1	5167	1	0	5000	false_alarm	42
CJ7	34	Response	1	917852	8184	0
CJ7	35	Picture	H57	935667	0	1	5167	1	0	5000	other	0
CJ7	36	Picture	B55	961001	0	1	5167	1	0	5000	miss	0
CJ7	37	Picture	A50	988001	0	1	5167	1	0	5000	other	0
CJ7	38	Picture	H57	1015167	0	1	5167	1	0	5000	miss	0
CJ7	39	Picture	B55	1042667	0	1	5167	1	0	5000	miss	0
CJ7	40	Picture	M59	1068334	0	1	5167	1	0	5000	other	0
CJ7	41	Picture	H57	1095334	0	1	5167	1	0	5000	hit	50
CJ7	41	Response	2	1107488	12153	0
CJ7	42	Picture	B55	1122501	0	1	5167	1	0	5000	miss	0
CJ7	43	Picture	A50	1150168	0	1	5167	1	0	5000	other	0
CJ7	44	Picture	H57	1177834	0	1	5167	1	0	5000	miss	0
CJ7	45	Picture	B55	1204001	0	1	5167	1	0	5000	hit	55
CJ7	45	Response	2	1214799	10798	0
CJ7	46	Picture	A50	1231668	0	1	5167	1	0	5000	hit	57
CJ7	46	Response	2	1249810	18142	0
CJ7	47	Picture	F56	1257501	0	1	5167	1	0	5000	other	0
CJ7	48	Picture	U54	1284834	0	1	5167	1	0	5000	other	0
CJ7	49	Picture	I52	1310001	0	1	5167	1	0	5000	other	0
CJ7	50	Picture	U54	1335501	0	1	5167	1	0	5000	false_alarm	62
CJ7	50	Response	1	1349082	13581	0
CJ7	51	Picture	L58	1360668	0	1	5167	1	0	5000	other	0
CJ7	52	Picture	H57	1388668	0	1	5167	1	0	5000	other	0
CJ7	53	Picture	U54	1415334	0	1	5167	1	0	5000	miss	0
CJ7	54	Picture	F56	1442168	0	1	5167	1	0	5000	other	0
CJ7	55	Picture	F56	1468834	0	1	5167	1	0	5000	other	0
CJ7	56	Picture	U54	1496668	0	1	5167	1	0	5000	hit	69
CJ7	56	Response	2	1515006	18338	0
CJ7	57	Picture	F56	1523001	0	1	5167	1	0	5000	miss	0
CJ7	58	Picture	F56	1550835	0	1	5167	1	0	5000	miss	0
CJ7	59	Picture	U54	1578668	0	1	5167	1	0	5000	miss	0
CJ7	60	Picture	F56	1606168	0	1	5167	1	0	5000	miss	0
CJ7	61	Picture	H57	1631835	0	1	5167	1	0	5000	other	0
