Scenario - 
Logfile written - 11/02/2021 14:29:52

Subject	Trial	Event Type	Code	Time	TTime	Uncertainty	Duration	Uncertainty	ReqTime	ReqDur	Stim Type	Pair Index

CJ8	1	Picture	Start	167	0	1	18167	1	0	next	false_alarm	2
CJ8	1	Response	1	18268	18101	0
CJ8	2	Picture	F56	24000	0	1	5167	1	0	5000	other	0
CJ8	3	Picture	F56	51667	0	1	5167	1	0	5000	other	0
CJ8	4	Picture	L58	78833	0	1	5167	1	0	5000	other	0
CJ8	5	Picture	F56	105833	0	1	5167	1	0	5000	hit	7
CJ8	5	Response	2	121152	15319	0
CJ8	6	Picture	F56	133833	0	1	5167	1	0	5000	hit	9
CJ8	6	Response	2	141843	8010	0
CJ8	7	Picture	F56	160000	0	1	5167	1	0	5000	other	0
CJ8	8	Picture	F56	186000	0	1	5167	1	0	5000	miss	0
CJ8	9	Picture	F56	212667	0	1	5167	1	0	5000	miss	0
CJ8	10	Picture	E51	238333	0	1	5167	1	0	5000	other	0
CJ8	11	Picture	M59	265500	0	1	5167	1	0	5000	other	0
CJ8	12	Picture	I52	292667	0	1	5167	1	0	5000	other	0
CJ8	13	Picture	A50	320667	0	1	5167	1	0	5000	other	0
CJ8	14	Picture	O53	347334	0	1	5167	1	0	5000	other	0
CJ8	15	Picture	U54	375334	0	1	5167	1	0	5000	other	0
CJ8	16	Picture	A50	401500	0	1	5167	1	0	5000	hit	20
CJ8	16	Response	2	412960	11460	0
CJ8	17	Picture	O53	428667	0	1	5167	1	0	5000	miss	0
CJ8	18	Picture	I52	456334	0	1	5167	1	0	5000	other	0
CJ8	19	Picture	M59	481834	0	1	5167	1	0	5000	other	0
CJ8	20	Picture	O53	509000	0	1	5167	1	0	5000	miss	0
CJ8	21	Picture	A50	536500	0	1	5167	1	0	5000	other	0
CJ8	22	Picture	A50	564000	0	1	5167	1	0	5000	other	0
CJ8	23	Picture	H57	591000	0	1	5167	1	0	5000	other	0
CJ8	24	Picture	H57	616334	0	1	5167	1	0	5000	other	0
CJ8	25	Picture	B55	642667	0	1	5167	1	0	5000	other	0
CJ8	26	Picture	I52	670334	0	1	5167	1	0	5000	other	0
CJ8	27	Picture	H57	697334	0	1	5167	1	0	5000	miss	0
CJ8	28	Picture	M59	725501	0	1	5167	1	0	5000	other	0
CJ8	29	Picture	I52	752667	0	1	5167	1	0	5000	miss	0
CJ8	30	Picture	M59	778667	0	1	5167	1	0	5000	false_alarm	35
CJ8	30	Response	1	789300	10633	0
CJ8	31	Picture	A50	805001	0	1	5167	1	0	5000	other	0
CJ8	32	Picture	F56	831501	0	1	5167	1	0	5000	other	0
CJ8	33	Picture	M59	858167	0	1	5167	1	0	5000	miss	0
CJ8	34	Picture	E51	883667	0	1	5167	1	0	5000	other	0
CJ8	35	Picture	A50	909001	0	1	5167	1	0	5000	other	0
CJ8	36	Picture	M59	937001	0	1	5167	1	0	5000	hit	42
CJ8	36	Response	2	944267	7266	0
CJ8	37	Picture	E51	962667	0	1	5167	1	0	5000	miss	0
CJ8	38	Picture	F56	988167	0	1	5167	1	0	5000	other	0
CJ8	39	Picture	U54	1015834	0	1	5167	1	0	5000	other	0
CJ8	40	Picture	B55	1042001	0	1	5167	1	0	5000	other	0
CJ8	41	Picture	H57	1069334	0	1	5167	1	0	5000	other	0
CJ8	42	Picture	H57	1097001	0	1	5167	1	0	5000	other	0
CJ8	43	Picture	B55	1124168	0	1	5167	1	0	5000	miss	0
CJ8	44	Picture	H57	1150834	0	1	5167	1	0	5000	miss	0
CJ8	45	Picture	A50	1177168	0	1	5167	1	0	5000	other	0
CJ8	46	Picture	B55	1202501	0	1	5167	1	0	5000	hit	53
CJ8	46	Response	2	1210889	8388	0
CJ8	47	Picture	H57	1228168	0	1	5167	1	0	5000	miss	0
CJ8	48	Picture	B55	1255334	0	1	5167	1	0	5000	false_alarm	56
CJ8	48	Response	1	1263917	8583	0
CJ8	49	Picture	B55	1281501	0	1	5167	1	0	5000	miss	0
CJ8	50	Picture	M59	1307834	0	1	5167	1	0	5000	other	0
CJ8	51	Picture	O53	1334168	0	1	5167	1	0	5000	other	0
CJ8	52	Picture	B55	1361001	0	1	5167	1	0	5000	miss	0
CJ8	53	Picture	B55	1387334	0	1	5167	1	0	5000	other	0
CJ8	54	Picture	O53	1414834	0	1	5167	1	0	5000	miss	0
CJ8	55	Picture	A50	1442668	0	1	5167	1	0	5000	other	0
CJ8	56	Picture	L58	1469334	0	1	5167	1	0	5000	other	0
CJ8	57	Picture	L58	1497335	0	1	5167	1	0	5000	other	0
CJ8	58	Picture	U54	1524168	0	1	5167	1	0	5000	other	0
CJ8	59	Picture	I52	1550168	0	1	5167	1	0	5000	other	0
CJ8	60	Picture	I52	1578168	0	1	5167	1	0	5000	other	0
CJ8	61	Picture	U54	1604001	0	1	5167	1	0	5000	miss	0
