Scenario - 
Logfile written - 12/03/2021 14:21:47

Subject	Trial	Event Type	Code	Time	TTime	Uncertainty	Duration	Uncertainty	ReqTime	ReqDur	Stim Type	Pair Index

CJ9	1	Picture	Start	167	0	1	126667	1	0	next	false_alarm	2
CJ9	1	Response	1	126766	126600	0
CJ9	2	Picture	L58	133167	0	1	5167	1	0	5000	other	0
CJ9	3	Picture	U54	160000	0	1	5167	1	0	5000	other	0
CJ9	4	Picture	B55	185167	0	1	5167	1	0	5000	other	0
CJ9	5	Picture	H57	211833	0	1	5167	1	0	5000	other	0
CJ9	6	Picture	U54	238167	0	1	5167	1	0	5000	miss	0
CJ9	7	Picture	B55	266167	0	1	5167	1	0	5000	hit	9
CJ9	7	Response	2	276549	10382	0
CJ9	8	Picture	H57	292167	0	1	5167	1	0	5000	miss	0
CJ9	9	Picture	O53	319667	0	1	5167	1	0	5000	other	0
CJ9	10	Picture	L58	347834	0	1	5167	1	0	5000	other	0
CJ9	11	Picture	H57	375834	0	1	5167	1	0	5000	miss	0
CJ9	12	Picture	O53	403667	0	1	5167	1	0	5000	hit	15
CJ9	12	Response	2	420554	16887	0
CJ9	13	Picture	O53	431000	0	1	5167	1	0	5000	other	0
CJ9	14	Picture	E51	458334	0	1	5167	1	0	5000	other	0
CJ9	15	Picture	M59	485500	0	1	5167	1	0	5000	other	0
CJ9	16	Picture	L58	513167	0	1	5167	1	0	5000	other	0
CJ9	17	Picture	F56	538834	0	1	5167	1	0	5000	other	0
CJ9	18	Picture	H57	565667	0	1	5167	1	0	5000	other	0
CJ9	19	Picture	H57	593334	0	1	5167	1	0	5000	other	0
CJ9	20	Picture	F56	620500	0	1	5167	1	0	5000	hit	24
CJ9	20	Response	2	631598	11097	0
CJ9	21	Picture	H57	646500	0	1	5167	1	0	5000	miss	0
CJ9	22	Picture	H57	674500	0	1	5167	1	0	5000	miss	0
CJ9	23	Picture	H57	702501	0	1	5167	1	0	5000	other	0
CJ9	24	Picture	F56	728667	0	1	5167	1	0	5000	other	0
CJ9	25	Picture	E51	753834	0	1	5167	1	0	5000	other	0
CJ9	26	Picture	M59	780001	0	1	5167	1	0	5000	other	0
CJ9	27	Picture	U54	805334	0	1	5167	1	0	5000	other	0
CJ9	28	Picture	I52	830834	0	1	5167	1	0	5000	other	0
CJ9	29	Picture	U54	856334	0	1	5167	1	0	5000	false_alarm	34
CJ9	29	Response	1	867421	11087	0
CJ9	30	Picture	U54	882334	0	1	5167	1	0	5000	hit	36
CJ9	30	Response	2	895392	13058	0
CJ9	31	Picture	I52	909334	0	1	5167	1	0	5000	hit	38
CJ9	31	Response	2	927303	17969	0
CJ9	32	Picture	U54	936501	0	1	5167	1	0	5000	miss	0
CJ9	33	Picture	I52	962834	0	1	5167	1	0	5000	other	0
CJ9	34	Picture	M59	988334	0	1	5167	1	0	5000	other	0
CJ9	35	Picture	U54	1015667	0	1	5167	1	0	5000	miss	0
CJ9	36	Picture	O53	1042834	0	1	5167	1	0	5000	other	0
CJ9	37	Picture	A50	1068501	0	1	5167	1	0	5000	other	0
CJ9	38	Picture	L58	1094834	0	1	5167	1	0	5000	other	0
CJ9	39	Picture	M59	1120501	0	1	5167	1	0	5000	other	0
CJ9	40	Picture	E51	1147668	0	1	5167	1	0	5000	other	0
CJ9	41	Picture	E51	1172834	0	1	5167	1	0	5000	other	0
CJ9	42	Picture	H57	1198168	0	1	5167	1	0	5000	other	0
CJ9	43	Picture	E51	1223334	0	1	5167	1	0	5000	miss	0
CJ9	44	Picture	H57	1250668	0	1	5167	1	0	5000	other	0
CJ9	45	Picture	L58	1277001	0	1	5167	1	0	5000	other	0
CJ9	46	Picture	I52	1303334	0	1	5167	1	0	5000	other	0
CJ9	47	Picture	F56	1329668	0	1	5167	1	0	5000	other	0
CJ9	48	Picture	L58	1356834	0	1	5167	1	0	5000	hit	56
CJ9	48	Response	2	1367092	10258	0
CJ9	49	Picture	U54	1382334	0	1	5167	1	0	5000	other	0
CJ9	50	Picture	F56	1409834	0	1	5167	1	0	5000	miss	0
CJ9	51	Picture	L58	1435001	0	1	5167	1	0	5000	hit	60
CJ9	51	Response	2	1451486	16485	0
CJ9	52	Picture	M59	1460834	0	1	5167	1	0	5000	other	0
CJ9	53	Picture	B55	1487168	0	1	5167	1	0	5000	other	0
CJ9	54	Picture	B55	1513501	0	1	5167	1	0	5000	other	0
CJ9	55	Picture	L58	1541168	0	1	5167	1	0	5000	other	0
CJ9	56	Picture	B55	1567335	0	1	5167	1	0	5000	hit	66
CJ9	56	Response	2	1577627	10292	0
CJ9	57	Picture	B55	1592835	0	1	5167	1	0	5000	hit	68
CJ9	57	Response	2	1610788	17953	0
CJ9	58	Picture	A50	1618168	0	1	5167	1	0	5000	other	0
CJ9	59	Picture	B55	1643835	0	1	5167	1	0	5000	hit	71
CJ9	59	Response	2	1661771	17936	0
CJ9	60	Picture	H57	1669001	0	1	5167	1	0	5000	other	0
CJ9	61	Picture	A50	1695335	0	1	5167	1	0	5000	hit	74
CJ9	61	Response	2	1706555	11220	0
