Scenario - 
Logfile written - 12/10/2021 14:29:23

Subject	Trial	Event Type	Code	Time	TTime	Uncertainty	Duration	Uncertainty	ReqTime	ReqDur	Stim Type	Pair Index

CK0	1	Picture	Start	167	0	1	145000	1	0	next	false_alarm	2
CK0	1	Response	1	145115	144948	0
CK0	2	Picture	M59	152167	0	1	5167	1	0	5000	other	0
CK0	3	Picture	M59	178167	0	1	5167	1	0	5000	other	0
CK0	4	Picture	F56	205000	0	1	5167	1	0	5000	other	0
CK0	5	Picture	F56	233000	0	1	5167	1	0	5000	other	0
CK0	6	Picture	B55	259000	0	1	5167	1	0	5000	other	0
CK0	7	Picture	F56	286500	0	1	5167	1	0	5000	hit	9
CK0	7	Response	2	295898	9398	0
CK0	8	Picture	H57	314500	0	1	5167	1	0	5000	other	0
CK0	9	Picture	U54	340167	0	1	5167	1	0	5000	other	0
CK0	10	Picture	F56	365667	0	1	5167	1	0	5000	miss	0
CK0	11	Picture	H57	393000	0	1	5167	1	0	5000	hit	14
CK0	11	Response	2	405648	12648	0
CK0	12	Picture	B55	418667	0	1	5167	1	0	5000	other	0
CK0	13	Picture	F56	444500	0	1	5167	1	0	5000	miss	0
CK0	14	Picture	H57	470334	0	1	5167	1	0	5000	miss	0
CK0	15	Picture	U54	497000	0	1	5167	1	0	5000	false_alarm	19
CK0	15	Response	1	506792	9792	0
CK0	16	Picture	I52	523500	0	1	5167	1	0	5000	other	0
CK0	17	Picture	H57	550000	0	1	5167	1	0	5000	miss	0
CK0	18	Picture	U54	577167	0	1	5167	1	0	5000	hit	23
CK0	18	Response	2	586085	8917	0
CK0	19	Picture	U54	603834	0	1	5167	1	0	5000	other	0
CK0	20	Picture	E51	631667	0	1	5167	1	0	5000	other	0
CK0	21	Picture	I52	659167	0	1	5167	1	0	5000	other	0
CK0	22	Picture	U54	684834	0	1	5167	1	0	5000	miss	0
CK0	23	Picture	E51	712334	0	1	5167	1	0	5000	hit	29
CK0	23	Response	2	719244	6910	0
CK0	24	Picture	H57	737501	0	1	5167	1	0	5000	other	0
CK0	25	Picture	I52	764834	0	1	5167	1	0	5000	other	0
CK0	26	Picture	I52	790167	0	1	5167	1	0	5000	other	0
CK0	27	Picture	H57	818001	0	1	5167	1	0	5000	hit	34
CK0	27	Response	2	824447	6446	0
CK0	28	Picture	O53	844334	0	1	5167	1	0	5000	other	0
CK0	29	Picture	I52	870001	0	1	5167	1	0	5000	hit	37
CK0	29	Response	2	876071	6071	0
CK0	30	Picture	A50	895834	0	1	5167	1	0	5000	other	0
CK0	31	Picture	F56	923834	0	1	5167	1	0	5000	other	0
CK0	32	Picture	F56	951501	0	1	5167	1	0	5000	other	0
CK0	33	Picture	A50	979667	0	1	5167	1	0	5000	hit	42
CK0	33	Response	2	982729	3062	0
CK0	34	Picture	O53	1006167	0	1	5167	1	0	5000	other	0
CK0	35	Picture	B55	1031834	0	1	5167	1	0	5000	other	0
CK0	36	Picture	A50	1058834	0	1	5167	1	0	5000	hit	46
CK0	36	Response	2	1065002	6168	0
CK0	37	Picture	O53	1084168	0	1	5167	1	0	5000	hit	48
CK0	37	Response	2	1091838	7671	0
CK0	38	Picture	B55	1109668	0	1	5167	1	0	5000	hit	50
CK0	38	Response	2	1113211	3543	0
CK0	39	Picture	B55	1135168	0	1	5167	1	0	5000	other	0
CK0	40	Picture	L58	1162834	0	1	5167	1	0	5000	other	0
CK0	41	Picture	B55	1189668	0	1	5167	1	0	5000	hit	54
CK0	41	Response	2	1193261	3594	0
CK0	42	Picture	B55	1215334	0	1	5167	1	0	5000	hit	56
CK0	42	Response	2	1230750	15415	0
CK0	43	Picture	A50	1242001	0	1	5167	1	0	5000	other	0
CK0	44	Picture	H57	1268834	0	1	5167	1	0	5000	other	0
CK0	45	Picture	M59	1295501	0	1	5167	1	0	5000	other	0
CK0	46	Picture	A50	1323001	0	1	5167	1	0	5000	hit	61
CK0	46	Response	2	1326116	3115	0
CK0	47	Picture	H57	1350834	0	1	5167	1	0	5000	hit	63
CK0	47	Response	2	1359798	8964	0
CK0	48	Picture	I52	1376834	0	1	5167	1	0	5000	other	0
CK0	49	Picture	M59	1404001	0	1	5167	1	0	5000	false_alarm	66
CK0	49	Response	1	1407969	3968	0
CK0	50	Picture	F56	1430168	0	1	5167	1	0	5000	other	0
CK0	51	Picture	A50	1457501	0	1	5167	1	0	5000	other	0
CK0	52	Picture	I52	1483668	0	1	5167	1	0	5000	other	0
CK0	53	Picture	O53	1509168	0	1	5167	1	0	5000	other	0
CK0	54	Picture	B55	1536335	0	1	5167	1	0	5000	other	0
CK0	55	Picture	U54	1563668	0	1	5167	1	0	5000	other	0
CK0	56	Picture	I52	1590668	0	1	5167	1	0	5000	other	0
CK0	57	Picture	H57	1616501	0	1	5167	1	0	5000	other	0
CK0	58	Picture	U54	1642168	0	1	5167	1	0	5000	miss	0
CK0	59	Picture	F56	1667668	0	1	5167	1	0	5000	other	0
CK0	60	Picture	I52	1695335	0	1	5167	1	0	5000	other	0
CK0	61	Picture	E51	1722335	0	1	5167	1	0	5000	other	0
