Scenario - 
Logfile written - 01/07/2022 14:58:02

Subject	Trial	Event Type	Code	Time	TTime	Uncertainty	Duration	Uncertainty	ReqTime	ReqDur	Stim Type	Pair Index

CK2	1	Picture	Start	167	0	1	113167	1	0	next	false_alarm	2
CK2	1	Response	1	113265	113098	0
CK2	2	Picture	H57	120000	0	1	5167	1	0	5000	other	0
CK2	3	Picture	L58	147333	0	1	5167	1	0	5000	other	0
CK2	4	Picture	O53	175167	0	1	5167	1	0	5000	other	0
CK2	5	Picture	E51	201500	0	1	5167	1	0	5000	other	0
CK2	6	Picture	O53	227833	0	1	5167	1	0	5000	other	0
CK2	7	Picture	L58	253667	0	1	5167	1	0	5000	other	0
CK2	8	Picture	L58	280334	0	1	5167	1	0	5000	other	0
CK2	9	Picture	O53	305834	0	1	5167	1	0	5000	hit	11
CK2	9	Response	2	319448	13615	0
CK2	10	Picture	L58	333334	0	1	5167	1	0	5000	hit	13
CK2	10	Response	2	341622	8288	0
CK2	11	Picture	L58	359167	0	1	5167	1	0	5000	hit	15
CK2	11	Response	2	368925	9759	0
CK2	12	Picture	B55	384834	0	1	5167	1	0	5000	other	0
CK2	13	Picture	A50	411667	0	1	5167	1	0	5000	other	0
CK2	14	Picture	L58	439167	0	1	5167	1	0	5000	hit	19
CK2	14	Response	2	447855	8688	0
CK2	15	Picture	H57	466167	0	1	5167	1	0	5000	other	0
CK2	16	Picture	A50	492667	0	1	5167	1	0	5000	miss	0
CK2	17	Picture	U54	518000	0	1	5167	1	0	5000	other	0
CK2	18	Picture	I52	545834	0	1	5167	1	0	5000	other	0
CK2	19	Picture	A50	573334	0	1	5167	1	0	5000	hit	25
CK2	19	Response	2	582984	9650	0
CK2	20	Picture	U54	599334	0	1	5167	1	0	5000	miss	0
CK2	21	Picture	F56	626167	0	1	5167	1	0	5000	false_alarm	28
CK2	21	Response	1	628477	2310	0
CK2	22	Picture	I52	652167	0	1	5167	1	0	5000	other	0
CK2	23	Picture	B55	678167	0	1	5167	1	0	5000	other	0
CK2	24	Picture	O53	705501	0	1	5167	1	0	5000	other	0
CK2	25	Picture	M59	732334	0	1	5167	1	0	5000	other	0
CK2	26	Picture	B55	758501	0	1	5167	1	0	5000	hit	34
CK2	26	Response	2	768199	9699	0
CK2	27	Picture	O53	785501	0	1	5167	1	0	5000	miss	0
CK2	28	Picture	A50	813001	0	1	5167	1	0	5000	other	0
CK2	29	Picture	B55	840667	0	1	5167	1	0	5000	hit	38
CK2	29	Response	2	855160	14493	0
CK2	30	Picture	O53	866501	0	1	5167	1	0	5000	miss	0
CK2	31	Picture	U54	891834	0	1	5167	1	0	5000	other	0
CK2	32	Picture	H57	917334	0	1	5167	1	0	5000	other	0
CK2	33	Picture	O53	943001	0	1	5167	1	0	5000	hit	43
CK2	33	Response	2	947162	4161	0
CK2	34	Picture	M59	970834	0	1	5167	1	0	5000	other	0
CK2	35	Picture	E51	996001	0	1	5167	1	0	5000	other	0
CK2	36	Picture	O53	1021667	0	1	5167	1	0	5000	miss	0
CK2	37	Picture	B55	1049167	0	1	5167	1	0	5000	other	0
CK2	38	Picture	O53	1075001	0	1	5167	1	0	5000	false_alarm	49
CK2	38	Response	1	1081248	6248	0
CK2	39	Picture	O53	1103001	0	1	5167	1	0	5000	hit	51
CK2	39	Response	2	1118000	14999	0
CK2	40	Picture	U54	1128168	0	1	5167	1	0	5000	other	0
CK2	41	Picture	L58	1154668	0	1	5167	1	0	5000	other	0
CK2	42	Picture	I52	1180501	0	1	5167	1	0	5000	other	0
CK2	43	Picture	L58	1207501	0	1	5167	1	0	5000	false_alarm	56
CK2	43	Response	1	1215069	7568	0
CK2	44	Picture	M59	1234668	0	1	5167	1	0	5000	other	0
CK2	45	Picture	F56	1259834	0	1	5167	1	0	5000	other	0
CK2	46	Picture	I52	1287668	0	1	5167	1	0	5000	false_alarm	60
CK2	46	Response	1	1300886	13219	0
CK2	47	Picture	E51	1313668	0	1	5167	1	0	5000	other	0
CK2	48	Picture	F56	1340501	0	1	5167	1	0	5000	miss	0
CK2	49	Picture	I52	1367168	0	1	5167	1	0	5000	hit	64
CK2	49	Response	2	1375283	8115	0
CK2	50	Picture	E51	1392501	0	1	5167	1	0	5000	miss	0
CK2	51	Picture	O53	1419668	0	1	5167	1	0	5000	other	0
CK2	52	Picture	I52	1446168	0	1	5167	1	0	5000	hit	68
CK2	52	Response	2	1454659	8492	0
CK2	53	Picture	B55	1471668	0	1	5167	1	0	5000	other	0
CK2	54	Picture	M59	1499001	0	1	5167	1	0	5000	other	0
CK2	55	Picture	L58	1524668	0	1	5167	1	0	5000	other	0
CK2	56	Picture	B55	1552501	0	1	5167	1	0	5000	hit	73
CK2	56	Response	2	1557336	4835	0
CK2	57	Picture	L58	1578501	0	1	5167	1	0	5000	other	0
CK2	58	Picture	L58	1605168	0	1	5167	1	0	5000	hit	76
CK2	58	Response	2	1612556	7388	0
CK2	59	Picture	I52	1632501	0	1	5167	1	0	5000	other	0
CK2	60	Picture	M59	1660001	0	1	5167	1	0	5000	other	0
CK2	61	Picture	M59	1685168	0	1	5167	1	0	5000	other	0
