Scenario - 
Logfile written - 02/28/2020 09:42:16

Subject	Trial	Event Type	Code	Time	TTime	Uncertainty	Duration	Uncertainty	ReqTime	ReqDur	Stim Type	Pair Index

CM1	1	Picture	Start	167	0	1	40667	1	0	next	false_alarm	2
CM1	1	Response	1	40778	40611	0
CM1	2	Picture	I52	47500	0	1	5167	1	0	5000	other	0
CM1	3	Picture	I52	74167	0	1	5167	1	0	5000	other	0
CM1	4	Picture	H57	102000	0	1	5167	1	0	5000	other	0
CM1	5	Picture	M59	127167	0	1	5167	1	0	5000	other	0
CM1	6	Picture	U54	154000	0	1	5167	1	0	5000	other	0
CM1	7	Picture	F56	179500	0	1	5167	1	0	5000	other	0
CM1	8	Picture	E51	205500	0	1	5167	1	0	5000	other	0
CM1	9	Picture	F56	232333	0	1	5167	1	0	5000	other	0
CM1	10	Picture	I52	260333	0	1	5167	1	0	5000	other	0
CM1	11	Picture	E51	286667	0	1	5167	1	0	5000	miss	0
CM1	12	Picture	F56	312500	0	1	5167	1	0	5000	hit	14
CM1	12	Response	2	316842	4342	0
CM1	13	Picture	B55	339500	0	1	5167	1	0	5000	other	0
CM1	14	Picture	U54	364833	0	1	5167	1	0	5000	other	0
CM1	15	Picture	B55	391333	0	1	5167	1	0	5000	other	0
CM1	16	Picture	B55	416833	0	1	5167	1	0	5000	miss	0
CM1	17	Picture	O53	443500	0	1	5167	1	0	5000	other	0
CM1	18	Picture	B55	470167	0	1	5167	1	0	5000	hit	21
CM1	18	Response	2	474575	4408	0
CM1	19	Picture	L58	496000	0	1	5167	1	0	5000	other	0
CM1	20	Picture	O53	522667	0	1	5167	1	0	5000	miss	0
CM1	21	Picture	I52	550000	0	1	5167	1	0	5000	other	0
CM1	22	Picture	O53	577500	0	1	5167	1	0	5000	other	0
CM1	23	Picture	A50	603167	0	1	5167	1	0	5000	other	0
CM1	24	Picture	B55	629333	0	1	5167	1	0	5000	other	0
CM1	25	Picture	O53	656834	0	1	5167	1	0	5000	hit	29
CM1	25	Response	2	662310	5476	0
CM1	26	Picture	A50	683834	0	1	5167	1	0	5000	miss	0
CM1	27	Picture	I52	709334	0	1	5167	1	0	5000	other	0
CM1	28	Picture	E51	735834	0	1	5167	1	0	5000	other	0
CM1	29	Picture	O53	762667	0	1	5167	1	0	5000	other	0
CM1	30	Picture	O53	789000	0	1	5167	1	0	5000	other	0
CM1	31	Picture	B55	814667	0	1	5167	1	0	5000	other	0
CM1	32	Picture	H57	841334	0	1	5167	1	0	5000	other	0
CM1	33	Picture	O53	867500	0	1	5167	1	0	5000	miss	0
CM1	34	Picture	B55	893500	0	1	5167	1	0	5000	miss	0
CM1	35	Picture	I52	919834	0	1	5167	1	0	5000	other	0
CM1	36	Picture	I52	945167	0	1	5167	1	0	5000	other	0
CM1	37	Picture	F56	970500	0	1	5167	1	0	5000	other	0
CM1	38	Picture	L58	997500	0	1	5167	1	0	5000	other	0
CM1	39	Picture	I52	1023834	0	1	5167	1	0	5000	hit	44
CM1	39	Response	2	1030711	6877	0
CM1	40	Picture	E51	1051167	0	1	5167	1	0	5000	other	0
CM1	41	Picture	L58	1078000	0	1	5167	1	0	5000	miss	0
CM1	42	Picture	O53	1104834	0	1	5167	1	0	5000	other	0
CM1	43	Picture	U54	1131500	0	1	5167	1	0	5000	other	0
CM1	44	Picture	L58	1158500	0	1	5167	1	0	5000	miss	0
CM1	45	Picture	I52	1184167	0	1	5167	1	0	5000	other	0
CM1	46	Picture	U54	1210000	0	1	5167	1	0	5000	miss	0
CM1	47	Picture	L58	1236334	0	1	5167	1	0	5000	miss	0
CM1	48	Picture	I52	1263167	0	1	5167	1	0	5000	hit	54
CM1	48	Response	2	1279110	15943	0
CM1	49	Picture	M59	1289000	0	1	5167	1	0	5000	other	0
CM1	50	Picture	U54	1314167	0	1	5167	1	0	5000	other	0
CM1	51	Picture	I52	1341500	0	1	5167	1	0	5000	miss	0
CM1	52	Picture	M59	1368167	0	1	5167	1	0	5000	hit	59
CM1	52	Response	2	1372765	4598	0
CM1	53	Picture	U54	1396167	0	1	5167	1	0	5000	hit	61
CM1	53	Response	2	1404108	7941	0
CM1	54	Picture	A50	1424000	0	1	5167	1	0	5000	other	0
CM1	55	Picture	L58	1451000	0	1	5167	1	0	5000	other	0
CM1	56	Picture	U54	1478500	0	1	5167	1	0	5000	hit	65
CM1	56	Response	2	1486551	8050	0
CM1	57	Picture	M59	1504334	0	1	5167	1	0	5000	other	0
CM1	58	Picture	A50	1532334	0	1	5167	1	0	5000	false_alarm	68
CM1	58	Response	1	1546945	14611	0
CM1	59	Picture	U54	1558667	0	1	5167	1	0	5000	miss	0
CM1	60	Picture	B55	1585167	0	1	5167	1	0	5000	other	0
CM1	61	Picture	F56	1611001	0	1	5167	1	0	5000	other	0
