Scenario - 
Logfile written - 07/20/2020 14:29:22

Subject	Trial	Event Type	Code	Time	TTime	Uncertainty	Duration	Uncertainty	ReqTime	ReqDur	Stim Type	Pair Index

CM2	1	Picture	Start	166	0	1	46667	1	0	next	false_alarm	2
CM2	1	Response	1	46794	46627	0
CM2	2	Picture	L58	54666	0	1	5167	1	0	5000	other	0
CM2	3	Picture	L58	80666	0	1	5167	1	0	5000	other	0
CM2	4	Picture	H57	106167	0	1	5167	1	0	5000	other	0
CM2	5	Picture	L58	131333	0	1	5167	1	0	5000	hit	7
CM2	5	Response	2	139845	8512	0
CM2	6	Picture	U54	157500	0	1	5167	1	0	5000	other	0
CM2	7	Picture	F56	183667	0	1	5167	1	0	5000	other	0
CM2	8	Picture	I52	208833	0	1	5167	1	0	5000	other	0
CM2	9	Picture	U54	234667	0	1	5167	1	0	5000	hit	12
CM2	9	Response	2	246778	12111	0
CM2	10	Picture	H57	262333	0	1	5167	1	0	5000	other	0
CM2	11	Picture	E51	289667	0	1	5167	1	0	5000	other	0
CM2	12	Picture	U54	315667	0	1	5167	1	0	5000	miss	0
CM2	13	Picture	L58	343500	0	1	5167	1	0	5000	false_alarm	17
CM2	13	Response	1	354655	11155	0
CM2	14	Picture	E51	370833	0	1	5167	1	0	5000	miss	0
CM2	15	Picture	F56	397167	0	1	5167	1	0	5000	other	0
CM2	16	Picture	A50	424833	0	1	5167	1	0	5000	other	0
CM2	17	Picture	E51	451333	0	1	5167	1	0	5000	miss	0
CM2	18	Picture	O53	479334	0	1	5167	1	0	5000	other	0
CM2	19	Picture	B55	505167	0	1	5167	1	0	5000	other	0
CM2	20	Picture	E51	530334	0	1	5167	1	0	5000	miss	0
CM2	21	Picture	E51	557334	0	1	5167	1	0	5000	other	0
CM2	22	Picture	U54	585166	0	2	5167	2	0	5000	other	0
CM2	23	Picture	E51	613000	0	1	5167	1	0	5000	hit	28
CM2	23	Response	2	620559	7558	0
CM2	24	Picture	B55	639000	0	1	5167	1	0	5000	other	0
CM2	25	Picture	E51	665834	0	1	5167	1	0	5000	other	0
CM2	26	Picture	O53	691834	0	1	5167	1	0	5000	other	0
CM2	27	Picture	I52	717167	0	1	5167	1	0	5000	other	0
CM2	28	Picture	E51	744334	0	1	5167	1	0	5000	hit	34
CM2	28	Response	2	761890	17556	0
CM2	29	Picture	O53	769834	0	1	5167	1	0	5000	miss	0
CM2	30	Picture	U54	796834	0	1	5167	1	0	5000	other	0
CM2	31	Picture	B55	823667	0	1	5167	1	0	5000	other	0
CM2	32	Picture	L58	849001	0	1	5167	1	0	5000	other	0
CM2	33	Picture	H57	876667	0	1	5167	1	0	5000	other	0
CM2	34	Picture	B55	902667	0	1	5167	1	0	5000	hit	41
CM2	34	Response	2	905966	3299	0
CM2	35	Picture	I52	930001	0	1	5167	1	0	5000	other	0
CM2	36	Picture	H57	955834	0	1	5167	1	0	5000	miss	0
CM2	37	Picture	O53	981501	0	1	5167	1	0	5000	other	0
CM2	38	Picture	F56	1009001	0	1	5167	1	0	5000	other	0
CM2	39	Picture	B55	1036001	0	1	5167	1	0	5000	other	0
CM2	40	Picture	O53	1062167	0	1	5167	1	0	5000	hit	48
CM2	40	Response	2	1066661	4494	0
CM2	41	Picture	I52	1088667	0	1	5167	1	0	5000	false_alarm	50
CM2	41	Response	1	1099585	10917	0
CM2	42	Picture	A50	1115334	0	1	5167	1	0	5000	other	0
CM2	43	Picture	F56	1141501	0	1	5167	1	0	5000	other	0
CM2	44	Picture	F56	1167167	0	1	5167	1	0	5000	other	0
CM2	45	Picture	U54	1192834	0	1	5167	1	0	5000	other	0
CM2	46	Picture	F56	1220834	0	1	5167	1	0	5000	hit	56
CM2	46	Response	2	1225312	4478	0
CM2	47	Picture	B55	1246168	0	1	5167	1	0	5000	other	0
CM2	48	Picture	H57	1271334	0	1	5167	1	0	5000	false_alarm	59
CM2	48	Response	1	1280887	9552	0
CM2	49	Picture	F56	1298668	0	1	5167	1	0	5000	miss	0
CM2	50	Picture	B55	1324168	0	1	5167	1	0	5000	miss	0
CM2	51	Picture	H57	1350501	0	1	5167	1	0	5000	miss	0
CM2	52	Picture	F56	1378001	0	1	5167	1	0	5000	hit	64
CM2	52	Response	2	1383521	5520	0
CM2	53	Picture	B55	1405668	0	1	5167	1	0	5000	hit	66
CM2	53	Response	2	1416138	10471	0
CM2	54	Picture	L58	1431501	0	1	5167	1	0	5000	other	0
CM2	55	Picture	I52	1458168	0	1	5167	1	0	5000	other	0
CM2	56	Picture	B55	1484501	0	1	5167	1	0	5000	hit	70
CM2	56	Response	2	1491264	6763	0
CM2	57	Picture	E51	1511834	0	1	5167	1	0	5000	other	0
CM2	58	Picture	I52	1539501	0	1	5167	1	0	5000	hit	73
CM2	58	Response	2	1548262	8761	0
CM2	59	Picture	U54	1567334	0	1	5167	1	0	5000	other	0
CM2	60	Picture	O53	1594168	0	1	5167	1	0	5000	other	0
CM2	61	Picture	U54	1621168	0	1	5167	1	0	5000	other	0
