Scenario - 
Logfile written - 07/28/2020 09:38:35

Subject	Trial	Event Type	Code	Time	TTime	Uncertainty	Duration	Uncertainty	ReqTime	ReqDur	Stim Type	Pair Index

CM3	1	Picture	Start	167	0	1	876667	1	0	next	false_alarm	2
CM3	1	Response	1	876083	875916	0
CM3	2	Picture	O53	883001	0	1	5167	1	0	5000	other	0
CM3	3	Picture	M59	908334	0	1	5167	1	0	5000	other	0
CM3	4	Picture	H57	935501	0	1	5167	1	0	5000	other	0
CM3	5	Picture	A50	961501	0	1	5167	1	0	5000	other	0
CM3	6	Picture	F56	987001	0	1	5167	1	0	5000	other	0
CM3	7	Picture	F56	1014834	0	1	5167	1	0	5000	false_alarm	9
CM3	7	Response	1	1024506	9672	0
CM3	8	Picture	A50	1041334	0	1	5167	1	0	5000	miss	0
CM3	9	Picture	F56	1066501	0	1	5167	1	0	5000	miss	0
CM3	10	Picture	I52	1092334	0	1	5167	1	0	5000	other	0
CM3	11	Picture	F56	1117668	0	1	5167	1	0	5000	other	0
CM3	12	Picture	F56	1144668	0	1	5167	1	0	5000	miss	0
CM3	13	Picture	H57	1172334	0	1	5167	1	0	5000	other	0
CM3	14	Picture	M59	1199168	0	1	5167	1	0	5000	other	0
CM3	15	Picture	A50	1224501	0	1	5167	1	0	5000	other	0
CM3	16	Picture	O53	1249834	0	1	5167	1	0	5000	other	0
CM3	17	Picture	U54	1277168	0	1	5167	1	0	5000	other	0
CM3	18	Picture	E51	1304334	0	1	5167	1	0	5000	other	0
CM3	19	Picture	I52	1331668	0	1	5167	1	0	5000	other	0
CM3	20	Picture	L58	1358168	0	1	5167	1	0	5000	other	0
CM3	21	Picture	E51	1386001	0	1	5167	1	0	5000	miss	0
CM3	22	Picture	A50	1412668	0	1	5167	1	0	5000	other	0
CM3	23	Picture	L58	1440834	0	1	5167	1	0	5000	hit	26
CM3	23	Response	2	1447772	6938	0
CM3	24	Picture	F56	1466168	0	1	5167	1	0	5000	other	0
CM3	25	Picture	B55	1491335	0	1	5167	1	0	5000	other	0
CM3	26	Picture	A50	1519001	0	1	5167	1	0	5000	other	0
CM3	27	Picture	E51	1544501	0	1	5167	1	0	5000	other	0
CM3	28	Picture	I52	1571835	0	1	5167	1	0	5000	other	0
CM3	29	Picture	L58	1597501	0	1	5167	1	0	5000	other	0
CM3	30	Picture	E51	1624001	0	1	5167	1	0	5000	miss	0
CM3	31	Picture	I52	1650335	0	1	5167	1	0	5000	hit	35
CM3	31	Response	2	1657676	7342	0
CM3	32	Picture	F56	1675668	0	1	5167	1	0	5000	other	0
CM3	33	Picture	E51	1702001	0	1	5167	1	0	5000	miss	0
CM3	34	Picture	O53	1730001	0	1	5167	1	0	5000	other	0
CM3	35	Picture	I52	1755668	0	1	5167	1	0	5000	other	0
CM3	36	Picture	E51	1781835	0	1	5167	1	0	5000	hit	41
CM3	36	Response	2	1790106	8271	0
CM3	37	Picture	L58	1809001	0	1	5167	1	0	5000	other	0
CM3	38	Picture	I52	1836501	0	1	5167	1	0	5000	miss	0
CM3	39	Picture	E51	1862335	0	1	5167	1	0	5000	miss	0
CM3	40	Picture	H57	1889835	0	1	5167	1	0	5000	other	0
CM3	41	Picture	I52	1917168	0	1	5167	1	0	5000	hit	47
CM3	41	Response	2	1923378	6210	0
CM3	42	Picture	L58	1944335	0	1	5167	1	0	5000	false_alarm	49
CM3	42	Response	1	1959017	14682	0
CM3	43	Picture	A50	1970835	0	1	5167	1	0	5000	other	0
CM3	44	Picture	I52	1997168	0	1	5167	1	0	5000	miss	0
CM3	45	Picture	L58	2023668	0	1	5167	1	0	5000	hit	53
CM3	45	Response	2	2031576	7907	0
CM3	46	Picture	A50	2049335	0	1	5167	1	0	5000	hit	55
CM3	46	Response	2	2059381	10046	0
CM3	47	Picture	I52	2075002	0	1	5167	1	0	5000	hit	57
CM3	47	Response	2	2087418	12416	0
CM3	48	Picture	E51	2103002	0	1	5167	1	0	5000	other	0
CM3	49	Picture	A50	2129335	0	1	5167	1	0	5000	miss	0
CM3	50	Picture	H57	2157002	0	1	5167	1	0	5000	other	0
CM3	51	Picture	L58	2184835	0	1	5167	1	0	5000	other	0
CM3	52	Picture	O53	2211002	0	1	5167	1	0	5000	other	0
CM3	53	Picture	M59	2238502	0	1	5167	1	0	5000	other	0
CM3	54	Picture	U54	2265835	0	1	5167	1	0	5000	other	0
CM3	55	Picture	O53	2291169	0	1	5167	1	0	5000	miss	0
CM3	56	Picture	M59	2318335	0	1	5167	1	0	5000	hit	67
CM3	56	Response	2	2324030	5695	0
CM3	57	Picture	O53	2344335	0	1	5167	1	0	5000	other	0
CM3	58	Picture	M59	2370002	0	1	5167	1	0	5000	false_alarm	70
CM3	58	Response	1	2381326	11324	0
CM3	59	Picture	F56	2396002	0	1	5167	1	0	5000	other	0
CM3	60	Picture	I52	2422669	0	1	5167	1	0	5000	other	0
CM3	61	Picture	L58	2449669	0	1	5167	1	0	5000	other	0
