Scenario - 
Logfile written - 07/28/2020 14:20:16

Subject	Trial	Event Type	Code	Time	TTime	Uncertainty	Duration	Uncertainty	ReqTime	ReqDur	Stim Type	Pair Index

CM4	1	Picture	Start	167	0	1	30667	1	0	next	false_alarm	2
CM4	1	Response	1	30715	30548	0
CM4	2	Picture	L58	36000	0	1	5167	1	0	5000	other	0
CM4	3	Picture	I52	63500	0	1	5167	1	0	5000	other	0
CM4	4	Picture	E51	89500	0	1	5167	1	0	5000	other	0
CM4	5	Picture	L58	117500	0	1	5167	1	0	5000	hit	7
CM4	5	Response	2	128234	10734	0
CM4	6	Picture	I52	145333	0	1	5167	1	0	5000	hit	9
CM4	6	Response	2	154257	8923	0
CM4	7	Picture	E51	171000	0	1	5167	1	0	5000	hit	11
CM4	7	Response	2	177595	6595	0
CM4	8	Picture	L58	197000	0	1	5167	1	0	5000	miss	0
CM4	9	Picture	L58	224167	0	1	5167	1	0	5000	false_alarm	14
CM4	9	Response	1	238103	13936	0
CM4	10	Picture	E51	251500	0	1	5167	1	0	5000	hit	16
CM4	10	Response	2	261700	10199	0
CM4	11	Picture	O53	279000	0	1	5167	1	0	5000	other	0
CM4	12	Picture	F56	304667	0	1	5167	1	0	5000	other	0
CM4	13	Picture	I52	331000	0	1	5167	1	0	5000	false_alarm	20
CM4	13	Response	1	341591	10591	0
CM4	14	Picture	F56	357167	0	1	5167	1	0	5000	false_alarm	22
CM4	14	Response	1	369322	12155	0
CM4	15	Picture	B55	383834	0	1	5167	1	0	5000	other	0
CM4	16	Picture	F56	411000	0	1	5167	1	0	5000	other	0
CM4	17	Picture	O53	437667	0	1	5167	1	0	5000	other	0
CM4	18	Picture	H57	464167	0	1	5167	1	0	5000	other	0
CM4	19	Picture	E51	489834	0	1	5167	1	0	5000	other	0
CM4	20	Picture	E51	516834	0	1	5167	1	0	5000	false_alarm	29
CM4	20	Response	1	526519	9685	0
CM4	21	Picture	L58	543000	0	1	5167	1	0	5000	other	0
CM4	22	Picture	E51	569334	0	1	5167	1	0	5000	miss	0
CM4	23	Picture	A50	595834	0	1	5167	1	0	5000	other	0
CM4	24	Picture	I52	622000	0	1	5167	1	0	5000	other	0
CM4	25	Picture	E51	649000	0	1	5167	1	0	5000	hit	35
CM4	25	Response	2	656862	7861	0
CM4	26	Picture	A50	676834	0	1	5167	1	0	5000	miss	0
CM4	27	Picture	I52	703834	0	1	5167	1	0	5000	miss	0
CM4	28	Picture	I52	731667	0	1	5167	1	0	5000	other	0
CM4	29	Picture	F56	759167	0	1	5167	1	0	5000	other	0
CM4	30	Picture	H57	786667	0	1	5167	1	0	5000	other	0
CM4	31	Picture	I52	813501	0	1	5167	1	0	5000	hit	42
CM4	31	Response	2	822512	9012	0
CM4	32	Picture	F56	841501	0	1	5167	1	0	5000	hit	44
CM4	32	Response	2	851886	10386	0
CM4	33	Picture	M59	867334	0	1	5167	1	0	5000	other	0
CM4	34	Picture	I52	894167	0	1	5167	1	0	5000	miss	0
CM4	35	Picture	A50	920334	0	1	5167	1	0	5000	other	0
CM4	36	Picture	E51	947167	0	1	5167	1	0	5000	other	0
CM4	37	Picture	I52	974167	0	1	5167	1	0	5000	miss	0
CM4	38	Picture	A50	1001834	0	1	5167	1	0	5000	miss	0
CM4	39	Picture	E51	1028667	0	1	5167	1	0	5000	miss	0
CM4	40	Picture	B55	1055501	0	1	5167	1	0	5000	other	0
CM4	41	Picture	B55	1080834	0	1	5167	1	0	5000	other	0
CM4	42	Picture	B55	1108668	0	1	5167	1	0	5000	other	0
CM4	43	Picture	O53	1134668	0	1	5167	1	0	5000	other	0
CM4	44	Picture	B55	1159834	0	1	5167	1	0	5000	hit	57
CM4	44	Response	2	1163810	3976	0
CM4	45	Picture	F56	1186168	0	1	5167	1	0	5000	other	0
CM4	46	Picture	B55	1213001	0	1	5167	1	0	5000	false_alarm	60
CM4	46	Response	1	1225193	12192	0
CM4	47	Picture	B55	1240668	0	1	5167	1	0	5000	miss	0
CM4	48	Picture	A50	1267168	0	1	5167	1	0	5000	other	0
CM4	49	Picture	B55	1294501	0	1	5167	1	0	5000	miss	0
CM4	50	Picture	A50	1320168	0	1	5167	1	0	5000	other	0
CM4	51	Picture	F56	1345668	0	1	5167	1	0	5000	other	0
CM4	52	Picture	B55	1373668	0	1	5167	1	0	5000	miss	0
CM4	53	Picture	L58	1399834	0	1	5167	1	0	5000	other	0
CM4	54	Picture	I52	1427001	0	1	5167	1	0	5000	other	0
CM4	55	Picture	A50	1454001	0	1	5167	1	0	5000	other	0
CM4	56	Picture	L58	1480335	0	1	5167	1	0	5000	miss	0
CM4	57	Picture	O53	1507335	0	1	5167	1	0	5000	other	0
CM4	58	Picture	B55	1535335	0	1	5167	1	0	5000	other	0
CM4	59	Picture	E51	1560835	0	1	5167	1	0	5000	other	0
CM4	60	Picture	A50	1587001	0	1	5167	1	0	5000	other	0
CM4	61	Picture	E51	1613001	0	1	5167	1	0	5000	other	0
