Scenario - 
Logfile written - 08/26/2020 09:42:39

Subject	Trial	Event Type	Code	Time	TTime	Uncertainty	Duration	Uncertainty	ReqTime	ReqDur	Stim Type	Pair Index

CM5	1	Picture	Start	167	0	1	56667	1	0	next	false_alarm	2
CM5	1	Response	1	56020	55853	0
CM5	2	Picture	F56	61833	0	1	5167	1	0	5000	other	0
CM5	3	Picture	M59	88000	0	1	5167	1	0	5000	other	0
CM5	4	Picture	O53	115000	0	1	5167	1	0	5000	other	0
CM5	5	Picture	M59	140667	0	1	5167	1	0	5000	other	0
CM5	6	Picture	A50	168500	0	1	5167	1	0	5000	other	0
CM5	7	Picture	F56	194167	0	1	5167	1	0	5000	other	0
CM5	8	Picture	M59	221833	0	1	5167	1	0	5000	hit	10
CM5	8	Response	2	227358	5525	0
CM5	9	Picture	L58	247167	0	1	5167	1	0	5000	other	0
CM5	10	Picture	F56	272834	0	1	5167	1	0	5000	hit	13
CM5	10	Response	2	278110	5276	0
CM5	11	Picture	L58	300500	0	1	5167	1	0	5000	other	0
CM5	12	Picture	L58	326000	0	1	5167	1	0	5000	hit	16
CM5	12	Response	2	329539	3539	0
CM5	13	Picture	O53	351667	0	1	5167	1	0	5000	other	0
CM5	14	Picture	B55	377500	0	1	5167	1	0	5000	other	0
CM5	15	Picture	L58	403000	0	1	5167	1	0	5000	hit	20
CM5	15	Response	2	411439	8439	0
CM5	16	Picture	O53	430500	0	1	5167	1	0	5000	miss	0
CM5	17	Picture	B55	457334	0	1	5167	1	0	5000	hit	23
CM5	17	Response	2	462911	5578	0
CM5	18	Picture	O53	485167	0	1	5167	1	0	5000	false_alarm	25
CM5	18	Response	1	490818	5651	0
CM5	19	Picture	B55	512000	0	1	5167	1	0	5000	other	0
CM5	20	Picture	O53	538000	0	1	5167	1	0	5000	false_alarm	28
CM5	20	Response	1	541500	3499	0
CM5	21	Picture	U54	565500	0	1	5167	1	0	5000	other	0
CM5	22	Picture	B55	592000	0	1	5167	1	0	5000	miss	0
CM5	23	Picture	O53	618334	0	1	5167	1	0	5000	miss	0
CM5	24	Picture	U54	646334	0	1	5167	1	0	5000	hit	33
CM5	24	Response	2	650292	3958	0
CM5	25	Picture	B55	674167	0	1	5167	1	0	5000	miss	0
CM5	26	Picture	U54	699501	0	1	5167	1	0	5000	other	0
CM5	27	Picture	U54	727001	0	1	5167	1	0	5000	miss	0
CM5	28	Picture	F56	753167	0	1	5167	1	0	5000	other	0
CM5	29	Picture	E51	779667	0	1	5167	1	0	5000	other	0
CM5	30	Picture	U54	806334	0	1	5167	1	0	5000	hit	40
CM5	30	Response	2	810269	3935	0
CM5	31	Picture	E51	832334	0	1	5167	1	0	5000	false_alarm	42
CM5	31	Response	1	839467	7133	0
CM5	32	Picture	E51	859834	0	1	5167	1	0	5000	hit	44
CM5	32	Response	2	864744	4910	0
CM5	33	Picture	A50	888001	0	1	5167	1	0	5000	other	0
CM5	34	Picture	B55	915667	0	1	5167	1	0	5000	other	0
CM5	35	Picture	M59	943001	0	1	5167	1	0	5000	other	0
CM5	36	Picture	L58	969334	0	1	5167	1	0	5000	other	0
CM5	37	Picture	O53	996001	0	1	5167	1	0	5000	other	0
CM5	38	Picture	M59	1021834	0	1	5167	1	0	5000	hit	51
CM5	38	Response	2	1026520	4686	0
CM5	39	Picture	M59	1047834	0	1	5167	1	0	5000	false_alarm	53
CM5	39	Response	1	1051826	3992	0
CM5	40	Picture	U54	1074834	0	1	5167	1	0	5000	other	0
CM5	41	Picture	O53	1101168	0	1	5167	1	0	5000	other	0
CM5	42	Picture	L58	1126334	0	1	5167	1	0	5000	other	0
CM5	43	Picture	U54	1152001	0	1	5167	1	0	5000	hit	58
CM5	43	Response	2	1163607	11606	0
CM5	44	Picture	B55	1179001	0	1	5167	1	0	5000	other	0
CM5	45	Picture	A50	1205334	0	1	5167	1	0	5000	other	0
CM5	46	Picture	A50	1231334	0	1	5167	1	0	5000	other	0
CM5	47	Picture	I52	1257668	0	1	5167	1	0	5000	other	0
CM5	48	Picture	M59	1284334	0	1	5167	1	0	5000	other	0
CM5	49	Picture	U54	1310168	0	1	5167	1	0	5000	other	0
CM5	50	Picture	I52	1335334	0	1	5167	1	0	5000	hit	66
CM5	50	Response	2	1340126	4792	0
CM5	51	Picture	H57	1361668	0	1	5167	1	0	5000	other	0
CM5	52	Picture	U54	1386834	0	1	5167	1	0	5000	hit	69
CM5	52	Response	2	1391238	4404	0
CM5	53	Picture	E51	1412168	0	1	5167	1	0	5000	other	0
CM5	54	Picture	M59	1438334	0	1	5167	1	0	5000	false_alarm	72
CM5	54	Response	1	1445434	7100	0
CM5	55	Picture	L58	1466501	0	1	5167	1	0	5000	other	0
CM5	56	Picture	B55	1493501	0	1	5167	1	0	5000	other	0
CM5	57	Picture	A50	1520168	0	1	5167	1	0	5000	other	0
CM5	58	Picture	L58	1546668	0	1	5167	1	0	5000	hit	77
CM5	58	Response	2	1553249	6582	0
CM5	59	Picture	I52	1574668	0	1	5167	1	0	5000	other	0
CM5	60	Picture	A50	1601335	0	1	5167	1	0	5000	miss	0
CM5	61	Picture	U54	1627001	0	1	5167	1	0	5000	false_alarm	81
CM5	61	Response	1	1631830	4828	0
