Scenario - 
Logfile written - 09/11/2020 14:17:47

Subject	Trial	Event Type	Code	Time	TTime	Uncertainty	Duration	Uncertainty	ReqTime	ReqDur	Stim Type	Pair Index

CM6	1	Picture	Start	167	0	1	16167	1	0	next	false_alarm	2
CM6	1	Response	1	16165	15999	0
CM6	2	Picture	F56	22000	0	1	5167	1	0	5000	other	0
CM6	3	Picture	F56	49500	0	1	5167	1	0	5000	other	0
CM6	4	Picture	O53	77333	0	1	5167	1	0	5000	other	0
CM6	5	Picture	E51	103500	0	1	5167	1	0	5000	other	0
CM6	6	Picture	F56	131167	0	1	5167	1	0	5000	hit	8
CM6	6	Response	2	135138	3971	0
CM6	7	Picture	H57	157833	0	1	5167	1	0	5000	other	0
CM6	8	Picture	E51	185333	0	1	5167	1	0	5000	miss	0
CM6	9	Picture	F56	211833	0	1	5167	1	0	5000	miss	0
CM6	10	Picture	L58	239833	0	1	5167	1	0	5000	other	0
CM6	11	Picture	H57	265667	0	1	5167	1	0	5000	false_alarm	14
CM6	11	Response	1	274157	8490	0
CM6	12	Picture	B55	293167	0	1	5167	1	0	5000	other	0
CM6	13	Picture	L58	321167	0	1	5167	1	0	5000	hit	17
CM6	13	Response	2	325098	3931	0
CM6	14	Picture	L58	347834	0	1	5167	1	0	5000	other	0
CM6	15	Picture	B55	373000	0	1	5167	1	0	5000	hit	20
CM6	15	Response	2	379794	6793	0
CM6	16	Picture	L58	400167	0	1	5167	1	0	5000	miss	0
CM6	17	Picture	M59	426834	0	1	5167	1	0	5000	other	0
CM6	18	Picture	A50	452667	0	1	5167	1	0	5000	other	0
CM6	19	Picture	U54	478000	0	1	5167	1	0	5000	other	0
CM6	20	Picture	B55	503334	0	1	5167	1	0	5000	other	0
CM6	21	Picture	F56	531167	0	1	5167	1	0	5000	other	0
CM6	22	Picture	E51	556334	0	1	5167	1	0	5000	other	0
CM6	23	Picture	B55	583500	0	1	5167	1	0	5000	hit	29
CM6	23	Response	2	587817	4317	0
CM6	24	Picture	E51	609000	0	1	5167	1	0	5000	other	0
CM6	25	Picture	B55	636000	0	1	5167	1	0	5000	other	0
CM6	26	Picture	I52	661167	0	1	5167	1	0	5000	other	0
CM6	27	Picture	O53	688834	0	1	5167	1	0	5000	other	0
CM6	28	Picture	M59	715834	0	1	5167	1	0	5000	other	0
CM6	29	Picture	U54	743167	0	1	5167	1	0	5000	other	0
CM6	30	Picture	B55	770167	0	1	5167	1	0	5000	other	0
CM6	31	Picture	B55	796001	0	1	5167	1	0	5000	other	0
CM6	32	Picture	H57	823501	0	1	5167	1	0	5000	other	0
CM6	33	Picture	B55	850001	0	1	5167	1	0	5000	hit	40
CM6	33	Response	2	854209	4209	0
CM6	34	Picture	B55	877167	0	1	5167	1	0	5000	hit	42
CM6	34	Response	2	883195	6028	0
CM6	35	Picture	H57	903501	0	1	5167	1	0	5000	hit	44
CM6	35	Response	2	911522	8022	0
CM6	36	Picture	O53	928834	0	1	5167	1	0	5000	other	0
CM6	37	Picture	E51	956834	0	1	5167	1	0	5000	other	0
CM6	38	Picture	H57	983167	0	1	5167	1	0	5000	miss	0
CM6	39	Picture	O53	1009501	0	1	5167	1	0	5000	hit	49
CM6	39	Response	2	1022088	12587	0
CM6	40	Picture	E51	1035001	0	1	5167	1	0	5000	miss	0
CM6	41	Picture	O53	1061834	0	1	5167	1	0	5000	other	0
CM6	42	Picture	B55	1087668	0	1	5167	1	0	5000	other	0
CM6	43	Picture	I52	1114168	0	1	5167	1	0	5000	other	0
CM6	44	Picture	F56	1139334	0	1	5167	1	0	5000	other	0
CM6	45	Picture	B55	1167001	0	1	5167	1	0	5000	hit	56
CM6	45	Response	2	1170201	3200	0
CM6	46	Picture	H57	1193668	0	1	5167	1	0	5000	other	0
CM6	47	Picture	A50	1220668	0	1	5167	1	0	5000	other	0
CM6	48	Picture	L58	1246168	0	1	5167	1	0	5000	other	0
CM6	49	Picture	B55	1273168	0	1	5167	1	0	5000	other	0
CM6	50	Picture	A50	1300834	0	1	5167	1	0	5000	miss	0
CM6	51	Picture	M59	1328334	0	1	5167	1	0	5000	other	0
CM6	52	Picture	B55	1354334	0	1	5167	1	0	5000	miss	0
CM6	53	Picture	M59	1379668	0	1	5167	1	0	5000	false_alarm	65
CM6	53	Response	1	1386803	7135	0
CM6	54	Picture	M59	1405001	0	1	5167	1	0	5000	miss	0
CM6	55	Picture	U54	1432834	0	1	5167	1	0	5000	other	0
CM6	56	Picture	M59	1460668	0	1	5167	1	0	5000	hit	69
CM6	56	Response	2	1464586	3918	0
CM6	57	Picture	A50	1488001	0	1	5167	1	0	5000	other	0
CM6	58	Picture	U54	1515001	0	1	5167	1	0	5000	miss	0
CM6	59	Picture	A50	1541168	0	1	5167	1	0	5000	other	0
CM6	60	Picture	M59	1566501	0	1	5167	1	0	5000	other	0
CM6	61	Picture	U54	1594168	0	1	5167	1	0	5000	hit	75
CM6	61	Response	2	1598749	4581	0
