Scenario - 
Logfile written - 09/25/2020 14:13:33

Subject	Trial	Event Type	Code	Time	TTime	Uncertainty	Duration	Uncertainty	ReqTime	ReqDur	Stim Type	Pair Index

CM7	1	Picture	Start	167	0	1	20333	1	0	next	false_alarm	2
CM7	1	Response	1	20135	19968	0
CM7	2	Picture	M59	28167	0	1	5167	1	0	5000	other	0
CM7	3	Picture	U54	55000	0	1	5167	1	0	5000	other	0
CM7	4	Picture	A50	82500	0	1	5167	1	0	5000	other	0
CM7	5	Picture	F56	110167	0	1	5167	1	0	5000	other	0
CM7	6	Picture	I52	136833	0	1	5167	1	0	5000	other	0
CM7	7	Picture	A50	163000	0	1	5167	1	0	5000	hit	9
CM7	7	Response	2	171845	8845	0
CM7	8	Picture	O53	188167	0	1	5167	1	0	5000	other	0
CM7	9	Picture	I52	214333	0	1	5167	1	0	5000	hit	12
CM7	9	Response	2	221273	6940	0
CM7	10	Picture	H57	242333	0	1	5167	1	0	5000	other	0
CM7	11	Picture	H57	269000	0	1	5167	1	0	5000	false_alarm	15
CM7	11	Response	1	275438	6438	0
CM7	12	Picture	I52	295167	0	1	5167	1	0	5000	miss	0
CM7	13	Picture	H57	322000	0	1	5167	1	0	5000	miss	0
CM7	14	Picture	H57	348667	0	1	5167	1	0	5000	miss	0
CM7	15	Picture	I52	374167	0	1	5167	1	0	5000	hit	20
CM7	15	Response	2	378777	4610	0
CM7	16	Picture	E51	401000	0	1	5167	1	0	5000	other	0
CM7	17	Picture	A50	427334	0	1	5167	1	0	5000	other	0
CM7	18	Picture	I52	455167	0	1	5167	1	0	5000	hit	24
CM7	18	Response	2	462682	7515	0
CM7	19	Picture	E51	482167	0	1	5167	1	0	5000	hit	26
CM7	19	Response	2	491572	9405	0
CM7	20	Picture	E51	509167	0	1	5167	1	0	5000	other	0
CM7	21	Picture	B55	537167	0	1	5167	1	0	5000	other	0
CM7	22	Picture	E51	565167	0	1	5167	1	0	5000	hit	30
CM7	22	Response	2	572200	7033	0
CM7	23	Picture	F56	590667	0	1	5167	1	0	5000	other	0
CM7	24	Picture	U54	616667	0	1	5167	1	0	5000	other	0
CM7	25	Picture	M59	644500	0	1	5167	1	0	5000	other	0
CM7	26	Picture	F56	672334	0	1	5167	1	0	5000	miss	0
CM7	27	Picture	B55	699501	0	1	5167	1	0	5000	false_alarm	36
CM7	27	Response	1	706374	6873	0
CM7	28	Picture	H57	726834	0	1	5167	1	0	5000	other	0
CM7	29	Picture	U54	752501	0	1	5167	1	0	5000	other	0
CM7	30	Picture	I52	778001	0	1	5167	1	0	5000	other	0
CM7	31	Picture	F56	805334	0	1	5167	1	0	5000	other	0
CM7	32	Picture	L58	830667	0	1	5167	1	0	5000	other	0
CM7	33	Picture	F56	857001	0	1	5167	1	0	5000	false_alarm	43
CM7	33	Response	1	861705	4704	0
CM7	34	Picture	F56	882501	0	1	5167	1	0	5000	miss	0
CM7	35	Picture	O53	908667	0	1	5167	1	0	5000	other	0
CM7	36	Picture	F56	936334	0	1	5167	1	0	5000	miss	0
CM7	37	Picture	F56	963334	0	1	5167	1	0	5000	hit	48
CM7	37	Response	2	969788	6454	0
CM7	38	Picture	A50	990001	0	1	5167	1	0	5000	other	0
CM7	39	Picture	E51	1017334	0	1	5167	1	0	5000	other	0
CM7	40	Picture	E51	1045001	0	1	5167	1	0	5000	other	0
CM7	41	Picture	E51	1071001	0	1	5167	1	0	5000	other	0
CM7	42	Picture	E51	1097001	0	1	5167	1	0	5000	hit	54
CM7	42	Response	2	1102328	5327	0
CM7	43	Picture	E51	1125001	0	1	5167	1	0	5000	hit	56
CM7	43	Response	2	1135894	10894	0
CM7	44	Picture	O53	1152334	0	1	5167	1	0	5000	other	0
CM7	45	Picture	E51	1178501	0	1	5167	1	0	5000	hit	59
CM7	45	Response	2	1184662	6161	0
CM7	46	Picture	E51	1205834	0	1	5167	1	0	5000	miss	0
CM7	47	Picture	O53	1232668	0	1	5167	1	0	5000	miss	0
CM7	48	Picture	H57	1258668	0	1	5167	1	0	5000	other	0
CM7	49	Picture	H57	1284168	0	1	5167	1	0	5000	other	0
CM7	50	Picture	O53	1311334	0	1	5167	1	0	5000	hit	65
CM7	50	Response	2	1315996	4662	0
CM7	51	Picture	I52	1338668	0	1	5167	1	0	5000	other	0
CM7	52	Picture	E51	1366168	0	1	5167	1	0	5000	other	0
CM7	53	Picture	O53	1393168	0	1	5167	1	0	5000	hit	69
CM7	53	Response	2	1400281	7114	0
CM7	54	Picture	F56	1421001	0	1	5167	1	0	5000	other	0
CM7	55	Picture	A50	1446501	0	1	5167	1	0	5000	other	0
CM7	56	Picture	A50	1472501	0	1	5167	1	0	5000	other	0
CM7	57	Picture	H57	1498668	0	1	5167	1	0	5000	other	0
CM7	58	Picture	H57	1525168	0	1	5167	1	0	5000	other	0
CM7	59	Picture	B55	1552168	0	1	5167	1	0	5000	other	0
CM7	60	Picture	U54	1577668	0	1	5167	1	0	5000	other	0
CM7	61	Picture	F56	1605168	0	1	5167	1	0	5000	other	0
