Scenario - 
Logfile written - 11/27/2020 14:11:20

Subject	Trial	Event Type	Code	Time	TTime	Uncertainty	Duration	Uncertainty	ReqTime	ReqDur	Stim Type	Pair Index

CM8	1	Picture	Start	167	0	1	23333	1	0	next	false_alarm	2
CM8	1	Response	1	23368	23202	0
CM8	2	Picture	U54	29833	0	1	5167	1	0	5000	other	0
CM8	3	Picture	U54	57333	0	1	5167	1	0	5000	other	0
CM8	4	Picture	U54	84333	0	1	5167	1	0	5000	other	0
CM8	5	Picture	E51	109500	0	1	5167	1	0	5000	other	0
CM8	6	Picture	O53	134667	0	1	5167	1	0	5000	other	0
CM8	7	Picture	E51	161000	0	1	5167	1	0	5000	other	0
CM8	8	Picture	E51	187333	0	1	5167	1	0	5000	miss	0
CM8	9	Picture	U54	214833	0	1	5167	1	0	5000	other	0
CM8	10	Picture	U54	241000	0	1	5167	1	0	5000	other	0
CM8	11	Picture	M59	266333	0	1	5167	1	0	5000	other	0
CM8	12	Picture	O53	292000	0	1	5167	1	0	5000	other	0
CM8	13	Picture	U54	318167	0	1	5167	1	0	5000	miss	0
CM8	14	Picture	M59	344167	0	1	5167	1	0	5000	hit	16
CM8	14	Response	2	357172	13006	0
CM8	15	Picture	A50	372167	0	1	5167	1	0	5000	other	0
CM8	16	Picture	B55	399000	0	1	5167	1	0	5000	other	0
CM8	17	Picture	F56	424834	0	1	5167	1	0	5000	other	0
CM8	18	Picture	A50	452000	0	1	5167	1	0	5000	miss	0
CM8	19	Picture	M59	478000	0	1	5167	1	0	5000	other	0
CM8	20	Picture	E51	504500	0	1	5167	1	0	5000	other	0
CM8	21	Picture	U54	532000	0	1	5167	1	0	5000	other	0
CM8	22	Picture	I52	559834	0	1	5167	1	0	5000	other	0
CM8	23	Picture	E51	585000	0	1	5167	1	0	5000	miss	0
CM8	24	Picture	U54	613000	0	1	5167	1	0	5000	miss	0
CM8	25	Picture	O53	640500	0	1	5167	1	0	5000	other	0
CM8	26	Picture	F56	666834	0	1	5167	1	0	5000	other	0
CM8	27	Picture	U54	693167	0	1	5167	1	0	5000	miss	0
CM8	28	Picture	E51	721001	0	1	5167	1	0	5000	other	0
CM8	29	Picture	F56	747834	0	1	5167	1	0	5000	miss	0
CM8	30	Picture	O53	774834	0	1	5167	1	0	5000	other	0
CM8	31	Picture	M59	801667	0	1	5167	1	0	5000	other	0
CM8	32	Picture	F56	827001	0	1	5167	1	0	5000	miss	0
CM8	33	Picture	H57	854001	0	1	5167	1	0	5000	other	0
CM8	34	Picture	L58	880667	0	1	5167	1	0	5000	other	0
CM8	35	Picture	U54	907834	0	1	5167	1	0	5000	other	0
CM8	36	Picture	H57	934167	0	1	5167	1	0	5000	hit	39
CM8	36	Response	2	941604	7436	0
CM8	37	Picture	H57	960001	0	1	5167	1	0	5000	other	0
CM8	38	Picture	I52	985834	0	1	5167	1	0	5000	other	0
CM8	39	Picture	H57	1013501	0	1	5167	1	0	5000	miss	0
CM8	40	Picture	H57	1039667	0	1	5166	1	0	5000	miss	0
CM8	41	Picture	I52	1066834	0	1	5167	1	0	5000	hit	45
CM8	41	Response	2	1076229	9395	0
CM8	42	Picture	H57	1092001	0	1	5167	1	0	5000	miss	0
CM8	43	Picture	L58	1119168	0	1	5167	1	0	5000	other	0
CM8	44	Picture	L58	1145334	0	1	5167	1	0	5000	other	0
CM8	45	Picture	O53	1173001	0	1	5167	1	0	5000	other	0
CM8	46	Picture	L58	1200668	0	1	5167	1	0	5000	miss	0
CM8	47	Picture	O53	1226668	0	1	5167	1	0	5000	other	0
CM8	48	Picture	I52	1252001	0	1	5167	1	0	5000	other	0
CM8	49	Picture	H57	1278834	0	1	5167	1	0	5000	other	0
CM8	50	Picture	M59	1304668	0	1	5167	1	0	5000	other	0
CM8	51	Picture	I52	1330501	0	1	5167	1	0	5000	miss	0
CM8	52	Picture	H57	1358334	0	1	5167	1	0	5000	hit	57
CM8	52	Response	2	1376548	18213	0
CM8	53	Picture	M59	1385168	0	1	5167	1	0	5000	hit	59
CM8	53	Response	2	1396382	11214	0
CM8	54	Picture	A50	1413334	0	1	5167	1	0	5000	other	0
CM8	55	Picture	H57	1441001	0	1	5167	1	0	5000	hit	62
CM8	55	Response	2	1456323	15322	0
CM8	56	Picture	M59	1467168	0	1	5167	1	0	5000	hit	64
CM8	56	Response	2	1475501	8333	0
CM8	57	Picture	I52	1492501	0	1	5167	1	0	5000	other	0
CM8	58	Picture	B55	1518168	0	1	5167	1	0	5000	other	0
CM8	59	Picture	A50	1543835	0	1	5167	1	0	5000	other	0
CM8	60	Picture	L58	1571168	0	1	5167	1	0	5000	other	0
CM8	61	Picture	E51	1599335	0	1	5167	1	0	5000	other	0
