Scenario - 
Logfile written - 06/07/2021 14:17:42

Subject	Trial	Event Type	Code	Time	TTime	Uncertainty	Duration	Uncertainty	ReqTime	ReqDur	Stim Type	Pair Index

CM9	1	Picture	Start	167	0	1	118333	1	0	next	false_alarm	2
CM9	1	Response	1	118005	117838	0
CM9	2	Picture	O53	123333	0	1	5167	1	0	5000	other	0
CM9	3	Picture	B55	150000	0	1	5167	1	0	5000	other	0
CM9	4	Picture	L58	175333	0	1	5167	1	0	5000	other	0
CM9	5	Picture	B55	203333	0	1	5167	1	0	5000	other	0
CM9	6	Picture	B55	228500	0	1	5167	1	0	5000	hit	8
CM9	6	Response	2	236540	8040	0
CM9	7	Picture	I52	254667	0	1	5167	1	0	5000	other	0
CM9	8	Picture	H57	280500	0	1	5167	1	0	5000	other	0
CM9	9	Picture	A50	307167	0	1	5167	1	0	5000	other	0
CM9	10	Picture	I52	332334	0	1	5167	1	0	5000	miss	0
CM9	11	Picture	H57	359667	0	1	5167	1	0	5000	miss	0
CM9	12	Picture	M59	385500	0	1	5167	1	0	5000	other	0
CM9	13	Picture	H57	411167	0	1	5167	1	0	5000	false_alarm	16
CM9	13	Response	1	425449	14282	0
CM9	14	Picture	H57	437667	0	1	5167	1	0	5000	miss	0
CM9	15	Picture	H57	464667	0	1	5167	1	0	5000	other	0
CM9	16	Picture	H57	491500	0	1	5167	1	0	5000	miss	0
CM9	17	Picture	H57	517834	0	1	5167	1	0	5000	hit	21
CM9	17	Response	2	521704	3870	0
CM9	18	Picture	O53	545000	0	1	5167	1	0	5000	other	0
CM9	19	Picture	M59	570500	0	1	5167	1	0	5000	other	0
CM9	20	Picture	F56	597667	0	1	5167	1	0	5000	other	0
CM9	21	Picture	I52	623167	0	1	5167	1	0	5000	other	0
CM9	22	Picture	M59	648334	0	1	5167	1	0	5000	miss	0
CM9	23	Picture	B55	676334	0	1	5167	1	0	5000	other	0
CM9	24	Picture	I52	702167	0	1	5167	1	0	5000	hit	29
CM9	24	Response	2	706465	4297	0
CM9	25	Picture	M59	730167	0	1	5167	1	0	5000	hit	31
CM9	25	Response	2	737162	6995	0
CM9	26	Picture	L58	758167	0	1	5167	1	0	5000	other	0
CM9	27	Picture	O53	783501	0	1	5167	1	0	5000	other	0
CM9	28	Picture	A50	810001	0	1	5167	1	0	5000	other	0
CM9	29	Picture	I52	835334	0	1	5167	1	0	5000	other	0
CM9	30	Picture	O53	862667	0	1	5167	1	0	5000	hit	37
CM9	30	Response	2	874961	12293	0
CM9	31	Picture	O53	888001	0	1	5167	1	0	5000	other	0
CM9	32	Picture	F56	914501	0	1	5167	1	0	5000	other	0
CM9	33	Picture	O53	941501	0	1	5167	1	0	5000	hit	41
CM9	33	Response	2	947674	6174	0
CM9	34	Picture	A50	969167	0	1	5167	1	0	5000	other	0
CM9	35	Picture	F56	995501	0	1	5167	1	0	5000	miss	0
CM9	36	Picture	U54	1022001	0	1	5167	1	0	5000	other	0
CM9	37	Picture	I52	1047667	0	1	5167	1	0	5000	other	0
CM9	38	Picture	B55	1073168	0	1	5167	1	0	5000	other	0
CM9	39	Picture	F56	1099334	0	1	5167	1	0	5000	false_alarm	48
CM9	39	Response	1	1107014	7679	0
CM9	40	Picture	A50	1127001	0	1	5167	1	0	5000	other	0
CM9	41	Picture	B55	1152668	0	1	5167	1	0	5000	miss	0
CM9	42	Picture	F56	1178001	0	1	5167	1	0	5000	hit	52
CM9	42	Response	2	1184855	6854	0
CM9	43	Picture	E51	1204668	0	1	5167	1	0	5000	other	0
CM9	44	Picture	H57	1230001	0	1	5167	1	0	5000	other	0
CM9	45	Picture	E51	1256668	0	1	5167	1	0	5000	other	0
CM9	46	Picture	M59	1284501	0	1	5167	1	0	5000	other	0
CM9	47	Picture	M59	1312334	0	1	5167	1	0	5000	other	0
CM9	48	Picture	E51	1340334	0	1	5167	1	0	5000	miss	0
CM9	49	Picture	B55	1368168	0	1	5167	1	0	5000	other	0
CM9	50	Picture	M59	1393334	0	1	5167	1	0	5000	hit	61
CM9	50	Response	2	1402491	9156	0
CM9	51	Picture	A50	1419168	0	1	5167	1	0	5000	other	0
CM9	52	Picture	B55	1447334	0	1	5167	1	0	5000	hit	64
CM9	52	Response	2	1455079	7744	0
CM9	53	Picture	F56	1473168	0	1	5167	1	0	5000	other	0
CM9	54	Picture	O53	1501001	0	1	5167	1	0	5000	other	0
CM9	55	Picture	O53	1527501	0	1	5167	1	0	5000	other	0
CM9	56	Picture	F56	1554501	0	1	5167	1	0	5000	hit	69
CM9	56	Response	2	1562595	8094	0
CM9	57	Picture	M59	1581168	0	1	5167	1	0	5000	other	0
CM9	58	Picture	I52	1608168	0	1	5167	1	0	5000	other	0
CM9	59	Picture	B55	1636001	0	1	5167	1	0	5000	other	0
CM9	60	Picture	I52	1662835	0	1	5167	1	0	5000	other	0
CM9	61	Picture	I52	1690335	0	1	5167	1	0	5000	hit	75
CM9	61	Response	2	1695285	4951	0
