Scenario - 
Logfile written - 06/11/2021 09:53:08

Subject	Trial	Event Type	Code	Time	TTime	Uncertainty	Duration	Uncertainty	ReqTime	ReqDur	Stim Type	Pair Index

CN0	1	Picture	Start	167	0	1	47000	1	0	next	false_alarm	2
CN0	1	Response	1	47000	46833	0
CN0	2	Picture	L58	55000	0	1	5167	1	0	5000	other	0
CN0	3	Picture	U54	82833	0	1	5167	1	0	5000	other	0
CN0	4	Picture	A50	110833	0	1	5167	1	0	5000	other	0
CN0	5	Picture	M59	138500	0	1	5167	1	0	5000	other	0
CN0	6	Picture	H57	163667	0	1	5167	1	0	5000	other	0
CN0	7	Picture	I52	190000	0	1	5167	1	0	5000	other	0
CN0	8	Picture	M59	217167	0	1	5167	1	0	5000	miss	0
CN0	9	Picture	H57	244167	0	1	5167	1	0	5000	hit	11
CN0	9	Response	2	252738	8571	0
CN0	10	Picture	F56	271167	0	1	5167	1	0	5000	other	0
CN0	11	Picture	A50	298667	0	1	5167	1	0	5000	other	0
CN0	12	Picture	F56	326000	0	1	5167	1	0	5000	other	0
CN0	13	Picture	M59	351834	0	1	5167	1	0	5000	other	0
CN0	14	Picture	A50	379167	0	1	5167	1	0	5000	hit	17
CN0	14	Response	2	388685	9518	0
CN0	15	Picture	I52	405334	0	1	5167	1	0	5000	other	0
CN0	16	Picture	H57	431000	0	1	5167	1	0	5000	other	0
CN0	17	Picture	L58	458000	0	1	5167	1	0	5000	other	0
CN0	18	Picture	I52	485667	0	1	5167	1	0	5000	hit	22
CN0	18	Response	2	495944	10277	0
CN0	19	Picture	H57	512167	0	1	5167	1	0	5000	hit	24
CN0	19	Response	2	521230	9063	0
CN0	20	Picture	F56	537500	0	1	5167	1	0	5000	other	0
CN0	21	Picture	E51	564834	0	1	5167	1	0	5000	other	0
CN0	22	Picture	F56	591167	0	1	5167	1	0	5000	other	0
CN0	23	Picture	F56	616500	0	1	5167	1	0	5000	hit	29
CN0	23	Response	2	622243	5743	0
CN0	24	Picture	U54	641834	0	1	5167	1	0	5000	other	0
CN0	25	Picture	O53	669334	0	1	5167	1	0	5000	other	0
CN0	26	Picture	M59	695334	0	1	5167	1	0	5000	other	0
CN0	27	Picture	I52	723334	0	1	5167	1	0	5000	other	0
CN0	28	Picture	F56	750501	0	1	5167	1	0	5000	other	0
CN0	29	Picture	M59	776334	0	1	5167	1	0	5000	hit	36
CN0	29	Response	2	785242	8908	0
CN0	30	Picture	I52	802834	0	1	5167	1	0	5000	miss	0
CN0	31	Picture	I52	829334	0	1	5167	1	0	5000	other	0
CN0	32	Picture	L58	856001	0	1	5167	1	0	5000	other	0
CN0	33	Picture	E51	882167	0	1	5167	1	0	5000	other	0
CN0	34	Picture	I52	908334	0	1	5167	1	0	5000	hit	42
CN0	34	Response	2	916315	7981	0
CN0	35	Picture	I52	934001	0	1	5167	1	0	5000	other	0
CN0	36	Picture	E51	959167	0	1	5167	1	0	5000	hit	45
CN0	36	Response	2	968056	8889	0
CN0	37	Picture	I52	987167	0	1	5167	1	0	5000	hit	47
CN0	37	Response	2	996399	9231	0
CN0	38	Picture	I52	1012334	0	1	5167	1	0	5000	hit	49
CN0	38	Response	2	1016428	4094	0
CN0	39	Picture	E51	1040167	0	1	5167	1	0	5000	hit	51
CN0	39	Response	2	1050068	9901	0
CN0	40	Picture	I52	1067834	0	1	5167	1	0	5000	hit	53
CN0	40	Response	2	1078524	10690	0
CN0	41	Picture	I52	1094168	0	1	5167	1	0	5000	hit	55
CN0	41	Response	2	1105629	11461	0
CN0	42	Picture	E51	1120501	0	1	5167	1	0	5000	hit	57
CN0	42	Response	2	1128583	8082	0
CN0	43	Picture	A50	1146001	0	1	5167	1	0	5000	other	0
CN0	44	Picture	O53	1171501	0	1	5167	1	0	5000	other	0
CN0	45	Picture	E51	1198001	0	1	5167	1	0	5000	miss	0
CN0	46	Picture	O53	1223834	0	1	5167	1	0	5000	other	0
CN0	47	Picture	E51	1250168	0	1	5167	1	0	5000	other	0
CN0	48	Picture	U54	1278168	0	1	5167	1	0	5000	other	0
CN0	49	Picture	B55	1304668	0	1	5167	1	0	5000	other	0
CN0	50	Picture	E51	1330001	0	1	5167	1	0	5000	hit	66
CN0	50	Response	2	1337408	7406	0
CN0	51	Picture	O53	1357834	0	1	5167	1	0	5000	false_alarm	68
CN0	51	Response	1	1367771	9936	0
CN0	52	Picture	M59	1384501	0	1	5167	1	0	5000	other	0
CN0	53	Picture	O53	1412168	0	1	5167	1	0	5000	other	0
CN0	54	Picture	I52	1439501	0	1	5167	1	0	5000	other	0
CN0	55	Picture	A50	1465668	0	1	5167	1	0	5000	other	0
CN0	56	Picture	M59	1491668	0	1	5167	1	0	5000	false_alarm	74
CN0	56	Response	1	1497954	6286	0
CN0	57	Picture	A50	1519501	0	1	5167	1	0	5000	false_alarm	76
CN0	57	Response	1	1537442	17941	0
CN0	58	Picture	H57	1545168	0	1	5167	1	0	5000	other	0
CN0	59	Picture	I52	1571668	0	1	5167	1	0	5000	false_alarm	79
CN0	59	Response	1	1578570	6902	0
CN0	60	Picture	A50	1598168	0	1	5167	1	0	5000	hit	81
CN0	60	Response	2	1617411	19243	0
CN0	61	Picture	H57	1626168	0	1	5167	1	0	5000	hit	83
CN0	61	Response	2	1638078	11910	0
