Scenario - 
Logfile written - 06/11/2021 14:13:39

Subject	Trial	Event Type	Code	Time	TTime	Uncertainty	Duration	Uncertainty	ReqTime	ReqDur	Stim Type	Pair Index

CN1	1	Picture	Start	167	0	1	45500	1	0	next	false_alarm	2
CN1	1	Response	1	45627	45460	0
CN1	2	Picture	O53	52667	0	1	5167	1	0	5000	other	0
CN1	3	Picture	B55	78000	0	1	5167	1	0	5000	other	0
CN1	4	Picture	O53	105167	0	1	5167	1	0	5000	other	0
CN1	5	Picture	I52	132167	0	1	5167	1	0	5000	other	0
CN1	6	Picture	U54	159167	0	1	5167	1	0	5000	other	0
CN1	7	Picture	O53	185667	0	1	5167	1	0	5000	miss	0
CN1	8	Picture	I52	211833	0	1	5167	1	0	5000	miss	0
CN1	9	Picture	E51	237167	0	1	5167	1	0	5000	other	0
CN1	10	Picture	O53	262500	0	1	5167	1	0	5000	miss	0
CN1	11	Picture	M59	289000	0	1	5167	1	0	5000	other	0
CN1	12	Picture	E51	316167	0	1	5167	1	0	5000	miss	0
CN1	13	Picture	H57	342834	0	1	5167	1	0	5000	other	0
CN1	14	Picture	U54	369500	0	1	5167	1	0	5000	other	0
CN1	15	Picture	L58	396334	0	1	5167	1	0	5000	other	0
CN1	16	Picture	H57	423667	0	1	5167	1	0	5000	miss	0
CN1	17	Picture	U54	451834	0	1	5167	1	0	5000	miss	0
CN1	18	Picture	O53	478500	0	1	5167	1	0	5000	other	0
CN1	19	Picture	O53	505667	0	1	5167	1	0	5000	other	0
CN1	20	Picture	F56	532167	0	1	5167	1	0	5000	other	0
CN1	21	Picture	L58	557834	0	1	5167	1	0	5000	other	0
CN1	22	Picture	L58	584667	0	1	5167	1	0	5000	false_alarm	24
CN1	22	Response	1	600862	16195	0
CN1	23	Picture	B55	612500	0	1	5167	1	0	5000	false_alarm	26
CN1	23	Response	1	626766	14266	0
CN1	24	Picture	O53	640334	0	1	5167	1	0	5000	other	0
CN1	25	Picture	L58	667167	0	1	5167	1	0	5000	miss	0
CN1	26	Picture	B55	692834	0	1	5167	1	0	5000	miss	0
CN1	27	Picture	O53	719167	0	1	5167	1	0	5000	miss	0
CN1	28	Picture	L58	746001	0	1	5167	1	0	5000	miss	0
CN1	29	Picture	B55	772001	0	1	5167	1	0	5000	miss	0
CN1	30	Picture	A50	799501	0	1	5167	1	0	5000	other	0
CN1	31	Picture	L58	826001	0	1	5167	1	0	5000	miss	0
CN1	32	Picture	L58	852834	0	1	5167	1	0	5000	false_alarm	36
CN1	32	Response	1	860060	7226	0
CN1	33	Picture	A50	880167	0	1	5167	1	0	5000	hit	38
CN1	33	Response	2	900003	19836	0
CN1	34	Picture	O53	907167	0	1	5167	1	0	5000	other	0
CN1	35	Picture	E51	932834	0	1	5167	1	0	5000	other	0
CN1	36	Picture	E51	958334	0	1	5167	1	0	5000	other	0
CN1	37	Picture	O53	986001	0	1	5167	1	0	5000	hit	43
CN1	37	Response	2	989608	3607	0
CN1	38	Picture	F56	1013167	0	1	5167	1	0	5000	other	0
CN1	39	Picture	U54	1038334	0	1	5167	1	0	5000	other	0
CN1	40	Picture	O53	1066001	0	1	5167	1	0	5000	hit	47
CN1	40	Response	2	1069222	3222	0
CN1	41	Picture	F56	1093334	0	1	5167	1	0	5000	miss	0
CN1	42	Picture	F56	1121001	0	1	5167	1	0	5000	false_alarm	50
CN1	42	Response	1	1129833	8832	0
CN1	43	Picture	H57	1148334	0	1	5167	1	0	5000	false_alarm	52
CN1	43	Response	1	1163825	15490	0
CN1	44	Picture	E51	1173834	0	1	5167	1	0	5000	other	0
CN1	45	Picture	A50	1200668	0	1	5167	1	0	5000	other	0
CN1	46	Picture	H57	1226001	0	1	5167	1	0	5000	miss	0
CN1	47	Picture	F56	1251501	0	1	5167	1	0	5000	other	0
CN1	48	Picture	H57	1278168	0	1	5167	1	0	5000	false_alarm	58
CN1	48	Response	1	1284181	6014	0
CN1	49	Picture	B55	1305834	0	1	5167	1	0	5000	other	0
CN1	50	Picture	E51	1332168	0	1	5167	1	0	5000	other	0
CN1	51	Picture	A50	1358334	0	1	5167	1	0	5000	other	0
CN1	52	Picture	O53	1385834	0	1	5167	1	0	5000	other	0
CN1	53	Picture	O53	1411668	0	1	5167	1	0	5000	other	0
CN1	54	Picture	B55	1438501	0	1	5167	1	0	5000	other	0
CN1	55	Picture	O53	1465001	0	1	5167	1	0	5000	hit	66
CN1	55	Response	2	1473390	8389	0
CN1	56	Picture	U54	1491501	0	1	5167	1	0	5000	other	0
CN1	57	Picture	B55	1517335	0	1	5167	1	0	5000	hit	69
CN1	57	Response	2	1528118	10784	0
CN1	58	Picture	U54	1545168	0	1	5167	1	0	5000	other	0
CN1	59	Picture	U54	1572501	0	1	5167	1	0	5000	hit	72
CN1	59	Response	2	1578851	6350	0
CN1	60	Picture	U54	1599168	0	1	5167	1	0	5000	other	0
CN1	61	Picture	H57	1626001	0	1	5167	1	0	5000	other	0
