Scenario - 
Logfile written - 08/09/2021 10:12:04

Subject	Trial	Event Type	Code	Time	TTime	Uncertainty	Duration	Uncertainty	ReqTime	ReqDur	Stim Type	Pair Index

CN2	1	Picture	Start	167	0	1	59500	1	0	next	false_alarm	2
CN2	1	Response	1	59489	59322	0
CN2	2	Picture	H57	64833	0	1	5167	1	0	5000	other	0
CN2	3	Picture	O53	92000	0	1	5167	1	0	5000	other	0
CN2	4	Picture	F56	119333	0	1	5167	1	0	5000	other	0
CN2	5	Picture	L58	145667	0	1	5167	1	0	5000	other	0
CN2	6	Picture	L58	172667	0	1	5167	1	0	5000	other	0
CN2	7	Picture	H57	197833	0	1	5167	1	0	5000	other	0
CN2	8	Picture	L58	225167	0	1	5167	1	0	5000	hit	10
CN2	8	Response	2	231953	6786	0
CN2	9	Picture	H57	250500	0	1	5167	1	0	5000	other	0
CN2	10	Picture	I52	275667	0	1	5167	1	0	5000	other	0
CN2	11	Picture	L58	303667	0	1	5167	1	0	5000	miss	0
CN2	12	Picture	L58	330167	0	1	5167	1	0	5000	other	0
CN2	13	Picture	I52	356500	0	1	5167	1	0	5000	hit	16
CN2	13	Response	2	364800	8299	0
CN2	14	Picture	L58	382834	0	1	5167	1	0	5000	miss	0
CN2	15	Picture	H57	409667	0	1	5167	1	0	5000	other	0
CN2	16	Picture	I52	437334	0	1	5167	1	0	5000	miss	0
CN2	17	Picture	E51	463667	0	1	5167	1	0	5000	other	0
CN2	18	Picture	L58	491167	0	1	5167	1	0	5000	false_alarm	22
CN2	18	Response	1	504980	13813	0
CN2	19	Picture	L58	518667	0	1	5167	1	0	5000	other	0
CN2	20	Picture	E51	544500	0	1	5167	1	0	5000	miss	0
CN2	21	Picture	B55	572167	0	1	5167	1	0	5000	other	0
CN2	22	Picture	I52	597667	0	1	5167	1	0	5000	other	0
CN2	23	Picture	I52	624667	0	1	5167	1	0	5000	other	0
CN2	24	Picture	B55	651334	0	1	5167	1	0	5000	miss	0
CN2	25	Picture	I52	679001	0	1	5167	1	0	5000	miss	0
CN2	26	Picture	I52	707001	0	1	5167	1	0	5000	miss	0
CN2	27	Picture	B55	732167	0	1	5167	1	0	5000	hit	32
CN2	27	Response	2	739262	7095	0
CN2	28	Picture	F56	758667	0	1	5167	1	0	5000	other	0
CN2	29	Picture	F56	785834	0	1	5167	1	0	5000	other	0
CN2	30	Picture	A50	812167	0	1	5167	1	0	5000	other	0
CN2	31	Picture	B55	838167	0	1	5167	1	0	5000	other	0
CN2	32	Picture	H57	864334	0	1	5167	1	0	5000	other	0
CN2	33	Picture	B55	891001	0	1	5167	1	0	5000	other	0
CN2	34	Picture	B55	916834	0	1	5167	1	0	5000	hit	40
CN2	34	Response	2	929424	12590	0
CN2	35	Picture	I52	942501	0	1	5167	1	0	5000	other	0
CN2	36	Picture	A50	969501	0	1	5167	1	0	5000	other	0
CN2	37	Picture	H57	997167	0	1	5167	1	0	5000	other	0
CN2	38	Picture	H57	1022667	0	1	5167	1	0	5000	other	0
CN2	39	Picture	A50	1048001	0	1	5167	1	0	5000	miss	0
CN2	40	Picture	H57	1074334	0	1	5167	1	0	5000	hit	47
CN2	40	Response	2	1083667	9333	0
CN2	41	Picture	A50	1100167	0	1	5167	1	0	5000	other	0
CN2	42	Picture	A50	1128168	0	1	5167	1	0	5000	miss	0
CN2	43	Picture	U54	1156001	0	1	5167	1	0	5000	other	0
CN2	44	Picture	A50	1182501	0	1	5167	1	0	5000	hit	52
CN2	44	Response	2	1185925	3424	0
CN2	45	Picture	A50	1210501	0	1	5167	1	0	5000	hit	54
CN2	45	Response	2	1223681	13180	0
CN2	46	Picture	E51	1236668	0	1	5167	1	0	5000	other	0
CN2	47	Picture	F56	1262834	0	1	5167	1	0	5000	other	0
CN2	48	Picture	O53	1290501	0	1	5167	1	0	5000	other	0
CN2	49	Picture	E51	1317501	0	1	5167	1	0	5000	miss	0
CN2	50	Picture	H57	1345334	0	1	5167	1	0	5000	other	0
CN2	51	Picture	O53	1371334	0	1	5167	1	0	5000	miss	0
CN2	52	Picture	B55	1399168	0	1	5167	1	0	5000	other	0
CN2	53	Picture	A50	1424668	0	1	5167	1	0	5000	false_alarm	63
CN2	53	Response	1	1431144	6476	0
CN2	54	Picture	B55	1452168	0	1	5167	1	0	5000	other	0
CN2	55	Picture	B55	1477335	0	1	5167	1	0	5000	miss	0
CN2	56	Picture	O53	1504335	0	1	5167	1	0	5000	other	0
CN2	57	Picture	B55	1531835	0	1	5167	1	0	5000	hit	68
CN2	57	Response	2	1537334	5500	0
CN2	58	Picture	M59	1559168	0	1	5167	1	0	5000	other	0
CN2	59	Picture	H57	1584501	0	1	5167	1	0	5000	other	0
CN2	60	Picture	U54	1612335	0	1	5167	1	0	5000	other	0
CN2	61	Picture	L58	1640168	0	1	5167	1	0	5000	other	0
