Scenario - 
Logfile written - 10/19/2021 09:44:58

Subject	Trial	Event Type	Code	Time	TTime	Uncertainty	Duration	Uncertainty	ReqTime	ReqDur	Stim Type	Pair Index

CN3	1	Picture	Start	167	0	1	33833	1	0	next	false_alarm	2
CN3	1	Response	1	33935	33769	0
CN3	2	Picture	L58	41500	0	1	5167	1	0	5000	other	0
CN3	3	Picture	B55	67000	0	1	5167	1	0	5000	other	0
CN3	4	Picture	I52	92500	0	1	5167	1	0	5000	other	0
CN3	5	Picture	F56	118167	0	1	5167	1	0	5000	other	0
CN3	6	Picture	I52	144000	0	1	5167	1	0	5000	false_alarm	8
CN3	6	Response	1	148753	4753	0
CN3	7	Picture	U54	169500	0	1	5167	1	0	5000	other	0
CN3	8	Picture	L58	194833	0	1	5167	1	0	5000	false_alarm	11
CN3	8	Response	1	202961	8128	0
CN3	9	Picture	A50	220167	0	1	5167	1	0	5000	other	0
CN3	10	Picture	U54	245667	0	1	5167	1	0	5000	hit	14
CN3	10	Response	2	253939	8273	0
CN3	11	Picture	L58	271667	0	1	5167	1	0	5000	hit	16
CN3	11	Response	2	275736	4069	0
CN3	12	Picture	H57	297667	0	1	5167	1	0	5000	other	0
CN3	13	Picture	U54	323334	0	1	5167	1	0	5000	hit	19
CN3	13	Response	2	336668	13334	0
CN3	14	Picture	L58	350834	0	1	5167	1	0	5000	hit	21
CN3	14	Response	2	356604	5771	0
CN3	15	Picture	I52	376334	0	1	5167	1	0	5000	other	0
CN3	16	Picture	U54	403000	0	1	5167	1	0	5000	hit	24
CN3	16	Response	2	408864	5864	0
CN3	17	Picture	A50	430500	0	1	5167	1	0	5000	other	0
CN3	18	Picture	I52	458334	0	1	5167	1	0	5000	hit	27
CN3	18	Response	2	465173	6840	0
CN3	19	Picture	A50	484000	0	1	5167	1	0	5000	other	0
CN3	20	Picture	E51	510667	0	1	5167	1	0	5000	other	0
CN3	21	Picture	F56	536000	0	1	5167	1	0	5000	false_alarm	31
CN3	21	Response	1	540229	4228	0
CN3	22	Picture	A50	561834	0	1	5167	1	0	5000	hit	33
CN3	22	Response	2	569512	7679	0
CN3	23	Picture	F56	589167	0	1	5167	1	0	5000	other	0
CN3	24	Picture	F56	614500	0	1	5167	1	0	5000	miss	0
CN3	25	Picture	A50	639834	0	1	5167	1	0	5000	hit	37
CN3	25	Response	2	644010	4177	0
CN3	26	Picture	L58	665667	0	1	5167	1	0	5000	other	0
CN3	27	Picture	O53	693500	0	1	5167	1	0	5000	other	0
CN3	28	Picture	F56	720001	0	1	5167	1	0	5000	other	0
CN3	29	Picture	L58	747001	0	1	5167	1	0	5000	hit	42
CN3	29	Response	2	751858	4858	0
CN3	30	Picture	E51	773501	0	1	5167	1	0	5000	other	0
CN3	31	Picture	F56	800667	0	1	5167	1	0	5000	hit	45
CN3	31	Response	2	807481	6814	0
CN3	32	Picture	L58	828167	0	1	5167	1	0	5000	miss	0
CN3	33	Picture	O53	854501	0	1	5167	1	0	5000	false_alarm	48
CN3	33	Response	1	857582	3081	0
CN3	34	Picture	M59	881834	0	1	5167	1	0	5000	other	0
CN3	35	Picture	L58	908667	0	1	5167	1	0	5000	miss	0
CN3	36	Picture	B55	936334	0	1	5167	1	0	5000	other	0
CN3	37	Picture	M59	962667	0	1	5167	1	0	5000	miss	0
CN3	38	Picture	I52	988501	0	1	5167	1	0	5000	other	0
CN3	39	Picture	B55	1015167	0	1	5167	1	0	5000	hit	55
CN3	39	Response	2	1022329	7161	0
CN3	40	Picture	A50	1042167	0	1	5167	1	0	5000	other	0
CN3	41	Picture	B55	1069501	0	1	5167	1	0	5000	false_alarm	58
CN3	41	Response	1	1080061	10560	0
CN3	42	Picture	I52	1095334	0	1	5167	1	0	5000	other	0
CN3	43	Picture	A50	1121834	0	1	5167	1	0	5000	miss	0
CN3	44	Picture	U54	1149001	0	1	5167	1	0	5000	other	0
CN3	45	Picture	H57	1176668	0	1	5167	1	0	5000	other	0
CN3	46	Picture	L58	1202001	0	1	5167	1	0	5000	other	0
CN3	47	Picture	F56	1227501	0	1	5167	1	0	5000	other	0
CN3	48	Picture	F56	1253834	0	1	5167	1	0	5000	false_alarm	66
CN3	48	Response	1	1260132	6298	0
CN3	49	Picture	L58	1280501	0	1	5167	1	0	5000	miss	0
CN3	50	Picture	E51	1306501	0	1	5167	1	0	5000	other	0
CN3	51	Picture	E51	1332168	0	1	5167	1	0	5000	other	0
CN3	52	Picture	H57	1360168	0	1	5167	1	0	5000	false_alarm	71
CN3	52	Response	1	1371941	11773	0
CN3	53	Picture	M59	1385668	0	1	5167	1	0	5000	other	0
CN3	54	Picture	L58	1411168	0	1	5167	1	0	5000	other	0
CN3	55	Picture	H57	1438168	0	1	5167	1	0	5000	miss	0
CN3	56	Picture	E51	1465168	0	1	5167	1	0	5000	other	0
CN3	57	Picture	O53	1492668	0	1	5167	1	0	5000	other	0
CN3	58	Picture	E51	1520335	0	1	5167	1	0	5000	false_alarm	78
CN3	58	Response	1	1525284	4949	0
CN3	59	Picture	E51	1547668	0	1	5167	1	0	5000	miss	0
CN3	60	Picture	M59	1574335	0	1	5167	1	0	5000	false_alarm	81
CN3	60	Response	1	1587161	12827	0
CN3	61	Picture	L58	1601001	0	1	5167	1	0	5000	other	0
