Scenario - 
Logfile written - 10/21/2021 14:31:07

Subject	Trial	Event Type	Code	Time	TTime	Uncertainty	Duration	Uncertainty	ReqTime	ReqDur	Stim Type	Pair Index

CN4	1	Picture	Start	167	0	1	76333	1	0	next	false_alarm	2
CN4	1	Response	1	76410	76243	0
CN4	2	Picture	M59	83000	0	1	5167	1	0	5000	other	0
CN4	3	Picture	M59	109167	0	1	5167	1	0	5000	other	0
CN4	4	Picture	I52	135667	0	1	5167	1	0	5000	other	0
CN4	5	Picture	M59	163167	0	1	5167	1	0	5000	hit	7
CN4	5	Response	2	169095	5928	0
CN4	6	Picture	L58	188667	0	1	5167	1	0	5000	other	0
CN4	7	Picture	O53	216000	0	1	5167	1	0	5000	other	0
CN4	8	Picture	A50	242333	0	1	5167	1	0	5000	other	0
CN4	9	Picture	L58	268333	0	1	5167	1	0	5000	hit	12
CN4	9	Response	2	278852	10519	0
CN4	10	Picture	O53	295834	0	1	5167	1	0	5000	hit	14
CN4	10	Response	2	307198	11365	0
CN4	11	Picture	M59	323000	0	1	5167	1	0	5000	other	0
CN4	12	Picture	L58	349500	0	1	5167	1	0	5000	miss	0
CN4	13	Picture	M59	376334	0	1	5167	1	0	5000	other	0
CN4	14	Picture	H57	403000	0	1	5167	1	0	5000	other	0
CN4	15	Picture	L58	428500	0	1	5167	1	0	5000	hit	20
CN4	15	Response	2	435658	7158	0
CN4	16	Picture	I52	453834	0	1	5167	1	0	5000	other	0
CN4	17	Picture	H57	480500	0	1	5167	1	0	5000	miss	0
CN4	18	Picture	E51	507167	0	1	5167	1	0	5000	other	0
CN4	19	Picture	L58	533000	0	1	5167	1	0	5000	other	0
CN4	20	Picture	F56	560167	0	1	5167	1	0	5000	other	0
CN4	21	Picture	E51	587000	0	1	5167	1	0	5000	miss	0
CN4	22	Picture	L58	613167	0	1	5167	1	0	5000	miss	0
CN4	23	Picture	F56	641167	0	1	5167	1	0	5000	miss	0
CN4	24	Picture	E51	668334	0	1	5167	1	0	5000	miss	0
CN4	25	Picture	I52	696001	0	1	5167	1	0	5000	other	0
CN4	26	Picture	B55	722667	0	1	5167	1	0	5000	other	0
CN4	27	Picture	A50	748001	0	1	5167	1	0	5000	other	0
CN4	28	Picture	H57	775001	0	1	5167	1	0	5000	other	0
CN4	29	Picture	M59	800834	0	1	5167	1	0	5000	other	0
CN4	30	Picture	M59	828001	0	1	5167	1	0	5000	other	0
CN4	31	Picture	F56	854834	0	1	5167	1	0	5000	other	0
CN4	32	Picture	U54	880501	0	1	5167	1	0	5000	other	0
CN4	33	Picture	M59	908001	0	1	5167	1	0	5000	hit	39
CN4	33	Response	2	914617	6616	0
CN4	34	Picture	M59	935001	0	1	5167	1	0	5000	other	0
CN4	35	Picture	L58	961001	0	1	5167	1	0	5000	other	0
CN4	36	Picture	B55	987001	0	1	5167	1	0	5000	other	0
CN4	37	Picture	I52	1012501	0	1	5167	1	0	5000	other	0
CN4	38	Picture	U54	1037834	0	1	5167	1	0	5000	other	0
CN4	39	Picture	H57	1063834	0	1	5167	1	0	5000	other	0
CN4	40	Picture	U54	1091168	0	1	5167	1	0	5000	other	0
CN4	41	Picture	O53	1118334	0	1	5167	1	0	5000	other	0
CN4	42	Picture	L58	1144834	0	1	5167	1	0	5000	other	0
CN4	43	Picture	M59	1172168	0	1	5167	1	0	5000	other	0
CN4	44	Picture	O53	1199334	0	1	5167	1	0	5000	hit	51
CN4	44	Response	2	1211522	12188	0
CN4	45	Picture	H57	1225501	0	1	5167	1	0	5000	other	0
CN4	46	Picture	B55	1250668	0	1	5167	1	0	5000	other	0
CN4	47	Picture	O53	1277334	0	1	5167	1	0	5000	miss	0
CN4	48	Picture	H57	1304334	0	1	5167	1	0	5000	miss	0
CN4	49	Picture	A50	1331168	0	1	5167	1	0	5000	other	0
CN4	50	Picture	F56	1358668	0	1	5167	1	0	5000	other	0
CN4	51	Picture	L58	1385834	0	1	5167	1	0	5000	other	0
CN4	52	Picture	L58	1413168	0	1	5167	1	0	5000	other	0
CN4	53	Picture	O53	1439668	0	1	5167	1	0	5000	false_alarm	61
CN4	53	Response	1	1449898	10231	0
CN4	54	Picture	U54	1465501	0	1	5167	1	0	5000	other	0
CN4	55	Picture	L58	1493501	0	1	5167	1	0	5000	miss	0
CN4	56	Picture	O53	1520335	0	1	5167	1	0	5000	hit	65
CN4	56	Response	2	1531875	11540	0
CN4	57	Picture	U54	1546835	0	1	5167	1	0	5000	miss	0
CN4	58	Picture	L58	1574168	0	1	5167	1	0	5000	hit	68
CN4	58	Response	2	1585458	11290	0
CN4	59	Picture	E51	1601168	0	1	5167	1	0	5000	other	0
CN4	60	Picture	E51	1628168	0	1	5167	1	0	5000	other	0
CN4	61	Picture	L58	1653335	0	1	5167	1	0	5000	hit	72
CN4	61	Response	2	1668323	14988	0
