Scenario - 
Logfile written - 10/28/2021 09:45:08

Subject	Trial	Event Type	Code	Time	TTime	Uncertainty	Duration	Uncertainty	ReqTime	ReqDur	Stim Type	Pair Index

CN5	1	Picture	Start	167	0	1	70833	1	0	next	false_alarm	2
CN5	1	Response	1	70869	70702	0
CN5	2	Picture	I52	78500	0	1	5167	1	0	5000	other	0
CN5	3	Picture	E51	105333	0	1	5167	1	0	5000	other	0
CN5	4	Picture	I52	131333	0	1	5167	1	0	5000	other	0
CN5	5	Picture	E51	157500	0	1	5167	1	0	5000	other	0
CN5	6	Picture	L58	183500	0	1	5167	1	0	5000	other	0
CN5	7	Picture	I52	209333	0	1	5167	1	0	5000	hit	9
CN5	7	Response	2	221083	11749	0
CN5	8	Picture	O53	237000	0	1	5167	1	0	5000	other	0
CN5	9	Picture	H57	263333	0	1	5167	1	0	5000	other	0
CN5	10	Picture	U54	290833	0	1	5167	1	0	5000	other	0
CN5	11	Picture	L58	318500	0	1	5167	1	0	5000	other	0
CN5	12	Picture	H57	344500	0	1	5167	1	0	5000	hit	15
CN5	12	Response	2	359917	15417	0
CN5	13	Picture	I52	371334	0	1	5167	1	0	5000	other	0
CN5	14	Picture	M59	398000	0	1	5167	1	0	5000	other	0
CN5	15	Picture	H57	423334	0	1	5167	1	0	5000	hit	19
CN5	15	Response	2	437653	14320	0
CN5	16	Picture	F56	450500	0	1	5167	1	0	5000	other	0
CN5	17	Picture	I52	475667	0	1	5167	1	0	5000	other	0
CN5	18	Picture	I52	503167	0	1	5167	1	0	5000	other	0
CN5	19	Picture	F56	530834	0	1	5167	1	0	5000	hit	24
CN5	19	Response	2	535354	4521	0
CN5	20	Picture	I52	557667	0	1	5167	1	0	5000	hit	26
CN5	20	Response	2	566245	8578	0
CN5	21	Picture	L58	583834	0	1	5167	1	0	5000	other	0
CN5	22	Picture	I52	611834	0	1	5167	1	0	5000	other	0
CN5	23	Picture	F56	637334	0	1	5167	1	0	5000	other	0
CN5	24	Picture	L58	662667	0	1	5167	1	0	5000	hit	31
CN5	24	Response	2	671899	9232	0
CN5	25	Picture	I52	689334	0	1	5167	1	0	5000	miss	0
CN5	26	Picture	L58	716834	0	1	5167	1	0	5000	other	0
CN5	27	Picture	F56	744834	0	1	5167	1	0	5000	other	0
CN5	28	Picture	I52	771834	0	1	5167	1	0	5000	hit	36
CN5	28	Response	2	781836	10003	0
CN5	29	Picture	F56	798834	0	1	5167	1	0	5000	other	0
CN5	30	Picture	F56	824667	0	1	5167	1	0	5000	hit	39
CN5	30	Response	2	838835	14168	0
CN5	31	Picture	L58	852667	0	1	5167	1	0	5000	other	0
CN5	32	Picture	F56	879667	0	1	5167	1	0	5000	hit	42
CN5	32	Response	2	893775	14108	0
CN5	33	Picture	F56	906167	0	1	5167	1	0	5000	hit	44
CN5	33	Response	2	919207	13040	0
CN5	34	Picture	B55	931667	0	1	5167	1	0	5000	other	0
CN5	35	Picture	L58	958501	0	1	5167	1	0	5000	other	0
CN5	36	Picture	M59	984834	0	1	5167	1	0	5000	other	0
CN5	37	Picture	B55	1011501	0	1	5167	1	0	5000	hit	49
CN5	37	Response	2	1019475	7975	0
CN5	38	Picture	A50	1038834	0	1	5167	1	0	5000	other	0
CN5	39	Picture	H57	1065001	0	1	5167	1	0	5000	other	0
CN5	40	Picture	M59	1092501	0	1	5167	1	0	5000	false_alarm	53
CN5	40	Response	1	1099313	6813	0
CN5	41	Picture	O53	1119834	0	1	5167	1	0	5000	other	0
CN5	42	Picture	L58	1147001	0	1	5167	1	0	5000	other	0
CN5	43	Picture	O53	1174334	0	1	5167	1	0	5000	other	0
CN5	44	Picture	B55	1201668	0	1	5167	1	0	5000	other	0
CN5	45	Picture	L58	1227168	0	1	5167	1	0	5000	hit	59
CN5	45	Response	2	1236938	9770	0
CN5	46	Picture	O53	1254334	0	1	5167	1	0	5000	hit	61
CN5	46	Response	2	1265085	10751	0
CN5	47	Picture	B55	1282334	0	1	5167	1	0	5000	hit	63
CN5	47	Response	2	1291758	9423	0
CN5	48	Picture	F56	1308001	0	1	5167	1	0	5000	other	0
CN5	49	Picture	O53	1333334	0	1	5167	1	0	5000	miss	0
CN5	50	Picture	U54	1359334	0	1	5167	1	0	5000	other	0
CN5	51	Picture	H57	1386668	0	1	5167	1	0	5000	other	0
CN5	52	Picture	O53	1413001	0	1	5167	1	0	5000	hit	69
CN5	52	Response	2	1424935	11934	0
CN5	53	Picture	U54	1439334	0	1	5167	1	0	5000	hit	71
CN5	53	Response	2	1452342	13008	0
CN5	54	Picture	H57	1467001	0	1	5167	1	0	5000	hit	73
CN5	54	Response	2	1480115	13114	0
CN5	55	Picture	E51	1492834	0	1	5167	1	0	5000	other	0
CN5	56	Picture	F56	1520668	0	1	5167	1	0	5000	other	0
CN5	57	Picture	L58	1548501	0	1	5167	1	0	5000	other	0
CN5	58	Picture	M59	1575001	0	1	5167	1	0	5000	other	0
CN5	59	Picture	B55	1602168	0	1	5167	1	0	5000	other	0
CN5	60	Picture	L58	1628501	0	1	5167	1	0	5000	hit	80
CN5	60	Response	2	1639078	10577	0
CN5	61	Picture	E51	1655835	0	1	5167	1	0	5000	other	0
