Scenario - 
Logfile written - 11/15/2021 09:52:38

Subject	Trial	Event Type	Code	Time	TTime	Uncertainty	Duration	Uncertainty	ReqTime	ReqDur	Stim Type	Pair Index

CN6	1	Picture	Start	167	0	1	44667	1	0	next	false_alarm	2
CN6	1	Response	1	44809	44642	0
CN6	2	Picture	L58	50833	0	1	5167	1	0	5000	other	0
CN6	3	Picture	L58	77833	0	1	5167	1	0	5000	other	0
CN6	4	Picture	U54	103167	0	1	5167	1	0	5000	other	0
CN6	5	Picture	H57	129167	0	1	5167	1	0	5000	other	0
CN6	6	Picture	I52	155833	0	1	5167	1	0	5000	other	0
CN6	7	Picture	U54	181333	0	1	5167	1	0	5000	miss	0
CN6	8	Picture	L58	206500	0	1	5167	1	0	5000	other	0
CN6	9	Picture	F56	233667	0	1	5167	1	0	5000	other	0
CN6	10	Picture	M59	259333	0	1	5167	1	0	5000	other	0
CN6	11	Picture	E51	286667	0	1	5167	1	0	5000	other	0
CN6	12	Picture	F56	313834	0	1	5167	1	0	5000	hit	14
CN6	12	Response	2	324434	10601	0
CN6	13	Picture	M59	339667	0	1	5167	1	0	5000	hit	16
CN6	13	Response	2	345434	5767	0
CN6	14	Picture	E51	366334	0	1	5167	1	0	5000	miss	0
CN6	15	Picture	F56	394167	0	1	5167	1	0	5000	miss	0
CN6	16	Picture	M59	419834	0	1	5167	1	0	5000	miss	0
CN6	17	Picture	I52	445834	0	1	5167	1	0	5000	other	0
CN6	18	Picture	U54	473334	0	1	5167	1	0	5000	other	0
CN6	19	Picture	A50	499167	0	1	5167	1	0	5000	other	0
CN6	20	Picture	I52	526500	0	1	5167	1	0	5000	miss	0
CN6	21	Picture	E51	552667	0	1	5167	1	0	5000	other	0
CN6	22	Picture	L58	578834	0	1	5167	1	0	5000	false_alarm	26
CN6	22	Response	1	583312	4478	0
CN6	23	Picture	H57	604667	0	1	5167	1	0	5000	other	0
CN6	24	Picture	A50	631000	0	1	5167	1	0	5000	other	0
CN6	25	Picture	I52	657667	0	1	5167	1	0	5000	other	0
CN6	26	Picture	O53	683834	0	1	5167	1	0	5000	other	0
CN6	27	Picture	F56	711667	0	1	5167	1	0	5000	other	0
CN6	28	Picture	A50	739001	0	1	5167	1	0	5000	false_alarm	33
CN6	28	Response	1	745360	6360	0
CN6	29	Picture	O53	766334	0	1	5167	1	0	5000	miss	0
CN6	30	Picture	A50	794001	0	1	5167	1	0	5000	other	0
CN6	31	Picture	L58	821501	0	1	5167	1	0	5000	other	0
CN6	32	Picture	I52	847167	0	1	5167	1	0	5000	other	0
CN6	33	Picture	A50	875001	0	1	5167	1	0	5000	miss	0
CN6	34	Picture	E51	901001	0	1	5167	1	0	5000	other	0
CN6	35	Picture	A50	927334	0	1	5167	1	0	5000	false_alarm	41
CN6	35	Response	1	932462	5128	0
CN6	36	Picture	L58	953501	0	1	5167	1	0	5000	other	0
CN6	37	Picture	A50	980667	0	1	5167	1	0	5000	other	0
CN6	38	Picture	F56	1006167	0	1	5167	1	0	5000	false_alarm	45
CN6	38	Response	1	1012485	6318	0
CN6	39	Picture	U54	1033501	0	1	5167	1	0	5000	other	0
CN6	40	Picture	H57	1059834	0	1	5167	1	0	5000	other	0
CN6	41	Picture	F56	1087334	0	1	5167	1	0	5000	miss	0
CN6	42	Picture	U54	1114668	0	1	5167	1	0	5000	hit	50
CN6	42	Response	2	1118136	3469	0
CN6	43	Picture	E51	1142668	0	1	5167	1	0	5000	other	0
CN6	44	Picture	F56	1168668	0	1	5167	1	0	5000	hit	53
CN6	44	Response	2	1174921	6253	0
CN6	45	Picture	E51	1196168	0	1	5167	1	0	5000	other	0
CN6	46	Picture	E51	1223834	0	1	5167	1	0	5000	miss	0
CN6	47	Picture	E51	1250334	0	1	5167	1	0	5000	other	0
CN6	48	Picture	M59	1276001	0	1	5167	1	0	5000	other	0
CN6	49	Picture	F56	1303001	0	1	5167	1	0	5000	other	0
CN6	50	Picture	E51	1330168	0	1	5167	1	0	5000	hit	60
CN6	50	Response	2	1336715	6547	0
CN6	51	Picture	B55	1355668	0	1	5167	1	0	5000	other	0
CN6	52	Picture	F56	1381001	0	1	5167	1	0	5000	hit	63
CN6	52	Response	2	1386999	5998	0
CN6	53	Picture	E51	1407334	0	1	5167	1	0	5000	miss	0
CN6	54	Picture	M59	1433334	0	1	5167	1	0	5000	other	0
CN6	55	Picture	L58	1459835	0	1	5167	1	0	5000	other	0
CN6	56	Picture	E51	1487501	0	1	5167	1	0	5000	miss	0
CN6	57	Picture	H57	1514335	0	1	5167	1	0	5000	other	0
CN6	58	Picture	L58	1541501	0	1	5167	1	0	5000	miss	0
CN6	59	Picture	E51	1568668	0	1	5167	1	0	5000	miss	0
CN6	60	Picture	H57	1595501	0	1	5167	1	0	5000	hit	72
CN6	60	Response	2	1599535	4033	0
CN6	61	Picture	M59	1621501	0	1	5167	1	0	5000	other	0
