Scenario - 
Logfile written - 01/15/2020 14:28:15

Subject	Trial	Event Type	Code	Time	TTime	Uncertainty	Duration	Uncertainty	ReqTime	ReqDur	Stim Type	Pair Index

CQO	1	Picture	Start	167	0	1	55167	1	0	next	false_alarm	2
CQO	1	Response	1	55254	55088	0
CQO	2	Picture	E51	63000	0	1	5167	1	0	5000	other	0
CQO	3	Picture	E51	88833	0	1	5167	1	0	5000	other	0
CQO	4	Picture	O53	114667	0	1	5167	1	0	5000	other	0
CQO	5	Picture	E51	141667	0	1	5167	1	0	5000	hit	7
CQO	5	Response	2	158597	16931	0
CQO	6	Picture	E51	169667	0	1	5167	1	0	5000	miss	0
CQO	7	Picture	F56	197167	0	1	5167	1	0	5000	other	0
CQO	8	Picture	A50	223000	0	1	5167	1	0	5000	other	0
CQO	9	Picture	M59	249667	0	1	5167	1	0	5000	other	0
CQO	10	Picture	F56	274833	0	1	5167	1	0	5000	miss	0
CQO	11	Picture	M59	302667	0	1	5167	1	0	5000	other	0
CQO	12	Picture	M59	329000	0	1	5167	1	0	5000	miss	0
CQO	13	Picture	F56	356000	0	1	5167	1	0	5000	hit	16
CQO	13	Response	2	360998	4998	0
CQO	14	Picture	I52	381500	0	1	5167	1	0	5000	other	0
CQO	15	Picture	L58	408833	0	1	5167	1	0	5000	other	0
CQO	16	Picture	L58	434667	0	1	5167	1	0	5000	other	0
CQO	17	Picture	I52	460000	0	1	5167	1	0	5000	hit	21
CQO	17	Response	2	468070	8070	0
CQO	18	Picture	B55	486667	0	1	5167	1	0	5000	other	0
CQO	19	Picture	F56	514000	0	1	5167	1	0	5000	other	0
CQO	20	Picture	U54	540500	0	1	5167	1	0	5000	other	0
CQO	21	Picture	H57	566667	0	1	5167	1	0	5000	other	0
CQO	22	Picture	B55	593500	0	1	5167	1	0	5000	false_alarm	27
CQO	22	Response	1	608409	14909	0
CQO	23	Picture	M59	620167	0	1	5167	1	0	5000	other	0
CQO	24	Picture	B55	645667	0	1	5167	1	0	5000	other	0
CQO	25	Picture	I52	671334	0	1	5167	1	0	5000	other	0
CQO	26	Picture	M59	698167	0	1	5167	1	0	5000	hit	32
CQO	26	Response	2	710435	12268	0
CQO	27	Picture	F56	725167	0	1	5167	1	0	5000	other	0
CQO	28	Picture	F56	752167	0	1	5167	1	0	5000	other	0
CQO	29	Picture	M59	777667	0	1	5167	1	0	5000	miss	0
CQO	30	Picture	I52	805167	0	1	5167	1	0	5000	false_alarm	37
CQO	30	Response	1	814771	9604	0
CQO	31	Picture	F56	833334	0	1	5167	1	0	5000	miss	0
CQO	32	Picture	M59	860334	0	1	5167	1	0	5000	miss	0
CQO	33	Picture	I52	885500	0	1	5167	1	0	5000	miss	0
CQO	34	Picture	F56	913167	0	1	5167	1	0	5000	miss	0
CQO	35	Picture	M59	940334	0	1	5167	1	0	5000	hit	43
CQO	35	Response	2	955556	15223	0
CQO	36	Picture	M59	968000	0	1	5167	1	0	5000	other	0
CQO	37	Picture	A50	994167	0	1	5167	1	0	5000	other	0
CQO	38	Picture	M59	1020667	0	1	5167	1	0	5000	miss	0
CQO	39	Picture	B55	1045834	0	1	5167	1	0	5000	other	0
CQO	40	Picture	U54	1071334	0	1	5167	1	0	5000	other	0
CQO	41	Picture	M59	1097000	0	1	5167	1	0	5000	hit	50
CQO	41	Response	2	1114709	17708	0
CQO	42	Picture	O53	1123334	0	1	5167	1	0	5000	other	0
CQO	43	Picture	U54	1150500	0	1	5167	1	0	5000	hit	53
CQO	43	Response	2	1165767	15267	0
CQO	44	Picture	L58	1175667	0	1	5167	1	0	5000	other	0
CQO	45	Picture	F56	1203167	0	1	5167	1	0	5000	other	0
CQO	46	Picture	U54	1230000	0	1	5167	1	0	5000	hit	57
CQO	46	Response	2	1239667	9666	0
CQO	47	Picture	L58	1255667	0	1	5167	1	0	5000	hit	59
CQO	47	Response	2	1270314	14647	0
CQO	48	Picture	U54	1281334	0	1	5167	1	0	5000	other	0
CQO	49	Picture	O53	1307667	0	1	5167	1	0	5000	other	0
CQO	50	Picture	U54	1333834	0	1	5167	1	0	5000	false_alarm	63
CQO	50	Response	1	1347085	13252	0
CQO	51	Picture	O53	1360000	0	1	5167	1	0	5000	other	0
CQO	52	Picture	O53	1386167	0	1	5167	1	0	5000	miss	0
CQO	53	Picture	U54	1412334	0	1	5167	1	0	5000	miss	0
CQO	54	Picture	L58	1439667	0	1	5167	1	0	5000	other	0
CQO	55	Picture	U54	1464834	0	1	5167	1	0	5000	other	0
CQO	56	Picture	O53	1491834	0	1	5167	1	0	5000	other	0
CQO	57	Picture	F56	1517667	0	1	5167	1	0	5000	other	0
CQO	58	Picture	F56	1543334	0	1	5167	1	0	5000	other	0
CQO	59	Picture	L58	1569667	0	1	5167	1	0	5000	false_alarm	73
CQO	59	Response	1	1579968	10301	0
CQO	60	Picture	H57	1597001	0	1	5167	1	0	5000	other	0
CQO	61	Picture	O53	1624334	0	1	5167	1	0	5000	other	0
