Scenario - 
Logfile written - 09/04/2019 13:46:43

Subject	Trial	Event Type	Code	Time	TTime	Uncertainty	Duration	Uncertainty	ReqTime	ReqDur	Stim Type	Pair Index

CUO	1	Picture	Start	167	0	1	28333	1	0	next	false_alarm	2
CUO	1	Response	1	28396	28229	0
CUO	2	Picture	O53	34333	0	1	5167	1	0	5000	other	0
CUO	3	Picture	I52	59667	0	1	5167	1	0	5000	other	0
CUO	4	Picture	I52	85500	0	1	5167	1	0	5000	other	0
CUO	5	Picture	H57	110833	0	1	5167	1	0	5000	other	0
CUO	6	Picture	M59	136333	0	1	5167	1	0	5000	other	0
CUO	7	Picture	F56	162667	0	1	5167	1	0	5000	other	0
CUO	8	Picture	E51	188500	0	1	5167	1	0	5000	other	0
CUO	9	Picture	M59	214333	0	1	5167	1	0	5000	miss	0
CUO	10	Picture	L58	241333	0	1	5167	1	0	5000	other	0
CUO	11	Picture	M59	267833	0	1	5167	1	0	5000	other	0
CUO	12	Picture	H57	294000	0	1	5167	1	0	5000	other	0
CUO	13	Picture	L58	320500	0	1	5167	1	0	5000	miss	0
CUO	14	Picture	M59	346167	0	1	5167	1	0	5000	miss	0
CUO	15	Picture	I52	372000	0	1	5167	1	0	5000	other	0
CUO	16	Picture	L58	398167	0	1	5167	1	0	5000	hit	18
CUO	16	Response	2	410551	12385	0
CUO	17	Picture	E51	423667	0	1	5167	1	0	5000	other	0
CUO	18	Picture	I52	448833	0	1	5167	1	0	5000	miss	0
CUO	19	Picture	L58	476667	0	1	5167	1	0	5000	hit	22
CUO	19	Response	2	484382	7716	0
CUO	20	Picture	F56	503833	0	1	5167	1	0	5000	other	0
CUO	21	Picture	B55	529500	0	1	5167	1	0	5000	other	0
CUO	22	Picture	L58	556833	0	1	5167	1	0	5000	hit	26
CUO	22	Response	2	569768	12934	0
CUO	23	Picture	B55	582000	0	1	5167	1	0	5000	other	0
CUO	24	Picture	A50	608833	0	1	5167	1	0	5000	other	0
CUO	25	Picture	L58	636333	0	1	5167	1	0	5000	hit	30
CUO	25	Response	2	643715	7382	0
CUO	26	Picture	B55	662667	0	1	5167	1	0	5000	miss	0
CUO	27	Picture	M59	689834	0	1	5167	1	0	5000	false_alarm	33
CUO	27	Response	1	691240	1407	0
CUO	28	Picture	I52	715167	0	1	5167	1	0	5000	other	0
CUO	29	Picture	H57	742000	0	1	5167	1	0	5000	other	0
CUO	30	Picture	A50	769334	0	1	5167	1	0	5000	other	0
CUO	31	Picture	I52	795500	0	1	5167	1	0	5000	hit	38
CUO	31	Response	2	810425	14925	0
CUO	32	Picture	H57	822334	0	1	5167	1	0	5000	hit	40
CUO	32	Response	2	835354	13020	0
CUO	33	Picture	A50	849500	0	1	5167	1	0	5000	hit	42
CUO	33	Response	2	856286	6785	0
CUO	34	Picture	I52	876834	0	1	5167	1	0	5000	hit	44
CUO	34	Response	2	885558	8724	0
CUO	35	Picture	M59	904834	0	1	5167	1	0	5000	other	0
CUO	36	Picture	I52	933000	0	1	5167	1	0	5000	other	0
CUO	37	Picture	I52	960667	0	1	5167	1	0	5000	hit	48
CUO	37	Response	2	970280	9613	0
CUO	38	Picture	O53	988167	0	1	5167	1	0	5000	other	0
CUO	39	Picture	F56	1016000	0	1	5167	1	0	5000	other	0
CUO	40	Picture	O53	1043500	0	1	5167	1	0	5000	other	0
CUO	41	Picture	O53	1071000	0	1	5167	1	0	5000	hit	53
CUO	41	Response	2	1083656	12656	0
CUO	42	Picture	I52	1097500	0	1	5167	1	0	5000	other	0
CUO	43	Picture	B55	1123334	0	1	5167	1	0	5000	other	0
CUO	44	Picture	B55	1151167	0	1	5167	1	0	5000	other	0
CUO	45	Picture	I52	1178000	0	1	5167	1	0	5000	hit	58
CUO	45	Response	2	1189930	11930	0
CUO	46	Picture	H57	1205834	0	1	5167	1	0	5000	other	0
CUO	47	Picture	M59	1233167	0	1	5167	1	0	5000	other	0
CUO	48	Picture	O53	1261000	0	1	5167	1	0	5000	other	0
CUO	49	Picture	O53	1288000	0	1	5167	1	0	5000	other	0
CUO	50	Picture	M59	1316000	0	1	5167	1	0	5000	hit	64
CUO	50	Response	2	1325409	9409	0
CUO	51	Picture	I52	1341334	0	1	5167	1	0	5000	other	0
CUO	52	Picture	O53	1367000	0	1	5167	1	0	5000	hit	67
CUO	52	Response	2	1376273	9272	0
CUO	53	Picture	E51	1394000	0	1	5167	1	0	5000	other	0
CUO	54	Picture	I52	1421000	0	1	5167	1	0	5000	miss	0
CUO	55	Picture	I52	1447834	0	1	5167	1	0	5000	other	0
CUO	56	Picture	F56	1475334	0	1	5167	1	0	5000	other	0
CUO	57	Picture	I52	1501667	0	1	5167	1	0	5000	hit	73
CUO	57	Response	2	1511842	10175	0
CUO	58	Picture	E51	1527501	0	1	5167	1	0	5000	other	0
CUO	59	Picture	U54	1555167	0	1	5167	1	0	5000	other	0
CUO	60	Picture	L58	1581834	0	1	5167	1	0	5000	other	0
CUO	61	Picture	A50	1609834	0	1	5167	1	0	5000	other	0
