Scenario - 
Logfile written - 03/09/2020 14:08:42

Subject	Trial	Event Type	Code	Time	TTime	Uncertainty	Duration	Uncertainty	ReqTime	ReqDur	Stim Type	Pair Index

CU4	1	Picture	Start	167	0	1	96000	1	0	next	false_alarm	2
CU4	1	Response	1	96056	95889	0
CU4	2	Picture	A50	102833	0	1	5167	1	0	5000	other	0
CU4	3	Picture	B55	128500	0	1	5167	1	0	5000	other	0
CU4	4	Picture	E51	154667	0	1	5167	1	0	5000	other	0
CU4	5	Picture	O53	182000	0	1	5167	1	0	5000	other	0
CU4	6	Picture	H57	207333	0	1	5167	1	0	5000	other	0
CU4	7	Picture	F56	233333	0	1	5167	1	0	5000	other	0
CU4	8	Picture	U54	259833	0	1	5167	1	0	5000	other	0
CU4	9	Picture	H57	285333	0	1	5167	1	0	5000	hit	11
CU4	9	Response	2	294673	9339	0
CU4	10	Picture	F56	310667	0	1	5167	1	0	5000	miss	0
CU4	11	Picture	O53	338667	0	1	5167	1	0	5000	other	0
CU4	12	Picture	A50	365500	0	1	5167	1	0	5000	other	0
CU4	13	Picture	L58	390667	0	1	5167	1	0	5000	other	0
CU4	14	Picture	I52	416000	0	1	5167	1	0	5000	other	0
CU4	15	Picture	E51	443667	0	1	5167	1	0	5000	false_alarm	18
CU4	15	Response	1	449121	5454	0
CU4	16	Picture	L58	469667	0	1	5167	1	0	5000	hit	20
CU4	16	Response	2	478193	8526	0
CU4	17	Picture	I52	496000	0	1	5167	1	0	5000	miss	0
CU4	18	Picture	H57	524000	0	1	5167	1	0	5000	other	0
CU4	19	Picture	L58	551000	0	1	5167	1	0	5000	miss	0
CU4	20	Picture	I52	577833	0	1	5167	1	0	5000	hit	25
CU4	20	Response	2	583483	5650	0
CU4	21	Picture	B55	605167	0	1	5167	1	0	5000	other	0
CU4	22	Picture	L58	630500	0	1	5167	1	0	5000	miss	0
CU4	23	Picture	I52	656167	0	1	5167	1	0	5000	hit	29
CU4	23	Response	2	668362	12195	0
CU4	24	Picture	A50	682667	0	1	5167	1	0	5000	other	0
CU4	25	Picture	L58	708000	0	1	5167	1	0	5000	hit	32
CU4	25	Response	2	716587	8587	0
CU4	26	Picture	F56	734500	0	1	5167	1	0	5000	other	0
CU4	27	Picture	A50	762000	0	1	5167	1	0	5000	miss	0
CU4	28	Picture	H57	787500	0	1	5167	1	0	5000	other	0
CU4	29	Picture	A50	815000	0	1	5167	1	0	5000	other	0
CU4	30	Picture	B55	841167	0	1	5167	1	0	5000	other	0
CU4	31	Picture	E51	868000	0	1	5167	1	0	5000	other	0
CU4	32	Picture	E51	895500	0	1	5167	1	0	5000	other	0
CU4	33	Picture	M59	923500	0	1	5167	1	0	5000	other	0
CU4	34	Picture	B55	950667	0	1	5167	1	0	5000	false_alarm	42
CU4	34	Response	1	961501	10834	0
CU4	35	Picture	E51	978500	0	1	5167	1	0	5000	hit	44
CU4	35	Response	2	986857	8356	0
CU4	36	Picture	B55	1005334	0	1	5167	1	0	5000	other	0
CU4	37	Picture	B55	1033167	0	1	5167	1	0	5000	hit	47
CU4	37	Response	2	1049459	16292	0
CU4	38	Picture	M59	1058667	0	1	5167	1	0	5000	other	0
CU4	39	Picture	E51	1086500	0	1	5167	1	0	5000	other	0
CU4	40	Picture	B55	1113834	0	1	5167	1	0	5000	hit	51
CU4	40	Response	2	1125535	11701	0
CU4	41	Picture	U54	1140667	0	1	5167	1	0	5000	other	0
CU4	42	Picture	E51	1167834	0	1	5167	1	0	5000	miss	0
CU4	43	Picture	F56	1193834	0	1	5167	1	0	5000	other	0
CU4	44	Picture	I52	1220000	0	1	5167	1	0	5000	other	0
CU4	45	Picture	L58	1245500	0	1	5167	1	0	5000	other	0
CU4	46	Picture	F56	1272667	0	1	5167	1	0	5000	miss	0
CU4	47	Picture	U54	1298834	0	1	5167	1	0	5000	other	0
CU4	48	Picture	L58	1325834	0	1	5167	1	0	5000	miss	0
CU4	49	Picture	F56	1353334	0	1	5167	1	0	5000	hit	61
CU4	49	Response	2	1360574	7240	0
CU4	50	Picture	F56	1380667	0	1	5167	1	0	5000	other	0
CU4	51	Picture	O53	1406500	0	1	5167	1	0	5000	other	0
CU4	52	Picture	A50	1432167	0	1	5167	1	0	5000	other	0
CU4	53	Picture	B55	1459500	0	1	5167	1	0	5000	other	0
CU4	54	Picture	U54	1486834	0	1	5167	1	0	5000	false_alarm	67
CU4	54	Response	1	1503022	16188	0
CU4	55	Picture	A50	1514500	0	1	5167	1	0	5000	miss	0
CU4	56	Picture	O53	1541001	0	1	5167	1	0	5000	other	0
CU4	57	Picture	I52	1568667	0	1	5167	1	0	5000	other	0
CU4	58	Picture	A50	1596167	0	1	5167	1	0	5000	hit	72
CU4	58	Response	2	1607571	11404	0
CU4	59	Picture	O53	1622167	0	1	5167	1	0	5000	hit	74
CU4	59	Response	2	1633286	11119	0
CU4	60	Picture	E51	1647334	0	1	5167	1	0	5000	other	0
CU4	61	Picture	F56	1674834	0	1	5167	1	0	5000	other	0
