Scenario - 
Logfile written - 03/09/2020 14:11:53

Subject	Trial	Event Type	Code	Time	TTime	Uncertainty	Duration	Uncertainty	ReqTime	ReqDur	Stim Type	Pair Index

CU4	1	Picture	Start	167	0	1	63500	1	0	next	false_alarm	2
CU4	1	Response	1	63622	63455	0
CU4	3	Sound	I52	70014	14	1032			0		other	0
CU4	5	Sound	F56	94667	0	2			0		other	0
CU4	7	Sound	A50	120667	0	2			0		other	0
CU4	9	Sound	H57	145667	0	2			0		other	0
CU4	11	Sound	F56	172667	0	2			0		hit	8
CU4	11	Response	2	185718	13051	0
CU4	13	Sound	A50	197167	0	2			0		miss	0
CU4	15	Sound	I52	223334	0	2			0		false_alarm	11
CU4	15	Response	1	239192	15858	0
CU4	17	Sound	E51	250167	0	2			0		other	0
CU4	19	Sound	U54	277000	0	2			0		other	0
CU4	21	Sound	I52	301500	0	2			0		hit	15
CU4	21	Response	2	312727	11227	0
CU4	23	Sound	E51	328334	0	2			0		hit	17
CU4	23	Response	2	340510	12177	0
CU4	25	Sound	U54	354167	0	2			0		hit	19
CU4	25	Response	2	364712	10545	0
CU4	27	Sound	I52	380501	0	2			0		miss	0
CU4	29	Sound	E51	407334	0	2			0		miss	0
CU4	31	Sound	U54	432501	0	2			0		hit	23
CU4	31	Response	2	444613	12113	0
CU4	33	Sound	I52	458834	0	2			0		miss	0
CU4	35	Sound	O53	485334	1	2			0		other	0
CU4	37	Sound	U54	510001	0	2			0		hit	27
CU4	37	Response	2	522472	12471	0
CU4	39	Sound	E51	534501	0	2			0		other	0
CU4	41	Sound	B55	560167	0	2			0		other	0
CU4	43	Sound	I52	585001	0	2			0		other	0
CU4	45	Sound	A50	611334	0	2			0		other	0
CU4	47	Sound	B55	636334	0	2			0		hit	33
CU4	47	Response	2	648912	12578	0
CU4	49	Sound	L58	662334	0	2			0		other	0
CU4	51	Sound	O53	689334	0	2			0		other	0
CU4	53	Sound	F56	713834	0	2			0		other	0
CU4	55	Sound	B55	741001	0	2			0		other	0
CU4	57	Sound	M59	766334	0	2			0		other	0
CU4	59	Sound	U54	793334	1	2			0		other	0
CU4	61	Sound	B55	819167	0	2			0		hit	41
CU4	61	Response	2	830969	11802	0
CU4	63	Sound	E51	843834	0	2			0		other	0
CU4	65	Sound	M59	868501	0	2			0		other	0
CU4	67	Sound	L58	893834	0	2			0		other	0
CU4	69	Sound	E51	920834	0	2			0		miss	0
CU4	71	Sound	M59	946334	0	2			0		hit	47
CU4	71	Response	2	965881	19548	0
CU4	73	Sound	F56	971834	0	2			0		other	0
CU4	75	Sound	H57	997001	0	2			0		other	0
CU4	77	Sound	H57	1023167	0	2			0		other	0
CU4	79	Sound	A50	1049834	0	2			0		other	0
CU4	81	Sound	H57	1075667	0	2			0		hit	53
CU4	81	Response	2	1089879	14212	0
CU4	83	Sound	M59	1102334	0	2			0		other	0
CU4	85	Sound	A50	1128001	0	2			0		miss	0
CU4	86	Response	1	1149352	1185	0
CU4	87	Sound	F56	1154667	0	2			0		other	0
CU4	89	Sound	M59	1181334	0	2			0		miss	0
CU4	91	Sound	L58	1206001	0	2			0		other	0
CU4	93	Sound	A50	1233001	0	2			0		other	0
CU4	95	Sound	I52	1260167	0	2			0		other	0
CU4	97	Sound	L58	1287167	0	2			0		hit	63
CU4	97	Response	2	1297331	10164	0
CU4	99	Sound	H57	1312834	0	2			0		other	0
CU4	101	Sound	L58	1337834	0	2			0		false_alarm	66
CU4	101	Response	1	1349462	11629	0
CU4	103	Sound	B55	1363168	0	2			0		other	0
CU4	105	Sound	M59	1388501	0	2			0		other	0
CU4	107	Sound	I52	1415668	0	2			0		other	0
CU4	109	Sound	M59	1442168	0	2			0		other	0
CU4	111	Sound	L58	1469001	0	2			0		other	0
CU4	113	Sound	I52	1496168	0	2			0		hit	73
CU4	113	Response	2	1504071	7904	0
CU4	115	Sound	I52	1523001	0	2			0		other	0
CU4	117	Sound	L58	1548334	0	2			0		miss	0
CU4	119	Sound	O53	1574001	0	2			0		other	0
CU4	121	Sound	L58	1598668	0	2			0		other	0
