Scenario - 
Logfile written - 03/12/2020 09:52:55

Subject	Trial	Event Type	Code	Time	TTime	Uncertainty	Duration	Uncertainty	ReqTime	ReqDur	Stim Type	Pair Index

CU5	1	Picture	Start	167	0	1	15833	1	0	next	false_alarm	2
CU5	1	Response	1	15876	15710	0
CU5	2	Picture	U54	23000	0	1	5167	1	0	5000	other	0
CU5	3	Picture	H57	51000	0	1	5167	1	0	5000	other	0
CU5	4	Picture	E51	78333	0	1	5167	1	0	5000	other	0
CU5	5	Picture	U54	104500	0	1	5167	1	0	5000	hit	7
CU5	5	Response	2	109602	5102	0
CU5	6	Picture	H57	130833	0	1	5167	1	0	5000	hit	9
CU5	6	Response	2	144497	13663	0
CU5	7	Picture	B55	158333	0	1	5167	1	0	5000	other	0
CU5	8	Picture	H57	185333	0	1	5167	1	0	5000	other	0
CU5	9	Picture	I52	213167	0	1	5167	1	0	5000	other	0
CU5	10	Picture	O53	240667	0	1	5167	1	0	5000	other	0
CU5	11	Picture	H57	266667	0	1	5167	1	0	5000	hit	15
CU5	11	Response	2	284325	17658	0
CU5	12	Picture	I52	293333	0	1	5167	1	0	5000	miss	0
CU5	13	Picture	O53	320500	0	1	5167	1	0	5000	miss	0
CU5	14	Picture	E51	347833	0	1	5167	1	0	5000	other	0
CU5	15	Picture	B55	374167	0	1	5167	1	0	5000	other	0
CU5	16	Picture	B55	401167	0	1	5167	1	0	5000	other	0
CU5	17	Picture	O53	428333	0	1	5167	1	0	5000	false_alarm	22
CU5	17	Response	1	447524	19190	0
CU5	18	Picture	M59	454500	0	1	5167	1	0	5000	other	0
CU5	19	Picture	I52	480833	0	1	5167	1	0	5000	other	0
CU5	20	Picture	B55	507000	0	1	5167	1	0	5000	other	0
CU5	21	Picture	E51	534833	0	1	5167	1	0	5000	other	0
CU5	22	Picture	F56	561000	0	1	5167	1	0	5000	other	0
CU5	23	Picture	B55	588667	0	1	5167	1	0	5000	miss	0
CU5	24	Picture	B55	615167	0	1	5167	1	0	5000	other	0
CU5	25	Picture	F56	642334	0	1	5167	1	0	5000	miss	0
CU5	26	Picture	H57	668000	0	1	5167	1	0	5000	other	0
CU5	27	Picture	M59	694167	0	1	5167	1	0	5000	other	0
CU5	28	Picture	F56	722000	0	1	5167	1	0	5000	miss	0
CU5	29	Picture	E51	749000	0	1	5167	1	0	5000	other	0
CU5	30	Picture	M59	776500	0	1	5167	1	0	5000	hit	36
CU5	30	Response	2	788340	11839	0
CU5	31	Picture	F56	802000	0	1	5167	1	0	5000	hit	38
CU5	31	Response	2	805872	3872	0
CU5	32	Picture	E51	828000	0	1	5167	1	0	5000	miss	0
CU5	33	Picture	U54	853167	0	1	5167	1	0	5000	other	0
CU5	34	Picture	O53	880000	0	1	5167	1	0	5000	other	0
CU5	35	Picture	A50	906167	0	1	5167	1	0	5000	other	0
CU5	36	Picture	F56	931667	0	1	5167	1	0	5000	other	0
CU5	37	Picture	B55	958334	0	1	5167	1	0	5000	other	0
CU5	38	Picture	A50	983834	0	1	5167	1	0	5000	hit	46
CU5	38	Response	2	995941	12108	0
CU5	39	Picture	O53	1010667	0	1	5167	1	0	5000	other	0
CU5	40	Picture	F56	1037834	0	1	5167	1	0	5000	other	0
CU5	41	Picture	A50	1065667	0	1	5167	1	0	5000	miss	0
CU5	42	Picture	E51	1091500	0	1	5167	1	0	5000	other	0
CU5	43	Picture	B55	1119167	0	1	5167	1	0	5000	other	0
CU5	44	Picture	A50	1144334	0	1	5167	1	0	5000	hit	53
CU5	44	Response	2	1155438	11104	0
CU5	45	Picture	L58	1172000	0	1	5167	1	0	5000	other	0
CU5	46	Picture	H57	1198000	0	1	5167	1	0	5000	other	0
CU5	47	Picture	A50	1223500	0	1	5167	1	0	5000	hit	57
CU5	47	Response	2	1227054	3554	0
CU5	48	Picture	E51	1249334	0	1	5167	1	0	5000	other	0
CU5	49	Picture	I52	1275500	0	1	5167	1	0	5000	other	0
CU5	50	Picture	H57	1301500	0	1	5167	1	0	5000	other	0
CU5	51	Picture	U54	1327834	0	1	5167	1	0	5000	other	0
CU5	52	Picture	I52	1354667	0	1	5167	1	0	5000	miss	0
CU5	53	Picture	B55	1382334	0	1	5167	1	0	5000	other	0
CU5	54	Picture	U54	1408667	0	1	5167	1	0	5000	hit	65
CU5	54	Response	2	1419755	11088	0
CU5	55	Picture	L58	1434167	0	1	5167	1	0	5000	other	0
CU5	56	Picture	L58	1460334	0	1	5167	1	0	5000	other	0
CU5	57	Picture	U54	1486834	0	1	5167	1	0	5000	hit	69
CU5	57	Response	2	1489829	2996	0
CU5	58	Picture	H57	1513334	0	1	5167	1	0	5000	other	0
CU5	59	Picture	I52	1540001	0	1	5167	1	0	5000	other	0
CU5	60	Picture	B55	1566834	0	1	5167	1	0	5000	other	0
CU5	61	Picture	H57	1592167	0	1	5167	1	0	5000	hit	74
CU5	61	Response	2	1597219	5052	0
