Scenario - 
Logfile written - 01/08/2020 09:45:25

Subject	Trial	Event Type	Code	Time	TTime	Uncertainty	Duration	Uncertainty	ReqTime	ReqDur	Stim Type	Pair Index

MBA_CEG0921	1	Picture	Start	167	0	1	23333	1	0	next	false_alarm	2
MBA_CEG0921	1	Response	1	23338	23172	0
MBA_CEG0921	2	Picture	H57	29333	0	1	5167	1	0	5000	other	0
MBA_CEG0921	3	Picture	M59	55500	0	1	5167	1	0	5000	other	0
MBA_CEG0921	4	Picture	B55	80667	0	1	5167	1	0	5000	other	0
MBA_CEG0921	5	Picture	A50	108667	0	1	5167	1	0	5000	other	0
MBA_CEG0921	6	Picture	M59	134000	0	1	5167	1	0	5000	hit	8
MBA_CEG0921	6	Response	2	142222	8222	0
MBA_CEG0921	7	Picture	E51	159167	0	1	5167	1	0	5000	other	0
MBA_CEG0921	8	Picture	A50	187000	0	1	5167	1	0	5000	hit	11
MBA_CEG0921	8	Response	2	194187	7187	0
MBA_CEG0921	9	Picture	I52	212333	0	1	5167	1	0	5000	other	0
MBA_CEG0921	10	Picture	M59	239667	0	1	5167	1	0	5000	other	0
MBA_CEG0921	11	Picture	A50	266667	0	1	5167	1	0	5000	miss	0
MBA_CEG0921	12	Picture	B55	293500	0	1	5167	1	0	5000	other	0
MBA_CEG0921	13	Picture	M59	318667	0	1	5167	1	0	5000	miss	0
MBA_CEG0921	14	Picture	F56	344167	0	1	5167	1	0	5000	other	0
MBA_CEG0921	15	Picture	U54	369500	0	1	5167	1	0	5000	other	0
MBA_CEG0921	16	Picture	H57	395833	0	1	5167	1	0	5000	other	0
MBA_CEG0921	17	Picture	L58	423500	0	1	5167	1	0	5000	other	0
MBA_CEG0921	18	Picture	O53	449167	0	1	5167	1	0	5000	other	0
MBA_CEG0921	19	Picture	H57	476167	0	1	5167	1	0	5000	hit	23
MBA_CEG0921	19	Response	2	484405	8239	0
MBA_CEG0921	20	Picture	F56	502000	0	1	5167	1	0	5000	other	0
MBA_CEG0921	21	Picture	O53	527333	0	1	5167	1	0	5000	hit	26
MBA_CEG0921	21	Response	2	532281	4948	0
MBA_CEG0921	22	Picture	H57	553833	0	1	5167	1	0	5000	miss	0
MBA_CEG0921	23	Picture	A50	579167	0	1	5167	1	0	5000	other	0
MBA_CEG0921	24	Picture	O53	605333	0	1	5167	1	0	5000	hit	30
MBA_CEG0921	24	Response	2	608516	3182	0
MBA_CEG0921	25	Picture	U54	633167	0	1	5167	1	0	5000	other	0
MBA_CEG0921	26	Picture	F56	660500	0	1	5167	1	0	5000	other	0
MBA_CEG0921	27	Picture	L58	687167	0	1	5167	1	0	5000	other	0
MBA_CEG0921	28	Picture	U54	714334	0	1	5167	1	0	5000	hit	35
MBA_CEG0921	28	Response	2	725980	11646	0
MBA_CEG0921	29	Picture	H57	741334	0	1	5167	1	0	5000	other	0
MBA_CEG0921	30	Picture	O53	767000	0	1	5167	1	0	5000	other	0
MBA_CEG0921	31	Picture	U54	794334	0	1	5167	1	0	5000	hit	39
MBA_CEG0921	31	Response	2	797904	3570	0
MBA_CEG0921	32	Picture	H57	819834	0	1	5167	1	0	5000	hit	41
MBA_CEG0921	32	Response	2	823593	3760	0
MBA_CEG0921	33	Picture	O53	845334	0	1	5167	1	0	5000	miss	0
MBA_CEG0921	34	Picture	E51	872834	0	1	5167	1	0	5000	other	0
MBA_CEG0921	35	Picture	L58	898667	0	1	5167	1	0	5000	other	0
MBA_CEG0921	36	Picture	M59	923834	0	1	5167	1	0	5000	other	0
MBA_CEG0921	37	Picture	E51	950334	0	1	5167	1	0	5000	hit	47
MBA_CEG0921	37	Response	2	955017	4683	0
MBA_CEG0921	38	Picture	H57	977167	0	1	5167	1	0	5000	other	0
MBA_CEG0921	39	Picture	L58	1003000	0	1	5167	1	0	5000	other	0
MBA_CEG0921	40	Picture	O53	1028167	0	1	5167	1	0	5000	other	0
MBA_CEG0921	41	Picture	H57	1053500	0	1	5167	1	0	5000	miss	0
MBA_CEG0921	42	Picture	F56	1081000	0	1	5167	1	0	5000	other	0
MBA_CEG0921	43	Picture	A50	1106167	0	1	5167	1	0	5000	other	0
MBA_CEG0921	44	Picture	O53	1133667	0	1	5167	1	0	5000	other	0
MBA_CEG0921	45	Picture	F56	1158834	0	1	5167	1	0	5000	miss	0
MBA_CEG0921	46	Picture	I52	1185500	0	1	5167	1	0	5000	other	0
MBA_CEG0921	47	Picture	F56	1213000	0	1	5167	1	0	5000	other	0
MBA_CEG0921	48	Picture	I52	1240500	0	1	5167	1	0	5000	false_alarm	59
MBA_CEG0921	48	Response	1	1245255	4755	0
MBA_CEG0921	49	Picture	I52	1265834	0	1	5167	1	0	5000	hit	61
MBA_CEG0921	49	Response	2	1273873	8039	0
MBA_CEG0921	50	Picture	I52	1291667	0	1	5167	1	0	5000	other	0
MBA_CEG0921	51	Picture	H57	1318500	0	1	5167	1	0	5000	other	0
MBA_CEG0921	52	Picture	F56	1346500	0	1	5167	1	0	5000	other	0
MBA_CEG0921	53	Picture	F56	1373667	0	1	5167	1	0	5000	other	0
MBA_CEG0921	54	Picture	O53	1401500	0	1	5167	1	0	5000	other	0
MBA_CEG0921	55	Picture	F56	1428167	0	1	5167	1	0	5000	miss	0
MBA_CEG0921	56	Picture	L58	1453834	0	1	5167	1	0	5000	other	0
MBA_CEG0921	57	Picture	O53	1481834	0	1	5167	1	0	5000	hit	70
MBA_CEG0921	57	Response	2	1489109	7276	0
MBA_CEG0921	58	Picture	F56	1508667	0	1	5167	1	0	5000	miss	0
MBA_CEG0921	59	Picture	F56	1536167	0	1	5167	1	0	5000	other	0
MBA_CEG0921	60	Picture	A50	1562834	0	1	5167	1	0	5000	other	0
MBA_CEG0921	61	Picture	M59	1589001	0	1	5167	1	0	5000	other	0
