Scenario - 
Logfile written - 01/08/2020 09:41:51

Subject	Trial	Event Type	Code	Time	TTime	Uncertainty	Duration	Uncertainty	ReqTime	ReqDur	Stim Type	Pair Index

MBA_CEG0921	1	Picture	Start	167	0	1	35833	1	0	next	false_alarm	2
MBA_CEG0921	1	Response	1	35900	35734	0
MBA_CEG0921	3	Sound	F56	41847	14	344			0		other	0
MBA_CEG0921	5	Sound	M59	67500	0	2			0		other	0
MBA_CEG0921	7	Sound	H57	93667	0	2			0		other	0
MBA_CEG0921	9	Sound	U54	119167	0	2			0		other	0
MBA_CEG0921	11	Sound	H57	145667	0	2			0		other	0
MBA_CEG0921	13	Sound	H57	172334	0	2			0		hit	9
MBA_CEG0921	13	Response	2	182976	10643	0
MBA_CEG0921	15	Sound	B55	197667	0	2			0		other	0
MBA_CEG0921	17	Sound	I52	222000	0	2			0		other	0
MBA_CEG0921	19	Sound	H57	246834	0	2			0		hit	13
MBA_CEG0921	19	Response	2	257063	10230	0
MBA_CEG0921	21	Sound	O53	271667	0	2			0		other	0
MBA_CEG0921	23	Sound	L58	297000	0	2			0		other	0
MBA_CEG0921	25	Sound	L58	323834	0	2			0		other	0
MBA_CEG0921	27	Sound	A50	349334	0	2			0		other	0
MBA_CEG0921	29	Sound	L58	375500	0	2			0		hit	19
MBA_CEG0921	29	Response	2	383697	8197	0
MBA_CEG0921	31	Sound	B55	401834	0	2			0		other	0
MBA_CEG0921	33	Sound	F56	428167	0	2			0		other	0
MBA_CEG0921	35	Sound	L58	453167	0	2			0		miss	0
MBA_CEG0921	37	Sound	M59	478834	0	2			0		other	0
MBA_CEG0921	39	Sound	F56	505667	0	2			0		hit	25
MBA_CEG0921	39	Response	2	514534	8867	0
MBA_CEG0921	41	Sound	L58	532501	0	2			0		miss	0
MBA_CEG0921	43	Sound	O53	557001	0	2			0		other	0
MBA_CEG0921	45	Sound	M59	583167	0	2			0		false_alarm	29
MBA_CEG0921	45	Response	1	594879	11712	0
MBA_CEG0921	47	Sound	H57	610001	0	2			0		other	0
MBA_CEG0921	49	Sound	M59	635334	0	2			0		false_alarm	32
MBA_CEG0921	49	Response	1	646628	11294	0
MBA_CEG0921	51	Sound	I52	662334	0	2			0		other	0
MBA_CEG0921	53	Sound	B55	687001	0	2			0		other	0
MBA_CEG0921	55	Sound	L58	714167	0	2			0		other	0
MBA_CEG0921	57	Sound	B55	738834	0	2			0		other	0
MBA_CEG0921	59	Sound	B55	764001	0	2			0		hit	38
MBA_CEG0921	59	Response	2	772273	8273	0
MBA_CEG0921	61	Sound	A50	789001	0	2			0		other	0
MBA_CEG0921	63	Sound	B55	813334	0	2			0		miss	0
MBA_CEG0921	65	Sound	B55	838501	0	2			0		hit	42
MBA_CEG0921	65	Response	2	846783	8283	0
MBA_CEG0921	67	Sound	A50	862834	0	2			0		hit	44
MBA_CEG0921	67	Response	2	875890	13057	0
MBA_CEG0921	69	Sound	H57	889667	0	2			0		other	0
MBA_CEG0921	71	Sound	H57	914834	0	2			0		other	0
MBA_CEG0921	73	Sound	A50	941001	0	2			0		hit	48
MBA_CEG0921	73	Response	2	949208	8208	0
MBA_CEG0921	75	Sound	M59	967334	0	2			0		other	0
MBA_CEG0921	77	Sound	F56	994501	1	2			0		other	0
MBA_CEG0921	79	Sound	L58	1021667	0	2			0		other	0
MBA_CEG0921	81	Sound	I52	1047501	0	2			0		other	0
MBA_CEG0921	83	Sound	F56	1072334	0	2			0		miss	0
MBA_CEG0921	85	Sound	B55	1099334	1	2			0		other	0
MBA_CEG0921	87	Sound	B55	1125501	0	2			0		other	0
MBA_CEG0921	89	Sound	I52	1152834	0	2			0		other	0
MBA_CEG0921	91	Sound	E51	1177834	0	2			0		other	0
MBA_CEG0921	93	Sound	E51	1204501	0	2			0		false_alarm	59
MBA_CEG0921	93	Response	1	1217368	12867	0
MBA_CEG0921	95	Sound	H57	1229501	0	2			0		other	0
MBA_CEG0921	97	Sound	I52	1255501	0	2			0		other	0
MBA_CEG0921	99	Sound	E51	1281334	0	2			0		miss	0
MBA_CEG0921	101	Sound	H57	1306334	0	2			0		hit	64
MBA_CEG0921	101	Response	2	1319671	13337	0
MBA_CEG0921	103	Sound	B55	1333501	0	2			0		other	0
MBA_CEG0921	105	Sound	E51	1360667	0	2			0		hit	67
MBA_CEG0921	105	Response	2	1375914	15247	0
MBA_CEG0921	107	Sound	H57	1387334	0	2			0		miss	0
MBA_CEG0921	109	Sound	L58	1413834	0	2			0		other	0
MBA_CEG0921	111	Sound	U54	1439334	0	2			0		other	0
MBA_CEG0921	113	Sound	H57	1466501	0	2			0		hit	72
MBA_CEG0921	113	Response	2	1476577	10077	0
MBA_CEG0921	115	Sound	L58	1493001	0	2			0		hit	74
MBA_CEG0921	115	Response	2	1504251	11250	0
MBA_CEG0921	117	Sound	U54	1517334	0	2			0		miss	0
MBA_CEG0921	119	Sound	H57	1543668	0	2			0		hit	77
MBA_CEG0921	119	Response	2	1552857	9190	0
MBA_CEG0921	121	Sound	H57	1568501	0	2			0		other	0
