Scenario - 
Logfile written - 01/08/2020 14:14:27

Subject	Trial	Event Type	Code	Time	TTime	Uncertainty	Duration	Uncertainty	ReqTime	ReqDur	Stim Type	Pair Index

MPR_AUA0310	1	Picture	Start	167	0	1	100833	1	0	next	false_alarm	2
MPR_AUA0310	1	Response	1	100953	100786	0
MPR_AUA0310	3	Sound	A50	105848	14	631			0		other	0
MPR_AUA0310	5	Sound	A50	130334	0	2			0		other	0
MPR_AUA0310	7	Sound	F56	154834	0	2			0		other	0
MPR_AUA0310	9	Sound	A50	179500	0	2			0		hit	7
MPR_AUA0310	9	Response	2	190692	11192	0
MPR_AUA0310	11	Sound	A50	205167	0	2			0		hit	9
MPR_AUA0310	11	Response	2	220429	15263	0
MPR_AUA0310	13	Sound	F56	230167	0	2			0		miss	0
MPR_AUA0310	14	Response	1	255381	5048	0
MPR_AUA0310	15	Sound	L58	256167	0	2			0		other	0
MPR_AUA0310	17	Sound	U54	282834	0	2			0		other	0
MPR_AUA0310	19	Sound	I52	308834	0	2			0		other	0
MPR_AUA0310	21	Sound	U54	334834	0	2			0		other	0
MPR_AUA0310	23	Sound	F56	360000	0	2			0		other	0
MPR_AUA0310	25	Sound	F56	386334	0	2			0		other	0
MPR_AUA0310	27	Sound	O53	412167	0	2			0		other	0
MPR_AUA0310	29	Sound	F56	438500	0	2			0		miss	0
MPR_AUA0310	30	Response	1	460958	2291	0
MPR_AUA0310	31	Sound	I52	464668	1	2			0		other	0
MPR_AUA0310	33	Sound	O53	491667	0	2			0		hit	23
MPR_AUA0310	33	Response	2	504737	13070	0
MPR_AUA0310	35	Sound	F56	517667	0	2			0		miss	0
MPR_AUA0310	37	Sound	B55	542001	0	2			0		other	0
MPR_AUA0310	39	Sound	L58	567667	1	2			0		other	0
MPR_AUA0310	41	Sound	F56	593667	0	2			0		hit	28
MPR_AUA0310	41	Response	2	605045	11378	0
MPR_AUA0310	43	Sound	F56	620334	0	2			0		other	0
MPR_AUA0310	45	Sound	L58	644667	0	2			0		hit	31
MPR_AUA0310	45	Response	2	658266	13599	0
MPR_AUA0310	47	Sound	U54	669834	0	2			0		other	0
MPR_AUA0310	49	Sound	H57	695167	0	2			0		other	0
MPR_AUA0310	51	Sound	B55	722167	0	2			0		other	0
MPR_AUA0310	53	Sound	B55	746667	0	2			0		other	0
MPR_AUA0310	55	Sound	H57	773001	0	2			0		hit	37
MPR_AUA0310	55	Response	2	780861	7861	0
MPR_AUA0310	57	Sound	B55	799001	0	2			0		hit	39
MPR_AUA0310	57	Response	2	810800	11800	0
MPR_AUA0310	59	Sound	L58	823334	0	2			0		false_alarm	41
MPR_AUA0310	59	Response	1	839388	16055	0
MPR_AUA0310	61	Sound	F56	848001	0	2			0		other	0
MPR_AUA0310	63	Sound	B55	872834	0	2			0		miss	0
MPR_AUA0310	65	Sound	B55	897334	0	2			0		other	0
MPR_AUA0310	67	Sound	F56	923167	1	2			0		hit	46
MPR_AUA0310	67	Response	2	943124	19957	0
MPR_AUA0310	69	Sound	M59	949001	0	2			0		other	0
MPR_AUA0310	71	Sound	H57	975501	0	2			0		other	0
MPR_AUA0310	73	Sound	F56	1002001	0	2			0		hit	50
MPR_AUA0310	73	Response	2	1016235	14235	0
MPR_AUA0310	75	Sound	M59	1027001	0	2			0		hit	52
MPR_AUA0310	75	Response	2	1038787	11787	0
MPR_AUA0310	77	Sound	A50	1053167	0	2			0		other	0
MPR_AUA0310	79	Sound	H57	1080001	0	2			0		false_alarm	55
MPR_AUA0310	79	Response	1	1095942	15942	0
MPR_AUA0310	81	Sound	L58	1107168	1	2			0		other	0
MPR_AUA0310	83	Sound	M59	1132501	1	2			0		other	0
MPR_AUA0310	85	Sound	E51	1158001	0	2			0		other	0
MPR_AUA0310	87	Sound	L58	1183834	0	2			0		hit	60
MPR_AUA0310	87	Response	2	1191764	7931	0
MPR_AUA0310	89	Sound	M59	1208334	0	2			0		miss	0
MPR_AUA0310	91	Sound	O53	1235167	0	2			0		other	0
MPR_AUA0310	93	Sound	L58	1259501	0	2			0		miss	0
MPR_AUA0310	95	Sound	F56	1284834	0	2			0		other	0
MPR_AUA0310	97	Sound	M59	1309667	0	2			0		false_alarm	66
MPR_AUA0310	97	Response	1	1321103	11436	0
MPR_AUA0310	99	Sound	B55	1334668	0	2			0		other	0
MPR_AUA0310	101	Sound	A50	1361334	0	2			0		other	0
MPR_AUA0310	103	Sound	E51	1387668	0	2			0		false_alarm	70
MPR_AUA0310	103	Response	1	1401403	13736	0
MPR_AUA0310	105	Sound	U54	1414501	0	2			0		other	0
MPR_AUA0310	107	Sound	A50	1441668	1	2			0		miss	0
MPR_AUA0310	109	Sound	H57	1467668	0	2			0		other	0
MPR_AUA0310	111	Sound	U54	1492501	0	2			0		hit	75
MPR_AUA0310	111	Response	2	1500025	7524	0
MPR_AUA0310	113	Sound	I52	1518334	0	2			0		other	0
MPR_AUA0310	115	Sound	B55	1543834	1	2			0		other	0
MPR_AUA0310	117	Sound	M59	1570001	0	2			0		other	0
MPR_AUA0310	119	Sound	I52	1597168	0	2			0		hit	80
MPR_AUA0310	119	Response	2	1609104	11936	0
MPR_AUA0310	121	Sound	M59	1622501	0	2			0		other	0
