Scenario - 
Logfile written - 09/17/2019 13:55:25

Subject	Trial	Event Type	Code	Time	TTime	Uncertainty	Duration	Uncertainty	ReqTime	ReqDur	Stim Type	Pair Index

MPR_KWS0749	1	Picture	Start	167	0	1	22833	1	0	next	false_alarm	2
MPR_KWS0749	1	Response	1	22925	22758	0
MPR_KWS0749	3	Sound	F56	28680	13	334			0		other	0
MPR_KWS0749	5	Sound	I52	55500	0	2			0		other	0
MPR_KWS0749	7	Sound	U54	81667	0	2			0		other	0
MPR_KWS0749	9	Sound	F56	107334	1	2			0		hit	7
MPR_KWS0749	9	Response	2	115390	8056	0
MPR_KWS0749	11	Sound	I52	131834	0	2			0		hit	9
MPR_KWS0749	11	Response	2	145538	13704	0
MPR_KWS0749	13	Sound	B55	158167	0	2			0		other	0
MPR_KWS0749	15	Sound	A50	184334	0	2			0		other	0
MPR_KWS0749	17	Sound	O53	210167	0	2			0		other	0
MPR_KWS0749	19	Sound	H57	237000	0	2			0		other	0
MPR_KWS0749	21	Sound	A50	262000	0	2			0		hit	15
MPR_KWS0749	21	Response	2	276015	14015	0
MPR_KWS0749	23	Sound	F56	287834	0	2			0		other	0
MPR_KWS0749	25	Sound	H57	314834	0	2			0		miss	0
MPR_KWS0749	27	Sound	A50	341834	0	2			0		hit	19
MPR_KWS0749	27	Response	2	358054	16220	0
MPR_KWS0749	29	Sound	F56	367500	0	2			0		miss	0
MPR_KWS0749	31	Sound	O53	393667	0	2			0		other	0
MPR_KWS0749	33	Sound	A50	420167	0	2			0		miss	0
MPR_KWS0749	35	Sound	H57	446501	0	2			0		other	0
MPR_KWS0749	37	Sound	A50	473334	0	2			0		other	0
MPR_KWS0749	39	Sound	E51	499501	1	2			0		other	0
MPR_KWS0749	41	Sound	U54	526334	0	2			0		other	0
MPR_KWS0749	43	Sound	M59	553501	0	2			0		other	0
MPR_KWS0749	45	Sound	L58	580501	0	2			0		other	0
MPR_KWS0749	47	Sound	A50	605667	0	2			0		other	0
MPR_KWS0749	49	Sound	M59	632501	0	2			0		hit	31
MPR_KWS0749	49	Response	2	638994	6493	0
MPR_KWS0749	51	Sound	L58	659667	0	2			0		hit	33
MPR_KWS0749	51	Response	2	668792	9125	0
MPR_KWS0749	53	Sound	A50	685834	0	2			0		hit	35
MPR_KWS0749	53	Response	2	694800	8967	0
MPR_KWS0749	55	Sound	M59	710834	0	2			0		hit	37
MPR_KWS0749	55	Response	2	723702	12868	0
MPR_KWS0749	57	Sound	O53	737834	0	2			0		other	0
MPR_KWS0749	59	Sound	U54	762834	0	2			0		other	0
MPR_KWS0749	61	Sound	U54	788667	0	2			0		other	0
MPR_KWS0749	63	Sound	B55	813667	0	2			0		other	0
MPR_KWS0749	65	Sound	F56	840167	0	2			0		other	0
MPR_KWS0749	67	Sound	U54	865834	0	2			0		hit	44
MPR_KWS0749	67	Response	2	872600	6767	0
MPR_KWS0749	69	Sound	H57	891834	0	2			0		other	0
MPR_KWS0749	71	Sound	L58	918667	0	2			0		false_alarm	47
MPR_KWS0749	71	Response	1	935543	16876	0
MPR_KWS0749	73	Sound	F56	943334	0	2			0		other	0
MPR_KWS0749	75	Sound	H57	969667	0	2			0		miss	0
MPR_KWS0749	77	Sound	U54	995334	0	2			0		other	0
MPR_KWS0749	79	Sound	A50	1020001	0	2			0		other	0
MPR_KWS0749	81	Sound	H57	1045334	0	2			0		hit	53
MPR_KWS0749	81	Response	2	1057625	12291	0
MPR_KWS0749	83	Sound	A50	1071667	0	2			0		other	0
MPR_KWS0749	85	Sound	A50	1096834	0	2			0		hit	56
MPR_KWS0749	85	Response	2	1106685	9852	0
MPR_KWS0749	87	Sound	M59	1121834	0	2			0		other	0
MPR_KWS0749	89	Sound	B55	1146667	0	2			0		other	0
MPR_KWS0749	91	Sound	L58	1173334	0	2			0		other	0
MPR_KWS0749	93	Sound	I52	1199334	0	2			0		other	0
MPR_KWS0749	95	Sound	E51	1226501	0	2			0		false_alarm	62
MPR_KWS0749	95	Response	1	1234108	7607	0
MPR_KWS0749	97	Sound	M59	1251001	0	2			0		other	0
MPR_KWS0749	99	Sound	I52	1278168	0	2			0		miss	0
MPR_KWS0749	100	Response	1	1299291	957	0
MPR_KWS0749	101	Sound	E51	1305168	0	2			0		miss	0
MPR_KWS0749	103	Sound	M59	1331168	0	2			0		miss	0
MPR_KWS0749	105	Sound	I52	1357501	0	2			0		miss	0
MPR_KWS0749	107	Sound	B55	1384501	0	2			0		other	0
MPR_KWS0749	109	Sound	E51	1410001	0	2			0		other	0
MPR_KWS0749	111	Sound	M59	1436168	0	2			0		other	0
MPR_KWS0749	113	Sound	A50	1462334	0	2			0		other	0
MPR_KWS0749	115	Sound	M59	1488834	0	2			0		false_alarm	74
MPR_KWS0749	115	Response	1	1499183	10349	0
MPR_KWS0749	117	Sound	L58	1513501	0	2			0		other	0
MPR_KWS0749	119	Sound	M59	1539668	0	2			0		other	0
MPR_KWS0749	121	Sound	M59	1566834	0	2			0		hit	78
MPR_KWS0749	121	Response	2	1576840	10006	0
