Scenario - 
Logfile written - 10/17/2019 13:53:55

Subject	Trial	Event Type	Code	Time	TTime	Uncertainty	Duration	Uncertainty	ReqTime	ReqDur	Stim Type	Pair Index

MPR_RBM10799	1	Picture	Start	167	0	1	238500	1	0	next	false_alarm	2
MPR_RBM10799	1	Response	1	238543	238376	0
MPR_RBM10799	2	Picture	H57	246333	0	1	5167	1	0	5000	other	0
MPR_RBM10799	3	Picture	F56	271833	0	1	5167	1	0	5000	other	0
MPR_RBM10799	4	Picture	U54	298667	0	1	5167	1	0	5000	other	0
MPR_RBM10799	5	Picture	U54	324333	0	1	5167	1	0	5000	other	0
MPR_RBM10799	6	Picture	F56	350000	0	1	5167	1	0	5000	hit	8
MPR_RBM10799	6	Response	2	354296	4295	0
MPR_RBM10799	7	Picture	U54	378167	0	1	5167	1	0	5000	hit	10
MPR_RBM10799	7	Response	2	383302	5136	0
MPR_RBM10799	8	Picture	F56	406000	0	1	5167	1	0	5000	other	0
MPR_RBM10799	9	Picture	F56	434000	0	1	5167	1	0	5000	miss	0
MPR_RBM10799	10	Picture	U54	461333	0	1	5167	1	0	5000	hit	14
MPR_RBM10799	10	Response	2	465642	4308	0
MPR_RBM10799	11	Picture	A50	488167	0	1	5167	1	0	5000	other	0
MPR_RBM10799	12	Picture	O53	513500	0	1	5167	1	0	5000	other	0
MPR_RBM10799	13	Picture	U54	539000	0	1	5167	1	0	5000	hit	18
MPR_RBM10799	13	Response	2	543146	4146	0
MPR_RBM10799	14	Picture	M59	566167	0	1	5167	1	0	5000	other	0
MPR_RBM10799	15	Picture	O53	591500	0	1	5167	1	0	5000	hit	21
MPR_RBM10799	15	Response	2	597120	5620	0
MPR_RBM10799	16	Picture	E51	617667	0	1	5167	1	0	5000	other	0
MPR_RBM10799	17	Picture	O53	644167	0	1	5167	1	0	5000	other	0
MPR_RBM10799	18	Picture	U54	671667	0	1	5167	1	0	5000	other	0
MPR_RBM10799	19	Picture	E51	699334	0	1	5167	1	0	5000	hit	26
MPR_RBM10799	19	Response	2	703158	3824	0
MPR_RBM10799	20	Picture	H57	725834	0	1	5167	1	0	5000	other	0
MPR_RBM10799	21	Picture	E51	751500	0	1	5167	1	0	5000	false_alarm	29
MPR_RBM10799	21	Response	1	757624	6123	0
MPR_RBM10799	22	Picture	H57	778834	0	1	5167	1	0	5000	other	0
MPR_RBM10799	23	Picture	L58	806000	0	1	5167	1	0	5000	other	0
MPR_RBM10799	24	Picture	L58	833334	0	1	5167	1	0	5000	other	0
MPR_RBM10799	25	Picture	E51	858834	0	1	5167	1	0	5000	false_alarm	34
MPR_RBM10799	25	Response	1	871867	13034	0
MPR_RBM10799	26	Picture	H57	884667	0	1	5167	1	0	5000	false_alarm	36
MPR_RBM10799	26	Response	1	890150	5483	0
MPR_RBM10799	27	Picture	L58	910667	0	1	5167	1	0	5000	miss	0
MPR_RBM10799	28	Picture	L58	936667	0	1	5167	1	0	5000	other	0
MPR_RBM10799	29	Picture	L58	964500	0	1	5167	1	0	5000	false_alarm	40
MPR_RBM10799	29	Response	1	969394	4894	0
MPR_RBM10799	30	Picture	H57	989834	0	1	5167	1	0	5000	other	0
MPR_RBM10799	31	Picture	E51	1016334	0	1	5167	1	0	5000	other	0
MPR_RBM10799	32	Picture	L58	1042667	0	1	5167	1	0	5000	hit	44
MPR_RBM10799	32	Response	2	1046365	3698	0
MPR_RBM10799	33	Picture	U54	1069000	0	1	5167	1	0	5000	other	0
MPR_RBM10799	34	Picture	E51	1095334	0	1	5167	1	0	5000	miss	0
MPR_RBM10799	35	Picture	A50	1122167	0	1	5167	1	0	5000	other	0
MPR_RBM10799	36	Picture	B55	1148334	0	1	5167	1	0	5000	other	0
MPR_RBM10799	37	Picture	E51	1174500	0	1	5167	1	0	5000	hit	50
MPR_RBM10799	37	Response	2	1179347	4847	0
MPR_RBM10799	38	Picture	E51	1202167	0	1	5167	1	0	5000	other	0
MPR_RBM10799	39	Picture	F56	1230000	0	1	5167	1	0	5000	other	0
MPR_RBM10799	40	Picture	E51	1256000	0	1	5167	1	0	5000	hit	54
MPR_RBM10799	40	Response	2	1259971	3970	0
MPR_RBM10799	41	Picture	B55	1282000	0	1	5167	1	0	5000	other	0
MPR_RBM10799	42	Picture	U54	1309667	0	1	5167	1	0	5000	other	0
MPR_RBM10799	43	Picture	B55	1335500	0	1	5167	1	0	5000	other	0
MPR_RBM10799	44	Picture	I52	1363000	0	1	5167	1	0	5000	other	0
MPR_RBM10799	45	Picture	U54	1391000	0	1	5167	1	0	5000	hit	60
MPR_RBM10799	45	Response	2	1394918	3917	0
MPR_RBM10799	46	Picture	E51	1416667	0	1	5167	1	0	5000	other	0
MPR_RBM10799	47	Picture	I52	1443667	0	1	5167	1	0	5000	hit	63
MPR_RBM10799	47	Response	2	1454192	10525	0
MPR_RBM10799	48	Picture	O53	1470334	0	1	5167	1	0	5000	other	0
MPR_RBM10799	49	Picture	A50	1496834	0	1	5167	1	0	5000	other	0
MPR_RBM10799	50	Picture	O53	1523001	0	1	5167	1	0	5000	false_alarm	67
MPR_RBM10799	50	Response	1	1535295	12294	0
MPR_RBM10799	51	Picture	O53	1549667	0	1	5167	1	0	5000	miss	0
MPR_RBM10799	52	Picture	O53	1577834	0	1	5167	1	0	5000	other	0
MPR_RBM10799	53	Picture	O53	1603167	0	1	5167	1	0	5000	hit	71
MPR_RBM10799	53	Response	2	1606988	3821	0
MPR_RBM10799	54	Picture	M59	1630167	0	1	5167	1	0	5000	other	0
MPR_RBM10799	55	Picture	A50	1656501	0	1	5167	1	0	5000	other	0
MPR_RBM10799	56	Picture	O53	1684167	0	1	5167	1	0	5000	hit	75
MPR_RBM10799	56	Response	2	1688652	4485	0
MPR_RBM10799	57	Picture	E51	1710501	0	1	5167	1	0	5000	other	0
MPR_RBM10799	58	Picture	A50	1735834	0	1	5167	1	0	5000	hit	78
MPR_RBM10799	58	Response	2	1744927	9093	0
MPR_RBM10799	59	Picture	E51	1761667	0	1	5167	1	0	5000	false_alarm	80
MPR_RBM10799	59	Response	1	1765530	3863	0
MPR_RBM10799	60	Picture	U54	1789167	0	1	5167	1	0	5000	other	0
MPR_RBM10799	61	Picture	A50	1815167	0	1	5167	1	0	5000	miss	0
