Scenario - 
Logfile written - 01/08/2020 14:10:51

Subject	Trial	Event Type	Code	Time	TTime	Uncertainty	Duration	Uncertainty	ReqTime	ReqDur	Stim Type	Pair Index

MPR_AUA0310	1	Picture	Start	167	0	1	58167	1	0	next	false_alarm	2
MPR_AUA0310	1	Response	1	58171	58004	0
MPR_AUA0310	2	Picture	L58	65667	0	1	5167	1	0	5000	other	0
MPR_AUA0310	3	Picture	B55	93000	0	1	5167	1	0	5000	other	0
MPR_AUA0310	4	Picture	H57	118833	0	1	5167	1	0	5000	other	0
MPR_AUA0310	5	Picture	L58	146833	0	1	5167	1	0	5000	hit	7
MPR_AUA0310	5	Response	2	153926	7092	0
MPR_AUA0310	6	Picture	M59	172667	0	1	5167	1	0	5000	other	0
MPR_AUA0310	7	Picture	H57	199667	0	1	5167	1	0	5000	hit	10
MPR_AUA0310	7	Response	2	213732	14066	0
MPR_AUA0310	8	Picture	L58	226167	0	1	5167	1	0	5000	miss	0
MPR_AUA0310	9	Picture	M59	252667	0	1	5167	1	0	5000	hit	13
MPR_AUA0310	9	Response	2	264395	11728	0
MPR_AUA0310	10	Picture	H57	279167	0	1	5167	1	0	5000	miss	0
MPR_AUA0310	11	Picture	O53	306500	0	1	5167	1	0	5000	other	0
MPR_AUA0310	12	Picture	M59	333333	0	1	5167	1	0	5000	miss	0
MPR_AUA0310	13	Picture	H57	359667	0	1	5167	1	0	5000	hit	18
MPR_AUA0310	13	Response	2	367580	7913	0
MPR_AUA0310	14	Picture	O53	385000	0	1	5167	1	0	5000	hit	20
MPR_AUA0310	14	Response	2	394750	9750	0
MPR_AUA0310	15	Picture	O53	412833	0	1	5167	1	0	5000	other	0
MPR_AUA0310	16	Picture	I52	438667	0	1	5167	1	0	5000	other	0
MPR_AUA0310	17	Picture	L58	465333	0	1	5167	1	0	5000	other	0
MPR_AUA0310	18	Picture	L58	491167	0	1	5167	1	0	5000	other	0
MPR_AUA0310	19	Picture	B55	519000	0	1	5167	1	0	5000	other	0
MPR_AUA0310	20	Picture	L58	545833	0	1	5167	1	0	5000	hit	27
MPR_AUA0310	20	Response	2	555534	9701	0
MPR_AUA0310	21	Picture	L58	573833	0	1	5167	1	0	5000	miss	0
MPR_AUA0310	22	Picture	M59	601667	0	1	5167	1	0	5000	other	0
MPR_AUA0310	23	Picture	I52	627333	0	1	5167	1	0	5000	false_alarm	31
MPR_AUA0310	23	Response	1	645134	17801	0
MPR_AUA0310	24	Picture	L58	652667	0	1	5167	1	0	5000	miss	0
MPR_AUA0310	25	Picture	U54	678167	0	1	5167	1	0	5000	other	0
MPR_AUA0310	26	Picture	A50	704500	0	1	5167	1	0	5000	other	0
MPR_AUA0310	27	Picture	H57	731334	0	1	5167	1	0	5000	other	0
MPR_AUA0310	28	Picture	U54	759000	0	1	5167	1	0	5000	hit	37
MPR_AUA0310	28	Response	2	774722	15722	0
MPR_AUA0310	29	Picture	M59	784500	0	1	5167	1	0	5000	other	0
MPR_AUA0310	30	Picture	O53	811167	0	1	5167	1	0	5000	other	0
MPR_AUA0310	31	Picture	A50	837500	0	1	5167	1	0	5000	other	0
MPR_AUA0310	32	Picture	A50	864500	0	1	5167	1	0	5000	other	0
MPR_AUA0310	33	Picture	B55	891000	0	1	5167	1	0	5000	other	0
MPR_AUA0310	34	Picture	E51	918000	0	1	5167	1	0	5000	other	0
MPR_AUA0310	35	Picture	O53	945667	0	1	5167	1	0	5000	other	0
MPR_AUA0310	36	Picture	F56	972000	0	1	5167	1	0	5000	other	0
MPR_AUA0310	37	Picture	F56	1000000	0	1	5167	1	0	5000	other	0
MPR_AUA0310	38	Picture	I52	1025834	0	1	5167	1	0	5000	other	0
MPR_AUA0310	39	Picture	H57	1052667	0	1	5167	1	0	5000	other	0
MPR_AUA0310	40	Picture	I52	1079000	0	1	5167	1	0	5000	other	0
MPR_AUA0310	41	Picture	I52	1104334	0	1	5167	1	0	5000	hit	51
MPR_AUA0310	41	Response	2	1116384	12050	0
MPR_AUA0310	42	Picture	U54	1131667	0	1	5167	1	0	5000	other	0
MPR_AUA0310	43	Picture	B55	1159334	0	1	5167	1	0	5000	other	0
MPR_AUA0310	44	Picture	E51	1186167	0	1	5167	1	0	5000	other	0
MPR_AUA0310	45	Picture	A50	1213000	0	1	5167	1	0	5000	other	0
MPR_AUA0310	46	Picture	L58	1240834	0	1	5167	1	0	5000	other	0
MPR_AUA0310	47	Picture	H57	1267667	0	1	5167	1	0	5000	other	0
MPR_AUA0310	48	Picture	A50	1293500	0	1	5167	1	0	5000	hit	59
MPR_AUA0310	48	Response	2	1309266	15766	0
MPR_AUA0310	49	Picture	O53	1320334	0	1	5167	1	0	5000	other	0
MPR_AUA0310	50	Picture	H57	1346334	0	1	5167	1	0	5000	miss	0
MPR_AUA0310	51	Picture	H57	1373500	0	1	5167	1	0	5000	other	0
MPR_AUA0310	52	Picture	L58	1399500	0	1	5167	1	0	5000	false_alarm	64
MPR_AUA0310	52	Response	1	1413392	13892	0
MPR_AUA0310	53	Picture	E51	1425000	0	1	5167	1	0	5000	other	0
MPR_AUA0310	54	Picture	H57	1452000	0	1	5167	1	0	5000	miss	0
MPR_AUA0310	55	Picture	H57	1477500	0	1	5167	1	0	5000	other	0
MPR_AUA0310	56	Picture	L58	1503667	0	1	5167	1	0	5000	other	0
MPR_AUA0310	57	Picture	H57	1531501	0	1	5167	1	0	5000	miss	0
MPR_AUA0310	58	Picture	H57	1556834	0	1	5167	1	0	5000	hit	71
MPR_AUA0310	58	Response	2	1568223	11389	0
MPR_AUA0310	59	Picture	F56	1582667	0	1	5167	1	0	5000	other	0
MPR_AUA0310	60	Picture	H57	1610334	0	1	5167	1	0	5000	miss	0
MPR_AUA0310	61	Picture	H57	1638334	0	1	5167	1	0	5000	hit	75
MPR_AUA0310	61	Response	2	1645607	7273	0
