Scenario - 
Logfile written - 09/17/2019 13:48:55

Subject	Trial	Event Type	Code	Time	TTime	Uncertainty	Duration	Uncertainty	ReqTime	ReqDur	Stim Type	Pair Index

MPR_KWS0749	1	Picture	Start	167	0	1	38167	1	0	next	false_alarm	2
MPR_KWS0749	1	Response	1	38310	38143	0
MPR_KWS0749	1	Response	1	38517	38350	0
MPR_KWS0749	2	Picture	B55	44167	0	1	5167	1	0	5000	other	0
MPR_KWS0749	3	Picture	O53	70333	0	1	5167	1	0	5000	other	0
MPR_KWS0749	4	Picture	L58	96667	0	1	5167	1	0	5000	other	0
MPR_KWS0749	5	Picture	A50	122167	0	1	5167	1	0	5000	other	0
MPR_KWS0749	6	Picture	E51	148500	0	1	5167	1	0	5000	other	0
MPR_KWS0749	7	Picture	F56	175167	0	1	5167	1	0	5000	other	0
MPR_KWS0749	8	Picture	L58	201167	0	1	5167	1	0	5000	other	0
MPR_KWS0749	9	Picture	U54	228667	0	1	5167	1	0	5000	other	0
MPR_KWS0749	10	Picture	O53	254833	0	1	5167	1	0	5000	other	0
MPR_KWS0749	11	Picture	L58	282333	0	1	5167	1	0	5000	hit	14
MPR_KWS0749	11	Response	2	289001	6668	0
MPR_KWS0749	12	Picture	U54	310000	0	1	5167	1	0	5000	miss	0
MPR_KWS0749	13	Picture	O53	335833	0	1	5167	1	0	5000	miss	0
MPR_KWS0749	14	Picture	E51	361833	0	1	5167	1	0	5000	other	0
MPR_KWS0749	15	Picture	U54	389000	0	1	5167	1	0	5000	hit	19
MPR_KWS0749	15	Response	2	398821	9821	0
MPR_KWS0749	16	Picture	O53	414667	0	1	5167	1	0	5000	miss	0
MPR_KWS0749	17	Picture	E51	442167	0	1	5167	1	0	5000	miss	0
MPR_KWS0749	18	Picture	U54	470000	0	1	5167	1	0	5000	miss	0
MPR_KWS0749	19	Picture	O53	497167	0	1	5167	1	0	5000	hit	24
MPR_KWS0749	19	Response	2	503093	5926	0
MPR_KWS0749	20	Picture	M59	525000	0	1	5167	1	0	5000	other	0
MPR_KWS0749	21	Picture	H57	552333	0	1	5167	1	0	5000	other	0
MPR_KWS0749	22	Picture	H57	578333	0	1	5167	1	0	5000	other	0
MPR_KWS0749	23	Picture	M59	603500	0	1	5167	1	0	5000	hit	29
MPR_KWS0749	23	Response	2	609654	6154	0
MPR_KWS0749	24	Picture	U54	629333	0	1	5167	1	0	5000	other	0
MPR_KWS0749	25	Picture	L58	655167	0	1	5167	1	0	5000	other	0
MPR_KWS0749	26	Picture	M59	682667	0	1	5167	1	0	5000	miss	0
MPR_KWS0749	27	Picture	A50	709167	0	1	5167	1	0	5000	other	0
MPR_KWS0749	28	Picture	L58	736667	0	1	5167	1	0	5000	hit	35
MPR_KWS0749	28	Response	2	745955	9288	0
MPR_KWS0749	29	Picture	M59	762500	0	1	5167	1	0	5000	miss	0
MPR_KWS0749	30	Picture	E51	790334	0	1	5167	1	0	5000	other	0
MPR_KWS0749	31	Picture	B55	818167	0	1	5167	1	0	5000	other	0
MPR_KWS0749	32	Picture	M59	845167	0	1	5167	1	0	5000	hit	40
MPR_KWS0749	32	Response	2	854842	9675	0
MPR_KWS0749	33	Picture	O53	873167	0	1	5167	1	0	5000	other	0
MPR_KWS0749	34	Picture	F56	900167	0	1	5167	1	0	5000	other	0
MPR_KWS0749	35	Picture	H57	926834	0	1	5167	1	0	5000	other	0
MPR_KWS0749	36	Picture	L58	952167	0	1	5167	1	0	5000	other	0
MPR_KWS0749	37	Picture	A50	979500	0	1	5167	1	0	5000	other	0
MPR_KWS0749	38	Picture	U54	1005834	0	1	5167	1	0	5000	other	0
MPR_KWS0749	39	Picture	H57	1033834	0	1	5167	1	0	5000	other	0
MPR_KWS0749	40	Picture	L58	1059667	0	1	5167	1	0	5000	false_alarm	49
MPR_KWS0749	40	Response	1	1077131	17464	0
MPR_KWS0749	41	Picture	H57	1084834	0	1	5167	1	0	5000	other	0
MPR_KWS0749	42	Picture	U54	1111667	0	1	5167	1	0	5000	other	0
MPR_KWS0749	43	Picture	E51	1139167	0	1	5167	1	0	5000	other	0
MPR_KWS0749	44	Picture	H57	1164500	0	1	5167	1	0	5000	hit	54
MPR_KWS0749	44	Response	2	1173894	9394	0
MPR_KWS0749	45	Picture	L58	1191334	0	1	5167	1	0	5000	other	0
MPR_KWS0749	46	Picture	F56	1219167	0	1	5167	1	0	5000	other	0
MPR_KWS0749	47	Picture	E51	1246000	0	1	5167	1	0	5000	other	0
MPR_KWS0749	48	Picture	L58	1271667	0	1	5167	1	0	5000	hit	59
MPR_KWS0749	48	Response	2	1279160	7493	0
MPR_KWS0749	49	Picture	F56	1297167	0	1	5167	1	0	5000	miss	0
MPR_KWS0749	50	Picture	M59	1324667	0	1	5167	1	0	5000	other	0
MPR_KWS0749	51	Picture	L58	1352834	0	1	5167	1	0	5000	miss	0
MPR_KWS0749	52	Picture	L58	1380834	0	1	5167	1	0	5000	other	0
MPR_KWS0749	53	Picture	M59	1407834	0	1	5167	1	0	5000	hit	65
MPR_KWS0749	53	Response	2	1412930	5097	0
MPR_KWS0749	54	Picture	U54	1433167	0	1	5167	1	0	5000	other	0
MPR_KWS0749	55	Picture	O53	1459500	0	1	5167	1	0	5000	other	0
MPR_KWS0749	56	Picture	M59	1487167	0	1	5167	1	0	5000	miss	0
MPR_KWS0749	57	Picture	M59	1513834	0	1	5167	1	0	5000	other	0
MPR_KWS0749	58	Picture	O53	1540001	0	1	5167	1	0	5000	hit	71
MPR_KWS0749	58	Response	2	1546937	6937	0
MPR_KWS0749	59	Picture	E51	1565834	0	1	5167	1	0	5000	other	0
MPR_KWS0749	60	Picture	F56	1592167	0	1	5167	1	0	5000	other	0
MPR_KWS0749	61	Picture	I52	1619834	0	1	5167	1	0	5000	other	0
