Scenario - 
Logfile written - 10/17/2019 13:50:10

Subject	Trial	Event Type	Code	Time	TTime	Uncertainty	Duration	Uncertainty	ReqTime	ReqDur	Stim Type	Pair Index

MPR_RBM1079	1	Picture	Start	167	0	1	42500	1	0	next	false_alarm	2
MPR_RBM1079	1	Response	1	42538	42372	0
MPR_RBM1079	3	Sound	H57	47180	14	341			0		other	0
MPR_RBM1079	5	Sound	E51	73167	0	2			0		other	0
MPR_RBM1079	7	Sound	U54	99500	0	2			0		other	0
MPR_RBM1079	9	Sound	H57	126334	0	2			0		hit	7
MPR_RBM1079	9	Response	2	134230	7896	0
MPR_RBM1079	11	Sound	M59	153000	0	2			0		other	0
MPR_RBM1079	13	Sound	L58	178334	0	2			0		other	0
MPR_RBM1079	15	Sound	F56	205167	0	2			0		other	0
MPR_RBM1079	17	Sound	L58	230000	0	2			0		other	0
MPR_RBM1079	19	Sound	U54	255334	0	2			0		other	0
MPR_RBM1079	21	Sound	A50	280334	0	2			0		other	0
MPR_RBM1079	23	Sound	L58	304667	0	2			0		miss	0
MPR_RBM1079	25	Sound	M59	329834	0	2			0		false_alarm	16
MPR_RBM1079	25	Response	1	338066	8232	0
MPR_RBM1079	27	Sound	M59	356500	0	2			0		other	0
MPR_RBM1079	29	Sound	L58	380834	0	2			0		miss	0
MPR_RBM1079	31	Sound	A50	407500	0	2			0		other	0
MPR_RBM1079	33	Sound	M59	434167	0	2			0		hit	21
MPR_RBM1079	33	Response	2	439487	5320	0
MPR_RBM1079	35	Sound	U54	460167	0	2			0		other	0
MPR_RBM1079	37	Sound	E51	487167	0	2			0		other	0
MPR_RBM1079	39	Sound	I52	513334	0	2			0		other	0
MPR_RBM1079	41	Sound	A50	537834	0	2			0		false_alarm	26
MPR_RBM1079	41	Response	1	550576	12743	0
MPR_RBM1079	43	Sound	U54	563501	0	2			0		other	0
MPR_RBM1079	45	Sound	H57	589834	0	2			0		other	0
MPR_RBM1079	47	Sound	A50	614334	0	2			0		miss	0
MPR_RBM1079	49	Sound	E51	639334	0	2			0		other	0
MPR_RBM1079	51	Sound	E51	665501	0	2			0		other	0
MPR_RBM1079	53	Sound	A50	690501	0	2			0		hit	33
MPR_RBM1079	53	Response	2	702814	12314	0
MPR_RBM1079	55	Sound	E51	717501	0	2			0		miss	0
MPR_RBM1079	57	Sound	F56	742334	0	2			0		other	0
MPR_RBM1079	59	Sound	L58	768167	0	2			0		other	0
MPR_RBM1079	61	Sound	E51	794001	0	2			0		hit	38
MPR_RBM1079	61	Response	2	806250	12250	0
MPR_RBM1079	63	Sound	F56	819667	0	2			0		hit	40
MPR_RBM1079	63	Response	2	833163	13496	0
MPR_RBM1079	65	Sound	F56	844167	0	2			0		false_alarm	42
MPR_RBM1079	65	Response	1	856350	12184	0
MPR_RBM1079	67	Sound	E51	868834	0	2			0		miss	0
MPR_RBM1079	69	Sound	B55	895001	0	2			0		other	0
MPR_RBM1079	71	Sound	E51	920001	0	2			0		other	0
MPR_RBM1079	73	Sound	E51	945167	0	2			0		hit	47
MPR_RBM1079	73	Response	2	951736	6569	0
MPR_RBM1079	75	Sound	U54	972334	0	2			0		other	0
MPR_RBM1079	77	Sound	B55	996667	0	2			0		other	0
MPR_RBM1079	79	Sound	M59	1021667	0	2			0		other	0
MPR_RBM1079	81	Sound	H57	1047001	0	2			0		other	0
MPR_RBM1079	83	Sound	B55	1074167	0	2			0		hit	53
MPR_RBM1079	83	Response	2	1083517	9350	0
MPR_RBM1079	85	Sound	A50	1099834	0	2			0		other	0
MPR_RBM1079	87	Sound	F56	1124167	0	2			0		other	0
MPR_RBM1079	89	Sound	I52	1149001	0	2			0		other	0
MPR_RBM1079	91	Sound	A50	1174501	1	2			0		hit	58
MPR_RBM1079	91	Response	2	1180458	5958	0
MPR_RBM1079	93	Sound	H57	1200834	0	2			0		other	0
MPR_RBM1079	95	Sound	I52	1227167	0	2			0		miss	0
MPR_RBM1079	97	Sound	A50	1252001	0	2			0		miss	0
MPR_RBM1079	99	Sound	A50	1277834	0	2			0		other	0
MPR_RBM1079	101	Sound	L58	1303834	0	2			0		other	0
MPR_RBM1079	103	Sound	A50	1330667	0	2			0		hit	65
MPR_RBM1079	103	Response	2	1339769	9102	0
MPR_RBM1079	105	Sound	M59	1357834	0	2			0		other	0
MPR_RBM1079	107	Sound	I52	1383168	0	2			0		other	0
MPR_RBM1079	109	Sound	A50	1409501	0	2			0		hit	69
MPR_RBM1079	109	Response	2	1425455	15954	0
MPR_RBM1079	111	Sound	O53	1435168	0	2			0		other	0
MPR_RBM1079	113	Sound	I52	1460834	0	2			0		miss	0
MPR_RBM1079	115	Sound	A50	1488001	0	2			0		miss	0
MPR_RBM1079	117	Sound	E51	1514001	0	2			0		other	0
MPR_RBM1079	119	Sound	B55	1539501	1	2			0		other	0
MPR_RBM1079	121	Sound	E51	1564168	0	2			0		false_alarm	76
MPR_RBM1079	121	Response	1	1577456	13289	0
