Scenario - 
Logfile written - 03/09/2020 09:47:46

Subject	Trial	Event Type	Code	Time	TTime	Uncertainty	Duration	Uncertainty	ReqTime	ReqDur	Stim Type	Pair Index

UMA_MDG1232	1	Picture	Start	167	0	1	1190667	1	0	next	false_alarm	2
UMA_MDG1232	1	Response	1	1190811	1190645	0
UMA_MDG1232	2	Picture	U54	1198334	0	1	5167	1	0	5000	other	0
UMA_MDG1232	3	Picture	O53	1225500	0	1	5167	1	0	5000	other	0
UMA_MDG1232	4	Picture	B55	1250667	0	1	5167	1	0	5000	other	0
UMA_MDG1232	5	Picture	L58	1277000	0	1	5167	1	0	5000	other	0
UMA_MDG1232	6	Picture	O53	1303834	0	1	5167	1	0	5000	hit	8
UMA_MDG1232	6	Response	2	1310965	7131	0
UMA_MDG1232	7	Picture	I52	1329834	0	1	5167	1	0	5000	other	0
UMA_MDG1232	8	Picture	L58	1355834	0	1	5167	1	0	5000	miss	0
UMA_MDG1232	9	Picture	L58	1382667	0	1	5167	1	0	5000	other	0
UMA_MDG1232	10	Picture	O53	1408667	0	1	5167	1	0	5000	false_alarm	13
UMA_MDG1232	10	Response	1	1427646	18979	0
UMA_MDG1232	11	Picture	L58	1434834	0	1	5167	1	0	5000	miss	0
UMA_MDG1232	12	Picture	B55	1461834	0	1	5167	1	0	5000	other	0
UMA_MDG1232	13	Picture	O53	1488167	0	1	5167	1	0	5000	miss	0
UMA_MDG1232	14	Picture	L58	1516167	0	1	5167	1	0	5000	miss	0
UMA_MDG1232	15	Picture	U54	1543834	0	1	5167	1	0	5000	other	0
UMA_MDG1232	16	Picture	A50	1570667	0	1	5167	1	0	5000	other	0
UMA_MDG1232	17	Picture	U54	1596001	0	1	5167	1	0	5000	other	0
UMA_MDG1232	18	Picture	L58	1623834	0	1	5167	1	0	5000	false_alarm	22
UMA_MDG1232	18	Response	1	1632914	9080	0
UMA_MDG1232	19	Picture	A50	1649001	0	1	5167	1	0	5000	hit	24
UMA_MDG1232	19	Response	2	1660949	11948	0
UMA_MDG1232	20	Picture	H57	1676167	0	1	5167	1	0	5000	other	0
UMA_MDG1232	21	Picture	H57	1701834	0	1	5167	1	0	5000	other	0
UMA_MDG1232	22	Picture	B55	1727501	0	1	5167	1	0	5000	other	0
UMA_MDG1232	23	Picture	H57	1754667	0	1	5167	1	0	5000	hit	29
UMA_MDG1232	23	Response	2	1758704	4037	0
UMA_MDG1232	24	Picture	H57	1780167	0	1	5167	1	0	5000	hit	31
UMA_MDG1232	24	Response	2	1791660	11493	0
UMA_MDG1232	25	Picture	E51	1807667	0	1	5167	1	0	5000	other	0
UMA_MDG1232	26	Picture	A50	1835167	0	1	5167	1	0	5000	other	0
UMA_MDG1232	27	Picture	A50	1861167	0	1	5167	1	0	5000	other	0
UMA_MDG1232	28	Picture	I52	1887334	0	1	5167	1	0	5000	other	0
UMA_MDG1232	29	Picture	I52	1912834	0	1	5167	1	0	5000	other	0
UMA_MDG1232	30	Picture	A50	1938834	0	1	5167	1	0	5000	hit	38
UMA_MDG1232	30	Response	2	1948455	9621	0
UMA_MDG1232	31	Picture	U54	1966667	0	1	5167	1	0	5000	other	0
UMA_MDG1232	32	Picture	O53	1993834	0	1	5167	1	0	5000	other	0
UMA_MDG1232	33	Picture	L58	2021334	0	1	5167	1	0	5000	other	0
UMA_MDG1232	34	Picture	H57	2048001	0	1	5167	1	0	5000	other	0
UMA_MDG1232	35	Picture	E51	2073834	0	1	5167	1	0	5000	other	0
UMA_MDG1232	36	Picture	H57	2099501	0	1	5167	1	0	5000	false_alarm	45
UMA_MDG1232	36	Response	1	2112487	12986	0
UMA_MDG1232	37	Picture	E51	2127167	0	1	5167	1	0	5000	other	0
UMA_MDG1232	38	Picture	E51	2155001	0	1	5167	1	0	5000	hit	48
UMA_MDG1232	38	Response	2	2162297	7297	0
UMA_MDG1232	39	Picture	E51	2182334	0	1	5167	1	0	5000	false_alarm	50
UMA_MDG1232	39	Response	1	2197278	14944	0
UMA_MDG1232	40	Picture	E51	2210501	0	1	5167	1	0	5000	miss	0
UMA_MDG1232	41	Picture	E51	2235834	0	1	5167	1	0	5000	hit	53
UMA_MDG1232	41	Response	2	2244540	8706	0
UMA_MDG1232	42	Picture	E51	2263667	0	1	5167	1	0	5000	miss	0
UMA_MDG1232	43	Picture	O53	2291667	0	1	5167	1	0	5000	other	0
UMA_MDG1232	44	Picture	E51	2318001	0	1	5167	1	0	5000	hit	57
UMA_MDG1232	44	Response	2	2324202	6201	0
UMA_MDG1232	45	Picture	E51	2345667	0	1	5167	1	0	5000	hit	59
UMA_MDG1232	45	Response	2	2364864	19196	0
UMA_MDG1232	46	Picture	B55	2372334	0	1	5167	1	0	5000	other	0
UMA_MDG1232	47	Picture	H57	2398167	0	1	5167	1	0	5000	other	0
UMA_MDG1232	48	Picture	L58	2425834	0	1	5167	1	0	5000	other	0
UMA_MDG1232	49	Picture	B55	2451501	0	1	5167	1	0	5000	miss	0
UMA_MDG1232	50	Picture	H57	2476834	0	1	5167	1	0	5000	hit	65
UMA_MDG1232	50	Response	2	2493550	16716	0
UMA_MDG1232	51	Picture	M59	2502168	0	1	5167	1	0	5000	other	0
UMA_MDG1232	52	Picture	H57	2527834	0	1	5167	1	0	5000	other	0
UMA_MDG1232	53	Picture	H57	2555834	0	1	5167	1	0	5000	miss	0
UMA_MDG1232	54	Picture	E51	2582001	0	1	5166	1	0	5000	other	0
UMA_MDG1232	55	Picture	I52	2608001	0	1	5167	1	0	5000	other	0
UMA_MDG1232	56	Picture	H57	2634501	0	1	5167	1	0	5000	miss	0
UMA_MDG1232	57	Picture	E51	2660168	0	1	5167	1	0	5000	hit	73
UMA_MDG1232	57	Response	2	2668945	8777	0
UMA_MDG1232	58	Picture	M59	2685834	0	1	5167	1	0	5000	other	0
UMA_MDG1232	59	Picture	M59	2713834	0	1	5167	1	0	5000	other	0
UMA_MDG1232	60	Picture	O53	2740334	0	1	5167	1	0	5000	other	0
UMA_MDG1232	61	Picture	A50	2767501	0	1	5167	1	0	5000	other	0
