Scenario - 
Logfile written - 03/09/2020 09:51:26

Subject	Trial	Event Type	Code	Time	TTime	Uncertainty	Duration	Uncertainty	ReqTime	ReqDur	Stim Type	Pair Index

UMA_MDG1232	1	Picture	Start	167	0	1	221500	1	0	next	false_alarm	2
UMA_MDG1232	1	Response	1	221610	221443	0
UMA_MDG1232	3	Sound	O53	226681	14	3457			0		other	0
UMA_MDG1232	5	Sound	I52	251000	0	2			0		other	0
UMA_MDG1232	7	Sound	M59	276667	0	2			0		other	0
UMA_MDG1232	9	Sound	O53	302000	0	2			0		hit	7
UMA_MDG1232	9	Response	2	312116	10116	0
UMA_MDG1232	11	Sound	I52	327667	0	2			0		hit	9
UMA_MDG1232	11	Response	2	339047	11380	0
UMA_MDG1232	13	Sound	L58	353834	0	2			0		other	0
UMA_MDG1232	15	Sound	E51	378334	0	2			0		other	0
UMA_MDG1232	17	Sound	H57	404667	0	2			0		other	0
UMA_MDG1232	19	Sound	L58	429167	0	2			0		hit	14
UMA_MDG1232	19	Response	2	438858	9692	0
UMA_MDG1232	21	Sound	H57	456167	0	2			0		other	0
UMA_MDG1232	23	Sound	O53	482500	0	2			0		other	0
UMA_MDG1232	25	Sound	L58	509667	0	2			0		hit	18
UMA_MDG1232	25	Response	2	519864	10197	0
UMA_MDG1232	27	Sound	U54	535834	0	2			0		other	0
UMA_MDG1232	29	Sound	A50	563001	0	2			0		other	0
UMA_MDG1232	31	Sound	A50	588334	0	2			0		other	0
UMA_MDG1232	33	Sound	M59	613834	0	2			0		other	0
UMA_MDG1232	35	Sound	H57	640501	0	2			0		other	0
UMA_MDG1232	37	Sound	I52	666334	0	2			0		other	0
UMA_MDG1232	39	Sound	H57	693167	0	2			0		false_alarm	26
UMA_MDG1232	39	Response	1	703724	10557	0
UMA_MDG1232	41	Sound	H57	719668	1	2			0		hit	28
UMA_MDG1232	41	Response	2	735853	16186	0
UMA_MDG1232	43	Sound	O53	746667	0	2			0		other	0
UMA_MDG1232	45	Sound	H57	771834	1	2			0		hit	31
UMA_MDG1232	45	Response	2	786479	14646	0
UMA_MDG1232	47	Sound	I52	798667	0	2			0		other	0
UMA_MDG1232	49	Sound	O53	823501	0	2			0		miss	0
UMA_MDG1232	50	Response	1	844645	978	0
UMA_MDG1232	51	Sound	H57	849667	0	2			0		hit	36
UMA_MDG1232	51	Response	2	864165	14498	0
UMA_MDG1232	53	Sound	H57	876001	0	2			0		other	0
UMA_MDG1232	55	Sound	O53	901834	0	2			0		hit	39
UMA_MDG1232	55	Response	2	914828	12995	0
UMA_MDG1232	57	Sound	H57	926834	0	2			0		hit	41
UMA_MDG1232	57	Response	2	942695	15861	0
UMA_MDG1232	59	Sound	L58	952334	0	2			0		other	0
UMA_MDG1232	61	Sound	O53	977667	0	2			0		hit	44
UMA_MDG1232	61	Response	2	988831	11164	0
UMA_MDG1232	63	Sound	H57	1002334	0	2			0		hit	46
UMA_MDG1232	63	Response	2	1018825	16492	0
UMA_MDG1232	65	Sound	E51	1028834	0	2			0		other	0
UMA_MDG1232	67	Sound	O53	1055667	0	2			0		miss	0
UMA_MDG1232	69	Sound	E51	1082501	0	2			0		other	0
UMA_MDG1232	71	Sound	E51	1108001	0	2			0		hit	51
UMA_MDG1232	71	Response	2	1116680	8680	0
UMA_MDG1232	73	Sound	O53	1132334	0	2			0		hit	53
UMA_MDG1232	73	Response	2	1142935	10602	0
UMA_MDG1232	75	Sound	F56	1157001	0	2			0		other	0
UMA_MDG1232	77	Sound	B55	1183667	0	2			0		other	0
UMA_MDG1232	79	Sound	M59	1208001	0	2			0		other	0
UMA_MDG1232	81	Sound	F56	1234001	0	2			0		hit	58
UMA_MDG1232	81	Response	2	1239877	5877	0
UMA_MDG1232	83	Sound	B55	1259501	0	2			0		hit	60
UMA_MDG1232	83	Response	2	1266228	6728	0
UMA_MDG1232	85	Sound	E51	1284167	0	2			0		other	0
UMA_MDG1232	87	Sound	A50	1309501	0	2			0		other	0
UMA_MDG1232	89	Sound	B55	1335001	0	2			0		hit	64
UMA_MDG1232	89	Response	2	1352100	17100	0
UMA_MDG1232	91	Sound	U54	1359668	0	2			0		other	0
UMA_MDG1232	93	Sound	E51	1384168	0	2			0		other	0
UMA_MDG1232	95	Sound	A50	1411334	0	2			0		other	0
UMA_MDG1232	97	Sound	I52	1437668	0	2			0		other	0
UMA_MDG1232	99	Sound	H57	1462001	0	2			0		other	0
UMA_MDG1232	101	Sound	M59	1487168	0	2			0		other	0
UMA_MDG1232	103	Sound	U54	1513334	0	2			0		other	0
UMA_MDG1232	105	Sound	F56	1539334	0	2			0		other	0
UMA_MDG1232	107	Sound	H57	1565001	0	2			0		false_alarm	74
UMA_MDG1232	107	Response	1	1572147	7146	0
UMA_MDG1232	109	Sound	U54	1590334	0	2			0		hit	76
UMA_MDG1232	109	Response	2	1609367	19033	0
UMA_MDG1232	111	Sound	O53	1617168	0	2			0		other	0
UMA_MDG1232	113	Sound	E51	1644168	0	2			0		other	0
UMA_MDG1232	115	Sound	I52	1669501	1	2			0		other	0
UMA_MDG1232	117	Sound	F56	1694668	0	2			0		other	0
UMA_MDG1232	119	Sound	H57	1720668	0	2			0		other	0
UMA_MDG1232	121	Sound	A50	1747501	0	2			0		other	0
