Scenario - 
Logfile written - 02/27/2020 14:23:26

Subject	Trial	Event Type	Code	Time	TTime	Uncertainty	Duration	Uncertainty	ReqTime	ReqDur	Stim Type	Pair Index

UPR_CBA0104	1	Picture	Start	167	0	1	50667	1	0	next	false_alarm	2
UPR_CBA0104	1	Response	1	50687	50520	0
UPR_CBA0104	2	Picture	B55	57667	0	1	5167	1	0	5000	other	0
UPR_CBA0104	3	Picture	L58	83667	0	1	5167	1	0	5000	other	0
UPR_CBA0104	4	Picture	I52	109167	0	1	5167	1	0	5000	other	0
UPR_CBA0104	5	Picture	B55	137167	0	1	5167	1	0	5000	hit	7
UPR_CBA0104	5	Response	2	145056	7889	0
UPR_CBA0104	6	Picture	L58	163833	0	1	5167	1	0	5000	hit	9
UPR_CBA0104	6	Response	2	171952	8119	0
UPR_CBA0104	7	Picture	B55	191167	0	1	5167	1	0	5000	other	0
UPR_CBA0104	8	Picture	E51	219167	0	1	5167	1	0	5000	other	0
UPR_CBA0104	9	Picture	L58	244833	0	1	5167	1	0	5000	miss	0
UPR_CBA0104	10	Picture	E51	272000	0	1	5167	1	0	5000	other	0
UPR_CBA0104	11	Picture	E51	297667	0	1	5167	1	0	5000	hit	15
UPR_CBA0104	11	Response	2	309967	12300	0
UPR_CBA0104	12	Picture	L58	325833	0	1	5167	1	0	5000	miss	0
UPR_CBA0104	13	Picture	E51	351000	0	1	5167	1	0	5000	miss	0
UPR_CBA0104	14	Picture	U54	379000	0	1	5167	1	0	5000	other	0
UPR_CBA0104	15	Picture	A50	404333	0	1	5167	1	0	5000	other	0
UPR_CBA0104	16	Picture	M59	431167	0	1	5167	1	0	5000	other	0
UPR_CBA0104	17	Picture	U54	456500	0	1	5167	1	0	5000	hit	22
UPR_CBA0104	17	Response	2	465114	8614	0
UPR_CBA0104	18	Picture	A50	482667	0	1	5167	1	0	5000	hit	24
UPR_CBA0104	18	Response	2	495149	12482	0
UPR_CBA0104	19	Picture	L58	508333	0	1	5167	1	0	5000	other	0
UPR_CBA0104	20	Picture	B55	536000	0	1	5167	1	0	5000	other	0
UPR_CBA0104	21	Picture	I52	561500	0	1	5167	1	0	5000	other	0
UPR_CBA0104	22	Picture	L58	587000	0	1	5167	1	0	5000	hit	29
UPR_CBA0104	22	Response	2	595037	8037	0
UPR_CBA0104	23	Picture	E51	613833	0	1	5167	1	0	5000	other	0
UPR_CBA0104	24	Picture	H57	641834	0	1	5167	1	0	5000	other	0
UPR_CBA0104	25	Picture	L58	668167	0	1	5167	1	0	5000	miss	0
UPR_CBA0104	26	Picture	B55	693334	0	1	5167	1	0	5000	other	0
UPR_CBA0104	27	Picture	L58	720834	0	1	5167	1	0	5000	other	0
UPR_CBA0104	28	Picture	L58	748000	0	1	5167	1	0	5000	miss	0
UPR_CBA0104	29	Picture	A50	774834	0	1	5167	1	0	5000	other	0
UPR_CBA0104	30	Picture	L58	801667	0	1	5167	1	0	5000	miss	0
UPR_CBA0104	31	Picture	L58	827000	0	1	5167	1	0	5000	miss	0
UPR_CBA0104	32	Picture	L58	853834	0	1	5167	1	0	5000	other	0
UPR_CBA0104	33	Picture	A50	879000	0	1	5167	1	0	5000	other	0
UPR_CBA0104	34	Picture	F56	906334	0	1	5167	1	0	5000	other	0
UPR_CBA0104	35	Picture	H57	932667	0	1	5167	1	0	5000	other	0
UPR_CBA0104	36	Picture	H57	959667	0	1	5167	1	0	5000	other	0
UPR_CBA0104	37	Picture	E51	986334	0	1	5167	1	0	5000	other	0
UPR_CBA0104	38	Picture	U54	1013834	0	1	5167	1	0	5000	other	0
UPR_CBA0104	39	Picture	F56	1041500	0	1	5167	1	0	5000	other	0
UPR_CBA0104	40	Picture	O53	1067167	0	1	5167	1	0	5000	other	0
UPR_CBA0104	41	Picture	O53	1093000	0	1	5167	1	0	5000	other	0
UPR_CBA0104	42	Picture	E51	1121000	0	1	5167	1	0	5000	other	0
UPR_CBA0104	43	Picture	B55	1146667	0	1	5167	1	0	5000	other	0
UPR_CBA0104	44	Picture	H57	1173000	0	1	5167	1	0	5000	other	0
UPR_CBA0104	45	Picture	E51	1199667	0	1	5167	1	0	5000	miss	0
UPR_CBA0104	46	Picture	A50	1226667	0	1	5167	1	0	5000	other	0
UPR_CBA0104	47	Picture	U54	1252167	0	1	5167	1	0	5000	other	0
UPR_CBA0104	48	Picture	E51	1279834	0	1	5167	1	0	5000	miss	0
UPR_CBA0104	49	Picture	L58	1306834	0	1	5167	1	0	5000	other	0
UPR_CBA0104	50	Picture	U54	1332334	0	1	5167	1	0	5000	miss	0
UPR_CBA0104	51	Picture	U54	1357667	0	1	5167	1	0	5000	other	0
UPR_CBA0104	52	Picture	L58	1383167	0	1	5167	1	0	5000	hit	60
UPR_CBA0104	52	Response	2	1389858	6691	0
UPR_CBA0104	53	Picture	A50	1410500	0	1	5167	1	0	5000	other	0
UPR_CBA0104	54	Picture	A50	1437834	0	1	5167	1	0	5000	other	0
UPR_CBA0104	55	Picture	L58	1464167	0	1	5167	1	0	5000	miss	0
UPR_CBA0104	56	Picture	A50	1492167	0	1	5167	1	0	5000	hit	65
UPR_CBA0104	56	Response	2	1502887	10720	0
UPR_CBA0104	57	Picture	L58	1520167	0	1	5167	1	0	5000	other	0
UPR_CBA0104	58	Picture	O53	1547001	0	1	5167	1	0	5000	other	0
UPR_CBA0104	59	Picture	F56	1572667	0	1	5167	1	0	5000	other	0
UPR_CBA0104	60	Picture	O53	1598834	0	1	5167	1	0	5000	other	0
UPR_CBA0104	61	Picture	O53	1626667	0	1	5167	1	0	5000	hit	71
UPR_CBA0104	61	Response	2	1630306	3639	0
