Scenario - 
Logfile written - 02/27/2020 14:19:57

Subject	Trial	Event Type	Code	Time	TTime	Uncertainty	Duration	Uncertainty	ReqTime	ReqDur	Stim Type	Pair Index

UPR_CBA0104	1	Picture	Start	833	0	1	1399501	1	0	next	false_alarm	2
UPR_CBA0104	1	Response	1	1400170	1399336	0
UPR_CBA0104	3	Sound	M59	1407350	16	349			0		other	0
UPR_CBA0104	5	Sound	I52	1433168	0	2			0		other	0
UPR_CBA0104	7	Sound	A50	1460001	0	2			0		other	0
UPR_CBA0104	9	Sound	M59	1484834	0	2			0		hit	7
UPR_CBA0104	9	Response	2	1496028	11194	0
UPR_CBA0104	11	Sound	I52	1509501	0	2			0		hit	9
UPR_CBA0104	11	Response	2	1520265	10764	0
UPR_CBA0104	13	Sound	B55	1534334	0	2			0		other	0
UPR_CBA0104	15	Sound	M59	1561334	0	2			0		miss	0
UPR_CBA0104	17	Sound	M59	1587001	0	2			0		other	0
UPR_CBA0104	19	Sound	F56	1613168	0	2			0		other	0
UPR_CBA0104	21	Sound	M59	1640168	0	2			0		hit	15
UPR_CBA0104	21	Response	2	1645542	5375	0
UPR_CBA0104	23	Sound	B55	1665001	0	2			0		other	0
UPR_CBA0104	25	Sound	A50	1691334	0	2			0		other	0
UPR_CBA0104	27	Sound	H57	1718501	0	2			0		other	0
UPR_CBA0104	29	Sound	I52	1745334	0	2			0		other	0
UPR_CBA0104	31	Sound	A50	1771168	0	2			0		hit	21
UPR_CBA0104	31	Response	2	1785216	14048	0
UPR_CBA0104	33	Sound	H57	1797668	0	2			0		miss	0
UPR_CBA0104	35	Sound	E51	1824168	0	2			0		other	0
UPR_CBA0104	37	Sound	L58	1849001	0	2			0		other	0
UPR_CBA0104	39	Sound	A50	1875501	0	2			0		other	0
UPR_CBA0104	41	Sound	E51	1901168	0	2			0		hit	27
UPR_CBA0104	41	Response	2	1910686	9519	0
UPR_CBA0104	43	Sound	H57	1925834	0	2			0		other	0
UPR_CBA0104	45	Sound	I52	1951501	0	2			0		other	0
UPR_CBA0104	47	Sound	E51	1978834	0	2			0		miss	0
UPR_CBA0104	49	Sound	H57	2005001	0	2			0		miss	0
UPR_CBA0104	51	Sound	I52	2031001	0	2			0		hit	33
UPR_CBA0104	51	Response	2	2044367	13367	0
UPR_CBA0104	53	Sound	E51	2057168	0	2			0		hit	35
UPR_CBA0104	53	Response	2	2068363	11196	0
UPR_CBA0104	55	Sound	M59	2084334	0	2			0		other	0
UPR_CBA0104	57	Sound	L58	2110168	0	2			0		other	0
UPR_CBA0104	59	Sound	U54	2136834	0	2			0		other	0
UPR_CBA0104	61	Sound	M59	2161501	0	2			0		hit	40
UPR_CBA0104	61	Response	2	2171924	10423	0
UPR_CBA0104	63	Sound	F56	2188501	1	2			0		other	0
UPR_CBA0104	65	Sound	O53	2213168	1	2			0		other	0
UPR_CBA0104	67	Sound	L58	2240168	0	2			0		other	0
UPR_CBA0104	69	Sound	E51	2265668	0	2			0		other	0
UPR_CBA0104	71	Sound	I52	2292501	0	2			0		other	0
UPR_CBA0104	73	Sound	F56	2317001	0	2			0		false_alarm	47
UPR_CBA0104	73	Response	1	2332214	15213	0
UPR_CBA0104	75	Sound	H57	2343668	0	2			0		other	0
UPR_CBA0104	77	Sound	O53	2370668	0	2			0		other	0
UPR_CBA0104	79	Sound	O53	2397501	0	2			0		other	0
UPR_CBA0104	81	Sound	B55	2424501	0	2			0		other	0
UPR_CBA0104	83	Sound	E51	2448835	0	2			0		other	0
UPR_CBA0104	85	Sound	O53	2475001	0	2			0		hit	54
UPR_CBA0104	85	Response	2	2482332	7331	0
UPR_CBA0104	87	Sound	L58	2500668	0	2			0		other	0
UPR_CBA0104	89	Sound	L58	2527001	0	2			0		other	0
UPR_CBA0104	91	Sound	A50	2553835	0	2			0		other	0
UPR_CBA0104	93	Sound	L58	2578168	0	2			0		hit	59
UPR_CBA0104	93	Response	2	2589736	11569	0
UPR_CBA0104	95	Sound	A50	2605001	0	2			0		false_alarm	61
UPR_CBA0104	95	Response	1	2618165	13164	0
UPR_CBA0104	97	Sound	H57	2631168	0	2			0		other	0
UPR_CBA0104	99	Sound	L58	2657668	0	2			0		miss	0
UPR_CBA0104	101	Sound	A50	2684335	0	2			0		miss	0
UPR_CBA0104	103	Sound	H57	2709835	0	2			0		miss	0
UPR_CBA0104	105	Sound	O53	2735501	0	2			0		other	0
UPR_CBA0104	107	Sound	O53	2761668	0	2			0		other	0
UPR_CBA0104	109	Sound	H57	2788335	0	2			0		hit	69
UPR_CBA0104	109	Response	2	2798043	9709	0
UPR_CBA0104	111	Sound	F56	2814335	0	2			0		other	0
UPR_CBA0104	113	Sound	E51	2840001	0	2			0		other	0
UPR_CBA0104	115	Sound	H57	2866835	0	2			0		miss	0
UPR_CBA0104	117	Sound	F56	2892835	0	2			0		hit	74
UPR_CBA0104	117	Response	2	2910492	17657	0
UPR_CBA0104	119	Sound	I52	2917668	0	2			0		other	0
UPR_CBA0104	121	Sound	A50	2943835	0	2			0		other	0
