Scenario - 
Logfile written - 08/21/2019 13:54:38

Subject	Trial	Event Type	Code	Time	TTime	Uncertainty	Duration	Uncertainty	ReqTime	ReqDur	Stim Type	Pair Index

ÜMA_CE0	1	Picture	Start	167	0	1	42667	1	0	next	false_alarm	2
ÜMA_CE0	1	Response	1	42810	42643	0
ÜMA_CE0	2	Picture	O53	50167	0	1	5167	1	0	5000	other	0
ÜMA_CE0	3	Picture	U54	78167	0	1	5167	1	0	5000	other	0
ÜMA_CE0	4	Picture	I52	105667	0	1	5167	1	0	5000	other	0
ÜMA_CE0	5	Picture	I52	130833	0	1	5167	1	0	5000	other	0
ÜMA_CE0	6	Picture	U54	158500	0	1	5167	1	0	5000	hit	8
ÜMA_CE0	6	Response	2	163128	4628	0
ÜMA_CE0	7	Picture	E51	185167	0	1	5167	1	0	5000	other	0
ÜMA_CE0	8	Picture	I52	211167	0	1	5167	1	0	5000	hit	11
ÜMA_CE0	8	Response	2	214761	3594	0
ÜMA_CE0	9	Picture	U54	238667	0	1	5167	1	0	5000	hit	13
ÜMA_CE0	9	Response	2	249302	10635	0
ÜMA_CE0	10	Picture	E51	264000	0	1	5167	1	0	5000	miss	0
ÜMA_CE0	11	Picture	A50	290667	0	1	5167	1	0	5000	other	0
ÜMA_CE0	12	Picture	I52	318667	0	1	5167	1	0	5000	other	0
ÜMA_CE0	13	Picture	E51	346000	0	1	5167	1	0	5000	miss	0
ÜMA_CE0	14	Picture	H57	371333	0	1	5167	1	0	5000	other	0
ÜMA_CE0	15	Picture	B55	398667	0	1	5167	1	0	5000	other	0
ÜMA_CE0	16	Picture	L58	426000	0	1	5167	1	0	5000	other	0
ÜMA_CE0	17	Picture	L58	452500	0	1	5167	1	0	5000	other	0
ÜMA_CE0	18	Picture	B55	479500	0	1	5167	1	0	5000	hit	23
ÜMA_CE0	18	Response	2	486381	6881	0
ÜMA_CE0	19	Picture	B55	506500	0	1	5167	1	0	5000	other	0
ÜMA_CE0	20	Picture	I52	534333	0	1	5167	1	0	5000	other	0
ÜMA_CE0	21	Picture	A50	562167	0	1	5167	1	0	5000	other	0
ÜMA_CE0	22	Picture	M59	589667	0	1	5167	1	0	5000	other	0
ÜMA_CE0	23	Picture	I52	615333	0	1	5167	1	0	5000	hit	29
ÜMA_CE0	23	Response	2	628105	12772	0
ÜMA_CE0	24	Picture	A50	643334	0	1	5167	1	0	5000	miss	0
ÜMA_CE0	25	Picture	M59	669000	0	1	5167	1	0	5000	miss	0
ÜMA_CE0	26	Picture	U54	696167	0	1	5167	1	0	5000	other	0
ÜMA_CE0	27	Picture	A50	722834	0	1	5167	1	0	5000	hit	34
ÜMA_CE0	27	Response	2	727860	5026	0
ÜMA_CE0	28	Picture	O53	748500	0	1	5167	1	0	5000	other	0
ÜMA_CE0	29	Picture	I52	774000	0	1	5167	1	0	5000	other	0
ÜMA_CE0	30	Picture	A50	800667	0	1	5167	1	0	5000	hit	38
ÜMA_CE0	30	Response	2	809713	9046	0
ÜMA_CE0	31	Picture	A50	827667	0	1	5167	1	0	5000	other	0
ÜMA_CE0	32	Picture	O53	855000	0	1	5167	1	0	5000	other	0
ÜMA_CE0	33	Picture	F56	882834	0	1	5167	1	0	5000	other	0
ÜMA_CE0	34	Picture	A50	910500	0	1	5167	1	0	5000	hit	43
ÜMA_CE0	34	Response	2	923636	13135	0
ÜMA_CE0	35	Picture	O53	936334	0	1	5167	1	0	5000	miss	0
ÜMA_CE0	36	Picture	B55	961667	0	1	5167	1	0	5000	other	0
ÜMA_CE0	37	Picture	U54	989334	0	1	5167	1	0	5000	other	0
ÜMA_CE0	38	Picture	E51	1016834	0	1	5167	1	0	5000	other	0
ÜMA_CE0	39	Picture	H57	1043334	0	1	5167	1	0	5000	other	0
ÜMA_CE0	40	Picture	L58	1068667	0	1	5167	1	0	5000	other	0
ÜMA_CE0	41	Picture	E51	1094834	0	1	5167	1	0	5000	miss	0
ÜMA_CE0	42	Picture	H57	1122667	0	1	5167	1	0	5000	miss	0
ÜMA_CE0	43	Picture	U54	1147834	0	1	5167	1	0	5000	other	0
ÜMA_CE0	44	Picture	O53	1175667	0	1	5167	1	0	5000	other	0
ÜMA_CE0	45	Picture	B55	1202167	0	1	5167	1	0	5000	other	0
ÜMA_CE0	46	Picture	I52	1229834	0	1	5167	1	0	5000	other	0
ÜMA_CE0	47	Picture	O53	1256500	0	1	5167	1	0	5000	hit	57
ÜMA_CE0	47	Response	2	1266149	9648	0
ÜMA_CE0	48	Picture	B55	1284500	0	1	5167	1	0	5000	hit	59
ÜMA_CE0	48	Response	2	1297558	13057	0
ÜMA_CE0	49	Picture	A50	1311500	0	1	5167	1	0	5000	other	0
ÜMA_CE0	50	Picture	B55	1339000	0	1	5167	1	0	5000	other	0
ÜMA_CE0	51	Picture	B55	1366834	0	1	5167	1	0	5000	miss	0
ÜMA_CE0	52	Picture	H57	1394000	0	1	5167	1	0	5000	other	0
ÜMA_CE0	53	Picture	I52	1420334	0	1	5167	1	0	5000	other	0
ÜMA_CE0	54	Picture	O53	1446167	0	1	5167	1	0	5000	other	0
ÜMA_CE0	55	Picture	U54	1474000	0	1	5167	1	0	5000	other	0
ÜMA_CE0	56	Picture	I52	1502000	0	1	5167	1	0	5000	miss	0
ÜMA_CE0	57	Picture	O53	1527167	0	1	5167	1	0	5000	hit	69
ÜMA_CE0	57	Response	2	1536649	9482	0
ÜMA_CE0	58	Picture	F56	1552667	0	1	5167	1	0	5000	other	0
ÜMA_CE0	59	Picture	A50	1579834	0	1	5167	1	0	5000	other	0
ÜMA_CE0	60	Picture	L58	1606501	0	1	5167	1	0	5000	other	0
ÜMA_CE0	61	Picture	A50	1634167	0	1	5167	1	0	5000	other	0
